[0.856s] DEBUG:colcon:Command line arguments: ['/usr/bin/colcon', 'build', '--symlink-install']
[0.856s] DEBUG:colcon:Parsed command line arguments: Namespace(allow_overriding=[], ament_cmake_args=None, base_paths=['.'], build_base='build', catkin_cmake_args=None, catkin_skip_building_tests=False, cmake_args=None, cmake_clean_cache=False, cmake_clean_first=False, cmake_force_configure=False, cmake_target=None, cmake_target_skip_unavailable=False, continue_on_error=False, event_handlers=None, executor='parallel', ignore_user_meta=False, install_base='install', log_base=None, log_level=None, main=<bound method BuildVerb.main of <colcon_core.verb.build.BuildVerb object at 0x7f10fe32fd30>>, merge_install=False, metas=['./colcon.meta'], packages_above=None, packages_above_and_dependencies=None, packages_above_depth=None, packages_end=None, packages_ignore=None, packages_ignore_regex=None, packages_select=None, packages_select_build_failed=False, packages_select_by_dep=None, packages_select_regex=None, packages_select_test_failures=False, packages_skip=None, packages_skip_build_finished=False, packages_skip_by_dep=None, packages_skip_regex=None, packages_skip_test_passed=False, packages_skip_up_to=None, packages_start=None, packages_up_to=None, packages_up_to_regex=None, parallel_workers=4, paths=None, symlink_install=True, test_result_base=None, verb_extension=<colcon_core.verb.build.BuildVerb object at 0x7f10fe32fd30>, verb_name='build', verb_parser=<colcon_defaults.argument_parser.defaults.DefaultArgumentsDecorator object at 0x7f10fe33b2e0>)
[0.914s] Level 1:colcon.colcon_core.package_discovery:discover_packages(colcon_meta) check parameters
[0.914s] Level 1:colcon.colcon_core.package_discovery:discover_packages(recursive) check parameters
[0.914s] Level 1:colcon.colcon_core.package_discovery:discover_packages(ignore) check parameters
[0.914s] Level 1:colcon.colcon_core.package_discovery:discover_packages(path) check parameters
[0.915s] Level 1:colcon.colcon_core.package_discovery:discover_packages(colcon_meta) discover
[0.915s] Level 1:colcon.colcon_core.package_discovery:discover_packages(recursive) discover
[0.915s] INFO:colcon.colcon_core.package_discovery:Crawling recursively for packages in '/home/athul/ros2_ws'
[0.915s] Level 1:colcon.colcon_core.package_identification:_identify(.) by extensions ['ignore', 'ignore_ament_install']
[0.915s] Level 1:colcon.colcon_core.package_identification:_identify(.) by extension 'ignore'
[0.915s] Level 1:colcon.colcon_core.package_identification:_identify(.) by extension 'ignore_ament_install'
[0.915s] Level 1:colcon.colcon_core.package_identification:_identify(.) by extensions ['colcon_pkg']
[0.915s] Level 1:colcon.colcon_core.package_identification:_identify(.) by extension 'colcon_pkg'
[0.915s] Level 1:colcon.colcon_core.package_identification:_identify(.) by extensions ['colcon_meta']
[0.915s] Level 1:colcon.colcon_core.package_identification:_identify(.) by extension 'colcon_meta'
[0.916s] Level 1:colcon.colcon_core.package_identification:_identify(.) by extensions ['ros']
[0.916s] Level 1:colcon.colcon_core.package_identification:_identify(.) by extension 'ros'
[0.955s] Level 1:colcon.colcon_core.package_identification:_identify(.) by extensions ['cmake', 'python']
[0.955s] Level 1:colcon.colcon_core.package_identification:_identify(.) by extension 'cmake'
[0.956s] Level 1:colcon.colcon_core.package_identification:_identify(.) by extension 'python'
[0.956s] Level 1:colcon.colcon_core.package_identification:_identify(.) by extensions ['python_setup_py']
[0.956s] Level 1:colcon.colcon_core.package_identification:_identify(.) by extension 'python_setup_py'
[0.956s] Level 1:colcon.colcon_core.package_identification:_identify(build) by extensions ['ignore', 'ignore_ament_install']
[0.957s] Level 1:colcon.colcon_core.package_identification:_identify(build) by extension 'ignore'
[0.957s] Level 1:colcon.colcon_core.package_identification:_identify(build) ignored
[0.957s] Level 1:colcon.colcon_core.package_identification:_identify(install) by extensions ['ignore', 'ignore_ament_install']
[0.957s] Level 1:colcon.colcon_core.package_identification:_identify(install) by extension 'ignore'
[0.957s] Level 1:colcon.colcon_core.package_identification:_identify(install) ignored
[0.958s] Level 1:colcon.colcon_core.package_identification:_identify(log) by extensions ['ignore', 'ignore_ament_install']
[0.958s] Level 1:colcon.colcon_core.package_identification:_identify(log) by extension 'ignore'
[0.958s] Level 1:colcon.colcon_core.package_identification:_identify(log) ignored
[0.958s] Level 1:colcon.colcon_core.package_identification:_identify(src) by extensions ['ignore', 'ignore_ament_install']
[0.958s] Level 1:colcon.colcon_core.package_identification:_identify(src) by extension 'ignore'
[0.959s] Level 1:colcon.colcon_core.package_identification:_identify(src) by extension 'ignore_ament_install'
[0.959s] Level 1:colcon.colcon_core.package_identification:_identify(src) by extensions ['colcon_pkg']
[0.959s] Level 1:colcon.colcon_core.package_identification:_identify(src) by extension 'colcon_pkg'
[0.959s] Level 1:colcon.colcon_core.package_identification:_identify(src) by extensions ['colcon_meta']
[0.959s] Level 1:colcon.colcon_core.package_identification:_identify(src) by extension 'colcon_meta'
[0.959s] Level 1:colcon.colcon_core.package_identification:_identify(src) by extensions ['ros']
[0.959s] Level 1:colcon.colcon_core.package_identification:_identify(src) by extension 'ros'
[0.959s] Level 1:colcon.colcon_core.package_identification:_identify(src) by extensions ['cmake', 'python']
[0.959s] Level 1:colcon.colcon_core.package_identification:_identify(src) by extension 'cmake'
[0.959s] Level 1:colcon.colcon_core.package_identification:_identify(src) by extension 'python'
[0.959s] Level 1:colcon.colcon_core.package_identification:_identify(src) by extensions ['python_setup_py']
[0.959s] Level 1:colcon.colcon_core.package_identification:_identify(src) by extension 'python_setup_py'
[0.960s] Level 1:colcon.colcon_core.package_identification:_identify(src/build) by extensions ['ignore', 'ignore_ament_install']
[0.960s] Level 1:colcon.colcon_core.package_identification:_identify(src/build) by extension 'ignore'
[0.960s] Level 1:colcon.colcon_core.package_identification:_identify(src/build) ignored
[0.960s] Level 1:colcon.colcon_core.package_identification:_identify(src/install) by extensions ['ignore', 'ignore_ament_install']
[0.960s] Level 1:colcon.colcon_core.package_identification:_identify(src/install) by extension 'ignore'
[0.960s] Level 1:colcon.colcon_core.package_identification:_identify(src/install) ignored
[0.960s] Level 1:colcon.colcon_core.package_identification:_identify(src/log) by extensions ['ignore', 'ignore_ament_install']
[0.961s] Level 1:colcon.colcon_core.package_identification:_identify(src/log) by extension 'ignore'
[0.961s] Level 1:colcon.colcon_core.package_identification:_identify(src/log) ignored
[0.961s] Level 1:colcon.colcon_core.package_identification:_identify(src/my_bot) by extensions ['ignore', 'ignore_ament_install']
[0.961s] Level 1:colcon.colcon_core.package_identification:_identify(src/my_bot) by extension 'ignore'
[0.961s] Level 1:colcon.colcon_core.package_identification:_identify(src/my_bot) by extension 'ignore_ament_install'
[0.961s] Level 1:colcon.colcon_core.package_identification:_identify(src/my_bot) by extensions ['colcon_pkg']
[0.961s] Level 1:colcon.colcon_core.package_identification:_identify(src/my_bot) by extension 'colcon_pkg'
[0.961s] Level 1:colcon.colcon_core.package_identification:_identify(src/my_bot) by extensions ['colcon_meta']
[0.961s] Level 1:colcon.colcon_core.package_identification:_identify(src/my_bot) by extension 'colcon_meta'
[0.961s] Level 1:colcon.colcon_core.package_identification:_identify(src/my_bot) by extensions ['ros']
[0.961s] Level 1:colcon.colcon_core.package_identification:_identify(src/my_bot) by extension 'ros'
[0.965s] DEBUG:colcon.colcon_core.package_identification:Package 'src/my_bot' with type 'ros.ament_cmake' and name 'my_bot'
[0.965s] Level 1:colcon.colcon_core.package_identification:_identify(src/serial_motor_demo) by extensions ['ignore', 'ignore_ament_install']
[0.966s] Level 1:colcon.colcon_core.package_identification:_identify(src/serial_motor_demo) by extension 'ignore'
[0.966s] Level 1:colcon.colcon_core.package_identification:_identify(src/serial_motor_demo) by extension 'ignore_ament_install'
[0.966s] Level 1:colcon.colcon_core.package_identification:_identify(src/serial_motor_demo) by extensions ['colcon_pkg']
[0.966s] Level 1:colcon.colcon_core.package_identification:_identify(src/serial_motor_demo) by extension 'colcon_pkg'
[0.966s] Level 1:colcon.colcon_core.package_identification:_identify(src/serial_motor_demo) by extensions ['colcon_meta']
[0.966s] Level 1:colcon.colcon_core.package_identification:_identify(src/serial_motor_demo) by extension 'colcon_meta'
[0.966s] Level 1:colcon.colcon_core.package_identification:_identify(src/serial_motor_demo) by extensions ['ros']
[0.966s] Level 1:colcon.colcon_core.package_identification:_identify(src/serial_motor_demo) by extension 'ros'
[0.966s] Level 1:colcon.colcon_core.package_identification:_identify(src/serial_motor_demo) by extensions ['cmake', 'python']
[0.966s] Level 1:colcon.colcon_core.package_identification:_identify(src/serial_motor_demo) by extension 'cmake'
[0.966s] Level 1:colcon.colcon_core.package_identification:_identify(src/serial_motor_demo) by extension 'python'
[0.966s] Level 1:colcon.colcon_core.package_identification:_identify(src/serial_motor_demo) by extensions ['python_setup_py']
[0.966s] Level 1:colcon.colcon_core.package_identification:_identify(src/serial_motor_demo) by extension 'python_setup_py'
[0.967s] Level 1:colcon.colcon_core.package_identification:_identify(src/serial_motor_demo/serial_motor_demo) by extensions ['ignore', 'ignore_ament_install']
[0.967s] Level 1:colcon.colcon_core.package_identification:_identify(src/serial_motor_demo/serial_motor_demo) by extension 'ignore'
[0.967s] Level 1:colcon.colcon_core.package_identification:_identify(src/serial_motor_demo/serial_motor_demo) by extension 'ignore_ament_install'
[0.967s] Level 1:colcon.colcon_core.package_identification:_identify(src/serial_motor_demo/serial_motor_demo) by extensions ['colcon_pkg']
[0.967s] Level 1:colcon.colcon_core.package_identification:_identify(src/serial_motor_demo/serial_motor_demo) by extension 'colcon_pkg'
[0.967s] Level 1:colcon.colcon_core.package_identification:_identify(src/serial_motor_demo/serial_motor_demo) by extensions ['colcon_meta']
[0.967s] Level 1:colcon.colcon_core.package_identification:_identify(src/serial_motor_demo/serial_motor_demo) by extension 'colcon_meta'
[0.967s] Level 1:colcon.colcon_core.package_identification:_identify(src/serial_motor_demo/serial_motor_demo) by extensions ['ros']
[0.967s] Level 1:colcon.colcon_core.package_identification:_identify(src/serial_motor_demo/serial_motor_demo) by extension 'ros'
[0.969s] DEBUG:colcon.colcon_core.package_identification:Package 'src/serial_motor_demo/serial_motor_demo' with type 'ros.ament_python' and name 'serial_motor_demo'
[0.969s] Level 1:colcon.colcon_core.package_identification:_identify(src/serial_motor_demo/serial_motor_demo_msgs) by extensions ['ignore', 'ignore_ament_install']
[0.969s] Level 1:colcon.colcon_core.package_identification:_identify(src/serial_motor_demo/serial_motor_demo_msgs) by extension 'ignore'
[0.969s] Level 1:colcon.colcon_core.package_identification:_identify(src/serial_motor_demo/serial_motor_demo_msgs) by extension 'ignore_ament_install'
[0.970s] Level 1:colcon.colcon_core.package_identification:_identify(src/serial_motor_demo/serial_motor_demo_msgs) by extensions ['colcon_pkg']
[0.970s] Level 1:colcon.colcon_core.package_identification:_identify(src/serial_motor_demo/serial_motor_demo_msgs) by extension 'colcon_pkg'
[0.970s] Level 1:colcon.colcon_core.package_identification:_identify(src/serial_motor_demo/serial_motor_demo_msgs) by extensions ['colcon_meta']
[0.970s] Level 1:colcon.colcon_core.package_identification:_identify(src/serial_motor_demo/serial_motor_demo_msgs) by extension 'colcon_meta'
[0.970s] Level 1:colcon.colcon_core.package_identification:_identify(src/serial_motor_demo/serial_motor_demo_msgs) by extensions ['ros']
[0.970s] Level 1:colcon.colcon_core.package_identification:_identify(src/serial_motor_demo/serial_motor_demo_msgs) by extension 'ros'
[0.971s] DEBUG:colcon.colcon_core.package_identification:Package 'src/serial_motor_demo/serial_motor_demo_msgs' with type 'ros.ament_cmake' and name 'serial_motor_demo_msgs'
[0.971s] Level 1:colcon.colcon_core.package_discovery:discover_packages(recursive) using defaults
[0.971s] Level 1:colcon.colcon_core.package_discovery:discover_packages(ignore) discover
[0.972s] Level 1:colcon.colcon_core.package_discovery:discover_packages(ignore) using defaults
[0.972s] Level 1:colcon.colcon_core.package_discovery:discover_packages(path) discover
[0.972s] Level 1:colcon.colcon_core.package_discovery:discover_packages(path) using defaults
[1.009s] Level 1:colcon.colcon_core.package_discovery:discover_packages(prefix_path) check parameters
[1.009s] Level 1:colcon.colcon_core.package_discovery:discover_packages(prefix_path) discover
[1.015s] DEBUG:colcon.colcon_installed_package_information.package_discovery:Found 3 installed packages in /home/athul/ros2_ws/install
[1.019s] DEBUG:colcon.colcon_installed_package_information.package_discovery:Found 292 installed packages in /opt/ros/foxy
[1.021s] Level 1:colcon.colcon_core.package_discovery:discover_packages(prefix_path) using defaults
[1.187s] Level 5:colcon.colcon_core.verb:set package 'my_bot' build argument 'cmake_args' from command line to 'None'
[1.187s] Level 5:colcon.colcon_core.verb:set package 'my_bot' build argument 'cmake_target' from command line to 'None'
[1.187s] Level 5:colcon.colcon_core.verb:set package 'my_bot' build argument 'cmake_target_skip_unavailable' from command line to 'False'
[1.187s] Level 5:colcon.colcon_core.verb:set package 'my_bot' build argument 'cmake_clean_cache' from command line to 'False'
[1.187s] Level 5:colcon.colcon_core.verb:set package 'my_bot' build argument 'cmake_clean_first' from command line to 'False'
[1.187s] Level 5:colcon.colcon_core.verb:set package 'my_bot' build argument 'cmake_force_configure' from command line to 'False'
[1.187s] Level 5:colcon.colcon_core.verb:set package 'my_bot' build argument 'ament_cmake_args' from command line to 'None'
[1.187s] Level 5:colcon.colcon_core.verb:set package 'my_bot' build argument 'catkin_cmake_args' from command line to 'None'
[1.187s] Level 5:colcon.colcon_core.verb:set package 'my_bot' build argument 'catkin_skip_building_tests' from command line to 'False'
[1.187s] DEBUG:colcon.colcon_core.verb:Building package 'my_bot' with the following arguments: {'ament_cmake_args': None, 'build_base': '/home/athul/ros2_ws/build/my_bot', 'catkin_cmake_args': None, 'catkin_skip_building_tests': False, 'cmake_args': None, 'cmake_clean_cache': False, 'cmake_clean_first': False, 'cmake_force_configure': False, 'cmake_target': None, 'cmake_target_skip_unavailable': False, 'install_base': '/home/athul/ros2_ws/install/my_bot', 'merge_install': False, 'path': '/home/athul/ros2_ws/src/my_bot', 'symlink_install': True, 'test_result_base': None}
[1.189s] Level 5:colcon.colcon_core.verb:set package 'serial_motor_demo_msgs' build argument 'cmake_args' from command line to 'None'
[1.189s] Level 5:colcon.colcon_core.verb:set package 'serial_motor_demo_msgs' build argument 'cmake_target' from command line to 'None'
[1.189s] Level 5:colcon.colcon_core.verb:set package 'serial_motor_demo_msgs' build argument 'cmake_target_skip_unavailable' from command line to 'False'
[1.189s] Level 5:colcon.colcon_core.verb:set package 'serial_motor_demo_msgs' build argument 'cmake_clean_cache' from command line to 'False'
[1.189s] Level 5:colcon.colcon_core.verb:set package 'serial_motor_demo_msgs' build argument 'cmake_clean_first' from command line to 'False'
[1.189s] Level 5:colcon.colcon_core.verb:set package 'serial_motor_demo_msgs' build argument 'cmake_force_configure' from command line to 'False'
[1.189s] Level 5:colcon.colcon_core.verb:set package 'serial_motor_demo_msgs' build argument 'ament_cmake_args' from command line to 'None'
[1.189s] Level 5:colcon.colcon_core.verb:set package 'serial_motor_demo_msgs' build argument 'catkin_cmake_args' from command line to 'None'
[1.189s] Level 5:colcon.colcon_core.verb:set package 'serial_motor_demo_msgs' build argument 'catkin_skip_building_tests' from command line to 'False'
[1.190s] DEBUG:colcon.colcon_core.verb:Building package 'serial_motor_demo_msgs' with the following arguments: {'ament_cmake_args': None, 'build_base': '/home/athul/ros2_ws/build/serial_motor_demo_msgs', 'catkin_cmake_args': None, 'catkin_skip_building_tests': False, 'cmake_args': None, 'cmake_clean_cache': False, 'cmake_clean_first': False, 'cmake_force_configure': False, 'cmake_target': None, 'cmake_target_skip_unavailable': False, 'install_base': '/home/athul/ros2_ws/install/serial_motor_demo_msgs', 'merge_install': False, 'path': '/home/athul/ros2_ws/src/serial_motor_demo/serial_motor_demo_msgs', 'symlink_install': True, 'test_result_base': None}
[1.191s] Level 5:colcon.colcon_core.verb:set package 'serial_motor_demo' build argument 'cmake_args' from command line to 'None'
[1.191s] Level 5:colcon.colcon_core.verb:set package 'serial_motor_demo' build argument 'cmake_target' from command line to 'None'
[1.191s] Level 5:colcon.colcon_core.verb:set package 'serial_motor_demo' build argument 'cmake_target_skip_unavailable' from command line to 'False'
[1.191s] Level 5:colcon.colcon_core.verb:set package 'serial_motor_demo' build argument 'cmake_clean_cache' from command line to 'False'
[1.191s] Level 5:colcon.colcon_core.verb:set package 'serial_motor_demo' build argument 'cmake_clean_first' from command line to 'False'
[1.191s] Level 5:colcon.colcon_core.verb:set package 'serial_motor_demo' build argument 'cmake_force_configure' from command line to 'False'
[1.191s] Level 5:colcon.colcon_core.verb:set package 'serial_motor_demo' build argument 'ament_cmake_args' from command line to 'None'
[1.191s] Level 5:colcon.colcon_core.verb:set package 'serial_motor_demo' build argument 'catkin_cmake_args' from command line to 'None'
[1.191s] Level 5:colcon.colcon_core.verb:set package 'serial_motor_demo' build argument 'catkin_skip_building_tests' from command line to 'False'
[1.191s] DEBUG:colcon.colcon_core.verb:Building package 'serial_motor_demo' with the following arguments: {'ament_cmake_args': None, 'build_base': '/home/athul/ros2_ws/build/serial_motor_demo', 'catkin_cmake_args': None, 'catkin_skip_building_tests': False, 'cmake_args': None, 'cmake_clean_cache': False, 'cmake_clean_first': False, 'cmake_force_configure': False, 'cmake_target': None, 'cmake_target_skip_unavailable': False, 'install_base': '/home/athul/ros2_ws/install/serial_motor_demo', 'merge_install': False, 'path': '/home/athul/ros2_ws/src/serial_motor_demo/serial_motor_demo', 'symlink_install': True, 'test_result_base': None}
[1.192s] INFO:colcon.colcon_core.executor:Executing jobs using 'parallel' executor
[1.197s] DEBUG:colcon.colcon_parallel_executor.executor.parallel:run_until_complete
[1.197s] INFO:colcon.colcon_ros.task.ament_cmake.build:Building ROS package in '/home/athul/ros2_ws/src/serial_motor_demo/serial_motor_demo_msgs' with build type 'ament_cmake'
[1.197s] INFO:colcon.colcon_cmake.task.cmake.build:Building CMake package in '/home/athul/ros2_ws/src/serial_motor_demo/serial_motor_demo_msgs'
[1.207s] INFO:colcon.colcon_core.plugin_system:Skipping extension 'colcon_core.shell.bat': Not used on non-Windows systems
[1.207s] INFO:colcon.colcon_core.shell:Skip shell extension 'powershell' for command environment: Not usable outside of PowerShell
[1.208s] DEBUG:colcon.colcon_core.shell:Skip shell extension 'dsv' for command environment
[1.218s] INFO:colcon.colcon_ros.task.ament_cmake.build:Building ROS package in '/home/athul/ros2_ws/src/my_bot' with build type 'ament_cmake'
[1.219s] INFO:colcon.colcon_cmake.task.cmake.build:Building CMake package in '/home/athul/ros2_ws/src/my_bot'
[1.222s] INFO:colcon.colcon_core.shell:Skip shell extension 'powershell' for command environment: Not usable outside of PowerShell
[1.222s] DEBUG:colcon.colcon_core.shell:Skip shell extension 'dsv' for command environment
[1.244s] DEBUG:colcon.colcon_core.event_handler.log_command:Invoking command in '/home/athul/ros2_ws/build/serial_motor_demo_msgs': CMAKE_PREFIX_PATH=${CMAKE_PREFIX_PATH}:/home/athul/ros2_ws/install/serial_motor_demo:/opt/ros/foxy /usr/bin/cmake --build /home/athul/ros2_ws/build/serial_motor_demo_msgs -- -j4 -l4
[1.261s] DEBUG:colcon.colcon_core.event_handler.log_command:Invoking command in '/home/athul/ros2_ws/build/my_bot': CMAKE_PREFIX_PATH=${CMAKE_PREFIX_PATH}:/home/athul/ros2_ws/install/serial_motor_demo:/opt/ros/foxy /usr/bin/cmake --build /home/athul/ros2_ws/build/my_bot -- -j4 -l4
[1.367s] DEBUG:colcon.colcon_core.event_handler.log_command:Invoked command in '/home/athul/ros2_ws/build/my_bot' returned '0': CMAKE_PREFIX_PATH=${CMAKE_PREFIX_PATH}:/home/athul/ros2_ws/install/serial_motor_demo:/opt/ros/foxy /usr/bin/cmake --build /home/athul/ros2_ws/build/my_bot -- -j4 -l4
[1.493s] DEBUG:colcon.colcon_core.event_handler.log_command:Invoking command in '/home/athul/ros2_ws/build/my_bot': CMAKE_PREFIX_PATH=${CMAKE_PREFIX_PATH}:/home/athul/ros2_ws/install/serial_motor_demo:/opt/ros/foxy /usr/bin/cmake --install /home/athul/ros2_ws/build/my_bot
[1.580s] Level 1:colcon.colcon_core.environment:create_environment_scripts_only(my_bot)
[1.581s] DEBUG:colcon.colcon_core.event_handler.log_command:Invoked command in '/home/athul/ros2_ws/build/my_bot' returned '0': CMAKE_PREFIX_PATH=${CMAKE_PREFIX_PATH}:/home/athul/ros2_ws/install/serial_motor_demo:/opt/ros/foxy /usr/bin/cmake --install /home/athul/ros2_ws/build/my_bot
[1.599s] Level 1:colcon.colcon_core.environment:checking '/home/athul/ros2_ws/install/my_bot' for CMake module files
[1.600s] Level 1:colcon.colcon_core.environment:checking '/home/athul/ros2_ws/install/my_bot' for CMake config files
[1.600s] Level 1:colcon.colcon_core.shell:create_environment_hook('my_bot', 'cmake_prefix_path')
[1.602s] INFO:colcon.colcon_core.shell:Creating environment hook '/home/athul/ros2_ws/install/my_bot/share/my_bot/hook/cmake_prefix_path.ps1'
[1.608s] INFO:colcon.colcon_core.shell:Creating environment descriptor '/home/athul/ros2_ws/install/my_bot/share/my_bot/hook/cmake_prefix_path.dsv'
[1.610s] INFO:colcon.colcon_core.shell:Creating environment hook '/home/athul/ros2_ws/install/my_bot/share/my_bot/hook/cmake_prefix_path.sh'
[1.613s] Level 1:colcon.colcon_core.environment:checking '/home/athul/ros2_ws/install/my_bot/bin'
[1.613s] Level 1:colcon.colcon_core.environment:checking '/home/athul/ros2_ws/install/my_bot/lib/pkgconfig/my_bot.pc'
[1.614s] Level 1:colcon.colcon_core.environment:checking '/home/athul/ros2_ws/install/my_bot/lib/python3.8/site-packages'
[1.614s] Level 1:colcon.colcon_core.environment:checking '/home/athul/ros2_ws/install/my_bot/bin'
[1.618s] INFO:colcon.colcon_core.shell:Creating package script '/home/athul/ros2_ws/install/my_bot/share/my_bot/package.ps1'
[1.622s] INFO:colcon.colcon_core.shell:Creating package descriptor '/home/athul/ros2_ws/install/my_bot/share/my_bot/package.dsv'
[1.625s] INFO:colcon.colcon_core.shell:Creating package script '/home/athul/ros2_ws/install/my_bot/share/my_bot/package.sh'
[1.628s] INFO:colcon.colcon_core.shell:Creating package script '/home/athul/ros2_ws/install/my_bot/share/my_bot/package.bash'
[1.631s] INFO:colcon.colcon_core.shell:Creating package script '/home/athul/ros2_ws/install/my_bot/share/my_bot/package.zsh'
[1.632s] Level 1:colcon.colcon_core.environment:create_file_with_runtime_dependencies(/home/athul/ros2_ws/install/my_bot/share/colcon-core/packages/my_bot)
[1.695s] Level 1:colcon.colcon_core.environment:create_environment_scripts_only(my_bot)
[1.701s] Level 1:colcon.colcon_core.environment:checking '/home/athul/ros2_ws/install/my_bot' for CMake module files
[1.703s] Level 1:colcon.colcon_core.environment:checking '/home/athul/ros2_ws/install/my_bot' for CMake config files
[1.704s] Level 1:colcon.colcon_core.shell:create_environment_hook('my_bot', 'cmake_prefix_path')
[1.709s] INFO:colcon.colcon_core.shell:Creating environment hook '/home/athul/ros2_ws/install/my_bot/share/my_bot/hook/cmake_prefix_path.ps1'
[1.711s] INFO:colcon.colcon_core.shell:Creating environment descriptor '/home/athul/ros2_ws/install/my_bot/share/my_bot/hook/cmake_prefix_path.dsv'
[1.711s] INFO:colcon.colcon_core.shell:Creating environment hook '/home/athul/ros2_ws/install/my_bot/share/my_bot/hook/cmake_prefix_path.sh'
[1.713s] Level 1:colcon.colcon_core.environment:checking '/home/athul/ros2_ws/install/my_bot/bin'
[1.714s] Level 1:colcon.colcon_core.environment:checking '/home/athul/ros2_ws/install/my_bot/lib/pkgconfig/my_bot.pc'
[1.714s] Level 1:colcon.colcon_core.environment:checking '/home/athul/ros2_ws/install/my_bot/lib/python3.8/site-packages'
[1.715s] Level 1:colcon.colcon_core.environment:checking '/home/athul/ros2_ws/install/my_bot/bin'
[1.717s] INFO:colcon.colcon_core.shell:Creating package script '/home/athul/ros2_ws/install/my_bot/share/my_bot/package.ps1'
[1.719s] INFO:colcon.colcon_core.shell:Creating package descriptor '/home/athul/ros2_ws/install/my_bot/share/my_bot/package.dsv'
[1.720s] INFO:colcon.colcon_core.shell:Creating package script '/home/athul/ros2_ws/install/my_bot/share/my_bot/package.sh'
[1.721s] INFO:colcon.colcon_core.shell:Creating package script '/home/athul/ros2_ws/install/my_bot/share/my_bot/package.bash'
[1.722s] INFO:colcon.colcon_core.shell:Creating package script '/home/athul/ros2_ws/install/my_bot/share/my_bot/package.zsh'
[1.722s] Level 1:colcon.colcon_core.environment:create_file_with_runtime_dependencies(/home/athul/ros2_ws/install/my_bot/share/colcon-core/packages/my_bot)
[1.821s] DEBUG:colcon.colcon_core.event_handler.log_command:Invoked command in '/home/athul/ros2_ws/build/serial_motor_demo_msgs' returned '0': CMAKE_PREFIX_PATH=${CMAKE_PREFIX_PATH}:/home/athul/ros2_ws/install/serial_motor_demo:/opt/ros/foxy /usr/bin/cmake --build /home/athul/ros2_ws/build/serial_motor_demo_msgs -- -j4 -l4
[1.951s] DEBUG:colcon.colcon_core.event_handler.log_command:Invoking command in '/home/athul/ros2_ws/build/serial_motor_demo_msgs': CMAKE_PREFIX_PATH=${CMAKE_PREFIX_PATH}:/home/athul/ros2_ws/install/serial_motor_demo:/opt/ros/foxy /usr/bin/cmake --install /home/athul/ros2_ws/build/serial_motor_demo_msgs
[2.105s] Level 1:colcon.colcon_core.environment:create_environment_scripts_only(serial_motor_demo_msgs)
[2.109s] Level 1:colcon.colcon_core.environment:checking '/home/athul/ros2_ws/install/serial_motor_demo_msgs' for CMake module files
[2.110s] DEBUG:colcon.colcon_core.event_handler.log_command:Invoked command in '/home/athul/ros2_ws/build/serial_motor_demo_msgs' returned '0': CMAKE_PREFIX_PATH=${CMAKE_PREFIX_PATH}:/home/athul/ros2_ws/install/serial_motor_demo:/opt/ros/foxy /usr/bin/cmake --install /home/athul/ros2_ws/build/serial_motor_demo_msgs
[2.110s] Level 1:colcon.colcon_core.environment:checking '/home/athul/ros2_ws/install/serial_motor_demo_msgs' for CMake config files
[2.111s] Level 1:colcon.colcon_core.shell:create_environment_hook('serial_motor_demo_msgs', 'cmake_prefix_path')
[2.113s] INFO:colcon.colcon_core.shell:Creating environment hook '/home/athul/ros2_ws/install/serial_motor_demo_msgs/share/serial_motor_demo_msgs/hook/cmake_prefix_path.ps1'
[2.114s] INFO:colcon.colcon_core.shell:Creating environment descriptor '/home/athul/ros2_ws/install/serial_motor_demo_msgs/share/serial_motor_demo_msgs/hook/cmake_prefix_path.dsv'
[2.114s] INFO:colcon.colcon_core.shell:Creating environment hook '/home/athul/ros2_ws/install/serial_motor_demo_msgs/share/serial_motor_demo_msgs/hook/cmake_prefix_path.sh'
[2.115s] Level 1:colcon.colcon_core.environment:checking '/home/athul/ros2_ws/install/serial_motor_demo_msgs/lib'
[2.116s] Level 1:colcon.colcon_core.shell:create_environment_hook('serial_motor_demo_msgs', 'ld_library_path_lib')
[2.118s] INFO:colcon.colcon_core.shell:Creating environment hook '/home/athul/ros2_ws/install/serial_motor_demo_msgs/share/serial_motor_demo_msgs/hook/ld_library_path_lib.ps1'
[2.118s] INFO:colcon.colcon_core.shell:Creating environment descriptor '/home/athul/ros2_ws/install/serial_motor_demo_msgs/share/serial_motor_demo_msgs/hook/ld_library_path_lib.dsv'
[2.119s] INFO:colcon.colcon_core.shell:Creating environment hook '/home/athul/ros2_ws/install/serial_motor_demo_msgs/share/serial_motor_demo_msgs/hook/ld_library_path_lib.sh'
[2.119s] Level 1:colcon.colcon_core.environment:checking '/home/athul/ros2_ws/install/serial_motor_demo_msgs/bin'
[2.119s] Level 1:colcon.colcon_core.environment:checking '/home/athul/ros2_ws/install/serial_motor_demo_msgs/lib/pkgconfig/serial_motor_demo_msgs.pc'
[2.120s] Level 1:colcon.colcon_core.environment:checking '/home/athul/ros2_ws/install/serial_motor_demo_msgs/lib/python3.8/site-packages'
[2.120s] Level 1:colcon.colcon_core.shell:create_environment_hook('serial_motor_demo_msgs', 'pythonpath')
[2.122s] INFO:colcon.colcon_core.shell:Creating environment hook '/home/athul/ros2_ws/install/serial_motor_demo_msgs/share/serial_motor_demo_msgs/hook/pythonpath.ps1'
[2.122s] INFO:colcon.colcon_core.shell:Creating environment descriptor '/home/athul/ros2_ws/install/serial_motor_demo_msgs/share/serial_motor_demo_msgs/hook/pythonpath.dsv'
[2.123s] INFO:colcon.colcon_core.shell:Creating environment hook '/home/athul/ros2_ws/install/serial_motor_demo_msgs/share/serial_motor_demo_msgs/hook/pythonpath.sh'
[2.124s] Level 1:colcon.colcon_core.environment:checking '/home/athul/ros2_ws/install/serial_motor_demo_msgs/bin'
[2.126s] INFO:colcon.colcon_core.shell:Creating package script '/home/athul/ros2_ws/install/serial_motor_demo_msgs/share/serial_motor_demo_msgs/package.ps1'
[2.127s] INFO:colcon.colcon_core.shell:Creating package descriptor '/home/athul/ros2_ws/install/serial_motor_demo_msgs/share/serial_motor_demo_msgs/package.dsv'
[2.127s] INFO:colcon.colcon_core.shell:Creating package script '/home/athul/ros2_ws/install/serial_motor_demo_msgs/share/serial_motor_demo_msgs/package.sh'
[2.128s] INFO:colcon.colcon_core.shell:Creating package script '/home/athul/ros2_ws/install/serial_motor_demo_msgs/share/serial_motor_demo_msgs/package.bash'
[2.129s] INFO:colcon.colcon_core.shell:Creating package script '/home/athul/ros2_ws/install/serial_motor_demo_msgs/share/serial_motor_demo_msgs/package.zsh'
[2.129s] Level 1:colcon.colcon_core.environment:create_file_with_runtime_dependencies(/home/athul/ros2_ws/install/serial_motor_demo_msgs/share/colcon-core/packages/serial_motor_demo_msgs)
[2.255s] Level 1:colcon.colcon_core.environment:create_environment_scripts_only(serial_motor_demo_msgs)
[2.258s] Level 1:colcon.colcon_core.environment:checking '/home/athul/ros2_ws/install/serial_motor_demo_msgs' for CMake module files
[2.259s] Level 1:colcon.colcon_core.environment:checking '/home/athul/ros2_ws/install/serial_motor_demo_msgs' for CMake config files
[2.260s] Level 1:colcon.colcon_core.shell:create_environment_hook('serial_motor_demo_msgs', 'cmake_prefix_path')
[2.262s] INFO:colcon.colcon_core.shell:Creating environment hook '/home/athul/ros2_ws/install/serial_motor_demo_msgs/share/serial_motor_demo_msgs/hook/cmake_prefix_path.ps1'
[2.263s] INFO:colcon.colcon_core.shell:Creating environment descriptor '/home/athul/ros2_ws/install/serial_motor_demo_msgs/share/serial_motor_demo_msgs/hook/cmake_prefix_path.dsv'
[2.264s] INFO:colcon.colcon_core.shell:Creating environment hook '/home/athul/ros2_ws/install/serial_motor_demo_msgs/share/serial_motor_demo_msgs/hook/cmake_prefix_path.sh'
[2.265s] Level 1:colcon.colcon_core.environment:checking '/home/athul/ros2_ws/install/serial_motor_demo_msgs/lib'
[2.265s] Level 1:colcon.colcon_core.shell:create_environment_hook('serial_motor_demo_msgs', 'ld_library_path_lib')
[2.267s] INFO:colcon.colcon_core.shell:Creating environment hook '/home/athul/ros2_ws/install/serial_motor_demo_msgs/share/serial_motor_demo_msgs/hook/ld_library_path_lib.ps1'
[2.268s] INFO:colcon.colcon_core.shell:Creating environment descriptor '/home/athul/ros2_ws/install/serial_motor_demo_msgs/share/serial_motor_demo_msgs/hook/ld_library_path_lib.dsv'
[2.268s] INFO:colcon.colcon_core.shell:Creating environment hook '/home/athul/ros2_ws/install/serial_motor_demo_msgs/share/serial_motor_demo_msgs/hook/ld_library_path_lib.sh'
[2.269s] Level 1:colcon.colcon_core.environment:checking '/home/athul/ros2_ws/install/serial_motor_demo_msgs/bin'
[2.269s] Level 1:colcon.colcon_core.environment:checking '/home/athul/ros2_ws/install/serial_motor_demo_msgs/lib/pkgconfig/serial_motor_demo_msgs.pc'
[2.270s] Level 1:colcon.colcon_core.environment:checking '/home/athul/ros2_ws/install/serial_motor_demo_msgs/lib/python3.8/site-packages'
[2.270s] Level 1:colcon.colcon_core.shell:create_environment_hook('serial_motor_demo_msgs', 'pythonpath')
[2.272s] INFO:colcon.colcon_core.shell:Creating environment hook '/home/athul/ros2_ws/install/serial_motor_demo_msgs/share/serial_motor_demo_msgs/hook/pythonpath.ps1'
[2.272s] INFO:colcon.colcon_core.shell:Creating environment descriptor '/home/athul/ros2_ws/install/serial_motor_demo_msgs/share/serial_motor_demo_msgs/hook/pythonpath.dsv'
[2.273s] INFO:colcon.colcon_core.shell:Creating environment hook '/home/athul/ros2_ws/install/serial_motor_demo_msgs/share/serial_motor_demo_msgs/hook/pythonpath.sh'
[2.273s] Level 1:colcon.colcon_core.environment:checking '/home/athul/ros2_ws/install/serial_motor_demo_msgs/bin'
[2.276s] INFO:colcon.colcon_core.shell:Creating package script '/home/athul/ros2_ws/install/serial_motor_demo_msgs/share/serial_motor_demo_msgs/package.ps1'
[2.276s] INFO:colcon.colcon_core.shell:Creating package descriptor '/home/athul/ros2_ws/install/serial_motor_demo_msgs/share/serial_motor_demo_msgs/package.dsv'
[2.277s] INFO:colcon.colcon_core.shell:Creating package script '/home/athul/ros2_ws/install/serial_motor_demo_msgs/share/serial_motor_demo_msgs/package.sh'
[2.278s] INFO:colcon.colcon_core.shell:Creating package script '/home/athul/ros2_ws/install/serial_motor_demo_msgs/share/serial_motor_demo_msgs/package.bash'
[2.279s] INFO:colcon.colcon_core.shell:Creating package script '/home/athul/ros2_ws/install/serial_motor_demo_msgs/share/serial_motor_demo_msgs/package.zsh'
[2.279s] Level 1:colcon.colcon_core.environment:create_file_with_runtime_dependencies(/home/athul/ros2_ws/install/serial_motor_demo_msgs/share/colcon-core/packages/serial_motor_demo_msgs)
[2.280s] INFO:colcon.colcon_ros.task.ament_python.build:Building ROS package in '/home/athul/ros2_ws/src/serial_motor_demo/serial_motor_demo' with build type 'ament_python'
[2.280s] Level 1:colcon.colcon_core.shell:create_environment_hook('serial_motor_demo', 'ament_prefix_path')
[2.284s] INFO:colcon.colcon_core.shell:Creating environment hook '/home/athul/ros2_ws/install/serial_motor_demo/share/serial_motor_demo/hook/ament_prefix_path.ps1'
[2.285s] INFO:colcon.colcon_core.shell:Creating environment descriptor '/home/athul/ros2_ws/install/serial_motor_demo/share/serial_motor_demo/hook/ament_prefix_path.dsv'
[2.286s] INFO:colcon.colcon_core.shell:Creating environment hook '/home/athul/ros2_ws/install/serial_motor_demo/share/serial_motor_demo/hook/ament_prefix_path.sh'
[2.289s] INFO:colcon.colcon_core.shell:Skip shell extension 'powershell' for command environment: Not usable outside of PowerShell
[2.289s] DEBUG:colcon.colcon_core.shell:Skip shell extension 'dsv' for command environment
[2.660s] INFO:colcon.colcon_core.task.python.build:Building Python package in '/home/athul/ros2_ws/src/serial_motor_demo/serial_motor_demo'
[2.663s] INFO:colcon.colcon_core.shell:Skip shell extension 'powershell' for command environment: Not usable outside of PowerShell
[2.663s] DEBUG:colcon.colcon_core.shell:Skip shell extension 'dsv' for command environment
[3.323s] DEBUG:colcon.colcon_core.event_handler.log_command:Invoking command in '/home/athul/ros2_ws/build/serial_motor_demo': PYTHONPATH=/home/athul/ros2_ws/build/serial_motor_demo/prefix_override:/home/athul/ros2_ws/install/serial_motor_demo/lib/python3.8/site-packages:/home/athul/ros2_ws/install/serial_motor_demo_msgs/lib/python3.8/site-packages:/home/athul/ros2_ws/build/serial_motor_demo:/home/athul/ros2_ws/install/serial_motor_demo/lib/python3.8/site-packages:/opt/ros/foxy/lib/python3.8/site-packages /usr/bin/python3 setup.py develop --editable --build-directory /home/athul/ros2_ws/build/serial_motor_demo/build --no-deps install_data
[4.040s] Level 1:colcon.colcon_core.shell:create_environment_hook('serial_motor_demo', 'pythonpath_develop')
[4.042s] INFO:colcon.colcon_core.shell:Creating environment hook '/home/athul/ros2_ws/build/serial_motor_demo/share/serial_motor_demo/hook/pythonpath_develop.ps1'
[4.044s] DEBUG:colcon.colcon_core.event_handler.log_command:Invoked command in '/home/athul/ros2_ws/build/serial_motor_demo' returned '0': PYTHONPATH=/home/athul/ros2_ws/build/serial_motor_demo/prefix_override:/home/athul/ros2_ws/install/serial_motor_demo/lib/python3.8/site-packages:/home/athul/ros2_ws/install/serial_motor_demo_msgs/lib/python3.8/site-packages:/home/athul/ros2_ws/build/serial_motor_demo:/home/athul/ros2_ws/install/serial_motor_demo/lib/python3.8/site-packages:/opt/ros/foxy/lib/python3.8/site-packages /usr/bin/python3 setup.py develop --editable --build-directory /home/athul/ros2_ws/build/serial_motor_demo/build --no-deps install_data
[4.045s] INFO:colcon.colcon_core.shell:Creating environment descriptor '/home/athul/ros2_ws/build/serial_motor_demo/share/serial_motor_demo/hook/pythonpath_develop.dsv'
[4.046s] INFO:colcon.colcon_core.shell:Creating environment hook '/home/athul/ros2_ws/build/serial_motor_demo/share/serial_motor_demo/hook/pythonpath_develop.sh'
[4.049s] Level 1:colcon.colcon_core.environment:checking '/home/athul/ros2_ws/install/serial_motor_demo' for CMake module files
[4.050s] Level 1:colcon.colcon_core.environment:checking '/home/athul/ros2_ws/install/serial_motor_demo' for CMake config files
[4.051s] Level 1:colcon.colcon_core.environment:checking '/home/athul/ros2_ws/install/serial_motor_demo/lib'
[4.051s] Level 1:colcon.colcon_core.environment:checking '/home/athul/ros2_ws/install/serial_motor_demo/bin'
[4.051s] Level 1:colcon.colcon_core.environment:checking '/home/athul/ros2_ws/install/serial_motor_demo/lib/pkgconfig/serial_motor_demo.pc'
[4.051s] Level 1:colcon.colcon_core.environment:checking '/home/athul/ros2_ws/install/serial_motor_demo/lib/python3.8/site-packages'
[4.051s] Level 1:colcon.colcon_core.shell:create_environment_hook('serial_motor_demo', 'pythonpath')
[4.053s] INFO:colcon.colcon_core.shell:Creating environment hook '/home/athul/ros2_ws/install/serial_motor_demo/share/serial_motor_demo/hook/pythonpath.ps1'
[4.054s] INFO:colcon.colcon_core.shell:Creating environment descriptor '/home/athul/ros2_ws/install/serial_motor_demo/share/serial_motor_demo/hook/pythonpath.dsv'
[4.054s] INFO:colcon.colcon_core.shell:Creating environment hook '/home/athul/ros2_ws/install/serial_motor_demo/share/serial_motor_demo/hook/pythonpath.sh'
[4.055s] Level 1:colcon.colcon_core.environment:checking '/home/athul/ros2_ws/install/serial_motor_demo/bin'
[4.055s] Level 1:colcon.colcon_core.environment:create_environment_scripts_only(serial_motor_demo)
[4.058s] INFO:colcon.colcon_core.shell:Creating package script '/home/athul/ros2_ws/install/serial_motor_demo/share/serial_motor_demo/package.ps1'
[4.059s] INFO:colcon.colcon_core.shell:Creating package descriptor '/home/athul/ros2_ws/install/serial_motor_demo/share/serial_motor_demo/package.dsv'
[4.060s] INFO:colcon.colcon_core.shell:Creating package script '/home/athul/ros2_ws/install/serial_motor_demo/share/serial_motor_demo/package.sh'
[4.060s] INFO:colcon.colcon_core.shell:Creating package script '/home/athul/ros2_ws/install/serial_motor_demo/share/serial_motor_demo/package.bash'
[4.061s] INFO:colcon.colcon_core.shell:Creating package script '/home/athul/ros2_ws/install/serial_motor_demo/share/serial_motor_demo/package.zsh'
[4.062s] Level 1:colcon.colcon_core.environment:create_file_with_runtime_dependencies(/home/athul/ros2_ws/install/serial_motor_demo/share/colcon-core/packages/serial_motor_demo)
[4.062s] DEBUG:colcon.colcon_parallel_executor.executor.parallel:closing loop
[4.062s] DEBUG:colcon.colcon_parallel_executor.executor.parallel:loop closed
[4.063s] DEBUG:colcon.colcon_parallel_executor.executor.parallel:run_until_complete finished with '0'
[4.063s] DEBUG:colcon.colcon_core.event_reactor:joining thread
[4.082s] INFO:colcon.colcon_core.plugin_system:Skipping extension 'colcon_notification.desktop_notification.terminal_notifier': Not used on non-Darwin systems
[4.082s] INFO:colcon.colcon_core.plugin_system:Skipping extension 'colcon_notification.desktop_notification.win32': Not used on non-Windows systems
[4.082s] INFO:colcon.colcon_notification.desktop_notification:Sending desktop notification using 'notify2'
[4.319s] DEBUG:colcon.colcon_core.event_reactor:joined thread
[4.322s] INFO:colcon.colcon_core.shell:Creating prefix script '/home/athul/ros2_ws/install/local_setup.ps1'
[4.328s] INFO:colcon.colcon_core.shell:Creating prefix util module '/home/athul/ros2_ws/install/_local_setup_util_ps1.py'
[4.330s] INFO:colcon.colcon_core.shell:Creating prefix chain script '/home/athul/ros2_ws/install/setup.ps1'
[4.333s] INFO:colcon.colcon_core.shell:Creating prefix script '/home/athul/ros2_ws/install/local_setup.sh'
[4.334s] INFO:colcon.colcon_core.shell:Creating prefix util module '/home/athul/ros2_ws/install/_local_setup_util_sh.py'
[4.334s] INFO:colcon.colcon_core.shell:Creating prefix chain script '/home/athul/ros2_ws/install/setup.sh'
[4.337s] INFO:colcon.colcon_core.shell:Creating prefix script '/home/athul/ros2_ws/install/local_setup.bash'
[4.338s] INFO:colcon.colcon_core.shell:Creating prefix chain script '/home/athul/ros2_ws/install/setup.bash'
[4.340s] INFO:colcon.colcon_core.shell:Creating prefix script '/home/athul/ros2_ws/install/local_setup.zsh'
[4.341s] INFO:colcon.colcon_core.shell:Creating prefix chain script '/home/athul/ros2_ws/install/setup.zsh'
