[0.030s] Invoking command in '/home/athul/ros2_ws/build/gazebo_ros2_control_demos': CMAKE_PREFIX_PATH=/home/athul/ros2_ws/install/gazebo_ros2_control:/home/athul/ros2_ws/install/serial_motor_demo_msgs:/home/athul/ros2_ws/install/my_bot:/home/athul/ros2_ws/install/gazebo_ros2_control_demos:/home/athul/ros2_ws/install/serial_motor_demo:/opt/ros/foxy LD_LIBRARY_PATH=/home/athul/ros2_ws/install/gazebo_ros2_control/lib:/home/athul/ros2_ws/install/serial_motor_demo_msgs/lib:/usr/lib/x86_64-linux-gnu/gazebo-11/plugins:/opt/ros/foxy/opt/yaml_cpp_vendor/lib:/opt/ros/foxy/opt/rviz_ogre_vendor/lib:/opt/ros/foxy/lib/x86_64-linux-gnu:/opt/ros/foxy/lib /usr/bin/cmake --build /home/athul/ros2_ws/build/gazebo_ros2_control_demos -- -j4 -l4
[0.175s] [ 20%] Built target example_velocity
[0.181s] [ 40%] Built target example_effort
[0.186s] [ 60%] Built target example_gripper
[0.219s] [ 80%] Built target example_position
[0.267s] [100%] Built target example_diff_drive
[0.296s] Invoked command in '/home/athul/ros2_ws/build/gazebo_ros2_control_demos' returned '0': CMAKE_PREFIX_PATH=/home/athul/ros2_ws/install/gazebo_ros2_control:/home/athul/ros2_ws/install/serial_motor_demo_msgs:/home/athul/ros2_ws/install/my_bot:/home/athul/ros2_ws/install/gazebo_ros2_control_demos:/home/athul/ros2_ws/install/serial_motor_demo:/opt/ros/foxy LD_LIBRARY_PATH=/home/athul/ros2_ws/install/gazebo_ros2_control/lib:/home/athul/ros2_ws/install/serial_motor_demo_msgs/lib:/usr/lib/x86_64-linux-gnu/gazebo-11/plugins:/opt/ros/foxy/opt/yaml_cpp_vendor/lib:/opt/ros/foxy/opt/rviz_ogre_vendor/lib:/opt/ros/foxy/lib/x86_64-linux-gnu:/opt/ros/foxy/lib /usr/bin/cmake --build /home/athul/ros2_ws/build/gazebo_ros2_control_demos -- -j4 -l4
[0.390s] Invoking command in '/home/athul/ros2_ws/build/gazebo_ros2_control_demos': CMAKE_PREFIX_PATH=/home/athul/ros2_ws/install/gazebo_ros2_control:/home/athul/ros2_ws/install/serial_motor_demo_msgs:/home/athul/ros2_ws/install/my_bot:/home/athul/ros2_ws/install/gazebo_ros2_control_demos:/home/athul/ros2_ws/install/serial_motor_demo:/opt/ros/foxy LD_LIBRARY_PATH=/home/athul/ros2_ws/install/gazebo_ros2_control/lib:/home/athul/ros2_ws/install/serial_motor_demo_msgs/lib:/usr/lib/x86_64-linux-gnu/gazebo-11/plugins:/opt/ros/foxy/opt/yaml_cpp_vendor/lib:/opt/ros/foxy/opt/rviz_ogre_vendor/lib:/opt/ros/foxy/lib/x86_64-linux-gnu:/opt/ros/foxy/lib /usr/bin/cmake --install /home/athul/ros2_ws/build/gazebo_ros2_control_demos
[0.406s] -- Install configuration: ""
[0.407s] -- Execute custom install script
[0.413s] -- Up-to-date symlink: /home/athul/ros2_ws/install/gazebo_ros2_control_demos/share/gazebo_ros2_control_demos//launch/cart_example_effort.launch.py
[0.413s] -- Up-to-date symlink: /home/athul/ros2_ws/install/gazebo_ros2_control_demos/share/gazebo_ros2_control_demos//launch/cart_example_position.launch.py
[0.414s] -- Up-to-date symlink: /home/athul/ros2_ws/install/gazebo_ros2_control_demos/share/gazebo_ros2_control_demos//launch/cart_example_velocity.launch.py
[0.414s] -- Up-to-date symlink: /home/athul/ros2_ws/install/gazebo_ros2_control_demos/share/gazebo_ros2_control_demos//launch/diff_drive.launch.py
[0.414s] -- Up-to-date symlink: /home/athul/ros2_ws/install/gazebo_ros2_control_demos/share/gazebo_ros2_control_demos//launch/gripper_mimic_joint_example.launch.py
[0.415s] -- Up-to-date symlink: /home/athul/ros2_ws/install/gazebo_ros2_control_demos/share/gazebo_ros2_control_demos//config/cartpole_controller.yaml
[0.415s] -- Up-to-date symlink: /home/athul/ros2_ws/install/gazebo_ros2_control_demos/share/gazebo_ros2_control_demos//config/cartpole_controller_effort.yaml
[0.415s] -- Up-to-date symlink: /home/athul/ros2_ws/install/gazebo_ros2_control_demos/share/gazebo_ros2_control_demos//config/cartpole_controller_velocity.yaml
[0.416s] -- Up-to-date symlink: /home/athul/ros2_ws/install/gazebo_ros2_control_demos/share/gazebo_ros2_control_demos//config/diff_drive_controller.yaml
[0.416s] -- Up-to-date symlink: /home/athul/ros2_ws/install/gazebo_ros2_control_demos/share/gazebo_ros2_control_demos//config/gripper_controller.yaml
[0.416s] -- Up-to-date symlink: /home/athul/ros2_ws/install/gazebo_ros2_control_demos/share/gazebo_ros2_control_demos//urdf/test_cart_effort.xacro.urdf
[0.417s] -- Up-to-date symlink: /home/athul/ros2_ws/install/gazebo_ros2_control_demos/share/gazebo_ros2_control_demos//urdf/test_cart_position.xacro.urdf
[0.417s] -- Up-to-date symlink: /home/athul/ros2_ws/install/gazebo_ros2_control_demos/share/gazebo_ros2_control_demos//urdf/test_cart_velocity.xacro.urdf
[0.418s] -- Up-to-date symlink: /home/athul/ros2_ws/install/gazebo_ros2_control_demos/share/gazebo_ros2_control_demos//urdf/test_diff_drive.xacro.urdf
[0.418s] -- Up-to-date symlink: /home/athul/ros2_ws/install/gazebo_ros2_control_demos/share/gazebo_ros2_control_demos//urdf/test_gripper_mimic_joint.xacro.urdf
[0.419s] -- Up-to-date symlink: /home/athul/ros2_ws/install/gazebo_ros2_control_demos/lib/gazebo_ros2_control_demos/example_position
[0.419s] -- Up-to-date symlink: /home/athul/ros2_ws/install/gazebo_ros2_control_demos/lib/gazebo_ros2_control_demos/example_velocity
[0.419s] -- Up-to-date symlink: /home/athul/ros2_ws/install/gazebo_ros2_control_demos/lib/gazebo_ros2_control_demos/example_effort
[0.420s] -- Up-to-date symlink: /home/athul/ros2_ws/install/gazebo_ros2_control_demos/lib/gazebo_ros2_control_demos/example_gripper
[0.423s] -- Up-to-date symlink: /home/athul/ros2_ws/install/gazebo_ros2_control_demos/lib/gazebo_ros2_control_demos/example_diff_drive
[0.424s] -- Up-to-date symlink: /home/athul/ros2_ws/install/gazebo_ros2_control_demos/share/ament_index/resource_index/package_run_dependencies/gazebo_ros2_control_demos
[0.425s] -- Up-to-date symlink: /home/athul/ros2_ws/install/gazebo_ros2_control_demos/share/ament_index/resource_index/parent_prefix_path/gazebo_ros2_control_demos
[0.425s] -- Up-to-date symlink: /home/athul/ros2_ws/install/gazebo_ros2_control_demos/share/gazebo_ros2_control_demos/environment/ament_prefix_path.sh
[0.425s] -- Up-to-date symlink: /home/athul/ros2_ws/install/gazebo_ros2_control_demos/share/gazebo_ros2_control_demos/environment/ament_prefix_path.dsv
[0.426s] -- Up-to-date symlink: /home/athul/ros2_ws/install/gazebo_ros2_control_demos/share/gazebo_ros2_control_demos/environment/path.sh
[0.426s] -- Up-to-date symlink: /home/athul/ros2_ws/install/gazebo_ros2_control_demos/share/gazebo_ros2_control_demos/environment/path.dsv
[0.428s] -- Up-to-date symlink: /home/athul/ros2_ws/install/gazebo_ros2_control_demos/share/gazebo_ros2_control_demos/local_setup.bash
[0.428s] -- Up-to-date symlink: /home/athul/ros2_ws/install/gazebo_ros2_control_demos/share/gazebo_ros2_control_demos/local_setup.sh
[0.428s] -- Up-to-date symlink: /home/athul/ros2_ws/install/gazebo_ros2_control_demos/share/gazebo_ros2_control_demos/local_setup.zsh
[0.428s] -- Up-to-date symlink: /home/athul/ros2_ws/install/gazebo_ros2_control_demos/share/gazebo_ros2_control_demos/local_setup.dsv
[0.428s] -- Symlinking: /home/athul/ros2_ws/install/gazebo_ros2_control_demos/share/gazebo_ros2_control_demos/package.dsv
[0.450s] -- Up-to-date symlink: /home/athul/ros2_ws/install/gazebo_ros2_control_demos/share/ament_index/resource_index/packages/gazebo_ros2_control_demos
[0.450s] -- Up-to-date symlink: /home/athul/ros2_ws/install/gazebo_ros2_control_demos/share/gazebo_ros2_control_demos/cmake/gazebo_ros2_control_demosConfig.cmake
[0.451s] -- Up-to-date symlink: /home/athul/ros2_ws/install/gazebo_ros2_control_demos/share/gazebo_ros2_control_demos/cmake/gazebo_ros2_control_demosConfig-version.cmake
[0.452s] -- Up-to-date symlink: /home/athul/ros2_ws/install/gazebo_ros2_control_demos/share/gazebo_ros2_control_demos/package.xml
[0.458s] Invoked command in '/home/athul/ros2_ws/build/gazebo_ros2_control_demos' returned '0': CMAKE_PREFIX_PATH=/home/athul/ros2_ws/install/gazebo_ros2_control:/home/athul/ros2_ws/install/serial_motor_demo_msgs:/home/athul/ros2_ws/install/my_bot:/home/athul/ros2_ws/install/gazebo_ros2_control_demos:/home/athul/ros2_ws/install/serial_motor_demo:/opt/ros/foxy LD_LIBRARY_PATH=/home/athul/ros2_ws/install/gazebo_ros2_control/lib:/home/athul/ros2_ws/install/serial_motor_demo_msgs/lib:/usr/lib/x86_64-linux-gnu/gazebo-11/plugins:/opt/ros/foxy/opt/yaml_cpp_vendor/lib:/opt/ros/foxy/opt/rviz_ogre_vendor/lib:/opt/ros/foxy/lib/x86_64-linux-gnu:/opt/ros/foxy/lib /usr/bin/cmake --install /home/athul/ros2_ws/build/gazebo_ros2_control_demos
