[0.620s] Invoking command in '/home/athul/ros2_ws/build/rosapi_msgs': CMAKE_PREFIX_PATH=${CMAKE_PREFIX_PATH}:/home/athul/ros2_ws/install/serial_motor_demo:/opt/ros/foxy /usr/bin/cmake --build /home/athul/ros2_ws/build/rosapi_msgs -- -j4 -l4
[1.689s] [  0%] Built target rosapi_msgs__cpp
[2.049s] [ 12%] Built target rosapi_msgs__rosidl_generator_c
[2.730s] [ 25%] Built target rosapi_msgs__rosidl_typesupport_introspection_cpp
[3.234s] [ 37%] Built target rosapi_msgs__rosidl_typesupport_introspection_c
[3.691s] [ 49%] Built target rosapi_msgs__rosidl_typesupport_c
[4.374s] [ 61%] Built target rosapi_msgs__rosidl_typesupport_fastrtps_cpp
[4.775s] [ 73%] Built target rosapi_msgs__rosidl_typesupport_cpp
[5.351s] [ 85%] Built target rosapi_msgs__rosidl_typesupport_fastrtps_c
[5.846s] [ 85%] Built target rosapi_msgs
[6.177s] [ 85%] Built target rosapi_msgs__py
[6.849s] [ 97%] Built target rosapi_msgs__python
[7.144s] [ 98%] Built target rosapi_msgs__rosidl_typesupport_introspection_c__pyext
[7.411s] [ 99%] Built target rosapi_msgs__rosidl_typesupport_fastrtps_c__pyext
[7.841s] [100%] Built target rosapi_msgs__rosidl_typesupport_c__pyext
[7.995s] Invoked command in '/home/athul/ros2_ws/build/rosapi_msgs' returned '0': CMAKE_PREFIX_PATH=${CMAKE_PREFIX_PATH}:/home/athul/ros2_ws/install/serial_motor_demo:/opt/ros/foxy /usr/bin/cmake --build /home/athul/ros2_ws/build/rosapi_msgs -- -j4 -l4
[15.758s] Invoking command in '/home/athul/ros2_ws/build/rosapi_msgs': CMAKE_PREFIX_PATH=${CMAKE_PREFIX_PATH}:/home/athul/ros2_ws/install/serial_motor_demo:/opt/ros/foxy /usr/bin/cmake --install /home/athul/ros2_ws/build/rosapi_msgs
[15.862s] -- Install configuration: ""
[15.874s] -- Execute custom install script
[15.884s] -- Up-to-date symlink: /home/athul/ros2_ws/install/rosapi_msgs/share/ament_index/resource_index/rosidl_interfaces/rosapi_msgs
[15.919s] -- Up-to-date symlink: /home/athul/ros2_ws/install/rosapi_msgs/include/rosapi_msgs/msg/detail/type_def__functions.h
[15.939s] -- Up-to-date symlink: /home/athul/ros2_ws/install/rosapi_msgs/include/rosapi_msgs/msg/detail/type_def__struct.h
[15.960s] -- Up-to-date symlink: /home/athul/ros2_ws/install/rosapi_msgs/include/rosapi_msgs/msg/detail/type_def__type_support.h
[15.960s] -- Up-to-date symlink: /home/athul/ros2_ws/install/rosapi_msgs/include/rosapi_msgs/msg/rosidl_generator_c__visibility_control.h
[15.960s] -- Up-to-date symlink: /home/athul/ros2_ws/install/rosapi_msgs/include/rosapi_msgs/msg/type_def.h
[15.969s] -- Up-to-date symlink: /home/athul/ros2_ws/install/rosapi_msgs/include/rosapi_msgs/srv/delete_param.h
[15.998s] -- Up-to-date symlink: /home/athul/ros2_ws/install/rosapi_msgs/include/rosapi_msgs/srv/detail/delete_param__functions.h
[15.999s] -- Up-to-date symlink: /home/athul/ros2_ws/install/rosapi_msgs/include/rosapi_msgs/srv/detail/delete_param__struct.h
[15.999s] -- Up-to-date symlink: /home/athul/ros2_ws/install/rosapi_msgs/include/rosapi_msgs/srv/detail/delete_param__type_support.h
[15.999s] -- Up-to-date symlink: /home/athul/ros2_ws/install/rosapi_msgs/include/rosapi_msgs/srv/detail/get_action_servers__functions.h
[16.000s] -- Up-to-date symlink: /home/athul/ros2_ws/install/rosapi_msgs/include/rosapi_msgs/srv/detail/get_action_servers__struct.h
[16.000s] -- Up-to-date symlink: /home/athul/ros2_ws/install/rosapi_msgs/include/rosapi_msgs/srv/detail/get_action_servers__type_support.h
[16.001s] -- Up-to-date symlink: /home/athul/ros2_ws/install/rosapi_msgs/include/rosapi_msgs/srv/detail/get_param__functions.h
[16.047s] -- Up-to-date symlink: /home/athul/ros2_ws/install/rosapi_msgs/include/rosapi_msgs/srv/detail/get_param__struct.h
[16.048s] -- Up-to-date symlink: /home/athul/ros2_ws/install/rosapi_msgs/include/rosapi_msgs/srv/detail/get_param__type_support.h
[16.048s] -- Up-to-date symlink: /home/athul/ros2_ws/install/rosapi_msgs/include/rosapi_msgs/srv/detail/get_param_names__functions.h
[16.049s] -- Up-to-date symlink: /home/athul/ros2_ws/install/rosapi_msgs/include/rosapi_msgs/srv/detail/get_param_names__struct.h
[16.049s] -- Up-to-date symlink: /home/athul/ros2_ws/install/rosapi_msgs/include/rosapi_msgs/srv/detail/get_param_names__type_support.h
[16.051s] -- Up-to-date symlink: /home/athul/ros2_ws/install/rosapi_msgs/include/rosapi_msgs/srv/detail/get_ros_version__functions.h
[16.063s] -- Up-to-date symlink: /home/athul/ros2_ws/install/rosapi_msgs/include/rosapi_msgs/srv/detail/get_ros_version__struct.h
[16.086s] -- Up-to-date symlink: /home/athul/ros2_ws/install/rosapi_msgs/include/rosapi_msgs/srv/detail/get_ros_version__type_support.h
[16.086s] -- Up-to-date symlink: /home/athul/ros2_ws/install/rosapi_msgs/include/rosapi_msgs/srv/detail/get_time__functions.h
[16.086s] -- Up-to-date symlink: /home/athul/ros2_ws/install/rosapi_msgs/include/rosapi_msgs/srv/detail/get_time__struct.h
[16.087s] -- Up-to-date symlink: /home/athul/ros2_ws/install/rosapi_msgs/include/rosapi_msgs/srv/detail/get_time__type_support.h
[16.088s] -- Up-to-date symlink: /home/athul/ros2_ws/install/rosapi_msgs/include/rosapi_msgs/srv/detail/has_param__functions.h
[16.088s] -- Up-to-date symlink: /home/athul/ros2_ws/install/rosapi_msgs/include/rosapi_msgs/srv/detail/has_param__struct.h
[16.088s] -- Up-to-date symlink: /home/athul/ros2_ws/install/rosapi_msgs/include/rosapi_msgs/srv/detail/has_param__type_support.h
[16.088s] -- Up-to-date symlink: /home/athul/ros2_ws/install/rosapi_msgs/include/rosapi_msgs/srv/detail/message_details__functions.h
[16.089s] -- Up-to-date symlink: /home/athul/ros2_ws/install/rosapi_msgs/include/rosapi_msgs/srv/detail/message_details__struct.h
[16.091s] -- Up-to-date symlink: /home/athul/ros2_ws/install/rosapi_msgs/include/rosapi_msgs/srv/detail/message_details__type_support.h
[16.102s] -- Up-to-date symlink: /home/athul/ros2_ws/install/rosapi_msgs/include/rosapi_msgs/srv/detail/node_details__functions.h
[16.122s] -- Up-to-date symlink: /home/athul/ros2_ws/install/rosapi_msgs/include/rosapi_msgs/srv/detail/node_details__struct.h
[16.123s] -- Up-to-date symlink: /home/athul/ros2_ws/install/rosapi_msgs/include/rosapi_msgs/srv/detail/node_details__type_support.h
[16.123s] -- Up-to-date symlink: /home/athul/ros2_ws/install/rosapi_msgs/include/rosapi_msgs/srv/detail/nodes__functions.h
[16.124s] -- Up-to-date symlink: /home/athul/ros2_ws/install/rosapi_msgs/include/rosapi_msgs/srv/detail/nodes__struct.h
[16.126s] -- Up-to-date symlink: /home/athul/ros2_ws/install/rosapi_msgs/include/rosapi_msgs/srv/detail/nodes__type_support.h
[16.127s] -- Up-to-date symlink: /home/athul/ros2_ws/install/rosapi_msgs/include/rosapi_msgs/srv/detail/publishers__functions.h
[16.131s] -- Up-to-date symlink: /home/athul/ros2_ws/install/rosapi_msgs/include/rosapi_msgs/srv/detail/publishers__struct.h
[16.133s] -- Up-to-date symlink: /home/athul/ros2_ws/install/rosapi_msgs/include/rosapi_msgs/srv/detail/publishers__type_support.h
[16.135s] -- Up-to-date symlink: /home/athul/ros2_ws/install/rosapi_msgs/include/rosapi_msgs/srv/detail/service_node__functions.h
[16.136s] -- Up-to-date symlink: /home/athul/ros2_ws/install/rosapi_msgs/include/rosapi_msgs/srv/detail/service_node__struct.h
[16.139s] -- Up-to-date symlink: /home/athul/ros2_ws/install/rosapi_msgs/include/rosapi_msgs/srv/detail/service_node__type_support.h
[16.146s] -- Up-to-date symlink: /home/athul/ros2_ws/install/rosapi_msgs/include/rosapi_msgs/srv/detail/service_providers__functions.h
[16.167s] -- Up-to-date symlink: /home/athul/ros2_ws/install/rosapi_msgs/include/rosapi_msgs/srv/detail/service_providers__struct.h
[16.167s] -- Up-to-date symlink: /home/athul/ros2_ws/install/rosapi_msgs/include/rosapi_msgs/srv/detail/service_providers__type_support.h
[16.170s] -- Up-to-date symlink: /home/athul/ros2_ws/install/rosapi_msgs/include/rosapi_msgs/srv/detail/service_request_details__functions.h
[16.171s] -- Up-to-date symlink: /home/athul/ros2_ws/install/rosapi_msgs/include/rosapi_msgs/srv/detail/service_request_details__struct.h
[16.172s] -- Up-to-date symlink: /home/athul/ros2_ws/install/rosapi_msgs/include/rosapi_msgs/srv/detail/service_request_details__type_support.h
[16.173s] -- Up-to-date symlink: /home/athul/ros2_ws/install/rosapi_msgs/include/rosapi_msgs/srv/detail/service_response_details__functions.h
[16.175s] -- Up-to-date symlink: /home/athul/ros2_ws/install/rosapi_msgs/include/rosapi_msgs/srv/detail/service_response_details__struct.h
[16.177s] -- Up-to-date symlink: /home/athul/ros2_ws/install/rosapi_msgs/include/rosapi_msgs/srv/detail/service_response_details__type_support.h
[16.179s] -- Up-to-date symlink: /home/athul/ros2_ws/install/rosapi_msgs/include/rosapi_msgs/srv/detail/service_type__functions.h
[16.181s] -- Up-to-date symlink: /home/athul/ros2_ws/install/rosapi_msgs/include/rosapi_msgs/srv/detail/service_type__struct.h
[16.211s] -- Up-to-date symlink: /home/athul/ros2_ws/install/rosapi_msgs/include/rosapi_msgs/srv/detail/service_type__type_support.h
[16.222s] -- Up-to-date symlink: /home/athul/ros2_ws/install/rosapi_msgs/include/rosapi_msgs/srv/detail/services__functions.h
[16.222s] -- Up-to-date symlink: /home/athul/ros2_ws/install/rosapi_msgs/include/rosapi_msgs/srv/detail/services__struct.h
[16.222s] -- Up-to-date symlink: /home/athul/ros2_ws/install/rosapi_msgs/include/rosapi_msgs/srv/detail/services__type_support.h
[16.260s] -- Up-to-date symlink: /home/athul/ros2_ws/install/rosapi_msgs/include/rosapi_msgs/srv/detail/services_for_type__functions.h
[16.260s] -- Up-to-date symlink: /home/athul/ros2_ws/install/rosapi_msgs/include/rosapi_msgs/srv/detail/services_for_type__struct.h
[16.281s] -- Up-to-date symlink: /home/athul/ros2_ws/install/rosapi_msgs/include/rosapi_msgs/srv/detail/services_for_type__type_support.h
[16.284s] -- Up-to-date symlink: /home/athul/ros2_ws/install/rosapi_msgs/include/rosapi_msgs/srv/detail/set_param__functions.h
[16.306s] -- Up-to-date symlink: /home/athul/ros2_ws/install/rosapi_msgs/include/rosapi_msgs/srv/detail/set_param__struct.h
[16.306s] -- Up-to-date symlink: /home/athul/ros2_ws/install/rosapi_msgs/include/rosapi_msgs/srv/detail/set_param__type_support.h
[16.306s] -- Up-to-date symlink: /home/athul/ros2_ws/install/rosapi_msgs/include/rosapi_msgs/srv/detail/subscribers__functions.h
[16.306s] -- Up-to-date symlink: /home/athul/ros2_ws/install/rosapi_msgs/include/rosapi_msgs/srv/detail/subscribers__struct.h
[16.306s] -- Up-to-date symlink: /home/athul/ros2_ws/install/rosapi_msgs/include/rosapi_msgs/srv/detail/subscribers__type_support.h
[16.307s] -- Up-to-date symlink: /home/athul/ros2_ws/install/rosapi_msgs/include/rosapi_msgs/srv/detail/topic_type__functions.h
[16.307s] -- Up-to-date symlink: /home/athul/ros2_ws/install/rosapi_msgs/include/rosapi_msgs/srv/detail/topic_type__struct.h
[16.307s] -- Up-to-date symlink: /home/athul/ros2_ws/install/rosapi_msgs/include/rosapi_msgs/srv/detail/topic_type__type_support.h
[16.307s] -- Up-to-date symlink: /home/athul/ros2_ws/install/rosapi_msgs/include/rosapi_msgs/srv/detail/topics__functions.h
[16.309s] -- Up-to-date symlink: /home/athul/ros2_ws/install/rosapi_msgs/include/rosapi_msgs/srv/detail/topics__struct.h
[16.309s] -- Up-to-date symlink: /home/athul/ros2_ws/install/rosapi_msgs/include/rosapi_msgs/srv/detail/topics__type_support.h
[16.309s] -- Up-to-date symlink: /home/athul/ros2_ws/install/rosapi_msgs/include/rosapi_msgs/srv/detail/topics_and_raw_types__functions.h
[16.310s] -- Up-to-date symlink: /home/athul/ros2_ws/install/rosapi_msgs/include/rosapi_msgs/srv/detail/topics_and_raw_types__struct.h
[16.313s] -- Up-to-date symlink: /home/athul/ros2_ws/install/rosapi_msgs/include/rosapi_msgs/srv/detail/topics_and_raw_types__type_support.h
[16.319s] -- Up-to-date symlink: /home/athul/ros2_ws/install/rosapi_msgs/include/rosapi_msgs/srv/detail/topics_for_type__functions.h
[16.335s] -- Up-to-date symlink: /home/athul/ros2_ws/install/rosapi_msgs/include/rosapi_msgs/srv/detail/topics_for_type__struct.h
[16.339s] -- Up-to-date symlink: /home/athul/ros2_ws/install/rosapi_msgs/include/rosapi_msgs/srv/detail/topics_for_type__type_support.h
[16.340s] -- Up-to-date symlink: /home/athul/ros2_ws/install/rosapi_msgs/include/rosapi_msgs/srv/get_action_servers.h
[16.341s] -- Up-to-date symlink: /home/athul/ros2_ws/install/rosapi_msgs/include/rosapi_msgs/srv/get_param.h
[16.344s] -- Up-to-date symlink: /home/athul/ros2_ws/install/rosapi_msgs/include/rosapi_msgs/srv/get_param_names.h
[16.345s] -- Up-to-date symlink: /home/athul/ros2_ws/install/rosapi_msgs/include/rosapi_msgs/srv/get_ros_version.h
[16.345s] -- Up-to-date symlink: /home/athul/ros2_ws/install/rosapi_msgs/include/rosapi_msgs/srv/get_time.h
[16.348s] -- Up-to-date symlink: /home/athul/ros2_ws/install/rosapi_msgs/include/rosapi_msgs/srv/has_param.h
[16.349s] -- Up-to-date symlink: /home/athul/ros2_ws/install/rosapi_msgs/include/rosapi_msgs/srv/message_details.h
[16.350s] -- Up-to-date symlink: /home/athul/ros2_ws/install/rosapi_msgs/include/rosapi_msgs/srv/node_details.h
[16.361s] -- Up-to-date symlink: /home/athul/ros2_ws/install/rosapi_msgs/include/rosapi_msgs/srv/nodes.h
[16.367s] -- Up-to-date symlink: /home/athul/ros2_ws/install/rosapi_msgs/include/rosapi_msgs/srv/publishers.h
[16.383s] -- Up-to-date symlink: /home/athul/ros2_ws/install/rosapi_msgs/include/rosapi_msgs/srv/service_node.h
[16.399s] -- Up-to-date symlink: /home/athul/ros2_ws/install/rosapi_msgs/include/rosapi_msgs/srv/service_providers.h
[16.411s] -- Up-to-date symlink: /home/athul/ros2_ws/install/rosapi_msgs/include/rosapi_msgs/srv/service_request_details.h
[16.426s] -- Up-to-date symlink: /home/athul/ros2_ws/install/rosapi_msgs/include/rosapi_msgs/srv/service_response_details.h
[16.427s] -- Up-to-date symlink: /home/athul/ros2_ws/install/rosapi_msgs/include/rosapi_msgs/srv/service_type.h
[16.434s] -- Up-to-date symlink: /home/athul/ros2_ws/install/rosapi_msgs/include/rosapi_msgs/srv/services.h
[16.440s] -- Up-to-date symlink: /home/athul/ros2_ws/install/rosapi_msgs/include/rosapi_msgs/srv/services_for_type.h
[16.448s] -- Up-to-date symlink: /home/athul/ros2_ws/install/rosapi_msgs/include/rosapi_msgs/srv/set_param.h
[16.463s] -- Up-to-date symlink: /home/athul/ros2_ws/install/rosapi_msgs/include/rosapi_msgs/srv/subscribers.h
[16.474s] -- Up-to-date symlink: /home/athul/ros2_ws/install/rosapi_msgs/include/rosapi_msgs/srv/topic_type.h
[16.474s] -- Up-to-date symlink: /home/athul/ros2_ws/install/rosapi_msgs/include/rosapi_msgs/srv/topics.h
[16.475s] -- Up-to-date symlink: /home/athul/ros2_ws/install/rosapi_msgs/include/rosapi_msgs/srv/topics_and_raw_types.h
[16.476s] -- Up-to-date symlink: /home/athul/ros2_ws/install/rosapi_msgs/include/rosapi_msgs/srv/topics_for_type.h
[16.485s] -- Up-to-date symlink: /home/athul/ros2_ws/install/rosapi_msgs/share/rosapi_msgs/environment/library_path.sh
[16.514s] -- Up-to-date symlink: /home/athul/ros2_ws/install/rosapi_msgs/share/rosapi_msgs/environment/library_path.dsv
[16.514s] -- Up-to-date symlink: /home/athul/ros2_ws/install/rosapi_msgs/include/rosapi_msgs/msg/detail/type_def__rosidl_typesupport_fastrtps_c.h
[16.514s] -- Up-to-date symlink: /home/athul/ros2_ws/install/rosapi_msgs/include/rosapi_msgs/msg/rosidl_typesupport_fastrtps_c__visibility_control.h
[16.519s] -- Up-to-date symlink: /home/athul/ros2_ws/install/rosapi_msgs/include/rosapi_msgs/srv/detail/delete_param__rosidl_typesupport_fastrtps_c.h
[16.519s] -- Up-to-date symlink: /home/athul/ros2_ws/install/rosapi_msgs/include/rosapi_msgs/srv/detail/get_action_servers__rosidl_typesupport_fastrtps_c.h
[16.521s] -- Up-to-date symlink: /home/athul/ros2_ws/install/rosapi_msgs/include/rosapi_msgs/srv/detail/get_param__rosidl_typesupport_fastrtps_c.h
[16.521s] -- Up-to-date symlink: /home/athul/ros2_ws/install/rosapi_msgs/include/rosapi_msgs/srv/detail/get_param_names__rosidl_typesupport_fastrtps_c.h
[16.521s] -- Up-to-date symlink: /home/athul/ros2_ws/install/rosapi_msgs/include/rosapi_msgs/srv/detail/get_ros_version__rosidl_typesupport_fastrtps_c.h
[16.521s] -- Up-to-date symlink: /home/athul/ros2_ws/install/rosapi_msgs/include/rosapi_msgs/srv/detail/get_time__rosidl_typesupport_fastrtps_c.h
[16.521s] -- Up-to-date symlink: /home/athul/ros2_ws/install/rosapi_msgs/include/rosapi_msgs/srv/detail/has_param__rosidl_typesupport_fastrtps_c.h
[16.553s] -- Up-to-date symlink: /home/athul/ros2_ws/install/rosapi_msgs/include/rosapi_msgs/srv/detail/message_details__rosidl_typesupport_fastrtps_c.h
[16.558s] -- Up-to-date symlink: /home/athul/ros2_ws/install/rosapi_msgs/include/rosapi_msgs/srv/detail/node_details__rosidl_typesupport_fastrtps_c.h
[16.588s] -- Up-to-date symlink: /home/athul/ros2_ws/install/rosapi_msgs/include/rosapi_msgs/srv/detail/nodes__rosidl_typesupport_fastrtps_c.h
[16.593s] -- Up-to-date symlink: /home/athul/ros2_ws/install/rosapi_msgs/include/rosapi_msgs/srv/detail/publishers__rosidl_typesupport_fastrtps_c.h
[16.595s] -- Up-to-date symlink: /home/athul/ros2_ws/install/rosapi_msgs/include/rosapi_msgs/srv/detail/service_node__rosidl_typesupport_fastrtps_c.h
[16.595s] -- Up-to-date symlink: /home/athul/ros2_ws/install/rosapi_msgs/include/rosapi_msgs/srv/detail/service_providers__rosidl_typesupport_fastrtps_c.h
[16.599s] -- Up-to-date symlink: /home/athul/ros2_ws/install/rosapi_msgs/include/rosapi_msgs/srv/detail/service_request_details__rosidl_typesupport_fastrtps_c.h
[16.600s] -- Up-to-date symlink: /home/athul/ros2_ws/install/rosapi_msgs/include/rosapi_msgs/srv/detail/service_response_details__rosidl_typesupport_fastrtps_c.h
[16.601s] -- Up-to-date symlink: /home/athul/ros2_ws/install/rosapi_msgs/include/rosapi_msgs/srv/detail/service_type__rosidl_typesupport_fastrtps_c.h
[16.604s] -- Up-to-date symlink: /home/athul/ros2_ws/install/rosapi_msgs/include/rosapi_msgs/srv/detail/services__rosidl_typesupport_fastrtps_c.h
[16.605s] -- Up-to-date symlink: /home/athul/ros2_ws/install/rosapi_msgs/include/rosapi_msgs/srv/detail/services_for_type__rosidl_typesupport_fastrtps_c.h
[16.635s] -- Up-to-date symlink: /home/athul/ros2_ws/install/rosapi_msgs/include/rosapi_msgs/srv/detail/set_param__rosidl_typesupport_fastrtps_c.h
[16.656s] -- Up-to-date symlink: /home/athul/ros2_ws/install/rosapi_msgs/include/rosapi_msgs/srv/detail/subscribers__rosidl_typesupport_fastrtps_c.h
[16.681s] -- Up-to-date symlink: /home/athul/ros2_ws/install/rosapi_msgs/include/rosapi_msgs/srv/detail/topic_type__rosidl_typesupport_fastrtps_c.h
[16.741s] -- Up-to-date symlink: /home/athul/ros2_ws/install/rosapi_msgs/include/rosapi_msgs/srv/detail/topics__rosidl_typesupport_fastrtps_c.h
[16.751s] -- Up-to-date symlink: /home/athul/ros2_ws/install/rosapi_msgs/include/rosapi_msgs/srv/detail/topics_and_raw_types__rosidl_typesupport_fastrtps_c.h
[16.752s] -- Up-to-date symlink: /home/athul/ros2_ws/install/rosapi_msgs/include/rosapi_msgs/srv/detail/topics_for_type__rosidl_typesupport_fastrtps_c.h
[16.752s] -- Up-to-date symlink: /home/athul/ros2_ws/install/rosapi_msgs/lib/librosapi_msgs__rosidl_typesupport_fastrtps_c.so
[16.836s] -- Up-to-date symlink: /home/athul/ros2_ws/install/rosapi_msgs/include/rosapi_msgs/msg/detail/type_def__rosidl_typesupport_fastrtps_cpp.hpp
[16.867s] -- Up-to-date symlink: /home/athul/ros2_ws/install/rosapi_msgs/include/rosapi_msgs/msg/rosidl_typesupport_fastrtps_cpp__visibility_control.h
[16.868s] -- Up-to-date symlink: /home/athul/ros2_ws/install/rosapi_msgs/include/rosapi_msgs/srv/detail/delete_param__rosidl_typesupport_fastrtps_cpp.hpp
[16.868s] -- Up-to-date symlink: /home/athul/ros2_ws/install/rosapi_msgs/include/rosapi_msgs/srv/detail/get_action_servers__rosidl_typesupport_fastrtps_cpp.hpp
[16.869s] -- Up-to-date symlink: /home/athul/ros2_ws/install/rosapi_msgs/include/rosapi_msgs/srv/detail/get_param__rosidl_typesupport_fastrtps_cpp.hpp
[16.874s] -- Up-to-date symlink: /home/athul/ros2_ws/install/rosapi_msgs/include/rosapi_msgs/srv/detail/get_param_names__rosidl_typesupport_fastrtps_cpp.hpp
[16.874s] -- Up-to-date symlink: /home/athul/ros2_ws/install/rosapi_msgs/include/rosapi_msgs/srv/detail/get_ros_version__rosidl_typesupport_fastrtps_cpp.hpp
[16.876s] -- Up-to-date symlink: /home/athul/ros2_ws/install/rosapi_msgs/include/rosapi_msgs/srv/detail/get_time__rosidl_typesupport_fastrtps_cpp.hpp
[16.879s] -- Up-to-date symlink: /home/athul/ros2_ws/install/rosapi_msgs/include/rosapi_msgs/srv/detail/has_param__rosidl_typesupport_fastrtps_cpp.hpp
[16.888s] -- Up-to-date symlink: /home/athul/ros2_ws/install/rosapi_msgs/include/rosapi_msgs/srv/detail/message_details__rosidl_typesupport_fastrtps_cpp.hpp
[16.903s] -- Up-to-date symlink: /home/athul/ros2_ws/install/rosapi_msgs/include/rosapi_msgs/srv/detail/node_details__rosidl_typesupport_fastrtps_cpp.hpp
[16.915s] -- Up-to-date symlink: /home/athul/ros2_ws/install/rosapi_msgs/include/rosapi_msgs/srv/detail/nodes__rosidl_typesupport_fastrtps_cpp.hpp
[16.946s] -- Up-to-date symlink: /home/athul/ros2_ws/install/rosapi_msgs/include/rosapi_msgs/srv/detail/publishers__rosidl_typesupport_fastrtps_cpp.hpp
[16.947s] -- Up-to-date symlink: /home/athul/ros2_ws/install/rosapi_msgs/include/rosapi_msgs/srv/detail/service_node__rosidl_typesupport_fastrtps_cpp.hpp
[16.950s] -- Up-to-date symlink: /home/athul/ros2_ws/install/rosapi_msgs/include/rosapi_msgs/srv/detail/service_providers__rosidl_typesupport_fastrtps_cpp.hpp
[16.953s] -- Up-to-date symlink: /home/athul/ros2_ws/install/rosapi_msgs/include/rosapi_msgs/srv/detail/service_request_details__rosidl_typesupport_fastrtps_cpp.hpp
[16.957s] -- Up-to-date symlink: /home/athul/ros2_ws/install/rosapi_msgs/include/rosapi_msgs/srv/detail/service_response_details__rosidl_typesupport_fastrtps_cpp.hpp
[16.958s] -- Up-to-date symlink: /home/athul/ros2_ws/install/rosapi_msgs/include/rosapi_msgs/srv/detail/service_type__rosidl_typesupport_fastrtps_cpp.hpp
[16.960s] -- Up-to-date symlink: /home/athul/ros2_ws/install/rosapi_msgs/include/rosapi_msgs/srv/detail/services__rosidl_typesupport_fastrtps_cpp.hpp
[16.993s] -- Up-to-date symlink: /home/athul/ros2_ws/install/rosapi_msgs/include/rosapi_msgs/srv/detail/services_for_type__rosidl_typesupport_fastrtps_cpp.hpp
[16.994s] -- Up-to-date symlink: /home/athul/ros2_ws/install/rosapi_msgs/include/rosapi_msgs/srv/detail/set_param__rosidl_typesupport_fastrtps_cpp.hpp
[17.011s] -- Up-to-date symlink: /home/athul/ros2_ws/install/rosapi_msgs/include/rosapi_msgs/srv/detail/subscribers__rosidl_typesupport_fastrtps_cpp.hpp
[17.075s] -- Up-to-date symlink: /home/athul/ros2_ws/install/rosapi_msgs/include/rosapi_msgs/srv/detail/topic_type__rosidl_typesupport_fastrtps_cpp.hpp
[17.093s] -- Up-to-date symlink: /home/athul/ros2_ws/install/rosapi_msgs/include/rosapi_msgs/srv/detail/topics__rosidl_typesupport_fastrtps_cpp.hpp
[17.110s] -- Up-to-date symlink: /home/athul/ros2_ws/install/rosapi_msgs/include/rosapi_msgs/srv/detail/topics_and_raw_types__rosidl_typesupport_fastrtps_cpp.hpp
[17.115s] -- Up-to-date symlink: /home/athul/ros2_ws/install/rosapi_msgs/include/rosapi_msgs/srv/detail/topics_for_type__rosidl_typesupport_fastrtps_cpp.hpp
[17.184s] -- Up-to-date symlink: /home/athul/ros2_ws/install/rosapi_msgs/lib/librosapi_msgs__rosidl_typesupport_fastrtps_cpp.so
[17.235s] -- Up-to-date symlink: /home/athul/ros2_ws/install/rosapi_msgs/include/rosapi_msgs/msg/detail/type_def__rosidl_typesupport_introspection_c.h
[17.245s] -- Up-to-date symlink: /home/athul/ros2_ws/install/rosapi_msgs/include/rosapi_msgs/msg/rosidl_typesupport_introspection_c__visibility_control.h
[17.282s] -- Up-to-date symlink: /home/athul/ros2_ws/install/rosapi_msgs/include/rosapi_msgs/srv/detail/delete_param__rosidl_typesupport_introspection_c.h
[17.298s] -- Up-to-date symlink: /home/athul/ros2_ws/install/rosapi_msgs/include/rosapi_msgs/srv/detail/get_action_servers__rosidl_typesupport_introspection_c.h
[17.299s] -- Up-to-date symlink: /home/athul/ros2_ws/install/rosapi_msgs/include/rosapi_msgs/srv/detail/get_param__rosidl_typesupport_introspection_c.h
[17.301s] -- Up-to-date symlink: /home/athul/ros2_ws/install/rosapi_msgs/include/rosapi_msgs/srv/detail/get_param_names__rosidl_typesupport_introspection_c.h
[17.305s] -- Up-to-date symlink: /home/athul/ros2_ws/install/rosapi_msgs/include/rosapi_msgs/srv/detail/get_ros_version__rosidl_typesupport_introspection_c.h
[17.305s] -- Up-to-date symlink: /home/athul/ros2_ws/install/rosapi_msgs/include/rosapi_msgs/srv/detail/get_time__rosidl_typesupport_introspection_c.h
[17.306s] -- Up-to-date symlink: /home/athul/ros2_ws/install/rosapi_msgs/include/rosapi_msgs/srv/detail/has_param__rosidl_typesupport_introspection_c.h
[17.306s] -- Up-to-date symlink: /home/athul/ros2_ws/install/rosapi_msgs/include/rosapi_msgs/srv/detail/message_details__rosidl_typesupport_introspection_c.h
[17.306s] -- Up-to-date symlink: /home/athul/ros2_ws/install/rosapi_msgs/include/rosapi_msgs/srv/detail/node_details__rosidl_typesupport_introspection_c.h
[17.306s] -- Up-to-date symlink: /home/athul/ros2_ws/install/rosapi_msgs/include/rosapi_msgs/srv/detail/nodes__rosidl_typesupport_introspection_c.h
[17.306s] -- Up-to-date symlink: /home/athul/ros2_ws/install/rosapi_msgs/include/rosapi_msgs/srv/detail/publishers__rosidl_typesupport_introspection_c.h
[17.307s] -- Up-to-date symlink: /home/athul/ros2_ws/install/rosapi_msgs/include/rosapi_msgs/srv/detail/service_node__rosidl_typesupport_introspection_c.h
[17.307s] -- Up-to-date symlink: /home/athul/ros2_ws/install/rosapi_msgs/include/rosapi_msgs/srv/detail/service_providers__rosidl_typesupport_introspection_c.h
[17.307s] -- Up-to-date symlink: /home/athul/ros2_ws/install/rosapi_msgs/include/rosapi_msgs/srv/detail/service_request_details__rosidl_typesupport_introspection_c.h
[17.307s] -- Up-to-date symlink: /home/athul/ros2_ws/install/rosapi_msgs/include/rosapi_msgs/srv/detail/service_response_details__rosidl_typesupport_introspection_c.h
[17.307s] -- Up-to-date symlink: /home/athul/ros2_ws/install/rosapi_msgs/include/rosapi_msgs/srv/detail/service_type__rosidl_typesupport_introspection_c.h
[17.349s] -- Up-to-date symlink: /home/athul/ros2_ws/install/rosapi_msgs/include/rosapi_msgs/srv/detail/services__rosidl_typesupport_introspection_c.h
[17.349s] -- Up-to-date symlink: /home/athul/ros2_ws/install/rosapi_msgs/include/rosapi_msgs/srv/detail/services_for_type__rosidl_typesupport_introspection_c.h
[17.349s] -- Up-to-date symlink: /home/athul/ros2_ws/install/rosapi_msgs/include/rosapi_msgs/srv/detail/set_param__rosidl_typesupport_introspection_c.h
[17.350s] -- Up-to-date symlink: /home/athul/ros2_ws/install/rosapi_msgs/include/rosapi_msgs/srv/detail/subscribers__rosidl_typesupport_introspection_c.h
[17.350s] -- Up-to-date symlink: /home/athul/ros2_ws/install/rosapi_msgs/include/rosapi_msgs/srv/detail/topic_type__rosidl_typesupport_introspection_c.h
[17.350s] -- Up-to-date symlink: /home/athul/ros2_ws/install/rosapi_msgs/include/rosapi_msgs/srv/detail/topics__rosidl_typesupport_introspection_c.h
[17.351s] -- Up-to-date symlink: /home/athul/ros2_ws/install/rosapi_msgs/include/rosapi_msgs/srv/detail/topics_and_raw_types__rosidl_typesupport_introspection_c.h
[17.356s] -- Up-to-date symlink: /home/athul/ros2_ws/install/rosapi_msgs/include/rosapi_msgs/srv/detail/topics_for_type__rosidl_typesupport_introspection_c.h
[17.358s] -- Up-to-date symlink: /home/athul/ros2_ws/install/rosapi_msgs/include/rosapi_msgs/msg/detail/type_def__builder.hpp
[17.358s] -- Up-to-date symlink: /home/athul/ros2_ws/install/rosapi_msgs/include/rosapi_msgs/msg/detail/type_def__struct.hpp
[17.358s] -- Up-to-date symlink: /home/athul/ros2_ws/install/rosapi_msgs/include/rosapi_msgs/msg/detail/type_def__traits.hpp
[17.359s] -- Up-to-date symlink: /home/athul/ros2_ws/install/rosapi_msgs/include/rosapi_msgs/msg/type_def.hpp
[17.388s] -- Up-to-date symlink: /home/athul/ros2_ws/install/rosapi_msgs/include/rosapi_msgs/srv/delete_param.hpp
[17.389s] -- Up-to-date symlink: /home/athul/ros2_ws/install/rosapi_msgs/include/rosapi_msgs/srv/detail/delete_param__builder.hpp
[17.389s] -- Up-to-date symlink: /home/athul/ros2_ws/install/rosapi_msgs/include/rosapi_msgs/srv/detail/delete_param__struct.hpp
[17.390s] -- Up-to-date symlink: /home/athul/ros2_ws/install/rosapi_msgs/include/rosapi_msgs/srv/detail/delete_param__traits.hpp
[17.390s] -- Up-to-date symlink: /home/athul/ros2_ws/install/rosapi_msgs/include/rosapi_msgs/srv/detail/get_action_servers__builder.hpp
[17.391s] -- Up-to-date symlink: /home/athul/ros2_ws/install/rosapi_msgs/include/rosapi_msgs/srv/detail/get_action_servers__struct.hpp
[17.391s] -- Up-to-date symlink: /home/athul/ros2_ws/install/rosapi_msgs/include/rosapi_msgs/srv/detail/get_action_servers__traits.hpp
[17.391s] -- Up-to-date symlink: /home/athul/ros2_ws/install/rosapi_msgs/include/rosapi_msgs/srv/detail/get_param__builder.hpp
[17.391s] -- Up-to-date symlink: /home/athul/ros2_ws/install/rosapi_msgs/include/rosapi_msgs/srv/detail/get_param__struct.hpp
[17.391s] -- Up-to-date symlink: /home/athul/ros2_ws/install/rosapi_msgs/include/rosapi_msgs/srv/detail/get_param__traits.hpp
[17.392s] -- Up-to-date symlink: /home/athul/ros2_ws/install/rosapi_msgs/include/rosapi_msgs/srv/detail/get_param_names__builder.hpp
[17.392s] -- Up-to-date symlink: /home/athul/ros2_ws/install/rosapi_msgs/include/rosapi_msgs/srv/detail/get_param_names__struct.hpp
[17.398s] -- Up-to-date symlink: /home/athul/ros2_ws/install/rosapi_msgs/include/rosapi_msgs/srv/detail/get_param_names__traits.hpp
[17.399s] -- Up-to-date symlink: /home/athul/ros2_ws/install/rosapi_msgs/include/rosapi_msgs/srv/detail/get_ros_version__builder.hpp
[17.399s] -- Up-to-date symlink: /home/athul/ros2_ws/install/rosapi_msgs/include/rosapi_msgs/srv/detail/get_ros_version__struct.hpp
[17.399s] -- Up-to-date symlink: /home/athul/ros2_ws/install/rosapi_msgs/include/rosapi_msgs/srv/detail/get_ros_version__traits.hpp
[17.399s] -- Up-to-date symlink: /home/athul/ros2_ws/install/rosapi_msgs/include/rosapi_msgs/srv/detail/get_time__builder.hpp
[17.400s] -- Up-to-date symlink: /home/athul/ros2_ws/install/rosapi_msgs/include/rosapi_msgs/srv/detail/get_time__struct.hpp
[17.400s] -- Up-to-date symlink: /home/athul/ros2_ws/install/rosapi_msgs/include/rosapi_msgs/srv/detail/get_time__traits.hpp
[17.400s] -- Up-to-date symlink: /home/athul/ros2_ws/install/rosapi_msgs/include/rosapi_msgs/srv/detail/has_param__builder.hpp
[17.400s] -- Up-to-date symlink: /home/athul/ros2_ws/install/rosapi_msgs/include/rosapi_msgs/srv/detail/has_param__struct.hpp
[17.400s] -- Up-to-date symlink: /home/athul/ros2_ws/install/rosapi_msgs/include/rosapi_msgs/srv/detail/has_param__traits.hpp
[17.400s] -- Up-to-date symlink: /home/athul/ros2_ws/install/rosapi_msgs/include/rosapi_msgs/srv/detail/message_details__builder.hpp
[17.403s] -- Up-to-date symlink: /home/athul/ros2_ws/install/rosapi_msgs/include/rosapi_msgs/srv/detail/message_details__struct.hpp
[17.404s] -- Up-to-date symlink: /home/athul/ros2_ws/install/rosapi_msgs/include/rosapi_msgs/srv/detail/message_details__traits.hpp
[17.404s] -- Up-to-date symlink: /home/athul/ros2_ws/install/rosapi_msgs/include/rosapi_msgs/srv/detail/node_details__builder.hpp
[17.404s] -- Up-to-date symlink: /home/athul/ros2_ws/install/rosapi_msgs/include/rosapi_msgs/srv/detail/node_details__struct.hpp
[17.456s] -- Up-to-date symlink: /home/athul/ros2_ws/install/rosapi_msgs/include/rosapi_msgs/srv/detail/node_details__traits.hpp
[17.472s] -- Up-to-date symlink: /home/athul/ros2_ws/install/rosapi_msgs/include/rosapi_msgs/srv/detail/nodes__builder.hpp
[17.476s] -- Up-to-date symlink: /home/athul/ros2_ws/install/rosapi_msgs/include/rosapi_msgs/srv/detail/nodes__struct.hpp
[17.476s] -- Up-to-date symlink: /home/athul/ros2_ws/install/rosapi_msgs/include/rosapi_msgs/srv/detail/nodes__traits.hpp
[17.476s] -- Up-to-date symlink: /home/athul/ros2_ws/install/rosapi_msgs/include/rosapi_msgs/srv/detail/publishers__builder.hpp
[17.484s] -- Up-to-date symlink: /home/athul/ros2_ws/install/rosapi_msgs/include/rosapi_msgs/srv/detail/publishers__struct.hpp
[17.485s] -- Up-to-date symlink: /home/athul/ros2_ws/install/rosapi_msgs/include/rosapi_msgs/srv/detail/publishers__traits.hpp
[17.485s] -- Up-to-date symlink: /home/athul/ros2_ws/install/rosapi_msgs/include/rosapi_msgs/srv/detail/service_node__builder.hpp
[17.485s] -- Up-to-date symlink: /home/athul/ros2_ws/install/rosapi_msgs/include/rosapi_msgs/srv/detail/service_node__struct.hpp
[17.486s] -- Up-to-date symlink: /home/athul/ros2_ws/install/rosapi_msgs/include/rosapi_msgs/srv/detail/service_node__traits.hpp
[17.494s] -- Up-to-date symlink: /home/athul/ros2_ws/install/rosapi_msgs/include/rosapi_msgs/srv/detail/service_providers__builder.hpp
[17.494s] -- Up-to-date symlink: /home/athul/ros2_ws/install/rosapi_msgs/include/rosapi_msgs/srv/detail/service_providers__struct.hpp
[17.494s] -- Up-to-date symlink: /home/athul/ros2_ws/install/rosapi_msgs/include/rosapi_msgs/srv/detail/service_providers__traits.hpp
[17.495s] -- Up-to-date symlink: /home/athul/ros2_ws/install/rosapi_msgs/include/rosapi_msgs/srv/detail/service_request_details__builder.hpp
[17.495s] -- Up-to-date symlink: /home/athul/ros2_ws/install/rosapi_msgs/include/rosapi_msgs/srv/detail/service_request_details__struct.hpp
[17.495s] -- Up-to-date symlink: /home/athul/ros2_ws/install/rosapi_msgs/include/rosapi_msgs/srv/detail/service_request_details__traits.hpp
[17.495s] -- Up-to-date symlink: /home/athul/ros2_ws/install/rosapi_msgs/include/rosapi_msgs/srv/detail/service_response_details__builder.hpp
[17.496s] -- Up-to-date symlink: /home/athul/ros2_ws/install/rosapi_msgs/include/rosapi_msgs/srv/detail/service_response_details__struct.hpp
[17.496s] -- Up-to-date symlink: /home/athul/ros2_ws/install/rosapi_msgs/include/rosapi_msgs/srv/detail/service_response_details__traits.hpp
[17.496s] -- Up-to-date symlink: /home/athul/ros2_ws/install/rosapi_msgs/include/rosapi_msgs/srv/detail/service_type__builder.hpp
[17.496s] -- Up-to-date symlink: /home/athul/ros2_ws/install/rosapi_msgs/include/rosapi_msgs/srv/detail/service_type__struct.hpp
[17.497s] -- Up-to-date symlink: /home/athul/ros2_ws/install/rosapi_msgs/include/rosapi_msgs/srv/detail/service_type__traits.hpp
[17.497s] -- Up-to-date symlink: /home/athul/ros2_ws/install/rosapi_msgs/include/rosapi_msgs/srv/detail/services__builder.hpp
[17.497s] -- Up-to-date symlink: /home/athul/ros2_ws/install/rosapi_msgs/include/rosapi_msgs/srv/detail/services__struct.hpp
[17.498s] -- Up-to-date symlink: /home/athul/ros2_ws/install/rosapi_msgs/include/rosapi_msgs/srv/detail/services__traits.hpp
[17.498s] -- Up-to-date symlink: /home/athul/ros2_ws/install/rosapi_msgs/include/rosapi_msgs/srv/detail/services_for_type__builder.hpp
[17.498s] -- Up-to-date symlink: /home/athul/ros2_ws/install/rosapi_msgs/include/rosapi_msgs/srv/detail/services_for_type__struct.hpp
[17.499s] -- Up-to-date symlink: /home/athul/ros2_ws/install/rosapi_msgs/include/rosapi_msgs/srv/detail/services_for_type__traits.hpp
[17.499s] -- Up-to-date symlink: /home/athul/ros2_ws/install/rosapi_msgs/include/rosapi_msgs/srv/detail/set_param__builder.hpp
[17.499s] -- Up-to-date symlink: /home/athul/ros2_ws/install/rosapi_msgs/include/rosapi_msgs/srv/detail/set_param__struct.hpp
[17.499s] -- Up-to-date symlink: /home/athul/ros2_ws/install/rosapi_msgs/include/rosapi_msgs/srv/detail/set_param__traits.hpp
[17.500s] -- Up-to-date symlink: /home/athul/ros2_ws/install/rosapi_msgs/include/rosapi_msgs/srv/detail/subscribers__builder.hpp
[17.500s] -- Up-to-date symlink: /home/athul/ros2_ws/install/rosapi_msgs/include/rosapi_msgs/srv/detail/subscribers__struct.hpp
[17.512s] -- Up-to-date symlink: /home/athul/ros2_ws/install/rosapi_msgs/include/rosapi_msgs/srv/detail/subscribers__traits.hpp
[17.527s] -- Up-to-date symlink: /home/athul/ros2_ws/install/rosapi_msgs/include/rosapi_msgs/srv/detail/topic_type__builder.hpp
[17.540s] -- Up-to-date symlink: /home/athul/ros2_ws/install/rosapi_msgs/include/rosapi_msgs/srv/detail/topic_type__struct.hpp
[17.541s] -- Up-to-date symlink: /home/athul/ros2_ws/install/rosapi_msgs/include/rosapi_msgs/srv/detail/topic_type__traits.hpp
[17.541s] -- Up-to-date symlink: /home/athul/ros2_ws/install/rosapi_msgs/include/rosapi_msgs/srv/detail/topics__builder.hpp
[17.541s] -- Up-to-date symlink: /home/athul/ros2_ws/install/rosapi_msgs/include/rosapi_msgs/srv/detail/topics__struct.hpp
[17.542s] -- Up-to-date symlink: /home/athul/ros2_ws/install/rosapi_msgs/include/rosapi_msgs/srv/detail/topics__traits.hpp
[17.548s] -- Up-to-date symlink: /home/athul/ros2_ws/install/rosapi_msgs/include/rosapi_msgs/srv/detail/topics_and_raw_types__builder.hpp
[17.564s] -- Up-to-date symlink: /home/athul/ros2_ws/install/rosapi_msgs/include/rosapi_msgs/srv/detail/topics_and_raw_types__struct.hpp
[17.565s] -- Up-to-date symlink: /home/athul/ros2_ws/install/rosapi_msgs/include/rosapi_msgs/srv/detail/topics_and_raw_types__traits.hpp
[17.566s] -- Up-to-date symlink: /home/athul/ros2_ws/install/rosapi_msgs/include/rosapi_msgs/srv/detail/topics_for_type__builder.hpp
[17.566s] -- Up-to-date symlink: /home/athul/ros2_ws/install/rosapi_msgs/include/rosapi_msgs/srv/detail/topics_for_type__struct.hpp
[17.567s] -- Up-to-date symlink: /home/athul/ros2_ws/install/rosapi_msgs/include/rosapi_msgs/srv/detail/topics_for_type__traits.hpp
[17.568s] -- Up-to-date symlink: /home/athul/ros2_ws/install/rosapi_msgs/include/rosapi_msgs/srv/get_action_servers.hpp
[17.582s] -- Up-to-date symlink: /home/athul/ros2_ws/install/rosapi_msgs/include/rosapi_msgs/srv/get_param.hpp
[17.582s] -- Up-to-date symlink: /home/athul/ros2_ws/install/rosapi_msgs/include/rosapi_msgs/srv/get_param_names.hpp
[17.582s] -- Up-to-date symlink: /home/athul/ros2_ws/install/rosapi_msgs/include/rosapi_msgs/srv/get_ros_version.hpp
[17.582s] -- Up-to-date symlink: /home/athul/ros2_ws/install/rosapi_msgs/include/rosapi_msgs/srv/get_time.hpp
[17.583s] -- Up-to-date symlink: /home/athul/ros2_ws/install/rosapi_msgs/include/rosapi_msgs/srv/has_param.hpp
[17.584s] -- Up-to-date symlink: /home/athul/ros2_ws/install/rosapi_msgs/include/rosapi_msgs/srv/message_details.hpp
[17.584s] -- Up-to-date symlink: /home/athul/ros2_ws/install/rosapi_msgs/include/rosapi_msgs/srv/node_details.hpp
[17.588s] -- Up-to-date symlink: /home/athul/ros2_ws/install/rosapi_msgs/include/rosapi_msgs/srv/nodes.hpp
[17.600s] -- Up-to-date symlink: /home/athul/ros2_ws/install/rosapi_msgs/include/rosapi_msgs/srv/publishers.hpp
[17.616s] -- Up-to-date symlink: /home/athul/ros2_ws/install/rosapi_msgs/include/rosapi_msgs/srv/service_node.hpp
[17.619s] -- Up-to-date symlink: /home/athul/ros2_ws/install/rosapi_msgs/include/rosapi_msgs/srv/service_providers.hpp
[17.626s] -- Up-to-date symlink: /home/athul/ros2_ws/install/rosapi_msgs/include/rosapi_msgs/srv/service_request_details.hpp
[17.626s] -- Up-to-date symlink: /home/athul/ros2_ws/install/rosapi_msgs/include/rosapi_msgs/srv/service_response_details.hpp
[17.627s] -- Up-to-date symlink: /home/athul/ros2_ws/install/rosapi_msgs/include/rosapi_msgs/srv/service_type.hpp
[17.627s] -- Up-to-date symlink: /home/athul/ros2_ws/install/rosapi_msgs/include/rosapi_msgs/srv/services.hpp
[17.627s] -- Up-to-date symlink: /home/athul/ros2_ws/install/rosapi_msgs/include/rosapi_msgs/srv/services_for_type.hpp
[17.627s] -- Up-to-date symlink: /home/athul/ros2_ws/install/rosapi_msgs/include/rosapi_msgs/srv/set_param.hpp
[17.627s] -- Up-to-date symlink: /home/athul/ros2_ws/install/rosapi_msgs/include/rosapi_msgs/srv/subscribers.hpp
[17.628s] -- Up-to-date symlink: /home/athul/ros2_ws/install/rosapi_msgs/include/rosapi_msgs/srv/topic_type.hpp
[17.630s] -- Up-to-date symlink: /home/athul/ros2_ws/install/rosapi_msgs/include/rosapi_msgs/srv/topics.hpp
[17.646s] -- Up-to-date symlink: /home/athul/ros2_ws/install/rosapi_msgs/include/rosapi_msgs/srv/topics_and_raw_types.hpp
[17.648s] -- Up-to-date symlink: /home/athul/ros2_ws/install/rosapi_msgs/include/rosapi_msgs/srv/topics_for_type.hpp
[17.671s] -- Up-to-date symlink: /home/athul/ros2_ws/install/rosapi_msgs/include/rosapi_msgs/msg/detail/type_def__rosidl_typesupport_introspection_cpp.hpp
[17.672s] -- Up-to-date symlink: /home/athul/ros2_ws/install/rosapi_msgs/include/rosapi_msgs/srv/detail/delete_param__rosidl_typesupport_introspection_cpp.hpp
[17.672s] -- Up-to-date symlink: /home/athul/ros2_ws/install/rosapi_msgs/include/rosapi_msgs/srv/detail/get_action_servers__rosidl_typesupport_introspection_cpp.hpp
[17.672s] -- Up-to-date symlink: /home/athul/ros2_ws/install/rosapi_msgs/include/rosapi_msgs/srv/detail/get_param__rosidl_typesupport_introspection_cpp.hpp
[17.672s] -- Up-to-date symlink: /home/athul/ros2_ws/install/rosapi_msgs/include/rosapi_msgs/srv/detail/get_param_names__rosidl_typesupport_introspection_cpp.hpp
[17.684s] -- Up-to-date symlink: /home/athul/ros2_ws/install/rosapi_msgs/include/rosapi_msgs/srv/detail/get_ros_version__rosidl_typesupport_introspection_cpp.hpp
[17.708s] -- Up-to-date symlink: /home/athul/ros2_ws/install/rosapi_msgs/include/rosapi_msgs/srv/detail/get_time__rosidl_typesupport_introspection_cpp.hpp
[17.709s] -- Up-to-date symlink: /home/athul/ros2_ws/install/rosapi_msgs/include/rosapi_msgs/srv/detail/has_param__rosidl_typesupport_introspection_cpp.hpp
[17.709s] -- Up-to-date symlink: /home/athul/ros2_ws/install/rosapi_msgs/include/rosapi_msgs/srv/detail/message_details__rosidl_typesupport_introspection_cpp.hpp
[17.709s] -- Up-to-date symlink: /home/athul/ros2_ws/install/rosapi_msgs/include/rosapi_msgs/srv/detail/node_details__rosidl_typesupport_introspection_cpp.hpp
[17.709s] -- Up-to-date symlink: /home/athul/ros2_ws/install/rosapi_msgs/include/rosapi_msgs/srv/detail/nodes__rosidl_typesupport_introspection_cpp.hpp
[17.709s] -- Up-to-date symlink: /home/athul/ros2_ws/install/rosapi_msgs/include/rosapi_msgs/srv/detail/publishers__rosidl_typesupport_introspection_cpp.hpp
[17.709s] -- Up-to-date symlink: /home/athul/ros2_ws/install/rosapi_msgs/include/rosapi_msgs/srv/detail/service_node__rosidl_typesupport_introspection_cpp.hpp
[17.710s] -- Up-to-date symlink: /home/athul/ros2_ws/install/rosapi_msgs/include/rosapi_msgs/srv/detail/service_providers__rosidl_typesupport_introspection_cpp.hpp
[17.710s] -- Up-to-date symlink: /home/athul/ros2_ws/install/rosapi_msgs/include/rosapi_msgs/srv/detail/service_request_details__rosidl_typesupport_introspection_cpp.hpp
[17.722s] -- Up-to-date symlink: /home/athul/ros2_ws/install/rosapi_msgs/include/rosapi_msgs/srv/detail/service_response_details__rosidl_typesupport_introspection_cpp.hpp
[17.723s] -- Up-to-date symlink: /home/athul/ros2_ws/install/rosapi_msgs/include/rosapi_msgs/srv/detail/service_type__rosidl_typesupport_introspection_cpp.hpp
[17.753s] -- Up-to-date symlink: /home/athul/ros2_ws/install/rosapi_msgs/include/rosapi_msgs/srv/detail/services__rosidl_typesupport_introspection_cpp.hpp
[17.754s] -- Up-to-date symlink: /home/athul/ros2_ws/install/rosapi_msgs/include/rosapi_msgs/srv/detail/services_for_type__rosidl_typesupport_introspection_cpp.hpp
[17.756s] -- Up-to-date symlink: /home/athul/ros2_ws/install/rosapi_msgs/include/rosapi_msgs/srv/detail/set_param__rosidl_typesupport_introspection_cpp.hpp
[17.756s] -- Up-to-date symlink: /home/athul/ros2_ws/install/rosapi_msgs/include/rosapi_msgs/srv/detail/subscribers__rosidl_typesupport_introspection_cpp.hpp
[17.756s] -- Up-to-date symlink: /home/athul/ros2_ws/install/rosapi_msgs/include/rosapi_msgs/srv/detail/topic_type__rosidl_typesupport_introspection_cpp.hpp
[17.756s] -- Up-to-date symlink: /home/athul/ros2_ws/install/rosapi_msgs/include/rosapi_msgs/srv/detail/topics__rosidl_typesupport_introspection_cpp.hpp
[17.757s] -- Up-to-date symlink: /home/athul/ros2_ws/install/rosapi_msgs/include/rosapi_msgs/srv/detail/topics_and_raw_types__rosidl_typesupport_introspection_cpp.hpp
[17.757s] -- Up-to-date symlink: /home/athul/ros2_ws/install/rosapi_msgs/include/rosapi_msgs/srv/detail/topics_for_type__rosidl_typesupport_introspection_cpp.hpp
[17.758s] -- Up-to-date symlink: /home/athul/ros2_ws/install/rosapi_msgs/share/rosapi_msgs/environment/pythonpath.sh
[17.758s] -- Up-to-date symlink: /home/athul/ros2_ws/install/rosapi_msgs/share/rosapi_msgs/environment/pythonpath.dsv
[17.763s] -- Up-to-date symlink: /home/athul/ros2_ws/install/rosapi_msgs/lib/python3.8/site-packages/rosapi_msgs/__init__.py
[17.793s] -- Up-to-date symlink: /home/athul/ros2_ws/install/rosapi_msgs/lib/python3.8/site-packages/rosapi_msgs/msg/__init__.py
[17.796s] -- Up-to-date symlink: /home/athul/ros2_ws/install/rosapi_msgs/lib/python3.8/site-packages/rosapi_msgs/msg/_type_def.py
[17.825s] -- Up-to-date symlink: /home/athul/ros2_ws/install/rosapi_msgs/lib/python3.8/site-packages/rosapi_msgs/srv/__init__.py
[17.827s] -- Up-to-date symlink: /home/athul/ros2_ws/install/rosapi_msgs/lib/python3.8/site-packages/rosapi_msgs/srv/_delete_param.py
[17.827s] -- Up-to-date symlink: /home/athul/ros2_ws/install/rosapi_msgs/lib/python3.8/site-packages/rosapi_msgs/srv/_get_action_servers.py
[17.827s] -- Up-to-date symlink: /home/athul/ros2_ws/install/rosapi_msgs/lib/python3.8/site-packages/rosapi_msgs/srv/_get_param.py
[17.828s] -- Up-to-date symlink: /home/athul/ros2_ws/install/rosapi_msgs/lib/python3.8/site-packages/rosapi_msgs/srv/_get_param_names.py
[17.828s] -- Up-to-date symlink: /home/athul/ros2_ws/install/rosapi_msgs/lib/python3.8/site-packages/rosapi_msgs/srv/_get_ros_version.py
[17.829s] -- Up-to-date symlink: /home/athul/ros2_ws/install/rosapi_msgs/lib/python3.8/site-packages/rosapi_msgs/srv/_get_time.py
[17.829s] -- Up-to-date symlink: /home/athul/ros2_ws/install/rosapi_msgs/lib/python3.8/site-packages/rosapi_msgs/srv/_has_param.py
[17.829s] -- Up-to-date symlink: /home/athul/ros2_ws/install/rosapi_msgs/lib/python3.8/site-packages/rosapi_msgs/srv/_message_details.py
[17.830s] -- Up-to-date symlink: /home/athul/ros2_ws/install/rosapi_msgs/lib/python3.8/site-packages/rosapi_msgs/srv/_node_details.py
[17.831s] -- Up-to-date symlink: /home/athul/ros2_ws/install/rosapi_msgs/lib/python3.8/site-packages/rosapi_msgs/srv/_nodes.py
[17.833s] -- Up-to-date symlink: /home/athul/ros2_ws/install/rosapi_msgs/lib/python3.8/site-packages/rosapi_msgs/srv/_publishers.py
[17.834s] -- Up-to-date symlink: /home/athul/ros2_ws/install/rosapi_msgs/lib/python3.8/site-packages/rosapi_msgs/srv/_service_node.py
[17.838s] -- Up-to-date symlink: /home/athul/ros2_ws/install/rosapi_msgs/lib/python3.8/site-packages/rosapi_msgs/srv/_service_providers.py
[17.839s] -- Up-to-date symlink: /home/athul/ros2_ws/install/rosapi_msgs/lib/python3.8/site-packages/rosapi_msgs/srv/_service_request_details.py
[17.839s] -- Up-to-date symlink: /home/athul/ros2_ws/install/rosapi_msgs/lib/python3.8/site-packages/rosapi_msgs/srv/_service_response_details.py
[17.842s] -- Up-to-date symlink: /home/athul/ros2_ws/install/rosapi_msgs/lib/python3.8/site-packages/rosapi_msgs/srv/_service_type.py
[17.842s] -- Up-to-date symlink: /home/athul/ros2_ws/install/rosapi_msgs/lib/python3.8/site-packages/rosapi_msgs/srv/_services.py
[17.844s] -- Up-to-date symlink: /home/athul/ros2_ws/install/rosapi_msgs/lib/python3.8/site-packages/rosapi_msgs/srv/_services_for_type.py
[17.844s] -- Up-to-date symlink: /home/athul/ros2_ws/install/rosapi_msgs/lib/python3.8/site-packages/rosapi_msgs/srv/_set_param.py
[17.845s] -- Up-to-date symlink: /home/athul/ros2_ws/install/rosapi_msgs/lib/python3.8/site-packages/rosapi_msgs/srv/_subscribers.py
[17.846s] -- Up-to-date symlink: /home/athul/ros2_ws/install/rosapi_msgs/lib/python3.8/site-packages/rosapi_msgs/srv/_topic_type.py
[17.846s] -- Up-to-date symlink: /home/athul/ros2_ws/install/rosapi_msgs/lib/python3.8/site-packages/rosapi_msgs/srv/_topics.py
[17.847s] -- Up-to-date symlink: /home/athul/ros2_ws/install/rosapi_msgs/lib/python3.8/site-packages/rosapi_msgs/srv/_topics_and_raw_types.py
[17.851s] -- Up-to-date symlink: /home/athul/ros2_ws/install/rosapi_msgs/lib/python3.8/site-packages/rosapi_msgs/srv/_topics_for_type.py
[17.851s] -- Up-to-date symlink: /home/athul/ros2_ws/install/rosapi_msgs/lib/python3.8/site-packages/rosapi_msgs/rosapi_msgs_s__rosidl_typesupport_fastrtps_c.cpython-38-x86_64-linux-gnu.so
[17.852s] -- Up-to-date symlink: /home/athul/ros2_ws/install/rosapi_msgs/lib/python3.8/site-packages/rosapi_msgs/rosapi_msgs_s__rosidl_typesupport_introspection_c.cpython-38-x86_64-linux-gnu.so
[17.857s] -- Up-to-date symlink: /home/athul/ros2_ws/install/rosapi_msgs/lib/python3.8/site-packages/rosapi_msgs/rosapi_msgs_s__rosidl_typesupport_c.cpython-38-x86_64-linux-gnu.so
[17.858s] -- Up-to-date symlink: /home/athul/ros2_ws/install/rosapi_msgs/lib/librosapi_msgs__python.so
[17.858s] -- Up-to-date symlink: /home/athul/ros2_ws/install/rosapi_msgs/share/rosapi_msgs/msg/TypeDef.idl
[17.859s] -- Up-to-date symlink: /home/athul/ros2_ws/install/rosapi_msgs/share/rosapi_msgs/srv/DeleteParam.idl
[17.860s] -- Up-to-date symlink: /home/athul/ros2_ws/install/rosapi_msgs/share/rosapi_msgs/srv/GetActionServers.idl
[17.861s] -- Up-to-date symlink: /home/athul/ros2_ws/install/rosapi_msgs/share/rosapi_msgs/srv/GetParam.idl
[17.862s] -- Up-to-date symlink: /home/athul/ros2_ws/install/rosapi_msgs/share/rosapi_msgs/srv/GetParamNames.idl
[17.874s] -- Up-to-date symlink: /home/athul/ros2_ws/install/rosapi_msgs/share/rosapi_msgs/srv/GetROSVersion.idl
[17.891s] -- Up-to-date symlink: /home/athul/ros2_ws/install/rosapi_msgs/share/rosapi_msgs/srv/GetTime.idl
[17.891s] -- Up-to-date symlink: /home/athul/ros2_ws/install/rosapi_msgs/share/rosapi_msgs/srv/HasParam.idl
[17.891s] -- Up-to-date symlink: /home/athul/ros2_ws/install/rosapi_msgs/share/rosapi_msgs/srv/MessageDetails.idl
[17.892s] -- Up-to-date symlink: /home/athul/ros2_ws/install/rosapi_msgs/share/rosapi_msgs/srv/Nodes.idl
[17.892s] -- Up-to-date symlink: /home/athul/ros2_ws/install/rosapi_msgs/share/rosapi_msgs/srv/NodeDetails.idl
[17.892s] -- Up-to-date symlink: /home/athul/ros2_ws/install/rosapi_msgs/share/rosapi_msgs/srv/Publishers.idl
[17.892s] -- Up-to-date symlink: /home/athul/ros2_ws/install/rosapi_msgs/share/rosapi_msgs/srv/ServiceNode.idl
[17.912s] -- Up-to-date symlink: /home/athul/ros2_ws/install/rosapi_msgs/share/rosapi_msgs/srv/ServiceProviders.idl
[17.914s] -- Up-to-date symlink: /home/athul/ros2_ws/install/rosapi_msgs/share/rosapi_msgs/srv/ServiceRequestDetails.idl
[17.931s] -- Up-to-date symlink: /home/athul/ros2_ws/install/rosapi_msgs/share/rosapi_msgs/srv/ServiceResponseDetails.idl
[17.934s] -- Up-to-date symlink: /home/athul/ros2_ws/install/rosapi_msgs/share/rosapi_msgs/srv/Services.idl
[17.934s] -- Up-to-date symlink: /home/athul/ros2_ws/install/rosapi_msgs/share/rosapi_msgs/srv/ServicesForType.idl
[17.934s] -- Up-to-date symlink: /home/athul/ros2_ws/install/rosapi_msgs/share/rosapi_msgs/srv/ServiceType.idl
[17.934s] -- Up-to-date symlink: /home/athul/ros2_ws/install/rosapi_msgs/share/rosapi_msgs/srv/SetParam.idl
[17.935s] -- Up-to-date symlink: /home/athul/ros2_ws/install/rosapi_msgs/share/rosapi_msgs/srv/Subscribers.idl
[17.935s] -- Up-to-date symlink: /home/athul/ros2_ws/install/rosapi_msgs/share/rosapi_msgs/srv/Topics.idl
[17.935s] -- Up-to-date symlink: /home/athul/ros2_ws/install/rosapi_msgs/share/rosapi_msgs/srv/TopicsAndRawTypes.idl
[17.936s] -- Up-to-date symlink: /home/athul/ros2_ws/install/rosapi_msgs/share/rosapi_msgs/srv/TopicsForType.idl
[17.936s] -- Up-to-date symlink: /home/athul/ros2_ws/install/rosapi_msgs/share/rosapi_msgs/srv/TopicType.idl
[17.936s] -- Up-to-date symlink: /home/athul/ros2_ws/install/rosapi_msgs/share/rosapi_msgs/msg/TypeDef.msg
[17.936s] -- Up-to-date symlink: /home/athul/ros2_ws/install/rosapi_msgs/share/rosapi_msgs/srv/DeleteParam.srv
[17.936s] -- Up-to-date symlink: /home/athul/ros2_ws/install/rosapi_msgs/share/rosapi_msgs/srv/DeleteParam_Request.msg
[17.936s] -- Up-to-date symlink: /home/athul/ros2_ws/install/rosapi_msgs/share/rosapi_msgs/srv/DeleteParam_Response.msg
[17.978s] -- Up-to-date symlink: /home/athul/ros2_ws/install/rosapi_msgs/share/rosapi_msgs/srv/GetActionServers.srv
[17.978s] -- Up-to-date symlink: /home/athul/ros2_ws/install/rosapi_msgs/share/rosapi_msgs/srv/GetActionServers_Request.msg
[17.978s] -- Up-to-date symlink: /home/athul/ros2_ws/install/rosapi_msgs/share/rosapi_msgs/srv/GetActionServers_Response.msg
[17.978s] -- Up-to-date symlink: /home/athul/ros2_ws/install/rosapi_msgs/share/rosapi_msgs/srv/GetParam.srv
[17.978s] -- Up-to-date symlink: /home/athul/ros2_ws/install/rosapi_msgs/share/rosapi_msgs/srv/GetParam_Request.msg
[17.979s] -- Up-to-date symlink: /home/athul/ros2_ws/install/rosapi_msgs/share/rosapi_msgs/srv/GetParam_Response.msg
[17.979s] -- Up-to-date symlink: /home/athul/ros2_ws/install/rosapi_msgs/share/rosapi_msgs/srv/GetParamNames.srv
[17.980s] -- Up-to-date symlink: /home/athul/ros2_ws/install/rosapi_msgs/share/rosapi_msgs/srv/GetParamNames_Request.msg
[17.980s] -- Up-to-date symlink: /home/athul/ros2_ws/install/rosapi_msgs/share/rosapi_msgs/srv/GetParamNames_Response.msg
[17.980s] -- Up-to-date symlink: /home/athul/ros2_ws/install/rosapi_msgs/share/rosapi_msgs/srv/GetROSVersion.srv
[17.980s] -- Up-to-date symlink: /home/athul/ros2_ws/install/rosapi_msgs/share/rosapi_msgs/srv/GetROSVersion_Request.msg
[17.994s] -- Up-to-date symlink: /home/athul/ros2_ws/install/rosapi_msgs/share/rosapi_msgs/srv/GetROSVersion_Response.msg
[18.028s] -- Up-to-date symlink: /home/athul/ros2_ws/install/rosapi_msgs/share/rosapi_msgs/srv/GetTime.srv
[18.048s] -- Up-to-date symlink: /home/athul/ros2_ws/install/rosapi_msgs/share/rosapi_msgs/srv/GetTime_Request.msg
[18.048s] -- Up-to-date symlink: /home/athul/ros2_ws/install/rosapi_msgs/share/rosapi_msgs/srv/GetTime_Response.msg
[18.049s] -- Up-to-date symlink: /home/athul/ros2_ws/install/rosapi_msgs/share/rosapi_msgs/srv/HasParam.srv
[18.049s] -- Up-to-date symlink: /home/athul/ros2_ws/install/rosapi_msgs/share/rosapi_msgs/srv/HasParam_Request.msg
[18.049s] -- Up-to-date symlink: /home/athul/ros2_ws/install/rosapi_msgs/share/rosapi_msgs/srv/HasParam_Response.msg
[18.050s] -- Up-to-date symlink: /home/athul/ros2_ws/install/rosapi_msgs/share/rosapi_msgs/srv/MessageDetails.srv
[18.050s] -- Up-to-date symlink: /home/athul/ros2_ws/install/rosapi_msgs/share/rosapi_msgs/srv/MessageDetails_Request.msg
[18.051s] -- Up-to-date symlink: /home/athul/ros2_ws/install/rosapi_msgs/share/rosapi_msgs/srv/MessageDetails_Response.msg
[18.052s] -- Up-to-date symlink: /home/athul/ros2_ws/install/rosapi_msgs/share/rosapi_msgs/srv/Nodes.srv
[18.058s] -- Up-to-date symlink: /home/athul/ros2_ws/install/rosapi_msgs/share/rosapi_msgs/srv/Nodes_Request.msg
[18.058s] -- Up-to-date symlink: /home/athul/ros2_ws/install/rosapi_msgs/share/rosapi_msgs/srv/Nodes_Response.msg
[18.064s] -- Up-to-date symlink: /home/athul/ros2_ws/install/rosapi_msgs/share/rosapi_msgs/srv/NodeDetails.srv
[18.086s] -- Up-to-date symlink: /home/athul/ros2_ws/install/rosapi_msgs/share/rosapi_msgs/srv/NodeDetails_Request.msg
[18.086s] -- Up-to-date symlink: /home/athul/ros2_ws/install/rosapi_msgs/share/rosapi_msgs/srv/NodeDetails_Response.msg
[18.087s] -- Up-to-date symlink: /home/athul/ros2_ws/install/rosapi_msgs/share/rosapi_msgs/srv/Publishers.srv
[18.087s] -- Up-to-date symlink: /home/athul/ros2_ws/install/rosapi_msgs/share/rosapi_msgs/srv/Publishers_Request.msg
[18.088s] -- Up-to-date symlink: /home/athul/ros2_ws/install/rosapi_msgs/share/rosapi_msgs/srv/Publishers_Response.msg
[18.088s] -- Up-to-date symlink: /home/athul/ros2_ws/install/rosapi_msgs/share/rosapi_msgs/srv/ServiceNode.srv
[18.090s] -- Up-to-date symlink: /home/athul/ros2_ws/install/rosapi_msgs/share/rosapi_msgs/srv/ServiceNode_Request.msg
[18.090s] -- Up-to-date symlink: /home/athul/ros2_ws/install/rosapi_msgs/share/rosapi_msgs/srv/ServiceNode_Response.msg
[18.092s] -- Up-to-date symlink: /home/athul/ros2_ws/install/rosapi_msgs/share/rosapi_msgs/srv/ServiceProviders.srv
[18.093s] -- Up-to-date symlink: /home/athul/ros2_ws/install/rosapi_msgs/share/rosapi_msgs/srv/ServiceProviders_Request.msg
[18.096s] -- Up-to-date symlink: /home/athul/ros2_ws/install/rosapi_msgs/share/rosapi_msgs/srv/ServiceProviders_Response.msg
[18.096s] -- Up-to-date symlink: /home/athul/ros2_ws/install/rosapi_msgs/share/rosapi_msgs/srv/ServiceRequestDetails.srv
[18.097s] -- Up-to-date symlink: /home/athul/ros2_ws/install/rosapi_msgs/share/rosapi_msgs/srv/ServiceRequestDetails_Request.msg
[18.097s] -- Up-to-date symlink: /home/athul/ros2_ws/install/rosapi_msgs/share/rosapi_msgs/srv/ServiceRequestDetails_Response.msg
[18.097s] -- Up-to-date symlink: /home/athul/ros2_ws/install/rosapi_msgs/share/rosapi_msgs/srv/ServiceResponseDetails.srv
[18.097s] -- Up-to-date symlink: /home/athul/ros2_ws/install/rosapi_msgs/share/rosapi_msgs/srv/ServiceResponseDetails_Request.msg
[18.097s] -- Up-to-date symlink: /home/athul/ros2_ws/install/rosapi_msgs/share/rosapi_msgs/srv/ServiceResponseDetails_Response.msg
[18.098s] -- Up-to-date symlink: /home/athul/ros2_ws/install/rosapi_msgs/share/rosapi_msgs/srv/Services.srv
[18.098s] -- Up-to-date symlink: /home/athul/ros2_ws/install/rosapi_msgs/share/rosapi_msgs/srv/Services_Request.msg
[18.098s] -- Up-to-date symlink: /home/athul/ros2_ws/install/rosapi_msgs/share/rosapi_msgs/srv/Services_Response.msg
[18.098s] -- Up-to-date symlink: /home/athul/ros2_ws/install/rosapi_msgs/share/rosapi_msgs/srv/ServicesForType.srv
[18.098s] -- Up-to-date symlink: /home/athul/ros2_ws/install/rosapi_msgs/share/rosapi_msgs/srv/ServicesForType_Request.msg
[18.099s] -- Up-to-date symlink: /home/athul/ros2_ws/install/rosapi_msgs/share/rosapi_msgs/srv/ServicesForType_Response.msg
[18.099s] -- Up-to-date symlink: /home/athul/ros2_ws/install/rosapi_msgs/share/rosapi_msgs/srv/ServiceType.srv
[18.114s] -- Up-to-date symlink: /home/athul/ros2_ws/install/rosapi_msgs/share/rosapi_msgs/srv/ServiceType_Request.msg
[18.129s] -- Up-to-date symlink: /home/athul/ros2_ws/install/rosapi_msgs/share/rosapi_msgs/srv/ServiceType_Response.msg
[18.130s] -- Up-to-date symlink: /home/athul/ros2_ws/install/rosapi_msgs/share/rosapi_msgs/srv/SetParam.srv
[18.134s] -- Up-to-date symlink: /home/athul/ros2_ws/install/rosapi_msgs/share/rosapi_msgs/srv/SetParam_Request.msg
[18.146s] -- Up-to-date symlink: /home/athul/ros2_ws/install/rosapi_msgs/share/rosapi_msgs/srv/SetParam_Response.msg
[18.169s] -- Up-to-date symlink: /home/athul/ros2_ws/install/rosapi_msgs/share/rosapi_msgs/srv/Subscribers.srv
[18.176s] -- Up-to-date symlink: /home/athul/ros2_ws/install/rosapi_msgs/share/rosapi_msgs/srv/Subscribers_Request.msg
[18.179s] -- Up-to-date symlink: /home/athul/ros2_ws/install/rosapi_msgs/share/rosapi_msgs/srv/Subscribers_Response.msg
[18.179s] -- Up-to-date symlink: /home/athul/ros2_ws/install/rosapi_msgs/share/rosapi_msgs/srv/Topics.srv
[18.180s] -- Up-to-date symlink: /home/athul/ros2_ws/install/rosapi_msgs/share/rosapi_msgs/srv/Topics_Request.msg
[18.189s] -- Up-to-date symlink: /home/athul/ros2_ws/install/rosapi_msgs/share/rosapi_msgs/srv/Topics_Response.msg
[18.213s] -- Up-to-date symlink: /home/athul/ros2_ws/install/rosapi_msgs/share/rosapi_msgs/srv/TopicsAndRawTypes.srv
[18.214s] -- Up-to-date symlink: /home/athul/ros2_ws/install/rosapi_msgs/share/rosapi_msgs/srv/TopicsAndRawTypes_Request.msg
[18.214s] -- Up-to-date symlink: /home/athul/ros2_ws/install/rosapi_msgs/share/rosapi_msgs/srv/TopicsAndRawTypes_Response.msg
[18.218s] -- Up-to-date symlink: /home/athul/ros2_ws/install/rosapi_msgs/share/rosapi_msgs/srv/TopicsForType.srv
[18.220s] -- Up-to-date symlink: /home/athul/ros2_ws/install/rosapi_msgs/share/rosapi_msgs/srv/TopicsForType_Request.msg
[18.222s] -- Up-to-date symlink: /home/athul/ros2_ws/install/rosapi_msgs/share/rosapi_msgs/srv/TopicsForType_Response.msg
[18.224s] -- Up-to-date symlink: /home/athul/ros2_ws/install/rosapi_msgs/share/rosapi_msgs/srv/TopicType.srv
[18.255s] -- Up-to-date symlink: /home/athul/ros2_ws/install/rosapi_msgs/share/rosapi_msgs/srv/TopicType_Request.msg
[18.263s] -- Up-to-date symlink: /home/athul/ros2_ws/install/rosapi_msgs/share/rosapi_msgs/srv/TopicType_Response.msg
[18.263s] -- Up-to-date symlink: /home/athul/ros2_ws/install/rosapi_msgs/share/ament_index/resource_index/package_run_dependencies/rosapi_msgs
[18.263s] -- Up-to-date symlink: /home/athul/ros2_ws/install/rosapi_msgs/share/ament_index/resource_index/parent_prefix_path/rosapi_msgs
[18.263s] -- Up-to-date symlink: /home/athul/ros2_ws/install/rosapi_msgs/share/rosapi_msgs/environment/ament_prefix_path.sh
[18.264s] -- Up-to-date symlink: /home/athul/ros2_ws/install/rosapi_msgs/share/rosapi_msgs/environment/ament_prefix_path.dsv
[18.266s] -- Up-to-date symlink: /home/athul/ros2_ws/install/rosapi_msgs/share/rosapi_msgs/environment/path.sh
[18.279s] -- Up-to-date symlink: /home/athul/ros2_ws/install/rosapi_msgs/share/rosapi_msgs/environment/path.dsv
[18.285s] -- Up-to-date symlink: /home/athul/ros2_ws/install/rosapi_msgs/share/rosapi_msgs/local_setup.bash
[18.299s] -- Up-to-date symlink: /home/athul/ros2_ws/install/rosapi_msgs/share/rosapi_msgs/local_setup.sh
[18.303s] -- Up-to-date symlink: /home/athul/ros2_ws/install/rosapi_msgs/share/rosapi_msgs/local_setup.zsh
[18.306s] -- Up-to-date symlink: /home/athul/ros2_ws/install/rosapi_msgs/share/rosapi_msgs/local_setup.dsv
[18.308s] -- Symlinking: /home/athul/ros2_ws/install/rosapi_msgs/share/rosapi_msgs/package.dsv
[18.461s] -- Up-to-date symlink: /home/athul/ros2_ws/install/rosapi_msgs/share/ament_index/resource_index/packages/rosapi_msgs
[18.462s] -- Up-to-date symlink: /home/athul/ros2_ws/install/rosapi_msgs/share/rosapi_msgs/cmake/rosidl_cmake-extras.cmake
[18.463s] -- Up-to-date symlink: /home/athul/ros2_ws/install/rosapi_msgs/share/rosapi_msgs/cmake/ament_cmake_export_dependencies-extras.cmake
[18.466s] -- Up-to-date symlink: /home/athul/ros2_ws/install/rosapi_msgs/share/rosapi_msgs/cmake/ament_cmake_export_libraries-extras.cmake
[18.474s] -- Up-to-date symlink: /home/athul/ros2_ws/install/rosapi_msgs/share/rosapi_msgs/cmake/ament_cmake_export_targets-extras.cmake
[18.480s] -- Up-to-date symlink: /home/athul/ros2_ws/install/rosapi_msgs/share/rosapi_msgs/cmake/ament_cmake_export_include_directories-extras.cmake
[18.528s] -- Up-to-date symlink: /home/athul/ros2_ws/install/rosapi_msgs/share/rosapi_msgs/cmake/rosidl_cmake_export_typesupport_libraries-extras.cmake
[18.531s] -- Up-to-date symlink: /home/athul/ros2_ws/install/rosapi_msgs/share/rosapi_msgs/cmake/rosidl_cmake_export_typesupport_targets-extras.cmake
[18.536s] -- Up-to-date symlink: /home/athul/ros2_ws/install/rosapi_msgs/share/rosapi_msgs/cmake/rosapi_msgsConfig.cmake
[18.536s] -- Up-to-date symlink: /home/athul/ros2_ws/install/rosapi_msgs/share/rosapi_msgs/cmake/rosapi_msgsConfig-version.cmake
[18.536s] -- Up-to-date symlink: /home/athul/ros2_ws/install/rosapi_msgs/share/rosapi_msgs/package.xml
[18.536s] -- Up-to-date: /home/athul/ros2_ws/install/rosapi_msgs/lib/librosapi_msgs__rosidl_generator_c.so
[18.543s] -- Up-to-date: /home/athul/ros2_ws/install/rosapi_msgs/lib/librosapi_msgs__rosidl_typesupport_introspection_c.so
[18.553s] -- Up-to-date: /home/athul/ros2_ws/install/rosapi_msgs/lib/librosapi_msgs__rosidl_typesupport_c.so
[18.569s] -- Up-to-date: /home/athul/ros2_ws/install/rosapi_msgs/lib/librosapi_msgs__rosidl_typesupport_introspection_cpp.so
[18.579s] -- Up-to-date: /home/athul/ros2_ws/install/rosapi_msgs/lib/librosapi_msgs__rosidl_typesupport_cpp.so
[19.015s] -- Up-to-date: /home/athul/ros2_ws/install/rosapi_msgs/share/rosapi_msgs/cmake/rosapi_msgs__rosidl_generator_cExport.cmake
[19.015s] -- Up-to-date: /home/athul/ros2_ws/install/rosapi_msgs/share/rosapi_msgs/cmake/rosapi_msgs__rosidl_generator_cExport-noconfig.cmake
[19.040s] -- Up-to-date: /home/athul/ros2_ws/install/rosapi_msgs/share/rosapi_msgs/cmake/rosapi_msgs__rosidl_typesupport_introspection_cExport.cmake
[19.046s] -- Up-to-date: /home/athul/ros2_ws/install/rosapi_msgs/share/rosapi_msgs/cmake/rosapi_msgs__rosidl_typesupport_introspection_cExport-noconfig.cmake
[19.047s] -- Up-to-date: /home/athul/ros2_ws/install/rosapi_msgs/share/rosapi_msgs/cmake/rosapi_msgs__rosidl_typesupport_cExport.cmake
[19.048s] -- Up-to-date: /home/athul/ros2_ws/install/rosapi_msgs/share/rosapi_msgs/cmake/rosapi_msgs__rosidl_typesupport_cExport-noconfig.cmake
[19.048s] -- Up-to-date: /home/athul/ros2_ws/install/rosapi_msgs/share/rosapi_msgs/cmake/rosapi_msgs__rosidl_generator_cppExport.cmake
[19.048s] -- Up-to-date: /home/athul/ros2_ws/install/rosapi_msgs/share/rosapi_msgs/cmake/rosapi_msgs__rosidl_typesupport_introspection_cppExport.cmake
[19.049s] -- Up-to-date: /home/athul/ros2_ws/install/rosapi_msgs/share/rosapi_msgs/cmake/rosapi_msgs__rosidl_typesupport_introspection_cppExport-noconfig.cmake
[19.049s] -- Up-to-date: /home/athul/ros2_ws/install/rosapi_msgs/share/rosapi_msgs/cmake/rosapi_msgs__rosidl_typesupport_cppExport.cmake
[19.049s] -- Up-to-date: /home/athul/ros2_ws/install/rosapi_msgs/share/rosapi_msgs/cmake/rosapi_msgs__rosidl_typesupport_cppExport-noconfig.cmake
[19.180s] Invoked command in '/home/athul/ros2_ws/build/rosapi_msgs' returned '0': CMAKE_PREFIX_PATH=${CMAKE_PREFIX_PATH}:/home/athul/ros2_ws/install/serial_motor_demo:/opt/ros/foxy /usr/bin/cmake --install /home/athul/ros2_ws/build/rosapi_msgs
