[0.044s] Invoking command in '/home/athul/ros2_ws/src/build/serial_motor_demo_msgs': CMAKE_PREFIX_PATH=${CMAKE_PREFIX_PATH}:/home/athul/ros2_ws/install/serial_motor_demo:/opt/ros/foxy /usr/bin/cmake --build /home/athul/ros2_ws/src/build/serial_motor_demo_msgs -- -j4 -l4
[0.153s] [  2%] Built target serial_motor_demo_msgs__cpp
[0.155s] [ 12%] Built target serial_motor_demo_msgs__rosidl_generator_c
[0.212s] [ 23%] Built target serial_motor_demo_msgs__rosidl_typesupport_introspection_c
[0.215s] [ 34%] Built target serial_motor_demo_msgs__rosidl_typesupport_cpp
[0.231s] [ 44%] Built target serial_motor_demo_msgs__rosidl_typesupport_fastrtps_cpp
[0.232s] [ 55%] Built target serial_motor_demo_msgs__rosidl_typesupport_introspection_cpp
[0.270s] [ 65%] Built target serial_motor_demo_msgs__rosidl_typesupport_c
[0.288s] [ 76%] Built target serial_motor_demo_msgs__rosidl_typesupport_fastrtps_c
[0.327s] [ 76%] Built target serial_motor_demo_msgs
[0.370s] [ 78%] Built target serial_motor_demo_msgs__py
[0.463s] [ 87%] Built target serial_motor_demo_msgs__python
[0.567s] [ 91%] Built target serial_motor_demo_msgs__rosidl_typesupport_introspection_c__pyext
[0.596s] [ 95%] Built target serial_motor_demo_msgs__rosidl_typesupport_c__pyext
[0.603s] [100%] Built target serial_motor_demo_msgs__rosidl_typesupport_fastrtps_c__pyext
[0.633s] Invoked command in '/home/athul/ros2_ws/src/build/serial_motor_demo_msgs' returned '0': CMAKE_PREFIX_PATH=${CMAKE_PREFIX_PATH}:/home/athul/ros2_ws/install/serial_motor_demo:/opt/ros/foxy /usr/bin/cmake --build /home/athul/ros2_ws/src/build/serial_motor_demo_msgs -- -j4 -l4
[0.758s] Invoking command in '/home/athul/ros2_ws/src/build/serial_motor_demo_msgs': CMAKE_PREFIX_PATH=${CMAKE_PREFIX_PATH}:/home/athul/ros2_ws/install/serial_motor_demo:/opt/ros/foxy /usr/bin/cmake --install /home/athul/ros2_ws/src/build/serial_motor_demo_msgs
[0.780s] -- Install configuration: ""
[0.781s] -- Execute custom install script
[0.782s] -- Up-to-date symlink: /home/athul/ros2_ws/src/install/serial_motor_demo_msgs/share/ament_index/resource_index/rosidl_interfaces/serial_motor_demo_msgs
[0.783s] -- Up-to-date symlink: /home/athul/ros2_ws/src/install/serial_motor_demo_msgs/include/serial_motor_demo_msgs/msg/detail/encoder_vals__functions.h
[0.783s] -- Up-to-date symlink: /home/athul/ros2_ws/src/install/serial_motor_demo_msgs/include/serial_motor_demo_msgs/msg/detail/encoder_vals__struct.h
[0.783s] -- Up-to-date symlink: /home/athul/ros2_ws/src/install/serial_motor_demo_msgs/include/serial_motor_demo_msgs/msg/detail/encoder_vals__type_support.h
[0.784s] -- Up-to-date symlink: /home/athul/ros2_ws/src/install/serial_motor_demo_msgs/include/serial_motor_demo_msgs/msg/detail/motor_command__functions.h
[0.784s] -- Up-to-date symlink: /home/athul/ros2_ws/src/install/serial_motor_demo_msgs/include/serial_motor_demo_msgs/msg/detail/motor_command__struct.h
[0.784s] -- Up-to-date symlink: /home/athul/ros2_ws/src/install/serial_motor_demo_msgs/include/serial_motor_demo_msgs/msg/detail/motor_command__type_support.h
[0.785s] -- Up-to-date symlink: /home/athul/ros2_ws/src/install/serial_motor_demo_msgs/include/serial_motor_demo_msgs/msg/detail/motor_vels__functions.h
[0.785s] -- Up-to-date symlink: /home/athul/ros2_ws/src/install/serial_motor_demo_msgs/include/serial_motor_demo_msgs/msg/detail/motor_vels__struct.h
[0.785s] -- Up-to-date symlink: /home/athul/ros2_ws/src/install/serial_motor_demo_msgs/include/serial_motor_demo_msgs/msg/detail/motor_vels__type_support.h
[0.786s] -- Up-to-date symlink: /home/athul/ros2_ws/src/install/serial_motor_demo_msgs/include/serial_motor_demo_msgs/msg/encoder_vals.h
[0.786s] -- Up-to-date symlink: /home/athul/ros2_ws/src/install/serial_motor_demo_msgs/include/serial_motor_demo_msgs/msg/motor_command.h
[0.787s] -- Up-to-date symlink: /home/athul/ros2_ws/src/install/serial_motor_demo_msgs/include/serial_motor_demo_msgs/msg/motor_vels.h
[0.787s] -- Up-to-date symlink: /home/athul/ros2_ws/src/install/serial_motor_demo_msgs/include/serial_motor_demo_msgs/msg/rosidl_generator_c__visibility_control.h
[0.787s] -- Up-to-date symlink: /home/athul/ros2_ws/src/install/serial_motor_demo_msgs/share/serial_motor_demo_msgs/environment/library_path.sh
[0.788s] -- Up-to-date symlink: /home/athul/ros2_ws/src/install/serial_motor_demo_msgs/share/serial_motor_demo_msgs/environment/library_path.dsv
[0.789s] -- Up-to-date symlink: /home/athul/ros2_ws/src/install/serial_motor_demo_msgs/include/serial_motor_demo_msgs/msg/detail/encoder_vals__rosidl_typesupport_fastrtps_c.h
[0.789s] -- Up-to-date symlink: /home/athul/ros2_ws/src/install/serial_motor_demo_msgs/include/serial_motor_demo_msgs/msg/detail/motor_command__rosidl_typesupport_fastrtps_c.h
[0.790s] -- Up-to-date symlink: /home/athul/ros2_ws/src/install/serial_motor_demo_msgs/include/serial_motor_demo_msgs/msg/detail/motor_vels__rosidl_typesupport_fastrtps_c.h
[0.790s] -- Up-to-date symlink: /home/athul/ros2_ws/src/install/serial_motor_demo_msgs/include/serial_motor_demo_msgs/msg/rosidl_typesupport_fastrtps_c__visibility_control.h
[0.791s] -- Up-to-date symlink: /home/athul/ros2_ws/src/install/serial_motor_demo_msgs/lib/libserial_motor_demo_msgs__rosidl_typesupport_fastrtps_c.so
[0.792s] -- Up-to-date symlink: /home/athul/ros2_ws/src/install/serial_motor_demo_msgs/include/serial_motor_demo_msgs/msg/detail/encoder_vals__rosidl_typesupport_fastrtps_cpp.hpp
[0.792s] -- Up-to-date symlink: /home/athul/ros2_ws/src/install/serial_motor_demo_msgs/include/serial_motor_demo_msgs/msg/detail/motor_command__rosidl_typesupport_fastrtps_cpp.hpp
[0.793s] -- Up-to-date symlink: /home/athul/ros2_ws/src/install/serial_motor_demo_msgs/include/serial_motor_demo_msgs/msg/detail/motor_vels__rosidl_typesupport_fastrtps_cpp.hpp
[0.793s] -- Up-to-date symlink: /home/athul/ros2_ws/src/install/serial_motor_demo_msgs/include/serial_motor_demo_msgs/msg/rosidl_typesupport_fastrtps_cpp__visibility_control.h
[0.794s] -- Up-to-date symlink: /home/athul/ros2_ws/src/install/serial_motor_demo_msgs/lib/libserial_motor_demo_msgs__rosidl_typesupport_fastrtps_cpp.so
[0.794s] -- Up-to-date symlink: /home/athul/ros2_ws/src/install/serial_motor_demo_msgs/include/serial_motor_demo_msgs/msg/detail/encoder_vals__rosidl_typesupport_introspection_c.h
[0.795s] -- Up-to-date symlink: /home/athul/ros2_ws/src/install/serial_motor_demo_msgs/include/serial_motor_demo_msgs/msg/detail/motor_command__rosidl_typesupport_introspection_c.h
[0.795s] -- Up-to-date symlink: /home/athul/ros2_ws/src/install/serial_motor_demo_msgs/include/serial_motor_demo_msgs/msg/detail/motor_vels__rosidl_typesupport_introspection_c.h
[0.795s] -- Up-to-date symlink: /home/athul/ros2_ws/src/install/serial_motor_demo_msgs/include/serial_motor_demo_msgs/msg/rosidl_typesupport_introspection_c__visibility_control.h
[0.796s] -- Up-to-date symlink: /home/athul/ros2_ws/src/install/serial_motor_demo_msgs/include/serial_motor_demo_msgs/msg/detail/encoder_vals__builder.hpp
[0.797s] -- Up-to-date symlink: /home/athul/ros2_ws/src/install/serial_motor_demo_msgs/include/serial_motor_demo_msgs/msg/detail/encoder_vals__struct.hpp
[0.797s] -- Up-to-date symlink: /home/athul/ros2_ws/src/install/serial_motor_demo_msgs/include/serial_motor_demo_msgs/msg/detail/encoder_vals__traits.hpp
[0.797s] -- Up-to-date symlink: /home/athul/ros2_ws/src/install/serial_motor_demo_msgs/include/serial_motor_demo_msgs/msg/detail/motor_command__builder.hpp
[0.798s] -- Up-to-date symlink: /home/athul/ros2_ws/src/install/serial_motor_demo_msgs/include/serial_motor_demo_msgs/msg/detail/motor_command__struct.hpp
[0.798s] -- Up-to-date symlink: /home/athul/ros2_ws/src/install/serial_motor_demo_msgs/include/serial_motor_demo_msgs/msg/detail/motor_command__traits.hpp
[0.798s] -- Up-to-date symlink: /home/athul/ros2_ws/src/install/serial_motor_demo_msgs/include/serial_motor_demo_msgs/msg/detail/motor_vels__builder.hpp
[0.799s] -- Up-to-date symlink: /home/athul/ros2_ws/src/install/serial_motor_demo_msgs/include/serial_motor_demo_msgs/msg/detail/motor_vels__struct.hpp
[0.799s] -- Up-to-date symlink: /home/athul/ros2_ws/src/install/serial_motor_demo_msgs/include/serial_motor_demo_msgs/msg/detail/motor_vels__traits.hpp
[0.799s] -- Up-to-date symlink: /home/athul/ros2_ws/src/install/serial_motor_demo_msgs/include/serial_motor_demo_msgs/msg/encoder_vals.hpp
[0.800s] -- Up-to-date symlink: /home/athul/ros2_ws/src/install/serial_motor_demo_msgs/include/serial_motor_demo_msgs/msg/motor_command.hpp
[0.800s] -- Up-to-date symlink: /home/athul/ros2_ws/src/install/serial_motor_demo_msgs/include/serial_motor_demo_msgs/msg/motor_vels.hpp
[0.801s] -- Up-to-date symlink: /home/athul/ros2_ws/src/install/serial_motor_demo_msgs/include/serial_motor_demo_msgs/msg/detail/encoder_vals__rosidl_typesupport_introspection_cpp.hpp
[0.802s] -- Up-to-date symlink: /home/athul/ros2_ws/src/install/serial_motor_demo_msgs/include/serial_motor_demo_msgs/msg/detail/motor_command__rosidl_typesupport_introspection_cpp.hpp
[0.802s] -- Up-to-date symlink: /home/athul/ros2_ws/src/install/serial_motor_demo_msgs/include/serial_motor_demo_msgs/msg/detail/motor_vels__rosidl_typesupport_introspection_cpp.hpp
[0.803s] -- Up-to-date symlink: /home/athul/ros2_ws/src/install/serial_motor_demo_msgs/share/serial_motor_demo_msgs/environment/pythonpath.sh
[0.803s] -- Up-to-date symlink: /home/athul/ros2_ws/src/install/serial_motor_demo_msgs/share/serial_motor_demo_msgs/environment/pythonpath.dsv
[0.804s] -- Up-to-date symlink: /home/athul/ros2_ws/src/install/serial_motor_demo_msgs/lib/python3.8/site-packages/serial_motor_demo_msgs/__init__.py
[0.804s] -- Up-to-date symlink: /home/athul/ros2_ws/src/install/serial_motor_demo_msgs/lib/python3.8/site-packages/serial_motor_demo_msgs/msg/__init__.py
[0.805s] -- Up-to-date symlink: /home/athul/ros2_ws/src/install/serial_motor_demo_msgs/lib/python3.8/site-packages/serial_motor_demo_msgs/msg/_encoder_vals.py
[0.805s] -- Up-to-date symlink: /home/athul/ros2_ws/src/install/serial_motor_demo_msgs/lib/python3.8/site-packages/serial_motor_demo_msgs/msg/_motor_command.py
[0.805s] -- Up-to-date symlink: /home/athul/ros2_ws/src/install/serial_motor_demo_msgs/lib/python3.8/site-packages/serial_motor_demo_msgs/msg/_motor_vels.py
[0.806s] -- Up-to-date symlink: /home/athul/ros2_ws/src/install/serial_motor_demo_msgs/lib/python3.8/site-packages/serial_motor_demo_msgs/serial_motor_demo_msgs_s__rosidl_typesupport_fastrtps_c.cpython-38-x86_64-linux-gnu.so
[0.807s] -- Up-to-date symlink: /home/athul/ros2_ws/src/install/serial_motor_demo_msgs/lib/python3.8/site-packages/serial_motor_demo_msgs/serial_motor_demo_msgs_s__rosidl_typesupport_introspection_c.cpython-38-x86_64-linux-gnu.so
[0.808s] -- Up-to-date symlink: /home/athul/ros2_ws/src/install/serial_motor_demo_msgs/lib/python3.8/site-packages/serial_motor_demo_msgs/serial_motor_demo_msgs_s__rosidl_typesupport_c.cpython-38-x86_64-linux-gnu.so
[0.808s] -- Up-to-date symlink: /home/athul/ros2_ws/src/install/serial_motor_demo_msgs/lib/libserial_motor_demo_msgs__python.so
[0.809s] -- Up-to-date symlink: /home/athul/ros2_ws/src/install/serial_motor_demo_msgs/share/serial_motor_demo_msgs/msg/MotorCommand.idl
[0.809s] -- Up-to-date symlink: /home/athul/ros2_ws/src/install/serial_motor_demo_msgs/share/serial_motor_demo_msgs/msg/MotorVels.idl
[0.810s] -- Up-to-date symlink: /home/athul/ros2_ws/src/install/serial_motor_demo_msgs/share/serial_motor_demo_msgs/msg/EncoderVals.idl
[0.810s] -- Up-to-date symlink: /home/athul/ros2_ws/src/install/serial_motor_demo_msgs/share/serial_motor_demo_msgs/msg/MotorCommand.msg
[0.811s] -- Up-to-date symlink: /home/athul/ros2_ws/src/install/serial_motor_demo_msgs/share/serial_motor_demo_msgs/msg/MotorVels.msg
[0.811s] -- Up-to-date symlink: /home/athul/ros2_ws/src/install/serial_motor_demo_msgs/share/serial_motor_demo_msgs/msg/EncoderVals.msg
[0.812s] -- Up-to-date symlink: /home/athul/ros2_ws/src/install/serial_motor_demo_msgs/share/ament_index/resource_index/package_run_dependencies/serial_motor_demo_msgs
[0.812s] -- Up-to-date symlink: /home/athul/ros2_ws/src/install/serial_motor_demo_msgs/share/ament_index/resource_index/parent_prefix_path/serial_motor_demo_msgs
[0.813s] -- Up-to-date symlink: /home/athul/ros2_ws/src/install/serial_motor_demo_msgs/share/serial_motor_demo_msgs/environment/ament_prefix_path.sh
[0.813s] -- Up-to-date symlink: /home/athul/ros2_ws/src/install/serial_motor_demo_msgs/share/serial_motor_demo_msgs/environment/ament_prefix_path.dsv
[0.814s] -- Up-to-date symlink: /home/athul/ros2_ws/src/install/serial_motor_demo_msgs/share/serial_motor_demo_msgs/environment/path.sh
[0.814s] -- Up-to-date symlink: /home/athul/ros2_ws/src/install/serial_motor_demo_msgs/share/serial_motor_demo_msgs/environment/path.dsv
[0.814s] -- Up-to-date symlink: /home/athul/ros2_ws/src/install/serial_motor_demo_msgs/share/serial_motor_demo_msgs/local_setup.bash
[0.815s] -- Up-to-date symlink: /home/athul/ros2_ws/src/install/serial_motor_demo_msgs/share/serial_motor_demo_msgs/local_setup.sh
[0.815s] -- Up-to-date symlink: /home/athul/ros2_ws/src/install/serial_motor_demo_msgs/share/serial_motor_demo_msgs/local_setup.zsh
[0.816s] -- Up-to-date symlink: /home/athul/ros2_ws/src/install/serial_motor_demo_msgs/share/serial_motor_demo_msgs/local_setup.dsv
[0.816s] -- Symlinking: /home/athul/ros2_ws/src/install/serial_motor_demo_msgs/share/serial_motor_demo_msgs/package.dsv
[0.833s] -- Up-to-date symlink: /home/athul/ros2_ws/src/install/serial_motor_demo_msgs/share/ament_index/resource_index/packages/serial_motor_demo_msgs
[0.834s] -- Up-to-date symlink: /home/athul/ros2_ws/src/install/serial_motor_demo_msgs/share/serial_motor_demo_msgs/cmake/rosidl_cmake-extras.cmake
[0.834s] -- Up-to-date symlink: /home/athul/ros2_ws/src/install/serial_motor_demo_msgs/share/serial_motor_demo_msgs/cmake/ament_cmake_export_dependencies-extras.cmake
[0.835s] -- Up-to-date symlink: /home/athul/ros2_ws/src/install/serial_motor_demo_msgs/share/serial_motor_demo_msgs/cmake/ament_cmake_export_libraries-extras.cmake
[0.836s] -- Up-to-date symlink: /home/athul/ros2_ws/src/install/serial_motor_demo_msgs/share/serial_motor_demo_msgs/cmake/ament_cmake_export_targets-extras.cmake
[0.836s] -- Up-to-date symlink: /home/athul/ros2_ws/src/install/serial_motor_demo_msgs/share/serial_motor_demo_msgs/cmake/ament_cmake_export_include_directories-extras.cmake
[0.837s] -- Up-to-date symlink: /home/athul/ros2_ws/src/install/serial_motor_demo_msgs/share/serial_motor_demo_msgs/cmake/rosidl_cmake_export_typesupport_libraries-extras.cmake
[0.838s] -- Up-to-date symlink: /home/athul/ros2_ws/src/install/serial_motor_demo_msgs/share/serial_motor_demo_msgs/cmake/rosidl_cmake_export_typesupport_targets-extras.cmake
[0.838s] -- Up-to-date symlink: /home/athul/ros2_ws/src/install/serial_motor_demo_msgs/share/serial_motor_demo_msgs/cmake/serial_motor_demo_msgsConfig.cmake
[0.839s] -- Up-to-date symlink: /home/athul/ros2_ws/src/install/serial_motor_demo_msgs/share/serial_motor_demo_msgs/cmake/serial_motor_demo_msgsConfig-version.cmake
[0.839s] -- Up-to-date symlink: /home/athul/ros2_ws/src/install/serial_motor_demo_msgs/share/serial_motor_demo_msgs/package.xml
[0.840s] -- Up-to-date: /home/athul/ros2_ws/src/install/serial_motor_demo_msgs/lib/libserial_motor_demo_msgs__rosidl_generator_c.so
[0.841s] -- Up-to-date: /home/athul/ros2_ws/src/install/serial_motor_demo_msgs/lib/libserial_motor_demo_msgs__rosidl_typesupport_introspection_c.so
[0.843s] -- Up-to-date: /home/athul/ros2_ws/src/install/serial_motor_demo_msgs/lib/libserial_motor_demo_msgs__rosidl_typesupport_c.so
[0.844s] -- Up-to-date: /home/athul/ros2_ws/src/install/serial_motor_demo_msgs/lib/libserial_motor_demo_msgs__rosidl_typesupport_introspection_cpp.so
[0.845s] -- Up-to-date: /home/athul/ros2_ws/src/install/serial_motor_demo_msgs/lib/libserial_motor_demo_msgs__rosidl_typesupport_cpp.so
[0.902s] -- Up-to-date: /home/athul/ros2_ws/src/install/serial_motor_demo_msgs/share/serial_motor_demo_msgs/cmake/serial_motor_demo_msgs__rosidl_generator_cExport.cmake
[0.902s] -- Up-to-date: /home/athul/ros2_ws/src/install/serial_motor_demo_msgs/share/serial_motor_demo_msgs/cmake/serial_motor_demo_msgs__rosidl_generator_cExport-noconfig.cmake
[0.903s] -- Up-to-date: /home/athul/ros2_ws/src/install/serial_motor_demo_msgs/share/serial_motor_demo_msgs/cmake/serial_motor_demo_msgs__rosidl_typesupport_introspection_cExport.cmake
[0.903s] -- Up-to-date: /home/athul/ros2_ws/src/install/serial_motor_demo_msgs/share/serial_motor_demo_msgs/cmake/serial_motor_demo_msgs__rosidl_typesupport_introspection_cExport-noconfig.cmake
[0.903s] -- Up-to-date: /home/athul/ros2_ws/src/install/serial_motor_demo_msgs/share/serial_motor_demo_msgs/cmake/serial_motor_demo_msgs__rosidl_typesupport_cExport.cmake
[0.904s] -- Up-to-date: /home/athul/ros2_ws/src/install/serial_motor_demo_msgs/share/serial_motor_demo_msgs/cmake/serial_motor_demo_msgs__rosidl_typesupport_cExport-noconfig.cmake
[0.904s] -- Up-to-date: /home/athul/ros2_ws/src/install/serial_motor_demo_msgs/share/serial_motor_demo_msgs/cmake/serial_motor_demo_msgs__rosidl_generator_cppExport.cmake
[0.905s] -- Up-to-date: /home/athul/ros2_ws/src/install/serial_motor_demo_msgs/share/serial_motor_demo_msgs/cmake/serial_motor_demo_msgs__rosidl_typesupport_introspection_cppExport.cmake
[0.905s] -- Up-to-date: /home/athul/ros2_ws/src/install/serial_motor_demo_msgs/share/serial_motor_demo_msgs/cmake/serial_motor_demo_msgs__rosidl_typesupport_introspection_cppExport-noconfig.cmake
[0.905s] -- Up-to-date: /home/athul/ros2_ws/src/install/serial_motor_demo_msgs/share/serial_motor_demo_msgs/cmake/serial_motor_demo_msgs__rosidl_typesupport_cppExport.cmake
[0.905s] -- Up-to-date: /home/athul/ros2_ws/src/install/serial_motor_demo_msgs/share/serial_motor_demo_msgs/cmake/serial_motor_demo_msgs__rosidl_typesupport_cppExport-noconfig.cmake
[0.914s] Invoked command in '/home/athul/ros2_ws/src/build/serial_motor_demo_msgs' returned '0': CMAKE_PREFIX_PATH=${CMAKE_PREFIX_PATH}:/home/athul/ros2_ws/install/serial_motor_demo:/opt/ros/foxy /usr/bin/cmake --install /home/athul/ros2_ws/src/build/serial_motor_demo_msgs
