[0.083s] Invoking command in '/home/athul/ros2_ws/build/rosapi_msgs': CMAKE_PREFIX_PATH=${CMAKE_PREFIX_PATH}:/home/athul/ros2_ws/install/serial_motor_demo:/opt/ros/foxy /usr/bin/cmake --build /home/athul/ros2_ws/build/rosapi_msgs -- -j4 -l4
[0.334s] [ 12%] Built target rosapi_msgs__rosidl_generator_c
[0.402s] [ 12%] Built target rosapi_msgs__cpp
[0.648s] [ 24%] Built target rosapi_msgs__rosidl_typesupport_c
[0.696s] [ 36%] Built target rosapi_msgs__rosidl_typesupport_introspection_c
[0.733s] [ 48%] Built target rosapi_msgs__rosidl_typesupport_cpp
[0.818s] [ 61%] Built target rosapi_msgs__rosidl_typesupport_introspection_cpp
[0.825s] [ 73%] Built target rosapi_msgs__rosidl_typesupport_fastrtps_cpp
[0.984s] [ 85%] Built target rosapi_msgs__rosidl_typesupport_fastrtps_c
[1.035s] [ 85%] Built target rosapi_msgs
[1.170s] [ 85%] Built target rosapi_msgs__py
[1.306s] [ 97%] Built target rosapi_msgs__python
[1.458s] [ 98%] Built target rosapi_msgs__rosidl_typesupport_introspection_c__pyext
[1.481s] [ 99%] Built target rosapi_msgs__rosidl_typesupport_c__pyext
[1.484s] [100%] Built target rosapi_msgs__rosidl_typesupport_fastrtps_c__pyext
[1.535s] Invoked command in '/home/athul/ros2_ws/build/rosapi_msgs' returned '0': CMAKE_PREFIX_PATH=${CMAKE_PREFIX_PATH}:/home/athul/ros2_ws/install/serial_motor_demo:/opt/ros/foxy /usr/bin/cmake --build /home/athul/ros2_ws/build/rosapi_msgs -- -j4 -l4
[3.030s] Invoking command in '/home/athul/ros2_ws/build/rosapi_msgs': CMAKE_PREFIX_PATH=${CMAKE_PREFIX_PATH}:/home/athul/ros2_ws/install/serial_motor_demo:/opt/ros/foxy /usr/bin/cmake --install /home/athul/ros2_ws/build/rosapi_msgs
[3.056s] -- Install configuration: ""
[3.057s] -- Execute custom install script
[3.058s] -- Up-to-date symlink: /home/athul/ros2_ws/install/rosapi_msgs/share/ament_index/resource_index/rosidl_interfaces/rosapi_msgs
[3.058s] -- Up-to-date symlink: /home/athul/ros2_ws/install/rosapi_msgs/include/rosapi_msgs/msg/detail/type_def__functions.h
[3.060s] -- Up-to-date symlink: /home/athul/ros2_ws/install/rosapi_msgs/include/rosapi_msgs/msg/detail/type_def__struct.h
[3.061s] -- Up-to-date symlink: /home/athul/ros2_ws/install/rosapi_msgs/include/rosapi_msgs/msg/detail/type_def__type_support.h
[3.061s] -- Up-to-date symlink: /home/athul/ros2_ws/install/rosapi_msgs/include/rosapi_msgs/msg/rosidl_generator_c__visibility_control.h
[3.065s] -- Up-to-date symlink: /home/athul/ros2_ws/install/rosapi_msgs/include/rosapi_msgs/msg/type_def.h
[3.065s] -- Up-to-date symlink: /home/athul/ros2_ws/install/rosapi_msgs/include/rosapi_msgs/srv/delete_param.h
[3.065s] -- Up-to-date symlink: /home/athul/ros2_ws/install/rosapi_msgs/include/rosapi_msgs/srv/detail/delete_param__functions.h
[3.065s] -- Up-to-date symlink: /home/athul/ros2_ws/install/rosapi_msgs/include/rosapi_msgs/srv/detail/delete_param__struct.h
[3.066s] -- Up-to-date symlink: /home/athul/ros2_ws/install/rosapi_msgs/include/rosapi_msgs/srv/detail/delete_param__type_support.h
[3.066s] -- Up-to-date symlink: /home/athul/ros2_ws/install/rosapi_msgs/include/rosapi_msgs/srv/detail/get_action_servers__functions.h
[3.067s] -- Up-to-date symlink: /home/athul/ros2_ws/install/rosapi_msgs/include/rosapi_msgs/srv/detail/get_action_servers__struct.h
[3.067s] -- Up-to-date symlink: /home/athul/ros2_ws/install/rosapi_msgs/include/rosapi_msgs/srv/detail/get_action_servers__type_support.h
[3.067s] -- Up-to-date symlink: /home/athul/ros2_ws/install/rosapi_msgs/include/rosapi_msgs/srv/detail/get_param__functions.h
[3.068s] -- Up-to-date symlink: /home/athul/ros2_ws/install/rosapi_msgs/include/rosapi_msgs/srv/detail/get_param__struct.h
[3.068s] -- Up-to-date symlink: /home/athul/ros2_ws/install/rosapi_msgs/include/rosapi_msgs/srv/detail/get_param__type_support.h
[3.068s] -- Up-to-date symlink: /home/athul/ros2_ws/install/rosapi_msgs/include/rosapi_msgs/srv/detail/get_param_names__functions.h
[3.068s] -- Up-to-date symlink: /home/athul/ros2_ws/install/rosapi_msgs/include/rosapi_msgs/srv/detail/get_param_names__struct.h
[3.074s] -- Up-to-date symlink: /home/athul/ros2_ws/install/rosapi_msgs/include/rosapi_msgs/srv/detail/get_param_names__type_support.h
[3.076s] -- Up-to-date symlink: /home/athul/ros2_ws/install/rosapi_msgs/include/rosapi_msgs/srv/detail/get_ros_version__functions.h
[3.078s] -- Up-to-date symlink: /home/athul/ros2_ws/install/rosapi_msgs/include/rosapi_msgs/srv/detail/get_ros_version__struct.h
[3.080s] -- Up-to-date symlink: /home/athul/ros2_ws/install/rosapi_msgs/include/rosapi_msgs/srv/detail/get_ros_version__type_support.h
[3.083s] -- Up-to-date symlink: /home/athul/ros2_ws/install/rosapi_msgs/include/rosapi_msgs/srv/detail/get_time__functions.h
[3.084s] -- Up-to-date symlink: /home/athul/ros2_ws/install/rosapi_msgs/include/rosapi_msgs/srv/detail/get_time__struct.h
[3.085s] -- Up-to-date symlink: /home/athul/ros2_ws/install/rosapi_msgs/include/rosapi_msgs/srv/detail/get_time__type_support.h
[3.087s] -- Up-to-date symlink: /home/athul/ros2_ws/install/rosapi_msgs/include/rosapi_msgs/srv/detail/has_param__functions.h
[3.088s] -- Up-to-date symlink: /home/athul/ros2_ws/install/rosapi_msgs/include/rosapi_msgs/srv/detail/has_param__struct.h
[3.091s] -- Up-to-date symlink: /home/athul/ros2_ws/install/rosapi_msgs/include/rosapi_msgs/srv/detail/has_param__type_support.h
[3.092s] -- Up-to-date symlink: /home/athul/ros2_ws/install/rosapi_msgs/include/rosapi_msgs/srv/detail/message_details__functions.h
[3.093s] -- Up-to-date symlink: /home/athul/ros2_ws/install/rosapi_msgs/include/rosapi_msgs/srv/detail/message_details__struct.h
[3.095s] -- Up-to-date symlink: /home/athul/ros2_ws/install/rosapi_msgs/include/rosapi_msgs/srv/detail/message_details__type_support.h
[3.096s] -- Up-to-date symlink: /home/athul/ros2_ws/install/rosapi_msgs/include/rosapi_msgs/srv/detail/node_details__functions.h
[3.098s] -- Up-to-date symlink: /home/athul/ros2_ws/install/rosapi_msgs/include/rosapi_msgs/srv/detail/node_details__struct.h
[3.100s] -- Up-to-date symlink: /home/athul/ros2_ws/install/rosapi_msgs/include/rosapi_msgs/srv/detail/node_details__type_support.h
[3.101s] -- Up-to-date symlink: /home/athul/ros2_ws/install/rosapi_msgs/include/rosapi_msgs/srv/detail/nodes__functions.h
[3.103s] -- Up-to-date symlink: /home/athul/ros2_ws/install/rosapi_msgs/include/rosapi_msgs/srv/detail/nodes__struct.h
[3.105s] -- Up-to-date symlink: /home/athul/ros2_ws/install/rosapi_msgs/include/rosapi_msgs/srv/detail/nodes__type_support.h
[3.107s] -- Up-to-date symlink: /home/athul/ros2_ws/install/rosapi_msgs/include/rosapi_msgs/srv/detail/publishers__functions.h
[3.108s] -- Up-to-date symlink: /home/athul/ros2_ws/install/rosapi_msgs/include/rosapi_msgs/srv/detail/publishers__struct.h
[3.109s] -- Up-to-date symlink: /home/athul/ros2_ws/install/rosapi_msgs/include/rosapi_msgs/srv/detail/publishers__type_support.h
[3.111s] -- Up-to-date symlink: /home/athul/ros2_ws/install/rosapi_msgs/include/rosapi_msgs/srv/detail/service_node__functions.h
[3.112s] -- Up-to-date symlink: /home/athul/ros2_ws/install/rosapi_msgs/include/rosapi_msgs/srv/detail/service_node__struct.h
[3.113s] -- Up-to-date symlink: /home/athul/ros2_ws/install/rosapi_msgs/include/rosapi_msgs/srv/detail/service_node__type_support.h
[3.114s] -- Up-to-date symlink: /home/athul/ros2_ws/install/rosapi_msgs/include/rosapi_msgs/srv/detail/service_providers__functions.h
[3.115s] -- Up-to-date symlink: /home/athul/ros2_ws/install/rosapi_msgs/include/rosapi_msgs/srv/detail/service_providers__struct.h
[3.116s] -- Up-to-date symlink: /home/athul/ros2_ws/install/rosapi_msgs/include/rosapi_msgs/srv/detail/service_providers__type_support.h
[3.117s] -- Up-to-date symlink: /home/athul/ros2_ws/install/rosapi_msgs/include/rosapi_msgs/srv/detail/service_request_details__functions.h
[3.118s] -- Up-to-date symlink: /home/athul/ros2_ws/install/rosapi_msgs/include/rosapi_msgs/srv/detail/service_request_details__struct.h
[3.119s] -- Up-to-date symlink: /home/athul/ros2_ws/install/rosapi_msgs/include/rosapi_msgs/srv/detail/service_request_details__type_support.h
[3.120s] -- Up-to-date symlink: /home/athul/ros2_ws/install/rosapi_msgs/include/rosapi_msgs/srv/detail/service_response_details__functions.h
[3.121s] -- Up-to-date symlink: /home/athul/ros2_ws/install/rosapi_msgs/include/rosapi_msgs/srv/detail/service_response_details__struct.h
[3.122s] -- Up-to-date symlink: /home/athul/ros2_ws/install/rosapi_msgs/include/rosapi_msgs/srv/detail/service_response_details__type_support.h
[3.123s] -- Up-to-date symlink: /home/athul/ros2_ws/install/rosapi_msgs/include/rosapi_msgs/srv/detail/service_type__functions.h
[3.124s] -- Up-to-date symlink: /home/athul/ros2_ws/install/rosapi_msgs/include/rosapi_msgs/srv/detail/service_type__struct.h
[3.125s] -- Up-to-date symlink: /home/athul/ros2_ws/install/rosapi_msgs/include/rosapi_msgs/srv/detail/service_type__type_support.h
[3.126s] -- Up-to-date symlink: /home/athul/ros2_ws/install/rosapi_msgs/include/rosapi_msgs/srv/detail/services__functions.h
[3.126s] -- Up-to-date symlink: /home/athul/ros2_ws/install/rosapi_msgs/include/rosapi_msgs/srv/detail/services__struct.h
[3.127s] -- Up-to-date symlink: /home/athul/ros2_ws/install/rosapi_msgs/include/rosapi_msgs/srv/detail/services__type_support.h
[3.128s] -- Up-to-date symlink: /home/athul/ros2_ws/install/rosapi_msgs/include/rosapi_msgs/srv/detail/services_for_type__functions.h
[3.129s] -- Up-to-date symlink: /home/athul/ros2_ws/install/rosapi_msgs/include/rosapi_msgs/srv/detail/services_for_type__struct.h
[3.130s] -- Up-to-date symlink: /home/athul/ros2_ws/install/rosapi_msgs/include/rosapi_msgs/srv/detail/services_for_type__type_support.h
[3.131s] -- Up-to-date symlink: /home/athul/ros2_ws/install/rosapi_msgs/include/rosapi_msgs/srv/detail/set_param__functions.h
[3.132s] -- Up-to-date symlink: /home/athul/ros2_ws/install/rosapi_msgs/include/rosapi_msgs/srv/detail/set_param__struct.h
[3.133s] -- Up-to-date symlink: /home/athul/ros2_ws/install/rosapi_msgs/include/rosapi_msgs/srv/detail/set_param__type_support.h
[3.134s] -- Up-to-date symlink: /home/athul/ros2_ws/install/rosapi_msgs/include/rosapi_msgs/srv/detail/subscribers__functions.h
[3.135s] -- Up-to-date symlink: /home/athul/ros2_ws/install/rosapi_msgs/include/rosapi_msgs/srv/detail/subscribers__struct.h
[3.137s] -- Up-to-date symlink: /home/athul/ros2_ws/install/rosapi_msgs/include/rosapi_msgs/srv/detail/subscribers__type_support.h
[3.138s] -- Up-to-date symlink: /home/athul/ros2_ws/install/rosapi_msgs/include/rosapi_msgs/srv/detail/topic_type__functions.h
[3.140s] -- Up-to-date symlink: /home/athul/ros2_ws/install/rosapi_msgs/include/rosapi_msgs/srv/detail/topic_type__struct.h
[3.141s] -- Up-to-date symlink: /home/athul/ros2_ws/install/rosapi_msgs/include/rosapi_msgs/srv/detail/topic_type__type_support.h
[3.143s] -- Up-to-date symlink: /home/athul/ros2_ws/install/rosapi_msgs/include/rosapi_msgs/srv/detail/topics__functions.h
[3.144s] -- Up-to-date symlink: /home/athul/ros2_ws/install/rosapi_msgs/include/rosapi_msgs/srv/detail/topics__struct.h
[3.146s] -- Up-to-date symlink: /home/athul/ros2_ws/install/rosapi_msgs/include/rosapi_msgs/srv/detail/topics__type_support.h
[3.148s] -- Up-to-date symlink: /home/athul/ros2_ws/install/rosapi_msgs/include/rosapi_msgs/srv/detail/topics_and_raw_types__functions.h
[3.150s] -- Up-to-date symlink: /home/athul/ros2_ws/install/rosapi_msgs/include/rosapi_msgs/srv/detail/topics_and_raw_types__struct.h
[3.151s] -- Up-to-date symlink: /home/athul/ros2_ws/install/rosapi_msgs/include/rosapi_msgs/srv/detail/topics_and_raw_types__type_support.h
[3.152s] -- Up-to-date symlink: /home/athul/ros2_ws/install/rosapi_msgs/include/rosapi_msgs/srv/detail/topics_for_type__functions.h
[3.153s] -- Up-to-date symlink: /home/athul/ros2_ws/install/rosapi_msgs/include/rosapi_msgs/srv/detail/topics_for_type__struct.h
[3.154s] -- Up-to-date symlink: /home/athul/ros2_ws/install/rosapi_msgs/include/rosapi_msgs/srv/detail/topics_for_type__type_support.h
[3.154s] -- Up-to-date symlink: /home/athul/ros2_ws/install/rosapi_msgs/include/rosapi_msgs/srv/get_action_servers.h
[3.155s] -- Up-to-date symlink: /home/athul/ros2_ws/install/rosapi_msgs/include/rosapi_msgs/srv/get_param.h
[3.156s] -- Up-to-date symlink: /home/athul/ros2_ws/install/rosapi_msgs/include/rosapi_msgs/srv/get_param_names.h
[3.157s] -- Up-to-date symlink: /home/athul/ros2_ws/install/rosapi_msgs/include/rosapi_msgs/srv/get_ros_version.h
[3.158s] -- Up-to-date symlink: /home/athul/ros2_ws/install/rosapi_msgs/include/rosapi_msgs/srv/get_time.h
[3.159s] -- Up-to-date symlink: /home/athul/ros2_ws/install/rosapi_msgs/include/rosapi_msgs/srv/has_param.h
[3.160s] -- Up-to-date symlink: /home/athul/ros2_ws/install/rosapi_msgs/include/rosapi_msgs/srv/message_details.h
[3.160s] -- Up-to-date symlink: /home/athul/ros2_ws/install/rosapi_msgs/include/rosapi_msgs/srv/node_details.h
[3.161s] -- Up-to-date symlink: /home/athul/ros2_ws/install/rosapi_msgs/include/rosapi_msgs/srv/nodes.h
[3.162s] -- Up-to-date symlink: /home/athul/ros2_ws/install/rosapi_msgs/include/rosapi_msgs/srv/publishers.h
[3.163s] -- Up-to-date symlink: /home/athul/ros2_ws/install/rosapi_msgs/include/rosapi_msgs/srv/service_node.h
[3.164s] -- Up-to-date symlink: /home/athul/ros2_ws/install/rosapi_msgs/include/rosapi_msgs/srv/service_providers.h
[3.165s] -- Up-to-date symlink: /home/athul/ros2_ws/install/rosapi_msgs/include/rosapi_msgs/srv/service_request_details.h
[3.165s] -- Up-to-date symlink: /home/athul/ros2_ws/install/rosapi_msgs/include/rosapi_msgs/srv/service_response_details.h
[3.166s] -- Up-to-date symlink: /home/athul/ros2_ws/install/rosapi_msgs/include/rosapi_msgs/srv/service_type.h
[3.167s] -- Up-to-date symlink: /home/athul/ros2_ws/install/rosapi_msgs/include/rosapi_msgs/srv/services.h
[3.168s] -- Up-to-date symlink: /home/athul/ros2_ws/install/rosapi_msgs/include/rosapi_msgs/srv/services_for_type.h
[3.169s] -- Up-to-date symlink: /home/athul/ros2_ws/install/rosapi_msgs/include/rosapi_msgs/srv/set_param.h
[3.170s] -- Up-to-date symlink: /home/athul/ros2_ws/install/rosapi_msgs/include/rosapi_msgs/srv/subscribers.h
[3.171s] -- Up-to-date symlink: /home/athul/ros2_ws/install/rosapi_msgs/include/rosapi_msgs/srv/topic_type.h
[3.172s] -- Up-to-date symlink: /home/athul/ros2_ws/install/rosapi_msgs/include/rosapi_msgs/srv/topics.h
[3.174s] -- Up-to-date symlink: /home/athul/ros2_ws/install/rosapi_msgs/include/rosapi_msgs/srv/topics_and_raw_types.h
[3.175s] -- Up-to-date symlink: /home/athul/ros2_ws/install/rosapi_msgs/include/rosapi_msgs/srv/topics_for_type.h
[3.176s] -- Up-to-date symlink: /home/athul/ros2_ws/install/rosapi_msgs/share/rosapi_msgs/environment/library_path.sh
[3.177s] -- Up-to-date symlink: /home/athul/ros2_ws/install/rosapi_msgs/share/rosapi_msgs/environment/library_path.dsv
[3.184s] -- Up-to-date symlink: /home/athul/ros2_ws/install/rosapi_msgs/include/rosapi_msgs/msg/detail/type_def__rosidl_typesupport_fastrtps_c.h
[3.185s] -- Up-to-date symlink: /home/athul/ros2_ws/install/rosapi_msgs/include/rosapi_msgs/msg/rosidl_typesupport_fastrtps_c__visibility_control.h
[3.186s] -- Up-to-date symlink: /home/athul/ros2_ws/install/rosapi_msgs/include/rosapi_msgs/srv/detail/delete_param__rosidl_typesupport_fastrtps_c.h
[3.187s] -- Up-to-date symlink: /home/athul/ros2_ws/install/rosapi_msgs/include/rosapi_msgs/srv/detail/get_action_servers__rosidl_typesupport_fastrtps_c.h
[3.188s] -- Up-to-date symlink: /home/athul/ros2_ws/install/rosapi_msgs/include/rosapi_msgs/srv/detail/get_param__rosidl_typesupport_fastrtps_c.h
[3.189s] -- Up-to-date symlink: /home/athul/ros2_ws/install/rosapi_msgs/include/rosapi_msgs/srv/detail/get_param_names__rosidl_typesupport_fastrtps_c.h
[3.190s] -- Up-to-date symlink: /home/athul/ros2_ws/install/rosapi_msgs/include/rosapi_msgs/srv/detail/get_ros_version__rosidl_typesupport_fastrtps_c.h
[3.192s] -- Up-to-date symlink: /home/athul/ros2_ws/install/rosapi_msgs/include/rosapi_msgs/srv/detail/get_time__rosidl_typesupport_fastrtps_c.h
[3.193s] -- Up-to-date symlink: /home/athul/ros2_ws/install/rosapi_msgs/include/rosapi_msgs/srv/detail/has_param__rosidl_typesupport_fastrtps_c.h
[3.194s] -- Up-to-date symlink: /home/athul/ros2_ws/install/rosapi_msgs/include/rosapi_msgs/srv/detail/message_details__rosidl_typesupport_fastrtps_c.h
[3.195s] -- Up-to-date symlink: /home/athul/ros2_ws/install/rosapi_msgs/include/rosapi_msgs/srv/detail/node_details__rosidl_typesupport_fastrtps_c.h
[3.196s] -- Up-to-date symlink: /home/athul/ros2_ws/install/rosapi_msgs/include/rosapi_msgs/srv/detail/nodes__rosidl_typesupport_fastrtps_c.h
[3.202s] -- Up-to-date symlink: /home/athul/ros2_ws/install/rosapi_msgs/include/rosapi_msgs/srv/detail/publishers__rosidl_typesupport_fastrtps_c.h
[3.206s] -- Up-to-date symlink: /home/athul/ros2_ws/install/rosapi_msgs/include/rosapi_msgs/srv/detail/service_node__rosidl_typesupport_fastrtps_c.h
[3.206s] -- Up-to-date symlink: /home/athul/ros2_ws/install/rosapi_msgs/include/rosapi_msgs/srv/detail/service_providers__rosidl_typesupport_fastrtps_c.h
[3.207s] -- Up-to-date symlink: /home/athul/ros2_ws/install/rosapi_msgs/include/rosapi_msgs/srv/detail/service_request_details__rosidl_typesupport_fastrtps_c.h
[3.207s] -- Up-to-date symlink: /home/athul/ros2_ws/install/rosapi_msgs/include/rosapi_msgs/srv/detail/service_response_details__rosidl_typesupport_fastrtps_c.h
[3.208s] -- Up-to-date symlink: /home/athul/ros2_ws/install/rosapi_msgs/include/rosapi_msgs/srv/detail/service_type__rosidl_typesupport_fastrtps_c.h
[3.208s] -- Up-to-date symlink: /home/athul/ros2_ws/install/rosapi_msgs/include/rosapi_msgs/srv/detail/services__rosidl_typesupport_fastrtps_c.h
[3.208s] -- Up-to-date symlink: /home/athul/ros2_ws/install/rosapi_msgs/include/rosapi_msgs/srv/detail/services_for_type__rosidl_typesupport_fastrtps_c.h
[3.209s] -- Up-to-date symlink: /home/athul/ros2_ws/install/rosapi_msgs/include/rosapi_msgs/srv/detail/set_param__rosidl_typesupport_fastrtps_c.h
[3.210s] -- Up-to-date symlink: /home/athul/ros2_ws/install/rosapi_msgs/include/rosapi_msgs/srv/detail/subscribers__rosidl_typesupport_fastrtps_c.h
[3.210s] -- Up-to-date symlink: /home/athul/ros2_ws/install/rosapi_msgs/include/rosapi_msgs/srv/detail/topic_type__rosidl_typesupport_fastrtps_c.h
[3.211s] -- Up-to-date symlink: /home/athul/ros2_ws/install/rosapi_msgs/include/rosapi_msgs/srv/detail/topics__rosidl_typesupport_fastrtps_c.h
[3.211s] -- Up-to-date symlink: /home/athul/ros2_ws/install/rosapi_msgs/include/rosapi_msgs/srv/detail/topics_and_raw_types__rosidl_typesupport_fastrtps_c.h
[3.219s] -- Up-to-date symlink: /home/athul/ros2_ws/install/rosapi_msgs/include/rosapi_msgs/srv/detail/topics_for_type__rosidl_typesupport_fastrtps_c.h
[3.221s] -- Up-to-date symlink: /home/athul/ros2_ws/install/rosapi_msgs/lib/librosapi_msgs__rosidl_typesupport_fastrtps_c.so
[3.224s] -- Up-to-date symlink: /home/athul/ros2_ws/install/rosapi_msgs/include/rosapi_msgs/msg/detail/type_def__rosidl_typesupport_fastrtps_cpp.hpp
[3.225s] -- Up-to-date symlink: /home/athul/ros2_ws/install/rosapi_msgs/include/rosapi_msgs/msg/rosidl_typesupport_fastrtps_cpp__visibility_control.h
[3.234s] -- Up-to-date symlink: /home/athul/ros2_ws/install/rosapi_msgs/include/rosapi_msgs/srv/detail/delete_param__rosidl_typesupport_fastrtps_cpp.hpp
[3.234s] -- Up-to-date symlink: /home/athul/ros2_ws/install/rosapi_msgs/include/rosapi_msgs/srv/detail/get_action_servers__rosidl_typesupport_fastrtps_cpp.hpp
[3.234s] -- Up-to-date symlink: /home/athul/ros2_ws/install/rosapi_msgs/include/rosapi_msgs/srv/detail/get_param__rosidl_typesupport_fastrtps_cpp.hpp
[3.235s] -- Up-to-date symlink: /home/athul/ros2_ws/install/rosapi_msgs/include/rosapi_msgs/srv/detail/get_param_names__rosidl_typesupport_fastrtps_cpp.hpp
[3.236s] -- Up-to-date symlink: /home/athul/ros2_ws/install/rosapi_msgs/include/rosapi_msgs/srv/detail/get_ros_version__rosidl_typesupport_fastrtps_cpp.hpp
[3.237s] -- Up-to-date symlink: /home/athul/ros2_ws/install/rosapi_msgs/include/rosapi_msgs/srv/detail/get_time__rosidl_typesupport_fastrtps_cpp.hpp
[3.238s] -- Up-to-date symlink: /home/athul/ros2_ws/install/rosapi_msgs/include/rosapi_msgs/srv/detail/has_param__rosidl_typesupport_fastrtps_cpp.hpp
[3.238s] -- Up-to-date symlink: /home/athul/ros2_ws/install/rosapi_msgs/include/rosapi_msgs/srv/detail/message_details__rosidl_typesupport_fastrtps_cpp.hpp
[3.238s] -- Up-to-date symlink: /home/athul/ros2_ws/install/rosapi_msgs/include/rosapi_msgs/srv/detail/node_details__rosidl_typesupport_fastrtps_cpp.hpp
[3.238s] -- Up-to-date symlink: /home/athul/ros2_ws/install/rosapi_msgs/include/rosapi_msgs/srv/detail/nodes__rosidl_typesupport_fastrtps_cpp.hpp
[3.239s] -- Up-to-date symlink: /home/athul/ros2_ws/install/rosapi_msgs/include/rosapi_msgs/srv/detail/publishers__rosidl_typesupport_fastrtps_cpp.hpp
[3.239s] -- Up-to-date symlink: /home/athul/ros2_ws/install/rosapi_msgs/include/rosapi_msgs/srv/detail/service_node__rosidl_typesupport_fastrtps_cpp.hpp
[3.247s] -- Up-to-date symlink: /home/athul/ros2_ws/install/rosapi_msgs/include/rosapi_msgs/srv/detail/service_providers__rosidl_typesupport_fastrtps_cpp.hpp
[3.248s] -- Up-to-date symlink: /home/athul/ros2_ws/install/rosapi_msgs/include/rosapi_msgs/srv/detail/service_request_details__rosidl_typesupport_fastrtps_cpp.hpp
[3.248s] -- Up-to-date symlink: /home/athul/ros2_ws/install/rosapi_msgs/include/rosapi_msgs/srv/detail/service_response_details__rosidl_typesupport_fastrtps_cpp.hpp
[3.249s] -- Up-to-date symlink: /home/athul/ros2_ws/install/rosapi_msgs/include/rosapi_msgs/srv/detail/service_type__rosidl_typesupport_fastrtps_cpp.hpp
[3.249s] -- Up-to-date symlink: /home/athul/ros2_ws/install/rosapi_msgs/include/rosapi_msgs/srv/detail/services__rosidl_typesupport_fastrtps_cpp.hpp
[3.249s] -- Up-to-date symlink: /home/athul/ros2_ws/install/rosapi_msgs/include/rosapi_msgs/srv/detail/services_for_type__rosidl_typesupport_fastrtps_cpp.hpp
[3.250s] -- Up-to-date symlink: /home/athul/ros2_ws/install/rosapi_msgs/include/rosapi_msgs/srv/detail/set_param__rosidl_typesupport_fastrtps_cpp.hpp
[3.250s] -- Up-to-date symlink: /home/athul/ros2_ws/install/rosapi_msgs/include/rosapi_msgs/srv/detail/subscribers__rosidl_typesupport_fastrtps_cpp.hpp
[3.251s] -- Up-to-date symlink: /home/athul/ros2_ws/install/rosapi_msgs/include/rosapi_msgs/srv/detail/topic_type__rosidl_typesupport_fastrtps_cpp.hpp
[3.254s] -- Up-to-date symlink: /home/athul/ros2_ws/install/rosapi_msgs/include/rosapi_msgs/srv/detail/topics__rosidl_typesupport_fastrtps_cpp.hpp
[3.255s] -- Up-to-date symlink: /home/athul/ros2_ws/install/rosapi_msgs/include/rosapi_msgs/srv/detail/topics_and_raw_types__rosidl_typesupport_fastrtps_cpp.hpp
[3.255s] -- Up-to-date symlink: /home/athul/ros2_ws/install/rosapi_msgs/include/rosapi_msgs/srv/detail/topics_for_type__rosidl_typesupport_fastrtps_cpp.hpp
[3.256s] -- Up-to-date symlink: /home/athul/ros2_ws/install/rosapi_msgs/lib/librosapi_msgs__rosidl_typesupport_fastrtps_cpp.so
[3.258s] -- Up-to-date symlink: /home/athul/ros2_ws/install/rosapi_msgs/include/rosapi_msgs/msg/detail/type_def__rosidl_typesupport_introspection_c.h
[3.259s] -- Up-to-date symlink: /home/athul/ros2_ws/install/rosapi_msgs/include/rosapi_msgs/msg/rosidl_typesupport_introspection_c__visibility_control.h
[3.260s] -- Up-to-date symlink: /home/athul/ros2_ws/install/rosapi_msgs/include/rosapi_msgs/srv/detail/delete_param__rosidl_typesupport_introspection_c.h
[3.260s] -- Up-to-date symlink: /home/athul/ros2_ws/install/rosapi_msgs/include/rosapi_msgs/srv/detail/get_action_servers__rosidl_typesupport_introspection_c.h
[3.272s] -- Up-to-date symlink: /home/athul/ros2_ws/install/rosapi_msgs/include/rosapi_msgs/srv/detail/get_param__rosidl_typesupport_introspection_c.h
[3.272s] -- Up-to-date symlink: /home/athul/ros2_ws/install/rosapi_msgs/include/rosapi_msgs/srv/detail/get_param_names__rosidl_typesupport_introspection_c.h
[3.272s] -- Up-to-date symlink: /home/athul/ros2_ws/install/rosapi_msgs/include/rosapi_msgs/srv/detail/get_ros_version__rosidl_typesupport_introspection_c.h
[3.272s] -- Up-to-date symlink: /home/athul/ros2_ws/install/rosapi_msgs/include/rosapi_msgs/srv/detail/get_time__rosidl_typesupport_introspection_c.h
[3.273s] -- Up-to-date symlink: /home/athul/ros2_ws/install/rosapi_msgs/include/rosapi_msgs/srv/detail/has_param__rosidl_typesupport_introspection_c.h
[3.275s] -- Up-to-date symlink: /home/athul/ros2_ws/install/rosapi_msgs/include/rosapi_msgs/srv/detail/message_details__rosidl_typesupport_introspection_c.h
[3.275s] -- Up-to-date symlink: /home/athul/ros2_ws/install/rosapi_msgs/include/rosapi_msgs/srv/detail/node_details__rosidl_typesupport_introspection_c.h
[3.276s] -- Up-to-date symlink: /home/athul/ros2_ws/install/rosapi_msgs/include/rosapi_msgs/srv/detail/nodes__rosidl_typesupport_introspection_c.h
[3.276s] -- Up-to-date symlink: /home/athul/ros2_ws/install/rosapi_msgs/include/rosapi_msgs/srv/detail/publishers__rosidl_typesupport_introspection_c.h
[3.277s] -- Up-to-date symlink: /home/athul/ros2_ws/install/rosapi_msgs/include/rosapi_msgs/srv/detail/service_node__rosidl_typesupport_introspection_c.h
[3.277s] -- Up-to-date symlink: /home/athul/ros2_ws/install/rosapi_msgs/include/rosapi_msgs/srv/detail/service_providers__rosidl_typesupport_introspection_c.h
[3.278s] -- Up-to-date symlink: /home/athul/ros2_ws/install/rosapi_msgs/include/rosapi_msgs/srv/detail/service_request_details__rosidl_typesupport_introspection_c.h
[3.278s] -- Up-to-date symlink: /home/athul/ros2_ws/install/rosapi_msgs/include/rosapi_msgs/srv/detail/service_response_details__rosidl_typesupport_introspection_c.h
[3.279s] -- Up-to-date symlink: /home/athul/ros2_ws/install/rosapi_msgs/include/rosapi_msgs/srv/detail/service_type__rosidl_typesupport_introspection_c.h
[3.281s] -- Up-to-date symlink: /home/athul/ros2_ws/install/rosapi_msgs/include/rosapi_msgs/srv/detail/services__rosidl_typesupport_introspection_c.h
[3.282s] -- Up-to-date symlink: /home/athul/ros2_ws/install/rosapi_msgs/include/rosapi_msgs/srv/detail/services_for_type__rosidl_typesupport_introspection_c.h
[3.282s] -- Up-to-date symlink: /home/athul/ros2_ws/install/rosapi_msgs/include/rosapi_msgs/srv/detail/set_param__rosidl_typesupport_introspection_c.h
[3.283s] -- Up-to-date symlink: /home/athul/ros2_ws/install/rosapi_msgs/include/rosapi_msgs/srv/detail/subscribers__rosidl_typesupport_introspection_c.h
[3.283s] -- Up-to-date symlink: /home/athul/ros2_ws/install/rosapi_msgs/include/rosapi_msgs/srv/detail/topic_type__rosidl_typesupport_introspection_c.h
[3.289s] -- Up-to-date symlink: /home/athul/ros2_ws/install/rosapi_msgs/include/rosapi_msgs/srv/detail/topics__rosidl_typesupport_introspection_c.h
[3.290s] -- Up-to-date symlink: /home/athul/ros2_ws/install/rosapi_msgs/include/rosapi_msgs/srv/detail/topics_and_raw_types__rosidl_typesupport_introspection_c.h
[3.290s] -- Up-to-date symlink: /home/athul/ros2_ws/install/rosapi_msgs/include/rosapi_msgs/srv/detail/topics_for_type__rosidl_typesupport_introspection_c.h
[3.294s] -- Up-to-date symlink: /home/athul/ros2_ws/install/rosapi_msgs/include/rosapi_msgs/msg/detail/type_def__builder.hpp
[3.294s] -- Up-to-date symlink: /home/athul/ros2_ws/install/rosapi_msgs/include/rosapi_msgs/msg/detail/type_def__struct.hpp
[3.295s] -- Up-to-date symlink: /home/athul/ros2_ws/install/rosapi_msgs/include/rosapi_msgs/msg/detail/type_def__traits.hpp
[3.303s] -- Up-to-date symlink: /home/athul/ros2_ws/install/rosapi_msgs/include/rosapi_msgs/msg/type_def.hpp
[3.303s] -- Up-to-date symlink: /home/athul/ros2_ws/install/rosapi_msgs/include/rosapi_msgs/srv/delete_param.hpp
[3.304s] -- Up-to-date symlink: /home/athul/ros2_ws/install/rosapi_msgs/include/rosapi_msgs/srv/detail/delete_param__builder.hpp
[3.304s] -- Up-to-date symlink: /home/athul/ros2_ws/install/rosapi_msgs/include/rosapi_msgs/srv/detail/delete_param__struct.hpp
[3.305s] -- Up-to-date symlink: /home/athul/ros2_ws/install/rosapi_msgs/include/rosapi_msgs/srv/detail/delete_param__traits.hpp
[3.305s] -- Up-to-date symlink: /home/athul/ros2_ws/install/rosapi_msgs/include/rosapi_msgs/srv/detail/get_action_servers__builder.hpp
[3.306s] -- Up-to-date symlink: /home/athul/ros2_ws/install/rosapi_msgs/include/rosapi_msgs/srv/detail/get_action_servers__struct.hpp
[3.306s] -- Up-to-date symlink: /home/athul/ros2_ws/install/rosapi_msgs/include/rosapi_msgs/srv/detail/get_action_servers__traits.hpp
[3.307s] -- Up-to-date symlink: /home/athul/ros2_ws/install/rosapi_msgs/include/rosapi_msgs/srv/detail/get_param__builder.hpp
[3.307s] -- Up-to-date symlink: /home/athul/ros2_ws/install/rosapi_msgs/include/rosapi_msgs/srv/detail/get_param__struct.hpp
[3.308s] -- Up-to-date symlink: /home/athul/ros2_ws/install/rosapi_msgs/include/rosapi_msgs/srv/detail/get_param__traits.hpp
[3.308s] -- Up-to-date symlink: /home/athul/ros2_ws/install/rosapi_msgs/include/rosapi_msgs/srv/detail/get_param_names__builder.hpp
[3.309s] -- Up-to-date symlink: /home/athul/ros2_ws/install/rosapi_msgs/include/rosapi_msgs/srv/detail/get_param_names__struct.hpp
[3.313s] -- Up-to-date symlink: /home/athul/ros2_ws/install/rosapi_msgs/include/rosapi_msgs/srv/detail/get_param_names__traits.hpp
[3.313s] -- Up-to-date symlink: /home/athul/ros2_ws/install/rosapi_msgs/include/rosapi_msgs/srv/detail/get_ros_version__builder.hpp
[3.314s] -- Up-to-date symlink: /home/athul/ros2_ws/install/rosapi_msgs/include/rosapi_msgs/srv/detail/get_ros_version__struct.hpp
[3.314s] -- Up-to-date symlink: /home/athul/ros2_ws/install/rosapi_msgs/include/rosapi_msgs/srv/detail/get_ros_version__traits.hpp
[3.315s] -- Up-to-date symlink: /home/athul/ros2_ws/install/rosapi_msgs/include/rosapi_msgs/srv/detail/get_time__builder.hpp
[3.315s] -- Up-to-date symlink: /home/athul/ros2_ws/install/rosapi_msgs/include/rosapi_msgs/srv/detail/get_time__struct.hpp
[3.342s] -- Up-to-date symlink: /home/athul/ros2_ws/install/rosapi_msgs/include/rosapi_msgs/srv/detail/get_time__traits.hpp
[3.357s] -- Up-to-date symlink: /home/athul/ros2_ws/install/rosapi_msgs/include/rosapi_msgs/srv/detail/has_param__builder.hpp
[3.358s] -- Up-to-date symlink: /home/athul/ros2_ws/install/rosapi_msgs/include/rosapi_msgs/srv/detail/has_param__struct.hpp
[3.359s] -- Up-to-date symlink: /home/athul/ros2_ws/install/rosapi_msgs/include/rosapi_msgs/srv/detail/has_param__traits.hpp
[3.360s] -- Up-to-date symlink: /home/athul/ros2_ws/install/rosapi_msgs/include/rosapi_msgs/srv/detail/message_details__builder.hpp
[3.367s] -- Up-to-date symlink: /home/athul/ros2_ws/install/rosapi_msgs/include/rosapi_msgs/srv/detail/message_details__struct.hpp
[3.368s] -- Up-to-date symlink: /home/athul/ros2_ws/install/rosapi_msgs/include/rosapi_msgs/srv/detail/message_details__traits.hpp
[3.369s] -- Up-to-date symlink: /home/athul/ros2_ws/install/rosapi_msgs/include/rosapi_msgs/srv/detail/node_details__builder.hpp
[3.370s] -- Up-to-date symlink: /home/athul/ros2_ws/install/rosapi_msgs/include/rosapi_msgs/srv/detail/node_details__struct.hpp
[3.370s] -- Up-to-date symlink: /home/athul/ros2_ws/install/rosapi_msgs/include/rosapi_msgs/srv/detail/node_details__traits.hpp
[3.379s] -- Up-to-date symlink: /home/athul/ros2_ws/install/rosapi_msgs/include/rosapi_msgs/srv/detail/nodes__builder.hpp
[3.392s] -- Up-to-date symlink: /home/athul/ros2_ws/install/rosapi_msgs/include/rosapi_msgs/srv/detail/nodes__struct.hpp
[3.393s] -- Up-to-date symlink: /home/athul/ros2_ws/install/rosapi_msgs/include/rosapi_msgs/srv/detail/nodes__traits.hpp
[3.394s] -- Up-to-date symlink: /home/athul/ros2_ws/install/rosapi_msgs/include/rosapi_msgs/srv/detail/publishers__builder.hpp
[3.395s] -- Up-to-date symlink: /home/athul/ros2_ws/install/rosapi_msgs/include/rosapi_msgs/srv/detail/publishers__struct.hpp
[3.395s] -- Up-to-date symlink: /home/athul/ros2_ws/install/rosapi_msgs/include/rosapi_msgs/srv/detail/publishers__traits.hpp
[3.395s] -- Up-to-date symlink: /home/athul/ros2_ws/install/rosapi_msgs/include/rosapi_msgs/srv/detail/service_node__builder.hpp
[3.397s] -- Up-to-date symlink: /home/athul/ros2_ws/install/rosapi_msgs/include/rosapi_msgs/srv/detail/service_node__struct.hpp
[3.398s] -- Up-to-date symlink: /home/athul/ros2_ws/install/rosapi_msgs/include/rosapi_msgs/srv/detail/service_node__traits.hpp
[3.399s] -- Up-to-date symlink: /home/athul/ros2_ws/install/rosapi_msgs/include/rosapi_msgs/srv/detail/service_providers__builder.hpp
[3.404s] -- Up-to-date symlink: /home/athul/ros2_ws/install/rosapi_msgs/include/rosapi_msgs/srv/detail/service_providers__struct.hpp
[3.404s] -- Up-to-date symlink: /home/athul/ros2_ws/install/rosapi_msgs/include/rosapi_msgs/srv/detail/service_providers__traits.hpp
[3.414s] -- Up-to-date symlink: /home/athul/ros2_ws/install/rosapi_msgs/include/rosapi_msgs/srv/detail/service_request_details__builder.hpp
[3.415s] -- Up-to-date symlink: /home/athul/ros2_ws/install/rosapi_msgs/include/rosapi_msgs/srv/detail/service_request_details__struct.hpp
[3.416s] -- Up-to-date symlink: /home/athul/ros2_ws/install/rosapi_msgs/include/rosapi_msgs/srv/detail/service_request_details__traits.hpp
[3.418s] -- Up-to-date symlink: /home/athul/ros2_ws/install/rosapi_msgs/include/rosapi_msgs/srv/detail/service_response_details__builder.hpp
[3.435s] -- Up-to-date symlink: /home/athul/ros2_ws/install/rosapi_msgs/include/rosapi_msgs/srv/detail/service_response_details__struct.hpp
[3.436s] -- Up-to-date symlink: /home/athul/ros2_ws/install/rosapi_msgs/include/rosapi_msgs/srv/detail/service_response_details__traits.hpp
[3.444s] -- Up-to-date symlink: /home/athul/ros2_ws/install/rosapi_msgs/include/rosapi_msgs/srv/detail/service_type__builder.hpp
[3.446s] -- Up-to-date symlink: /home/athul/ros2_ws/install/rosapi_msgs/include/rosapi_msgs/srv/detail/service_type__struct.hpp
[3.447s] -- Up-to-date symlink: /home/athul/ros2_ws/install/rosapi_msgs/include/rosapi_msgs/srv/detail/service_type__traits.hpp
[3.457s] -- Up-to-date symlink: /home/athul/ros2_ws/install/rosapi_msgs/include/rosapi_msgs/srv/detail/services__builder.hpp
[3.457s] -- Up-to-date symlink: /home/athul/ros2_ws/install/rosapi_msgs/include/rosapi_msgs/srv/detail/services__struct.hpp
[3.457s] -- Up-to-date symlink: /home/athul/ros2_ws/install/rosapi_msgs/include/rosapi_msgs/srv/detail/services__traits.hpp
[3.457s] -- Up-to-date symlink: /home/athul/ros2_ws/install/rosapi_msgs/include/rosapi_msgs/srv/detail/services_for_type__builder.hpp
[3.458s] -- Up-to-date symlink: /home/athul/ros2_ws/install/rosapi_msgs/include/rosapi_msgs/srv/detail/services_for_type__struct.hpp
[3.458s] -- Up-to-date symlink: /home/athul/ros2_ws/install/rosapi_msgs/include/rosapi_msgs/srv/detail/services_for_type__traits.hpp
[3.458s] -- Up-to-date symlink: /home/athul/ros2_ws/install/rosapi_msgs/include/rosapi_msgs/srv/detail/set_param__builder.hpp
[3.458s] -- Up-to-date symlink: /home/athul/ros2_ws/install/rosapi_msgs/include/rosapi_msgs/srv/detail/set_param__struct.hpp
[3.458s] -- Up-to-date symlink: /home/athul/ros2_ws/install/rosapi_msgs/include/rosapi_msgs/srv/detail/set_param__traits.hpp
[3.458s] -- Up-to-date symlink: /home/athul/ros2_ws/install/rosapi_msgs/include/rosapi_msgs/srv/detail/subscribers__builder.hpp
[3.458s] -- Up-to-date symlink: /home/athul/ros2_ws/install/rosapi_msgs/include/rosapi_msgs/srv/detail/subscribers__struct.hpp
[3.459s] -- Up-to-date symlink: /home/athul/ros2_ws/install/rosapi_msgs/include/rosapi_msgs/srv/detail/subscribers__traits.hpp
[3.459s] -- Up-to-date symlink: /home/athul/ros2_ws/install/rosapi_msgs/include/rosapi_msgs/srv/detail/topic_type__builder.hpp
[3.459s] -- Up-to-date symlink: /home/athul/ros2_ws/install/rosapi_msgs/include/rosapi_msgs/srv/detail/topic_type__struct.hpp
[3.459s] -- Up-to-date symlink: /home/athul/ros2_ws/install/rosapi_msgs/include/rosapi_msgs/srv/detail/topic_type__traits.hpp
[3.459s] -- Up-to-date symlink: /home/athul/ros2_ws/install/rosapi_msgs/include/rosapi_msgs/srv/detail/topics__builder.hpp
[3.459s] -- Up-to-date symlink: /home/athul/ros2_ws/install/rosapi_msgs/include/rosapi_msgs/srv/detail/topics__struct.hpp
[3.460s] -- Up-to-date symlink: /home/athul/ros2_ws/install/rosapi_msgs/include/rosapi_msgs/srv/detail/topics__traits.hpp
[3.471s] -- Up-to-date symlink: /home/athul/ros2_ws/install/rosapi_msgs/include/rosapi_msgs/srv/detail/topics_and_raw_types__builder.hpp
[3.471s] -- Up-to-date symlink: /home/athul/ros2_ws/install/rosapi_msgs/include/rosapi_msgs/srv/detail/topics_and_raw_types__struct.hpp
[3.472s] -- Up-to-date symlink: /home/athul/ros2_ws/install/rosapi_msgs/include/rosapi_msgs/srv/detail/topics_and_raw_types__traits.hpp
[3.472s] -- Up-to-date symlink: /home/athul/ros2_ws/install/rosapi_msgs/include/rosapi_msgs/srv/detail/topics_for_type__builder.hpp
[3.473s] -- Up-to-date symlink: /home/athul/ros2_ws/install/rosapi_msgs/include/rosapi_msgs/srv/detail/topics_for_type__struct.hpp
[3.473s] -- Up-to-date symlink: /home/athul/ros2_ws/install/rosapi_msgs/include/rosapi_msgs/srv/detail/topics_for_type__traits.hpp
[3.473s] -- Up-to-date symlink: /home/athul/ros2_ws/install/rosapi_msgs/include/rosapi_msgs/srv/get_action_servers.hpp
[3.473s] -- Up-to-date symlink: /home/athul/ros2_ws/install/rosapi_msgs/include/rosapi_msgs/srv/get_param.hpp
[3.473s] -- Up-to-date symlink: /home/athul/ros2_ws/install/rosapi_msgs/include/rosapi_msgs/srv/get_param_names.hpp
[3.473s] -- Up-to-date symlink: /home/athul/ros2_ws/install/rosapi_msgs/include/rosapi_msgs/srv/get_ros_version.hpp
[3.474s] -- Up-to-date symlink: /home/athul/ros2_ws/install/rosapi_msgs/include/rosapi_msgs/srv/get_time.hpp
[3.474s] -- Up-to-date symlink: /home/athul/ros2_ws/install/rosapi_msgs/include/rosapi_msgs/srv/has_param.hpp
[3.474s] -- Up-to-date symlink: /home/athul/ros2_ws/install/rosapi_msgs/include/rosapi_msgs/srv/message_details.hpp
[3.475s] -- Up-to-date symlink: /home/athul/ros2_ws/install/rosapi_msgs/include/rosapi_msgs/srv/node_details.hpp
[3.475s] -- Up-to-date symlink: /home/athul/ros2_ws/install/rosapi_msgs/include/rosapi_msgs/srv/nodes.hpp
[3.475s] -- Up-to-date symlink: /home/athul/ros2_ws/install/rosapi_msgs/include/rosapi_msgs/srv/publishers.hpp
[3.475s] -- Up-to-date symlink: /home/athul/ros2_ws/install/rosapi_msgs/include/rosapi_msgs/srv/service_node.hpp
[3.475s] -- Up-to-date symlink: /home/athul/ros2_ws/install/rosapi_msgs/include/rosapi_msgs/srv/service_providers.hpp
[3.476s] -- Up-to-date symlink: /home/athul/ros2_ws/install/rosapi_msgs/include/rosapi_msgs/srv/service_request_details.hpp
[3.476s] -- Up-to-date symlink: /home/athul/ros2_ws/install/rosapi_msgs/include/rosapi_msgs/srv/service_response_details.hpp
[3.476s] -- Up-to-date symlink: /home/athul/ros2_ws/install/rosapi_msgs/include/rosapi_msgs/srv/service_type.hpp
[3.476s] -- Up-to-date symlink: /home/athul/ros2_ws/install/rosapi_msgs/include/rosapi_msgs/srv/services.hpp
[3.476s] -- Up-to-date symlink: /home/athul/ros2_ws/install/rosapi_msgs/include/rosapi_msgs/srv/services_for_type.hpp
[3.477s] -- Up-to-date symlink: /home/athul/ros2_ws/install/rosapi_msgs/include/rosapi_msgs/srv/set_param.hpp
[3.477s] -- Up-to-date symlink: /home/athul/ros2_ws/install/rosapi_msgs/include/rosapi_msgs/srv/subscribers.hpp
[3.477s] -- Up-to-date symlink: /home/athul/ros2_ws/install/rosapi_msgs/include/rosapi_msgs/srv/topic_type.hpp
[3.477s] -- Up-to-date symlink: /home/athul/ros2_ws/install/rosapi_msgs/include/rosapi_msgs/srv/topics.hpp
[3.477s] -- Up-to-date symlink: /home/athul/ros2_ws/install/rosapi_msgs/include/rosapi_msgs/srv/topics_and_raw_types.hpp
[3.477s] -- Up-to-date symlink: /home/athul/ros2_ws/install/rosapi_msgs/include/rosapi_msgs/srv/topics_for_type.hpp
[3.499s] -- Up-to-date symlink: /home/athul/ros2_ws/install/rosapi_msgs/include/rosapi_msgs/msg/detail/type_def__rosidl_typesupport_introspection_cpp.hpp
[3.499s] -- Up-to-date symlink: /home/athul/ros2_ws/install/rosapi_msgs/include/rosapi_msgs/srv/detail/delete_param__rosidl_typesupport_introspection_cpp.hpp
[3.500s] -- Up-to-date symlink: /home/athul/ros2_ws/install/rosapi_msgs/include/rosapi_msgs/srv/detail/get_action_servers__rosidl_typesupport_introspection_cpp.hpp
[3.500s] -- Up-to-date symlink: /home/athul/ros2_ws/install/rosapi_msgs/include/rosapi_msgs/srv/detail/get_param__rosidl_typesupport_introspection_cpp.hpp
[3.500s] -- Up-to-date symlink: /home/athul/ros2_ws/install/rosapi_msgs/include/rosapi_msgs/srv/detail/get_param_names__rosidl_typesupport_introspection_cpp.hpp
[3.500s] -- Up-to-date symlink: /home/athul/ros2_ws/install/rosapi_msgs/include/rosapi_msgs/srv/detail/get_ros_version__rosidl_typesupport_introspection_cpp.hpp
[3.500s] -- Up-to-date symlink: /home/athul/ros2_ws/install/rosapi_msgs/include/rosapi_msgs/srv/detail/get_time__rosidl_typesupport_introspection_cpp.hpp
[3.500s] -- Up-to-date symlink: /home/athul/ros2_ws/install/rosapi_msgs/include/rosapi_msgs/srv/detail/has_param__rosidl_typesupport_introspection_cpp.hpp
[3.501s] -- Up-to-date symlink: /home/athul/ros2_ws/install/rosapi_msgs/include/rosapi_msgs/srv/detail/message_details__rosidl_typesupport_introspection_cpp.hpp
[3.501s] -- Up-to-date symlink: /home/athul/ros2_ws/install/rosapi_msgs/include/rosapi_msgs/srv/detail/node_details__rosidl_typesupport_introspection_cpp.hpp
[3.501s] -- Up-to-date symlink: /home/athul/ros2_ws/install/rosapi_msgs/include/rosapi_msgs/srv/detail/nodes__rosidl_typesupport_introspection_cpp.hpp
[3.501s] -- Up-to-date symlink: /home/athul/ros2_ws/install/rosapi_msgs/include/rosapi_msgs/srv/detail/publishers__rosidl_typesupport_introspection_cpp.hpp
[3.501s] -- Up-to-date symlink: /home/athul/ros2_ws/install/rosapi_msgs/include/rosapi_msgs/srv/detail/service_node__rosidl_typesupport_introspection_cpp.hpp
[3.501s] -- Up-to-date symlink: /home/athul/ros2_ws/install/rosapi_msgs/include/rosapi_msgs/srv/detail/service_providers__rosidl_typesupport_introspection_cpp.hpp
[3.502s] -- Up-to-date symlink: /home/athul/ros2_ws/install/rosapi_msgs/include/rosapi_msgs/srv/detail/service_request_details__rosidl_typesupport_introspection_cpp.hpp
[3.502s] -- Up-to-date symlink: /home/athul/ros2_ws/install/rosapi_msgs/include/rosapi_msgs/srv/detail/service_response_details__rosidl_typesupport_introspection_cpp.hpp
[3.509s] -- Up-to-date symlink: /home/athul/ros2_ws/install/rosapi_msgs/include/rosapi_msgs/srv/detail/service_type__rosidl_typesupport_introspection_cpp.hpp
[3.510s] -- Up-to-date symlink: /home/athul/ros2_ws/install/rosapi_msgs/include/rosapi_msgs/srv/detail/services__rosidl_typesupport_introspection_cpp.hpp
[3.510s] -- Up-to-date symlink: /home/athul/ros2_ws/install/rosapi_msgs/include/rosapi_msgs/srv/detail/services_for_type__rosidl_typesupport_introspection_cpp.hpp
[3.510s] -- Up-to-date symlink: /home/athul/ros2_ws/install/rosapi_msgs/include/rosapi_msgs/srv/detail/set_param__rosidl_typesupport_introspection_cpp.hpp
[3.511s] -- Up-to-date symlink: /home/athul/ros2_ws/install/rosapi_msgs/include/rosapi_msgs/srv/detail/subscribers__rosidl_typesupport_introspection_cpp.hpp
[3.512s] -- Up-to-date symlink: /home/athul/ros2_ws/install/rosapi_msgs/include/rosapi_msgs/srv/detail/topic_type__rosidl_typesupport_introspection_cpp.hpp
[3.512s] -- Up-to-date symlink: /home/athul/ros2_ws/install/rosapi_msgs/include/rosapi_msgs/srv/detail/topics__rosidl_typesupport_introspection_cpp.hpp
[3.513s] -- Up-to-date symlink: /home/athul/ros2_ws/install/rosapi_msgs/include/rosapi_msgs/srv/detail/topics_and_raw_types__rosidl_typesupport_introspection_cpp.hpp
[3.513s] -- Up-to-date symlink: /home/athul/ros2_ws/install/rosapi_msgs/include/rosapi_msgs/srv/detail/topics_for_type__rosidl_typesupport_introspection_cpp.hpp
[3.518s] -- Up-to-date symlink: /home/athul/ros2_ws/install/rosapi_msgs/share/rosapi_msgs/environment/pythonpath.sh
[3.518s] -- Up-to-date symlink: /home/athul/ros2_ws/install/rosapi_msgs/share/rosapi_msgs/environment/pythonpath.dsv
[3.518s] -- Up-to-date symlink: /home/athul/ros2_ws/install/rosapi_msgs/lib/python3.8/site-packages/rosapi_msgs/__init__.py
[3.526s] -- Up-to-date symlink: /home/athul/ros2_ws/install/rosapi_msgs/lib/python3.8/site-packages/rosapi_msgs/msg/__init__.py
[3.526s] -- Up-to-date symlink: /home/athul/ros2_ws/install/rosapi_msgs/lib/python3.8/site-packages/rosapi_msgs/msg/_type_def.py
[3.527s] -- Up-to-date symlink: /home/athul/ros2_ws/install/rosapi_msgs/lib/python3.8/site-packages/rosapi_msgs/srv/__init__.py
[3.527s] -- Up-to-date symlink: /home/athul/ros2_ws/install/rosapi_msgs/lib/python3.8/site-packages/rosapi_msgs/srv/_delete_param.py
[3.527s] -- Up-to-date symlink: /home/athul/ros2_ws/install/rosapi_msgs/lib/python3.8/site-packages/rosapi_msgs/srv/_get_action_servers.py
[3.528s] -- Up-to-date symlink: /home/athul/ros2_ws/install/rosapi_msgs/lib/python3.8/site-packages/rosapi_msgs/srv/_get_param.py
[3.528s] -- Up-to-date symlink: /home/athul/ros2_ws/install/rosapi_msgs/lib/python3.8/site-packages/rosapi_msgs/srv/_get_param_names.py
[3.528s] -- Up-to-date symlink: /home/athul/ros2_ws/install/rosapi_msgs/lib/python3.8/site-packages/rosapi_msgs/srv/_get_ros_version.py
[3.529s] -- Up-to-date symlink: /home/athul/ros2_ws/install/rosapi_msgs/lib/python3.8/site-packages/rosapi_msgs/srv/_get_time.py
[3.530s] -- Up-to-date symlink: /home/athul/ros2_ws/install/rosapi_msgs/lib/python3.8/site-packages/rosapi_msgs/srv/_has_param.py
[3.530s] -- Up-to-date symlink: /home/athul/ros2_ws/install/rosapi_msgs/lib/python3.8/site-packages/rosapi_msgs/srv/_message_details.py
[3.530s] -- Up-to-date symlink: /home/athul/ros2_ws/install/rosapi_msgs/lib/python3.8/site-packages/rosapi_msgs/srv/_node_details.py
[3.531s] -- Up-to-date symlink: /home/athul/ros2_ws/install/rosapi_msgs/lib/python3.8/site-packages/rosapi_msgs/srv/_nodes.py
[3.531s] -- Up-to-date symlink: /home/athul/ros2_ws/install/rosapi_msgs/lib/python3.8/site-packages/rosapi_msgs/srv/_publishers.py
[3.532s] -- Up-to-date symlink: /home/athul/ros2_ws/install/rosapi_msgs/lib/python3.8/site-packages/rosapi_msgs/srv/_service_node.py
[3.532s] -- Up-to-date symlink: /home/athul/ros2_ws/install/rosapi_msgs/lib/python3.8/site-packages/rosapi_msgs/srv/_service_providers.py
[3.533s] -- Up-to-date symlink: /home/athul/ros2_ws/install/rosapi_msgs/lib/python3.8/site-packages/rosapi_msgs/srv/_service_request_details.py
[3.533s] -- Up-to-date symlink: /home/athul/ros2_ws/install/rosapi_msgs/lib/python3.8/site-packages/rosapi_msgs/srv/_service_response_details.py
[3.534s] -- Up-to-date symlink: /home/athul/ros2_ws/install/rosapi_msgs/lib/python3.8/site-packages/rosapi_msgs/srv/_service_type.py
[3.534s] -- Up-to-date symlink: /home/athul/ros2_ws/install/rosapi_msgs/lib/python3.8/site-packages/rosapi_msgs/srv/_services.py
[3.534s] -- Up-to-date symlink: /home/athul/ros2_ws/install/rosapi_msgs/lib/python3.8/site-packages/rosapi_msgs/srv/_services_for_type.py
[3.535s] -- Up-to-date symlink: /home/athul/ros2_ws/install/rosapi_msgs/lib/python3.8/site-packages/rosapi_msgs/srv/_set_param.py
[3.535s] -- Up-to-date symlink: /home/athul/ros2_ws/install/rosapi_msgs/lib/python3.8/site-packages/rosapi_msgs/srv/_subscribers.py
[3.535s] -- Up-to-date symlink: /home/athul/ros2_ws/install/rosapi_msgs/lib/python3.8/site-packages/rosapi_msgs/srv/_topic_type.py
[3.535s] -- Up-to-date symlink: /home/athul/ros2_ws/install/rosapi_msgs/lib/python3.8/site-packages/rosapi_msgs/srv/_topics.py
[3.536s] -- Up-to-date symlink: /home/athul/ros2_ws/install/rosapi_msgs/lib/python3.8/site-packages/rosapi_msgs/srv/_topics_and_raw_types.py
[3.536s] -- Up-to-date symlink: /home/athul/ros2_ws/install/rosapi_msgs/lib/python3.8/site-packages/rosapi_msgs/srv/_topics_for_type.py
[3.536s] -- Up-to-date symlink: /home/athul/ros2_ws/install/rosapi_msgs/lib/python3.8/site-packages/rosapi_msgs/rosapi_msgs_s__rosidl_typesupport_fastrtps_c.cpython-38-x86_64-linux-gnu.so
[3.537s] -- Up-to-date symlink: /home/athul/ros2_ws/install/rosapi_msgs/lib/python3.8/site-packages/rosapi_msgs/rosapi_msgs_s__rosidl_typesupport_introspection_c.cpython-38-x86_64-linux-gnu.so
[3.549s] -- Up-to-date symlink: /home/athul/ros2_ws/install/rosapi_msgs/lib/python3.8/site-packages/rosapi_msgs/rosapi_msgs_s__rosidl_typesupport_c.cpython-38-x86_64-linux-gnu.so
[3.550s] -- Up-to-date symlink: /home/athul/ros2_ws/install/rosapi_msgs/lib/librosapi_msgs__python.so
[3.550s] -- Up-to-date symlink: /home/athul/ros2_ws/install/rosapi_msgs/share/rosapi_msgs/msg/TypeDef.idl
[3.550s] -- Up-to-date symlink: /home/athul/ros2_ws/install/rosapi_msgs/share/rosapi_msgs/srv/DeleteParam.idl
[3.551s] -- Up-to-date symlink: /home/athul/ros2_ws/install/rosapi_msgs/share/rosapi_msgs/srv/GetActionServers.idl
[3.551s] -- Up-to-date symlink: /home/athul/ros2_ws/install/rosapi_msgs/share/rosapi_msgs/srv/GetParam.idl
[3.552s] -- Up-to-date symlink: /home/athul/ros2_ws/install/rosapi_msgs/share/rosapi_msgs/srv/GetParamNames.idl
[3.552s] -- Up-to-date symlink: /home/athul/ros2_ws/install/rosapi_msgs/share/rosapi_msgs/srv/GetROSVersion.idl
[3.552s] -- Up-to-date symlink: /home/athul/ros2_ws/install/rosapi_msgs/share/rosapi_msgs/srv/GetTime.idl
[3.552s] -- Up-to-date symlink: /home/athul/ros2_ws/install/rosapi_msgs/share/rosapi_msgs/srv/HasParam.idl
[3.552s] -- Up-to-date symlink: /home/athul/ros2_ws/install/rosapi_msgs/share/rosapi_msgs/srv/MessageDetails.idl
[3.553s] -- Up-to-date symlink: /home/athul/ros2_ws/install/rosapi_msgs/share/rosapi_msgs/srv/Nodes.idl
[3.553s] -- Up-to-date symlink: /home/athul/ros2_ws/install/rosapi_msgs/share/rosapi_msgs/srv/NodeDetails.idl
[3.553s] -- Up-to-date symlink: /home/athul/ros2_ws/install/rosapi_msgs/share/rosapi_msgs/srv/Publishers.idl
[3.553s] -- Up-to-date symlink: /home/athul/ros2_ws/install/rosapi_msgs/share/rosapi_msgs/srv/ServiceNode.idl
[3.554s] -- Up-to-date symlink: /home/athul/ros2_ws/install/rosapi_msgs/share/rosapi_msgs/srv/ServiceProviders.idl
[3.554s] -- Up-to-date symlink: /home/athul/ros2_ws/install/rosapi_msgs/share/rosapi_msgs/srv/ServiceRequestDetails.idl
[3.554s] -- Up-to-date symlink: /home/athul/ros2_ws/install/rosapi_msgs/share/rosapi_msgs/srv/ServiceResponseDetails.idl
[3.554s] -- Up-to-date symlink: /home/athul/ros2_ws/install/rosapi_msgs/share/rosapi_msgs/srv/Services.idl
[3.554s] -- Up-to-date symlink: /home/athul/ros2_ws/install/rosapi_msgs/share/rosapi_msgs/srv/ServicesForType.idl
[3.555s] -- Up-to-date symlink: /home/athul/ros2_ws/install/rosapi_msgs/share/rosapi_msgs/srv/ServiceType.idl
[3.555s] -- Up-to-date symlink: /home/athul/ros2_ws/install/rosapi_msgs/share/rosapi_msgs/srv/SetParam.idl
[3.556s] -- Up-to-date symlink: /home/athul/ros2_ws/install/rosapi_msgs/share/rosapi_msgs/srv/Subscribers.idl
[3.556s] -- Up-to-date symlink: /home/athul/ros2_ws/install/rosapi_msgs/share/rosapi_msgs/srv/Topics.idl
[3.556s] -- Up-to-date symlink: /home/athul/ros2_ws/install/rosapi_msgs/share/rosapi_msgs/srv/TopicsAndRawTypes.idl
[3.557s] -- Up-to-date symlink: /home/athul/ros2_ws/install/rosapi_msgs/share/rosapi_msgs/srv/TopicsForType.idl
[3.557s] -- Up-to-date symlink: /home/athul/ros2_ws/install/rosapi_msgs/share/rosapi_msgs/srv/TopicType.idl
[3.557s] -- Up-to-date symlink: /home/athul/ros2_ws/install/rosapi_msgs/share/rosapi_msgs/msg/TypeDef.msg
[3.557s] -- Up-to-date symlink: /home/athul/ros2_ws/install/rosapi_msgs/share/rosapi_msgs/srv/DeleteParam.srv
[3.557s] -- Up-to-date symlink: /home/athul/ros2_ws/install/rosapi_msgs/share/rosapi_msgs/srv/DeleteParam_Request.msg
[3.558s] -- Up-to-date symlink: /home/athul/ros2_ws/install/rosapi_msgs/share/rosapi_msgs/srv/DeleteParam_Response.msg
[3.558s] -- Up-to-date symlink: /home/athul/ros2_ws/install/rosapi_msgs/share/rosapi_msgs/srv/GetActionServers.srv
[3.558s] -- Up-to-date symlink: /home/athul/ros2_ws/install/rosapi_msgs/share/rosapi_msgs/srv/GetActionServers_Request.msg
[3.558s] -- Up-to-date symlink: /home/athul/ros2_ws/install/rosapi_msgs/share/rosapi_msgs/srv/GetActionServers_Response.msg
[3.558s] -- Up-to-date symlink: /home/athul/ros2_ws/install/rosapi_msgs/share/rosapi_msgs/srv/GetParam.srv
[3.559s] -- Up-to-date symlink: /home/athul/ros2_ws/install/rosapi_msgs/share/rosapi_msgs/srv/GetParam_Request.msg
[3.559s] -- Up-to-date symlink: /home/athul/ros2_ws/install/rosapi_msgs/share/rosapi_msgs/srv/GetParam_Response.msg
[3.559s] -- Up-to-date symlink: /home/athul/ros2_ws/install/rosapi_msgs/share/rosapi_msgs/srv/GetParamNames.srv
[3.559s] -- Up-to-date symlink: /home/athul/ros2_ws/install/rosapi_msgs/share/rosapi_msgs/srv/GetParamNames_Request.msg
[3.559s] -- Up-to-date symlink: /home/athul/ros2_ws/install/rosapi_msgs/share/rosapi_msgs/srv/GetParamNames_Response.msg
[3.571s] -- Up-to-date symlink: /home/athul/ros2_ws/install/rosapi_msgs/share/rosapi_msgs/srv/GetROSVersion.srv
[3.572s] -- Up-to-date symlink: /home/athul/ros2_ws/install/rosapi_msgs/share/rosapi_msgs/srv/GetROSVersion_Request.msg
[3.572s] -- Up-to-date symlink: /home/athul/ros2_ws/install/rosapi_msgs/share/rosapi_msgs/srv/GetROSVersion_Response.msg
[3.572s] -- Up-to-date symlink: /home/athul/ros2_ws/install/rosapi_msgs/share/rosapi_msgs/srv/GetTime.srv
[3.573s] -- Up-to-date symlink: /home/athul/ros2_ws/install/rosapi_msgs/share/rosapi_msgs/srv/GetTime_Request.msg
[3.573s] -- Up-to-date symlink: /home/athul/ros2_ws/install/rosapi_msgs/share/rosapi_msgs/srv/GetTime_Response.msg
[3.573s] -- Up-to-date symlink: /home/athul/ros2_ws/install/rosapi_msgs/share/rosapi_msgs/srv/HasParam.srv
[3.573s] -- Up-to-date symlink: /home/athul/ros2_ws/install/rosapi_msgs/share/rosapi_msgs/srv/HasParam_Request.msg
[3.574s] -- Up-to-date symlink: /home/athul/ros2_ws/install/rosapi_msgs/share/rosapi_msgs/srv/HasParam_Response.msg
[3.574s] -- Up-to-date symlink: /home/athul/ros2_ws/install/rosapi_msgs/share/rosapi_msgs/srv/MessageDetails.srv
[3.574s] -- Up-to-date symlink: /home/athul/ros2_ws/install/rosapi_msgs/share/rosapi_msgs/srv/MessageDetails_Request.msg
[3.574s] -- Up-to-date symlink: /home/athul/ros2_ws/install/rosapi_msgs/share/rosapi_msgs/srv/MessageDetails_Response.msg
[3.575s] -- Up-to-date symlink: /home/athul/ros2_ws/install/rosapi_msgs/share/rosapi_msgs/srv/Nodes.srv
[3.575s] -- Up-to-date symlink: /home/athul/ros2_ws/install/rosapi_msgs/share/rosapi_msgs/srv/Nodes_Request.msg
[3.575s] -- Up-to-date symlink: /home/athul/ros2_ws/install/rosapi_msgs/share/rosapi_msgs/srv/Nodes_Response.msg
[3.575s] -- Up-to-date symlink: /home/athul/ros2_ws/install/rosapi_msgs/share/rosapi_msgs/srv/NodeDetails.srv
[3.576s] -- Up-to-date symlink: /home/athul/ros2_ws/install/rosapi_msgs/share/rosapi_msgs/srv/NodeDetails_Request.msg
[3.576s] -- Up-to-date symlink: /home/athul/ros2_ws/install/rosapi_msgs/share/rosapi_msgs/srv/NodeDetails_Response.msg
[3.576s] -- Up-to-date symlink: /home/athul/ros2_ws/install/rosapi_msgs/share/rosapi_msgs/srv/Publishers.srv
[3.576s] -- Up-to-date symlink: /home/athul/ros2_ws/install/rosapi_msgs/share/rosapi_msgs/srv/Publishers_Request.msg
[3.577s] -- Up-to-date symlink: /home/athul/ros2_ws/install/rosapi_msgs/share/rosapi_msgs/srv/Publishers_Response.msg
[3.578s] -- Up-to-date symlink: /home/athul/ros2_ws/install/rosapi_msgs/share/rosapi_msgs/srv/ServiceNode.srv
[3.578s] -- Up-to-date symlink: /home/athul/ros2_ws/install/rosapi_msgs/share/rosapi_msgs/srv/ServiceNode_Request.msg
[3.578s] -- Up-to-date symlink: /home/athul/ros2_ws/install/rosapi_msgs/share/rosapi_msgs/srv/ServiceNode_Response.msg
[3.578s] -- Up-to-date symlink: /home/athul/ros2_ws/install/rosapi_msgs/share/rosapi_msgs/srv/ServiceProviders.srv
[3.578s] -- Up-to-date symlink: /home/athul/ros2_ws/install/rosapi_msgs/share/rosapi_msgs/srv/ServiceProviders_Request.msg
[3.578s] -- Up-to-date symlink: /home/athul/ros2_ws/install/rosapi_msgs/share/rosapi_msgs/srv/ServiceProviders_Response.msg
[3.579s] -- Up-to-date symlink: /home/athul/ros2_ws/install/rosapi_msgs/share/rosapi_msgs/srv/ServiceRequestDetails.srv
[3.579s] -- Up-to-date symlink: /home/athul/ros2_ws/install/rosapi_msgs/share/rosapi_msgs/srv/ServiceRequestDetails_Request.msg
[3.579s] -- Up-to-date symlink: /home/athul/ros2_ws/install/rosapi_msgs/share/rosapi_msgs/srv/ServiceRequestDetails_Response.msg
[3.579s] -- Up-to-date symlink: /home/athul/ros2_ws/install/rosapi_msgs/share/rosapi_msgs/srv/ServiceResponseDetails.srv
[3.579s] -- Up-to-date symlink: /home/athul/ros2_ws/install/rosapi_msgs/share/rosapi_msgs/srv/ServiceResponseDetails_Request.msg
[3.579s] -- Up-to-date symlink: /home/athul/ros2_ws/install/rosapi_msgs/share/rosapi_msgs/srv/ServiceResponseDetails_Response.msg
[3.580s] -- Up-to-date symlink: /home/athul/ros2_ws/install/rosapi_msgs/share/rosapi_msgs/srv/Services.srv
[3.580s] -- Up-to-date symlink: /home/athul/ros2_ws/install/rosapi_msgs/share/rosapi_msgs/srv/Services_Request.msg
[3.580s] -- Up-to-date symlink: /home/athul/ros2_ws/install/rosapi_msgs/share/rosapi_msgs/srv/Services_Response.msg
[3.580s] -- Up-to-date symlink: /home/athul/ros2_ws/install/rosapi_msgs/share/rosapi_msgs/srv/ServicesForType.srv
[3.580s] -- Up-to-date symlink: /home/athul/ros2_ws/install/rosapi_msgs/share/rosapi_msgs/srv/ServicesForType_Request.msg
[3.580s] -- Up-to-date symlink: /home/athul/ros2_ws/install/rosapi_msgs/share/rosapi_msgs/srv/ServicesForType_Response.msg
[3.581s] -- Up-to-date symlink: /home/athul/ros2_ws/install/rosapi_msgs/share/rosapi_msgs/srv/ServiceType.srv
[3.581s] -- Up-to-date symlink: /home/athul/ros2_ws/install/rosapi_msgs/share/rosapi_msgs/srv/ServiceType_Request.msg
[3.582s] -- Up-to-date symlink: /home/athul/ros2_ws/install/rosapi_msgs/share/rosapi_msgs/srv/ServiceType_Response.msg
[3.587s] -- Up-to-date symlink: /home/athul/ros2_ws/install/rosapi_msgs/share/rosapi_msgs/srv/SetParam.srv
[3.588s] -- Up-to-date symlink: /home/athul/ros2_ws/install/rosapi_msgs/share/rosapi_msgs/srv/SetParam_Request.msg
[3.588s] -- Up-to-date symlink: /home/athul/ros2_ws/install/rosapi_msgs/share/rosapi_msgs/srv/SetParam_Response.msg
[3.588s] -- Up-to-date symlink: /home/athul/ros2_ws/install/rosapi_msgs/share/rosapi_msgs/srv/Subscribers.srv
[3.589s] -- Up-to-date symlink: /home/athul/ros2_ws/install/rosapi_msgs/share/rosapi_msgs/srv/Subscribers_Request.msg
[3.589s] -- Up-to-date symlink: /home/athul/ros2_ws/install/rosapi_msgs/share/rosapi_msgs/srv/Subscribers_Response.msg
[3.590s] -- Up-to-date symlink: /home/athul/ros2_ws/install/rosapi_msgs/share/rosapi_msgs/srv/Topics.srv
[3.590s] -- Up-to-date symlink: /home/athul/ros2_ws/install/rosapi_msgs/share/rosapi_msgs/srv/Topics_Request.msg
[3.590s] -- Up-to-date symlink: /home/athul/ros2_ws/install/rosapi_msgs/share/rosapi_msgs/srv/Topics_Response.msg
[3.590s] -- Up-to-date symlink: /home/athul/ros2_ws/install/rosapi_msgs/share/rosapi_msgs/srv/TopicsAndRawTypes.srv
[3.591s] -- Up-to-date symlink: /home/athul/ros2_ws/install/rosapi_msgs/share/rosapi_msgs/srv/TopicsAndRawTypes_Request.msg
[3.591s] -- Up-to-date symlink: /home/athul/ros2_ws/install/rosapi_msgs/share/rosapi_msgs/srv/TopicsAndRawTypes_Response.msg
[3.591s] -- Up-to-date symlink: /home/athul/ros2_ws/install/rosapi_msgs/share/rosapi_msgs/srv/TopicsForType.srv
[3.591s] -- Up-to-date symlink: /home/athul/ros2_ws/install/rosapi_msgs/share/rosapi_msgs/srv/TopicsForType_Request.msg
[3.592s] -- Up-to-date symlink: /home/athul/ros2_ws/install/rosapi_msgs/share/rosapi_msgs/srv/TopicsForType_Response.msg
[3.592s] -- Up-to-date symlink: /home/athul/ros2_ws/install/rosapi_msgs/share/rosapi_msgs/srv/TopicType.srv
[3.592s] -- Up-to-date symlink: /home/athul/ros2_ws/install/rosapi_msgs/share/rosapi_msgs/srv/TopicType_Request.msg
[3.592s] -- Up-to-date symlink: /home/athul/ros2_ws/install/rosapi_msgs/share/rosapi_msgs/srv/TopicType_Response.msg
[3.592s] -- Up-to-date symlink: /home/athul/ros2_ws/install/rosapi_msgs/share/ament_index/resource_index/package_run_dependencies/rosapi_msgs
[3.592s] -- Up-to-date symlink: /home/athul/ros2_ws/install/rosapi_msgs/share/ament_index/resource_index/parent_prefix_path/rosapi_msgs
[3.592s] -- Up-to-date symlink: /home/athul/ros2_ws/install/rosapi_msgs/share/rosapi_msgs/environment/ament_prefix_path.sh
[3.593s] -- Up-to-date symlink: /home/athul/ros2_ws/install/rosapi_msgs/share/rosapi_msgs/environment/ament_prefix_path.dsv
[3.593s] -- Up-to-date symlink: /home/athul/ros2_ws/install/rosapi_msgs/share/rosapi_msgs/environment/path.sh
[3.593s] -- Up-to-date symlink: /home/athul/ros2_ws/install/rosapi_msgs/share/rosapi_msgs/environment/path.dsv
[3.593s] -- Up-to-date symlink: /home/athul/ros2_ws/install/rosapi_msgs/share/rosapi_msgs/local_setup.bash
[3.593s] -- Up-to-date symlink: /home/athul/ros2_ws/install/rosapi_msgs/share/rosapi_msgs/local_setup.sh
[3.593s] -- Up-to-date symlink: /home/athul/ros2_ws/install/rosapi_msgs/share/rosapi_msgs/local_setup.zsh
[3.594s] -- Up-to-date symlink: /home/athul/ros2_ws/install/rosapi_msgs/share/rosapi_msgs/local_setup.dsv
[3.594s] -- Symlinking: /home/athul/ros2_ws/install/rosapi_msgs/share/rosapi_msgs/package.dsv
[3.611s] -- Up-to-date symlink: /home/athul/ros2_ws/install/rosapi_msgs/share/ament_index/resource_index/packages/rosapi_msgs
[3.611s] -- Up-to-date symlink: /home/athul/ros2_ws/install/rosapi_msgs/share/rosapi_msgs/cmake/rosidl_cmake-extras.cmake
[3.612s] -- Up-to-date symlink: /home/athul/ros2_ws/install/rosapi_msgs/share/rosapi_msgs/cmake/ament_cmake_export_dependencies-extras.cmake
[3.613s] -- Up-to-date symlink: /home/athul/ros2_ws/install/rosapi_msgs/share/rosapi_msgs/cmake/ament_cmake_export_libraries-extras.cmake
[3.614s] -- Up-to-date symlink: /home/athul/ros2_ws/install/rosapi_msgs/share/rosapi_msgs/cmake/ament_cmake_export_targets-extras.cmake
[3.615s] -- Up-to-date symlink: /home/athul/ros2_ws/install/rosapi_msgs/share/rosapi_msgs/cmake/ament_cmake_export_include_directories-extras.cmake
[3.616s] -- Up-to-date symlink: /home/athul/ros2_ws/install/rosapi_msgs/share/rosapi_msgs/cmake/rosidl_cmake_export_typesupport_libraries-extras.cmake
[3.617s] -- Up-to-date symlink: /home/athul/ros2_ws/install/rosapi_msgs/share/rosapi_msgs/cmake/rosidl_cmake_export_typesupport_targets-extras.cmake
[3.617s] -- Up-to-date symlink: /home/athul/ros2_ws/install/rosapi_msgs/share/rosapi_msgs/cmake/rosapi_msgsConfig.cmake
[3.618s] -- Up-to-date symlink: /home/athul/ros2_ws/install/rosapi_msgs/share/rosapi_msgs/cmake/rosapi_msgsConfig-version.cmake
[3.619s] -- Up-to-date symlink: /home/athul/ros2_ws/install/rosapi_msgs/share/rosapi_msgs/package.xml
[3.620s] -- Up-to-date: /home/athul/ros2_ws/install/rosapi_msgs/lib/librosapi_msgs__rosidl_generator_c.so
[3.623s] -- Up-to-date: /home/athul/ros2_ws/install/rosapi_msgs/lib/librosapi_msgs__rosidl_typesupport_introspection_c.so
[3.624s] -- Up-to-date: /home/athul/ros2_ws/install/rosapi_msgs/lib/librosapi_msgs__rosidl_typesupport_c.so
[3.626s] -- Up-to-date: /home/athul/ros2_ws/install/rosapi_msgs/lib/librosapi_msgs__rosidl_typesupport_introspection_cpp.so
[3.627s] -- Up-to-date: /home/athul/ros2_ws/install/rosapi_msgs/lib/librosapi_msgs__rosidl_typesupport_cpp.so
[3.764s] -- Up-to-date: /home/athul/ros2_ws/install/rosapi_msgs/share/rosapi_msgs/cmake/rosapi_msgs__rosidl_generator_cExport.cmake
[3.765s] -- Up-to-date: /home/athul/ros2_ws/install/rosapi_msgs/share/rosapi_msgs/cmake/rosapi_msgs__rosidl_generator_cExport-noconfig.cmake
[3.765s] -- Up-to-date: /home/athul/ros2_ws/install/rosapi_msgs/share/rosapi_msgs/cmake/rosapi_msgs__rosidl_typesupport_introspection_cExport.cmake
[3.765s] -- Up-to-date: /home/athul/ros2_ws/install/rosapi_msgs/share/rosapi_msgs/cmake/rosapi_msgs__rosidl_typesupport_introspection_cExport-noconfig.cmake
[3.765s] -- Up-to-date: /home/athul/ros2_ws/install/rosapi_msgs/share/rosapi_msgs/cmake/rosapi_msgs__rosidl_typesupport_cExport.cmake
[3.781s] -- Up-to-date: /home/athul/ros2_ws/install/rosapi_msgs/share/rosapi_msgs/cmake/rosapi_msgs__rosidl_typesupport_cExport-noconfig.cmake
[3.788s] -- Up-to-date: /home/athul/ros2_ws/install/rosapi_msgs/share/rosapi_msgs/cmake/rosapi_msgs__rosidl_generator_cppExport.cmake
[3.791s] -- Up-to-date: /home/athul/ros2_ws/install/rosapi_msgs/share/rosapi_msgs/cmake/rosapi_msgs__rosidl_typesupport_introspection_cppExport.cmake
[3.792s] -- Up-to-date: /home/athul/ros2_ws/install/rosapi_msgs/share/rosapi_msgs/cmake/rosapi_msgs__rosidl_typesupport_introspection_cppExport-noconfig.cmake
[3.792s] -- Up-to-date: /home/athul/ros2_ws/install/rosapi_msgs/share/rosapi_msgs/cmake/rosapi_msgs__rosidl_typesupport_cppExport.cmake
[3.792s] -- Up-to-date: /home/athul/ros2_ws/install/rosapi_msgs/share/rosapi_msgs/cmake/rosapi_msgs__rosidl_typesupport_cppExport-noconfig.cmake
[3.793s] Invoked command in '/home/athul/ros2_ws/build/rosapi_msgs' returned '0': CMAKE_PREFIX_PATH=${CMAKE_PREFIX_PATH}:/home/athul/ros2_ws/install/serial_motor_demo:/opt/ros/foxy /usr/bin/cmake --install /home/athul/ros2_ws/build/rosapi_msgs
