[0.053s] Invoking command in '/home/athul/ros2_ws/src/build/my_bot': CMAKE_PREFIX_PATH=${CMAKE_PREFIX_PATH}:/home/athul/ros2_ws/install/serial_motor_demo:/opt/ros/foxy /usr/bin/cmake --build /home/athul/ros2_ws/src/build/my_bot -- -j4 -l4
[0.121s] -- Found ament_cmake: 0.9.11 (/opt/ros/foxy/share/ament_cmake/cmake)
[0.169s] -- Using PYTHON_EXECUTABLE: /usr/bin/python3
[0.598s] -- Override CMake install command with custom implementation using symlinks instead of copying resources
[0.617s] -- Found ament_lint_auto: 0.9.7 (/opt/ros/foxy/share/ament_lint_auto/cmake)
[0.786s] -- Added test 'copyright' to check source files copyright and LICENSE
[0.829s] -- Added test 'flake8' to check Python code syntax and style conventions
[0.833s] -- Added test 'lint_cmake' to check CMake code style
[0.839s] -- Added test 'pep257' to check Python code against some of the style conventions in PEP 257
[0.862s] -- Added test 'xmllint' to check XML markup files
[0.869s] -- Configuring done
[0.875s] -- Generating done
[0.878s] -- Build files have been written to: /home/athul/ros2_ws/src/build/my_bot
[0.915s] Invoked command in '/home/athul/ros2_ws/src/build/my_bot' returned '0': CMAKE_PREFIX_PATH=${CMAKE_PREFIX_PATH}:/home/athul/ros2_ws/install/serial_motor_demo:/opt/ros/foxy /usr/bin/cmake --build /home/athul/ros2_ws/src/build/my_bot -- -j4 -l4
[0.986s] Invoking command in '/home/athul/ros2_ws/src/build/my_bot': CMAKE_PREFIX_PATH=${CMAKE_PREFIX_PATH}:/home/athul/ros2_ws/install/serial_motor_demo:/opt/ros/foxy /usr/bin/cmake --install /home/athul/ros2_ws/src/build/my_bot
[1.005s] -- Install configuration: ""
[1.006s] -- Execute custom install script
[1.007s] -- Up-to-date symlink: /home/athul/ros2_ws/src/install/my_bot/share/my_bot/config/empty.yaml
[1.008s] -- Symlinking: /home/athul/ros2_ws/src/install/my_bot/share/my_bot/config/gaz_ros2_ctl_use_sim.yaml
[1.025s] -- Symlinking: /home/athul/ros2_ws/src/install/my_bot/share/my_bot/config/gazebo_params.yaml
[1.043s] -- Symlinking: /home/athul/ros2_ws/src/install/my_bot/share/my_bot/config/main.rviz
[1.062s] -- Symlinking: /home/athul/ros2_ws/src/install/my_bot/share/my_bot/config/mainn.rviz
[1.083s] -- Up-to-date symlink: /home/athul/ros2_ws/src/install/my_bot/share/my_bot/config/my_controllers.yaml
[1.084s] -- Up-to-date symlink: /home/athul/ros2_ws/src/install/my_bot/share/my_bot/config/view_bot.rviz
[1.085s] -- Up-to-date symlink: /home/athul/ros2_ws/src/install/my_bot/share/my_bot/description/camera.xacro
[1.085s] -- Up-to-date symlink: /home/athul/ros2_ws/src/install/my_bot/share/my_bot/description/gazebo_control.xacro
[1.086s] -- Up-to-date symlink: /home/athul/ros2_ws/src/install/my_bot/share/my_bot/description/inertial_macros.xacro
[1.086s] -- Up-to-date symlink: /home/athul/ros2_ws/src/install/my_bot/share/my_bot/description/lidar.xacro
[1.087s] -- Up-to-date symlink: /home/athul/ros2_ws/src/install/my_bot/share/my_bot/description/robot.urdf.xacro
[1.087s] -- Up-to-date symlink: /home/athul/ros2_ws/src/install/my_bot/share/my_bot/description/robot_core.xacro
[1.088s] -- Up-to-date symlink: /home/athul/ros2_ws/src/install/my_bot/share/my_bot/description/ros2_control.xacro
[1.089s] -- Symlinking: /home/athul/ros2_ws/src/install/my_bot/share/my_bot/launch/camera.launch.py
[1.104s] -- Symlinking: /home/athul/ros2_ws/src/install/my_bot/share/my_bot/launch/launch_robot.launch.py
[1.119s] -- Up-to-date symlink: /home/athul/ros2_ws/src/install/my_bot/share/my_bot/launch/launch_sim.launch.py
[1.119s] -- Symlinking: /home/athul/ros2_ws/src/install/my_bot/share/my_bot/launch/rplidar.launch.py
[1.138s] -- Up-to-date symlink: /home/athul/ros2_ws/src/install/my_bot/share/my_bot/launch/rsp.launch.py
[1.139s] -- Up-to-date symlink: /home/athul/ros2_ws/src/install/my_bot/share/my_bot/worlds/empty.world
[1.140s] -- Up-to-date symlink: /home/athul/ros2_ws/src/install/my_bot/share/my_bot/worlds/obstacle.world
[1.140s] -- Up-to-date symlink: /home/athul/ros2_ws/src/install/my_bot/share/my_bot/worlds/obstacles.world
[1.142s] -- Up-to-date symlink: /home/athul/ros2_ws/src/install/my_bot/share/ament_index/resource_index/package_run_dependencies/my_bot
[1.143s] -- Up-to-date symlink: /home/athul/ros2_ws/src/install/my_bot/share/ament_index/resource_index/parent_prefix_path/my_bot
[1.144s] -- Up-to-date symlink: /home/athul/ros2_ws/src/install/my_bot/share/my_bot/environment/ament_prefix_path.sh
[1.145s] -- Up-to-date symlink: /home/athul/ros2_ws/src/install/my_bot/share/my_bot/environment/ament_prefix_path.dsv
[1.151s] -- Up-to-date symlink: /home/athul/ros2_ws/src/install/my_bot/share/my_bot/environment/path.sh
[1.151s] -- Up-to-date symlink: /home/athul/ros2_ws/src/install/my_bot/share/my_bot/environment/path.dsv
[1.151s] -- Up-to-date symlink: /home/athul/ros2_ws/src/install/my_bot/share/my_bot/local_setup.bash
[1.151s] -- Up-to-date symlink: /home/athul/ros2_ws/src/install/my_bot/share/my_bot/local_setup.sh
[1.152s] -- Up-to-date symlink: /home/athul/ros2_ws/src/install/my_bot/share/my_bot/local_setup.zsh
[1.152s] -- Up-to-date symlink: /home/athul/ros2_ws/src/install/my_bot/share/my_bot/local_setup.dsv
[1.152s] -- Symlinking: /home/athul/ros2_ws/src/install/my_bot/share/my_bot/package.dsv
[1.166s] -- Up-to-date symlink: /home/athul/ros2_ws/src/install/my_bot/share/ament_index/resource_index/packages/my_bot
[1.167s] -- Up-to-date symlink: /home/athul/ros2_ws/src/install/my_bot/share/my_bot/cmake/my_botConfig.cmake
[1.168s] -- Up-to-date symlink: /home/athul/ros2_ws/src/install/my_bot/share/my_bot/cmake/my_botConfig-version.cmake
[1.169s] -- Up-to-date symlink: /home/athul/ros2_ws/src/install/my_bot/share/my_bot/package.xml
[1.176s] Invoked command in '/home/athul/ros2_ws/src/build/my_bot' returned '0': CMAKE_PREFIX_PATH=${CMAKE_PREFIX_PATH}:/home/athul/ros2_ws/install/serial_motor_demo:/opt/ros/foxy /usr/bin/cmake --install /home/athul/ros2_ws/src/build/my_bot
