[0.489s] Invoking command in '/home/athul/ros2_ws/build/rosbridge_library': CMAKE_PREFIX_PATH=/home/athul/ros2_ws/install/rosbridge_test_msgs:/home/athul/ros2_ws/install/serial_motor_demo_msgs:/home/athul/ros2_ws/install/rosbridge_suite:/home/athul/ros2_ws/install/rosbridge_server:/home/athul/ros2_ws/install/rosbridge_msgs:/home/athul/ros2_ws/install/rosapi:/home/athul/ros2_ws/install/rosbridge_library:/home/athul/ros2_ws/install/rosapi_msgs:/home/athul/ros2_ws/install/my_bot:/home/athul/ros2_ws/install/gazebo_ros2_control_demos:/home/athul/ros2_ws/install/gazebo_ros2_control:/home/athul/ros2_ws/install/serial_motor_demo:/opt/ros/foxy LD_LIBRARY_PATH=/home/athul/ros2_ws/install/rosbridge_test_msgs/lib:/home/athul/ros2_ws/install/serial_motor_demo_msgs/lib:/home/athul/ros2_ws/install/rosbridge_msgs/lib:/home/athul/ros2_ws/install/rosapi_msgs/lib:/home/athul/ros2_ws/install/gazebo_ros2_control/lib:/usr/lib/x86_64-linux-gnu/gazebo-11/plugins:/opt/ros/foxy/opt/yaml_cpp_vendor/lib:/opt/ros/foxy/opt/rviz_ogre_vendor/lib:/opt/ros/foxy/lib/x86_64-linux-gnu:/opt/ros/foxy/lib PYTHONPATH=/home/athul/ros2_ws/install/rosbridge_test_msgs/lib/python3.8/site-packages:/home/athul/ros2_ws/build/serial_motor_demo:/home/athul/ros2_ws/install/serial_motor_demo/lib/python3.8/site-packages:/home/athul/ros2_ws/install/serial_motor_demo_msgs/lib/python3.8/site-packages:/home/athul/ros2_ws/install/rosbridge_server/lib/python3.8/site-packages:/home/athul/ros2_ws/install/rosbridge_msgs/lib/python3.8/site-packages:/home/athul/ros2_ws/install/rosapi/lib/python3.8/site-packages:/home/athul/ros2_ws/install/rosbridge_library/lib/python3.8/site-packages:/home/athul/ros2_ws/install/rosapi_msgs/lib/python3.8/site-packages:/opt/ros/foxy/lib/python3.8/site-packages /usr/bin/cmake --build /home/athul/ros2_ws/build/rosbridge_library -- -j4 -l4
[1.379s] Invoked command in '/home/athul/ros2_ws/build/rosbridge_library' returned '0': CMAKE_PREFIX_PATH=/home/athul/ros2_ws/install/rosbridge_test_msgs:/home/athul/ros2_ws/install/serial_motor_demo_msgs:/home/athul/ros2_ws/install/rosbridge_suite:/home/athul/ros2_ws/install/rosbridge_server:/home/athul/ros2_ws/install/rosbridge_msgs:/home/athul/ros2_ws/install/rosapi:/home/athul/ros2_ws/install/rosbridge_library:/home/athul/ros2_ws/install/rosapi_msgs:/home/athul/ros2_ws/install/my_bot:/home/athul/ros2_ws/install/gazebo_ros2_control_demos:/home/athul/ros2_ws/install/gazebo_ros2_control:/home/athul/ros2_ws/install/serial_motor_demo:/opt/ros/foxy LD_LIBRARY_PATH=/home/athul/ros2_ws/install/rosbridge_test_msgs/lib:/home/athul/ros2_ws/install/serial_motor_demo_msgs/lib:/home/athul/ros2_ws/install/rosbridge_msgs/lib:/home/athul/ros2_ws/install/rosapi_msgs/lib:/home/athul/ros2_ws/install/gazebo_ros2_control/lib:/usr/lib/x86_64-linux-gnu/gazebo-11/plugins:/opt/ros/foxy/opt/yaml_cpp_vendor/lib:/opt/ros/foxy/opt/rviz_ogre_vendor/lib:/opt/ros/foxy/lib/x86_64-linux-gnu:/opt/ros/foxy/lib PYTHONPATH=/home/athul/ros2_ws/install/rosbridge_test_msgs/lib/python3.8/site-packages:/home/athul/ros2_ws/build/serial_motor_demo:/home/athul/ros2_ws/install/serial_motor_demo/lib/python3.8/site-packages:/home/athul/ros2_ws/install/serial_motor_demo_msgs/lib/python3.8/site-packages:/home/athul/ros2_ws/install/rosbridge_server/lib/python3.8/site-packages:/home/athul/ros2_ws/install/rosbridge_msgs/lib/python3.8/site-packages:/home/athul/ros2_ws/install/rosapi/lib/python3.8/site-packages:/home/athul/ros2_ws/install/rosbridge_library/lib/python3.8/site-packages:/home/athul/ros2_ws/install/rosapi_msgs/lib/python3.8/site-packages:/opt/ros/foxy/lib/python3.8/site-packages /usr/bin/cmake --build /home/athul/ros2_ws/build/rosbridge_library -- -j4 -l4
[4.114s] Invoking command in '/home/athul/ros2_ws/build/rosbridge_library': CMAKE_PREFIX_PATH=/home/athul/ros2_ws/install/rosbridge_test_msgs:/home/athul/ros2_ws/install/serial_motor_demo_msgs:/home/athul/ros2_ws/install/rosbridge_suite:/home/athul/ros2_ws/install/rosbridge_server:/home/athul/ros2_ws/install/rosbridge_msgs:/home/athul/ros2_ws/install/rosapi:/home/athul/ros2_ws/install/rosbridge_library:/home/athul/ros2_ws/install/rosapi_msgs:/home/athul/ros2_ws/install/my_bot:/home/athul/ros2_ws/install/gazebo_ros2_control_demos:/home/athul/ros2_ws/install/gazebo_ros2_control:/home/athul/ros2_ws/install/serial_motor_demo:/opt/ros/foxy LD_LIBRARY_PATH=/home/athul/ros2_ws/install/rosbridge_test_msgs/lib:/home/athul/ros2_ws/install/serial_motor_demo_msgs/lib:/home/athul/ros2_ws/install/rosbridge_msgs/lib:/home/athul/ros2_ws/install/rosapi_msgs/lib:/home/athul/ros2_ws/install/gazebo_ros2_control/lib:/usr/lib/x86_64-linux-gnu/gazebo-11/plugins:/opt/ros/foxy/opt/yaml_cpp_vendor/lib:/opt/ros/foxy/opt/rviz_ogre_vendor/lib:/opt/ros/foxy/lib/x86_64-linux-gnu:/opt/ros/foxy/lib PYTHONPATH=/home/athul/ros2_ws/install/rosbridge_test_msgs/lib/python3.8/site-packages:/home/athul/ros2_ws/build/serial_motor_demo:/home/athul/ros2_ws/install/serial_motor_demo/lib/python3.8/site-packages:/home/athul/ros2_ws/install/serial_motor_demo_msgs/lib/python3.8/site-packages:/home/athul/ros2_ws/install/rosbridge_server/lib/python3.8/site-packages:/home/athul/ros2_ws/install/rosbridge_msgs/lib/python3.8/site-packages:/home/athul/ros2_ws/install/rosapi/lib/python3.8/site-packages:/home/athul/ros2_ws/install/rosbridge_library/lib/python3.8/site-packages:/home/athul/ros2_ws/install/rosapi_msgs/lib/python3.8/site-packages:/opt/ros/foxy/lib/python3.8/site-packages /usr/bin/cmake --install /home/athul/ros2_ws/build/rosbridge_library
[4.282s] -- Install configuration: ""
[4.289s] -- Execute custom install script
[4.311s] -- Up-to-date symlink: /home/athul/ros2_ws/install/rosbridge_library/share/rosbridge_library/environment/pythonpath.sh
[4.311s] -- Up-to-date symlink: /home/athul/ros2_ws/install/rosbridge_library/share/rosbridge_library/environment/pythonpath.dsv
[4.311s] -- Up-to-date symlink: /home/athul/ros2_ws/install/rosbridge_library/lib/python3.8/site-packages/rosbridge_library/__init__.py
[4.311s] -- Up-to-date symlink: /home/athul/ros2_ws/install/rosbridge_library/lib/python3.8/site-packages/rosbridge_library/capabilities/__init__.py
[4.312s] -- Up-to-date symlink: /home/athul/ros2_ws/install/rosbridge_library/lib/python3.8/site-packages/rosbridge_library/capabilities/advertise.py
[4.312s] -- Up-to-date symlink: /home/athul/ros2_ws/install/rosbridge_library/lib/python3.8/site-packages/rosbridge_library/capabilities/advertise_service.py
[4.312s] -- Up-to-date symlink: /home/athul/ros2_ws/install/rosbridge_library/lib/python3.8/site-packages/rosbridge_library/capabilities/call_service.py
[4.312s] -- Up-to-date symlink: /home/athul/ros2_ws/install/rosbridge_library/lib/python3.8/site-packages/rosbridge_library/capabilities/defragmentation.py
[4.313s] -- Up-to-date symlink: /home/athul/ros2_ws/install/rosbridge_library/lib/python3.8/site-packages/rosbridge_library/capabilities/fragmentation.py
[4.313s] -- Up-to-date symlink: /home/athul/ros2_ws/install/rosbridge_library/lib/python3.8/site-packages/rosbridge_library/capabilities/publish.py
[4.344s] -- Up-to-date symlink: /home/athul/ros2_ws/install/rosbridge_library/lib/python3.8/site-packages/rosbridge_library/capabilities/service_response.py
[4.344s] -- Up-to-date symlink: /home/athul/ros2_ws/install/rosbridge_library/lib/python3.8/site-packages/rosbridge_library/capabilities/subscribe.py
[4.345s] -- Up-to-date symlink: /home/athul/ros2_ws/install/rosbridge_library/lib/python3.8/site-packages/rosbridge_library/capabilities/unadvertise_service.py
[4.345s] -- Up-to-date symlink: /home/athul/ros2_ws/install/rosbridge_library/lib/python3.8/site-packages/rosbridge_library/capability.py
[4.345s] -- Up-to-date symlink: /home/athul/ros2_ws/install/rosbridge_library/lib/python3.8/site-packages/rosbridge_library/internal/__init__.py
[4.345s] -- Up-to-date symlink: /home/athul/ros2_ws/install/rosbridge_library/lib/python3.8/site-packages/rosbridge_library/internal/cbor_conversion.py
[4.345s] -- Up-to-date symlink: /home/athul/ros2_ws/install/rosbridge_library/lib/python3.8/site-packages/rosbridge_library/internal/exceptions.py
[4.346s] -- Up-to-date symlink: /home/athul/ros2_ws/install/rosbridge_library/lib/python3.8/site-packages/rosbridge_library/internal/message_conversion.py
[4.346s] -- Up-to-date symlink: /home/athul/ros2_ws/install/rosbridge_library/lib/python3.8/site-packages/rosbridge_library/internal/outgoing_message.py
[4.351s] -- Up-to-date symlink: /home/athul/ros2_ws/install/rosbridge_library/lib/python3.8/site-packages/rosbridge_library/internal/pngcompression.py
[4.351s] -- Up-to-date symlink: /home/athul/ros2_ws/install/rosbridge_library/lib/python3.8/site-packages/rosbridge_library/internal/publishers.py
[4.351s] -- Up-to-date symlink: /home/athul/ros2_ws/install/rosbridge_library/lib/python3.8/site-packages/rosbridge_library/internal/ros_loader.py
[4.352s] -- Up-to-date symlink: /home/athul/ros2_ws/install/rosbridge_library/lib/python3.8/site-packages/rosbridge_library/internal/services.py
[4.352s] -- Up-to-date symlink: /home/athul/ros2_ws/install/rosbridge_library/lib/python3.8/site-packages/rosbridge_library/internal/subscribers.py
[4.353s] -- Up-to-date symlink: /home/athul/ros2_ws/install/rosbridge_library/lib/python3.8/site-packages/rosbridge_library/internal/subscription_modifiers.py
[4.365s] -- Up-to-date symlink: /home/athul/ros2_ws/install/rosbridge_library/lib/python3.8/site-packages/rosbridge_library/internal/topics.py
[4.366s] -- Up-to-date symlink: /home/athul/ros2_ws/install/rosbridge_library/lib/python3.8/site-packages/rosbridge_library/protocol.py
[4.383s] -- Up-to-date symlink: /home/athul/ros2_ws/install/rosbridge_library/lib/python3.8/site-packages/rosbridge_library/rosbridge_protocol.py
[4.384s] -- Up-to-date symlink: /home/athul/ros2_ws/install/rosbridge_library/lib/python3.8/site-packages/rosbridge_library/util/__init__.py
[4.384s] -- Up-to-date symlink: /home/athul/ros2_ws/install/rosbridge_library/lib/python3.8/site-packages/rosbridge_library/util/cbor.py
[4.401s] -- Up-to-date symlink: /home/athul/ros2_ws/install/rosbridge_library/share/ament_index/resource_index/package_run_dependencies/rosbridge_library
[4.405s] -- Up-to-date symlink: /home/athul/ros2_ws/install/rosbridge_library/share/ament_index/resource_index/parent_prefix_path/rosbridge_library
[4.419s] -- Up-to-date symlink: /home/athul/ros2_ws/install/rosbridge_library/share/rosbridge_library/environment/ament_prefix_path.sh
[4.426s] -- Up-to-date symlink: /home/athul/ros2_ws/install/rosbridge_library/share/rosbridge_library/environment/ament_prefix_path.dsv
[4.426s] -- Up-to-date symlink: /home/athul/ros2_ws/install/rosbridge_library/share/rosbridge_library/environment/path.sh
[4.428s] -- Up-to-date symlink: /home/athul/ros2_ws/install/rosbridge_library/share/rosbridge_library/environment/path.dsv
[4.428s] -- Up-to-date symlink: /home/athul/ros2_ws/install/rosbridge_library/share/rosbridge_library/local_setup.bash
[4.435s] -- Up-to-date symlink: /home/athul/ros2_ws/install/rosbridge_library/share/rosbridge_library/local_setup.sh
[4.436s] -- Up-to-date symlink: /home/athul/ros2_ws/install/rosbridge_library/share/rosbridge_library/local_setup.zsh
[4.436s] -- Up-to-date symlink: /home/athul/ros2_ws/install/rosbridge_library/share/rosbridge_library/local_setup.dsv
[4.436s] -- Symlinking: /home/athul/ros2_ws/install/rosbridge_library/share/rosbridge_library/package.dsv
[4.561s] -- Up-to-date symlink: /home/athul/ros2_ws/install/rosbridge_library/share/ament_index/resource_index/packages/rosbridge_library
[4.563s] -- Up-to-date symlink: /home/athul/ros2_ws/install/rosbridge_library/share/rosbridge_library/cmake/rosbridge_libraryConfig.cmake
[4.572s] -- Up-to-date symlink: /home/athul/ros2_ws/install/rosbridge_library/share/rosbridge_library/cmake/rosbridge_libraryConfig-version.cmake
[4.579s] -- Up-to-date symlink: /home/athul/ros2_ws/install/rosbridge_library/share/rosbridge_library/package.xml
[4.933s] Listing '/home/athul/ros2_ws/install/rosbridge_library/lib/python3.8/site-packages/rosbridge_library'...
[4.934s] Listing '/home/athul/ros2_ws/install/rosbridge_library/lib/python3.8/site-packages/rosbridge_library/capabilities'...
[4.934s] Listing '/home/athul/ros2_ws/install/rosbridge_library/lib/python3.8/site-packages/rosbridge_library/internal'...
[4.934s] Listing '/home/athul/ros2_ws/install/rosbridge_library/lib/python3.8/site-packages/rosbridge_library/util'...
[5.013s] Invoked command in '/home/athul/ros2_ws/build/rosbridge_library' returned '0': CMAKE_PREFIX_PATH=/home/athul/ros2_ws/install/rosbridge_test_msgs:/home/athul/ros2_ws/install/serial_motor_demo_msgs:/home/athul/ros2_ws/install/rosbridge_suite:/home/athul/ros2_ws/install/rosbridge_server:/home/athul/ros2_ws/install/rosbridge_msgs:/home/athul/ros2_ws/install/rosapi:/home/athul/ros2_ws/install/rosbridge_library:/home/athul/ros2_ws/install/rosapi_msgs:/home/athul/ros2_ws/install/my_bot:/home/athul/ros2_ws/install/gazebo_ros2_control_demos:/home/athul/ros2_ws/install/gazebo_ros2_control:/home/athul/ros2_ws/install/serial_motor_demo:/opt/ros/foxy LD_LIBRARY_PATH=/home/athul/ros2_ws/install/rosbridge_test_msgs/lib:/home/athul/ros2_ws/install/serial_motor_demo_msgs/lib:/home/athul/ros2_ws/install/rosbridge_msgs/lib:/home/athul/ros2_ws/install/rosapi_msgs/lib:/home/athul/ros2_ws/install/gazebo_ros2_control/lib:/usr/lib/x86_64-linux-gnu/gazebo-11/plugins:/opt/ros/foxy/opt/yaml_cpp_vendor/lib:/opt/ros/foxy/opt/rviz_ogre_vendor/lib:/opt/ros/foxy/lib/x86_64-linux-gnu:/opt/ros/foxy/lib PYTHONPATH=/home/athul/ros2_ws/install/rosbridge_test_msgs/lib/python3.8/site-packages:/home/athul/ros2_ws/build/serial_motor_demo:/home/athul/ros2_ws/install/serial_motor_demo/lib/python3.8/site-packages:/home/athul/ros2_ws/install/serial_motor_demo_msgs/lib/python3.8/site-packages:/home/athul/ros2_ws/install/rosbridge_server/lib/python3.8/site-packages:/home/athul/ros2_ws/install/rosbridge_msgs/lib/python3.8/site-packages:/home/athul/ros2_ws/install/rosapi/lib/python3.8/site-packages:/home/athul/ros2_ws/install/rosbridge_library/lib/python3.8/site-packages:/home/athul/ros2_ws/install/rosapi_msgs/lib/python3.8/site-packages:/opt/ros/foxy/lib/python3.8/site-packages /usr/bin/cmake --install /home/athul/ros2_ws/build/rosbridge_library
