[0.531s] DEBUG:colcon:Command line arguments: ['/usr/bin/colcon', 'build', '--symlink-install']
[0.531s] DEBUG:colcon:Parsed command line arguments: Namespace(allow_overriding=[], ament_cmake_args=None, base_paths=['.'], build_base='build', catkin_cmake_args=None, catkin_skip_building_tests=False, cmake_args=None, cmake_clean_cache=False, cmake_clean_first=False, cmake_force_configure=False, cmake_target=None, cmake_target_skip_unavailable=False, continue_on_error=False, event_handlers=None, executor='parallel', ignore_user_meta=False, install_base='install', log_base=None, log_level=None, main=<bound method BuildVerb.main of <colcon_core.verb.build.BuildVerb object at 0x7f4c87188ca0>>, merge_install=False, metas=['./colcon.meta'], packages_above=None, packages_above_and_dependencies=None, packages_above_depth=None, packages_end=None, packages_ignore=None, packages_ignore_regex=None, packages_select=None, packages_select_build_failed=False, packages_select_by_dep=None, packages_select_regex=None, packages_select_test_failures=False, packages_skip=None, packages_skip_build_finished=False, packages_skip_by_dep=None, packages_skip_regex=None, packages_skip_test_passed=False, packages_skip_up_to=None, packages_start=None, packages_up_to=None, packages_up_to_regex=None, parallel_workers=4, paths=None, symlink_install=True, test_result_base=None, verb_extension=<colcon_core.verb.build.BuildVerb object at 0x7f4c87188ca0>, verb_name='build', verb_parser=<colcon_defaults.argument_parser.defaults.DefaultArgumentsDecorator object at 0x7f4c87195250>)
[0.581s] Level 1:colcon.colcon_core.package_discovery:discover_packages(colcon_meta) check parameters
[0.581s] Level 1:colcon.colcon_core.package_discovery:discover_packages(recursive) check parameters
[0.581s] Level 1:colcon.colcon_core.package_discovery:discover_packages(ignore) check parameters
[0.581s] Level 1:colcon.colcon_core.package_discovery:discover_packages(path) check parameters
[0.581s] Level 1:colcon.colcon_core.package_discovery:discover_packages(colcon_meta) discover
[0.581s] Level 1:colcon.colcon_core.package_discovery:discover_packages(recursive) discover
[0.581s] INFO:colcon.colcon_core.package_discovery:Crawling recursively for packages in '/home/athul/ros2_ws/src'
[0.582s] Level 1:colcon.colcon_core.package_identification:_identify(.) by extensions ['ignore', 'ignore_ament_install']
[0.582s] Level 1:colcon.colcon_core.package_identification:_identify(.) by extension 'ignore'
[0.582s] Level 1:colcon.colcon_core.package_identification:_identify(.) by extension 'ignore_ament_install'
[0.582s] Level 1:colcon.colcon_core.package_identification:_identify(.) by extensions ['colcon_pkg']
[0.582s] Level 1:colcon.colcon_core.package_identification:_identify(.) by extension 'colcon_pkg'
[0.582s] Level 1:colcon.colcon_core.package_identification:_identify(.) by extensions ['colcon_meta']
[0.582s] Level 1:colcon.colcon_core.package_identification:_identify(.) by extension 'colcon_meta'
[0.582s] Level 1:colcon.colcon_core.package_identification:_identify(.) by extensions ['ros']
[0.582s] Level 1:colcon.colcon_core.package_identification:_identify(.) by extension 'ros'
[0.612s] Level 1:colcon.colcon_core.package_identification:_identify(.) by extensions ['cmake', 'python']
[0.612s] Level 1:colcon.colcon_core.package_identification:_identify(.) by extension 'cmake'
[0.612s] Level 1:colcon.colcon_core.package_identification:_identify(.) by extension 'python'
[0.612s] Level 1:colcon.colcon_core.package_identification:_identify(.) by extensions ['python_setup_py']
[0.612s] Level 1:colcon.colcon_core.package_identification:_identify(.) by extension 'python_setup_py'
[0.612s] Level 1:colcon.colcon_core.package_identification:_identify(build) by extensions ['ignore', 'ignore_ament_install']
[0.613s] Level 1:colcon.colcon_core.package_identification:_identify(build) by extension 'ignore'
[0.613s] Level 1:colcon.colcon_core.package_identification:_identify(build) ignored
[0.613s] Level 1:colcon.colcon_core.package_identification:_identify(gazebo_ros2_control) by extensions ['ignore', 'ignore_ament_install']
[0.613s] Level 1:colcon.colcon_core.package_identification:_identify(gazebo_ros2_control) by extension 'ignore'
[0.613s] Level 1:colcon.colcon_core.package_identification:_identify(gazebo_ros2_control) by extension 'ignore_ament_install'
[0.613s] Level 1:colcon.colcon_core.package_identification:_identify(gazebo_ros2_control) by extensions ['colcon_pkg']
[0.613s] Level 1:colcon.colcon_core.package_identification:_identify(gazebo_ros2_control) by extension 'colcon_pkg'
[0.613s] Level 1:colcon.colcon_core.package_identification:_identify(gazebo_ros2_control) by extensions ['colcon_meta']
[0.613s] Level 1:colcon.colcon_core.package_identification:_identify(gazebo_ros2_control) by extension 'colcon_meta'
[0.614s] Level 1:colcon.colcon_core.package_identification:_identify(gazebo_ros2_control) by extensions ['ros']
[0.614s] Level 1:colcon.colcon_core.package_identification:_identify(gazebo_ros2_control) by extension 'ros'
[0.614s] Level 1:colcon.colcon_core.package_identification:_identify(gazebo_ros2_control) by extensions ['cmake', 'python']
[0.614s] Level 1:colcon.colcon_core.package_identification:_identify(gazebo_ros2_control) by extension 'cmake'
[0.614s] Level 1:colcon.colcon_core.package_identification:_identify(gazebo_ros2_control) by extension 'python'
[0.614s] Level 1:colcon.colcon_core.package_identification:_identify(gazebo_ros2_control) by extensions ['python_setup_py']
[0.614s] Level 1:colcon.colcon_core.package_identification:_identify(gazebo_ros2_control) by extension 'python_setup_py'
[0.614s] Level 1:colcon.colcon_core.package_identification:_identify(gazebo_ros2_control/Docker) by extensions ['ignore', 'ignore_ament_install']
[0.614s] Level 1:colcon.colcon_core.package_identification:_identify(gazebo_ros2_control/Docker) by extension 'ignore'
[0.614s] Level 1:colcon.colcon_core.package_identification:_identify(gazebo_ros2_control/Docker) by extension 'ignore_ament_install'
[0.615s] Level 1:colcon.colcon_core.package_identification:_identify(gazebo_ros2_control/Docker) by extensions ['colcon_pkg']
[0.615s] Level 1:colcon.colcon_core.package_identification:_identify(gazebo_ros2_control/Docker) by extension 'colcon_pkg'
[0.615s] Level 1:colcon.colcon_core.package_identification:_identify(gazebo_ros2_control/Docker) by extensions ['colcon_meta']
[0.615s] Level 1:colcon.colcon_core.package_identification:_identify(gazebo_ros2_control/Docker) by extension 'colcon_meta'
[0.615s] Level 1:colcon.colcon_core.package_identification:_identify(gazebo_ros2_control/Docker) by extensions ['ros']
[0.615s] Level 1:colcon.colcon_core.package_identification:_identify(gazebo_ros2_control/Docker) by extension 'ros'
[0.615s] Level 1:colcon.colcon_core.package_identification:_identify(gazebo_ros2_control/Docker) by extensions ['cmake', 'python']
[0.615s] Level 1:colcon.colcon_core.package_identification:_identify(gazebo_ros2_control/Docker) by extension 'cmake'
[0.615s] Level 1:colcon.colcon_core.package_identification:_identify(gazebo_ros2_control/Docker) by extension 'python'
[0.615s] Level 1:colcon.colcon_core.package_identification:_identify(gazebo_ros2_control/Docker) by extensions ['python_setup_py']
[0.615s] Level 1:colcon.colcon_core.package_identification:_identify(gazebo_ros2_control/Docker) by extension 'python_setup_py'
[0.615s] Level 1:colcon.colcon_core.package_identification:_identify(gazebo_ros2_control/gazebo_ros2_control) by extensions ['ignore', 'ignore_ament_install']
[0.615s] Level 1:colcon.colcon_core.package_identification:_identify(gazebo_ros2_control/gazebo_ros2_control) by extension 'ignore'
[0.616s] Level 1:colcon.colcon_core.package_identification:_identify(gazebo_ros2_control/gazebo_ros2_control) by extension 'ignore_ament_install'
[0.616s] Level 1:colcon.colcon_core.package_identification:_identify(gazebo_ros2_control/gazebo_ros2_control) by extensions ['colcon_pkg']
[0.616s] Level 1:colcon.colcon_core.package_identification:_identify(gazebo_ros2_control/gazebo_ros2_control) by extension 'colcon_pkg'
[0.616s] Level 1:colcon.colcon_core.package_identification:_identify(gazebo_ros2_control/gazebo_ros2_control) by extensions ['colcon_meta']
[0.616s] Level 1:colcon.colcon_core.package_identification:_identify(gazebo_ros2_control/gazebo_ros2_control) by extension 'colcon_meta'
[0.616s] Level 1:colcon.colcon_core.package_identification:_identify(gazebo_ros2_control/gazebo_ros2_control) by extensions ['ros']
[0.616s] Level 1:colcon.colcon_core.package_identification:_identify(gazebo_ros2_control/gazebo_ros2_control) by extension 'ros'
[0.622s] DEBUG:colcon.colcon_core.package_identification:Package 'gazebo_ros2_control/gazebo_ros2_control' with type 'ros.ament_cmake' and name 'gazebo_ros2_control'
[0.622s] Level 1:colcon.colcon_core.package_identification:_identify(gazebo_ros2_control/gazebo_ros2_control_demos) by extensions ['ignore', 'ignore_ament_install']
[0.622s] Level 1:colcon.colcon_core.package_identification:_identify(gazebo_ros2_control/gazebo_ros2_control_demos) by extension 'ignore'
[0.622s] Level 1:colcon.colcon_core.package_identification:_identify(gazebo_ros2_control/gazebo_ros2_control_demos) by extension 'ignore_ament_install'
[0.622s] Level 1:colcon.colcon_core.package_identification:_identify(gazebo_ros2_control/gazebo_ros2_control_demos) by extensions ['colcon_pkg']
[0.622s] Level 1:colcon.colcon_core.package_identification:_identify(gazebo_ros2_control/gazebo_ros2_control_demos) by extension 'colcon_pkg'
[0.622s] Level 1:colcon.colcon_core.package_identification:_identify(gazebo_ros2_control/gazebo_ros2_control_demos) by extensions ['colcon_meta']
[0.622s] Level 1:colcon.colcon_core.package_identification:_identify(gazebo_ros2_control/gazebo_ros2_control_demos) by extension 'colcon_meta'
[0.623s] Level 1:colcon.colcon_core.package_identification:_identify(gazebo_ros2_control/gazebo_ros2_control_demos) by extensions ['ros']
[0.623s] Level 1:colcon.colcon_core.package_identification:_identify(gazebo_ros2_control/gazebo_ros2_control_demos) by extension 'ros'
[0.624s] DEBUG:colcon.colcon_core.package_identification:Package 'gazebo_ros2_control/gazebo_ros2_control_demos' with type 'ros.ament_cmake' and name 'gazebo_ros2_control_demos'
[0.624s] Level 1:colcon.colcon_core.package_identification:_identify(gazebo_ros2_control/img) by extensions ['ignore', 'ignore_ament_install']
[0.624s] Level 1:colcon.colcon_core.package_identification:_identify(gazebo_ros2_control/img) by extension 'ignore'
[0.624s] Level 1:colcon.colcon_core.package_identification:_identify(gazebo_ros2_control/img) by extension 'ignore_ament_install'
[0.624s] Level 1:colcon.colcon_core.package_identification:_identify(gazebo_ros2_control/img) by extensions ['colcon_pkg']
[0.624s] Level 1:colcon.colcon_core.package_identification:_identify(gazebo_ros2_control/img) by extension 'colcon_pkg'
[0.625s] Level 1:colcon.colcon_core.package_identification:_identify(gazebo_ros2_control/img) by extensions ['colcon_meta']
[0.625s] Level 1:colcon.colcon_core.package_identification:_identify(gazebo_ros2_control/img) by extension 'colcon_meta'
[0.625s] Level 1:colcon.colcon_core.package_identification:_identify(gazebo_ros2_control/img) by extensions ['ros']
[0.625s] Level 1:colcon.colcon_core.package_identification:_identify(gazebo_ros2_control/img) by extension 'ros'
[0.625s] Level 1:colcon.colcon_core.package_identification:_identify(gazebo_ros2_control/img) by extensions ['cmake', 'python']
[0.625s] Level 1:colcon.colcon_core.package_identification:_identify(gazebo_ros2_control/img) by extension 'cmake'
[0.625s] Level 1:colcon.colcon_core.package_identification:_identify(gazebo_ros2_control/img) by extension 'python'
[0.625s] Level 1:colcon.colcon_core.package_identification:_identify(gazebo_ros2_control/img) by extensions ['python_setup_py']
[0.625s] Level 1:colcon.colcon_core.package_identification:_identify(gazebo_ros2_control/img) by extension 'python_setup_py'
[0.625s] Level 1:colcon.colcon_core.package_identification:_identify(install) by extensions ['ignore', 'ignore_ament_install']
[0.625s] Level 1:colcon.colcon_core.package_identification:_identify(install) by extension 'ignore'
[0.625s] Level 1:colcon.colcon_core.package_identification:_identify(install) ignored
[0.626s] Level 1:colcon.colcon_core.package_identification:_identify(log) by extensions ['ignore', 'ignore_ament_install']
[0.626s] Level 1:colcon.colcon_core.package_identification:_identify(log) by extension 'ignore'
[0.626s] Level 1:colcon.colcon_core.package_identification:_identify(log) ignored
[0.626s] Level 1:colcon.colcon_core.package_identification:_identify(my_bot) by extensions ['ignore', 'ignore_ament_install']
[0.626s] Level 1:colcon.colcon_core.package_identification:_identify(my_bot) by extension 'ignore'
[0.626s] Level 1:colcon.colcon_core.package_identification:_identify(my_bot) by extension 'ignore_ament_install'
[0.626s] Level 1:colcon.colcon_core.package_identification:_identify(my_bot) by extensions ['colcon_pkg']
[0.626s] Level 1:colcon.colcon_core.package_identification:_identify(my_bot) by extension 'colcon_pkg'
[0.626s] Level 1:colcon.colcon_core.package_identification:_identify(my_bot) by extensions ['colcon_meta']
[0.626s] Level 1:colcon.colcon_core.package_identification:_identify(my_bot) by extension 'colcon_meta'
[0.626s] Level 1:colcon.colcon_core.package_identification:_identify(my_bot) by extensions ['ros']
[0.627s] Level 1:colcon.colcon_core.package_identification:_identify(my_bot) by extension 'ros'
[0.627s] DEBUG:colcon.colcon_core.package_identification:Package 'my_bot' with type 'ros.ament_cmake' and name 'my_bot'
[0.628s] Level 1:colcon.colcon_core.package_identification:_identify(serial_motor_demo) by extensions ['ignore', 'ignore_ament_install']
[0.628s] Level 1:colcon.colcon_core.package_identification:_identify(serial_motor_demo) by extension 'ignore'
[0.628s] Level 1:colcon.colcon_core.package_identification:_identify(serial_motor_demo) by extension 'ignore_ament_install'
[0.628s] Level 1:colcon.colcon_core.package_identification:_identify(serial_motor_demo) by extensions ['colcon_pkg']
[0.628s] Level 1:colcon.colcon_core.package_identification:_identify(serial_motor_demo) by extension 'colcon_pkg'
[0.628s] Level 1:colcon.colcon_core.package_identification:_identify(serial_motor_demo) by extensions ['colcon_meta']
[0.628s] Level 1:colcon.colcon_core.package_identification:_identify(serial_motor_demo) by extension 'colcon_meta'
[0.628s] Level 1:colcon.colcon_core.package_identification:_identify(serial_motor_demo) by extensions ['ros']
[0.628s] Level 1:colcon.colcon_core.package_identification:_identify(serial_motor_demo) by extension 'ros'
[0.628s] Level 1:colcon.colcon_core.package_identification:_identify(serial_motor_demo) by extensions ['cmake', 'python']
[0.628s] Level 1:colcon.colcon_core.package_identification:_identify(serial_motor_demo) by extension 'cmake'
[0.628s] Level 1:colcon.colcon_core.package_identification:_identify(serial_motor_demo) by extension 'python'
[0.628s] Level 1:colcon.colcon_core.package_identification:_identify(serial_motor_demo) by extensions ['python_setup_py']
[0.629s] Level 1:colcon.colcon_core.package_identification:_identify(serial_motor_demo) by extension 'python_setup_py'
[0.629s] Level 1:colcon.colcon_core.package_identification:_identify(serial_motor_demo/serial_motor_demo) by extensions ['ignore', 'ignore_ament_install']
[0.629s] Level 1:colcon.colcon_core.package_identification:_identify(serial_motor_demo/serial_motor_demo) by extension 'ignore'
[0.629s] Level 1:colcon.colcon_core.package_identification:_identify(serial_motor_demo/serial_motor_demo) by extension 'ignore_ament_install'
[0.629s] Level 1:colcon.colcon_core.package_identification:_identify(serial_motor_demo/serial_motor_demo) by extensions ['colcon_pkg']
[0.629s] Level 1:colcon.colcon_core.package_identification:_identify(serial_motor_demo/serial_motor_demo) by extension 'colcon_pkg'
[0.629s] Level 1:colcon.colcon_core.package_identification:_identify(serial_motor_demo/serial_motor_demo) by extensions ['colcon_meta']
[0.629s] Level 1:colcon.colcon_core.package_identification:_identify(serial_motor_demo/serial_motor_demo) by extension 'colcon_meta'
[0.629s] Level 1:colcon.colcon_core.package_identification:_identify(serial_motor_demo/serial_motor_demo) by extensions ['ros']
[0.629s] Level 1:colcon.colcon_core.package_identification:_identify(serial_motor_demo/serial_motor_demo) by extension 'ros'
[0.630s] DEBUG:colcon.colcon_core.package_identification:Package 'serial_motor_demo/serial_motor_demo' with type 'ros.ament_python' and name 'serial_motor_demo'
[0.631s] Level 1:colcon.colcon_core.package_identification:_identify(serial_motor_demo/serial_motor_demo_msgs) by extensions ['ignore', 'ignore_ament_install']
[0.631s] Level 1:colcon.colcon_core.package_identification:_identify(serial_motor_demo/serial_motor_demo_msgs) by extension 'ignore'
[0.631s] Level 1:colcon.colcon_core.package_identification:_identify(serial_motor_demo/serial_motor_demo_msgs) by extension 'ignore_ament_install'
[0.631s] Level 1:colcon.colcon_core.package_identification:_identify(serial_motor_demo/serial_motor_demo_msgs) by extensions ['colcon_pkg']
[0.631s] Level 1:colcon.colcon_core.package_identification:_identify(serial_motor_demo/serial_motor_demo_msgs) by extension 'colcon_pkg'
[0.631s] Level 1:colcon.colcon_core.package_identification:_identify(serial_motor_demo/serial_motor_demo_msgs) by extensions ['colcon_meta']
[0.631s] Level 1:colcon.colcon_core.package_identification:_identify(serial_motor_demo/serial_motor_demo_msgs) by extension 'colcon_meta'
[0.631s] Level 1:colcon.colcon_core.package_identification:_identify(serial_motor_demo/serial_motor_demo_msgs) by extensions ['ros']
[0.631s] Level 1:colcon.colcon_core.package_identification:_identify(serial_motor_demo/serial_motor_demo_msgs) by extension 'ros'
[0.632s] DEBUG:colcon.colcon_core.package_identification:Package 'serial_motor_demo/serial_motor_demo_msgs' with type 'ros.ament_cmake' and name 'serial_motor_demo_msgs'
[0.632s] Level 1:colcon.colcon_core.package_discovery:discover_packages(recursive) using defaults
[0.632s] Level 1:colcon.colcon_core.package_discovery:discover_packages(ignore) discover
[0.632s] Level 1:colcon.colcon_core.package_discovery:discover_packages(ignore) using defaults
[0.632s] Level 1:colcon.colcon_core.package_discovery:discover_packages(path) discover
[0.633s] Level 1:colcon.colcon_core.package_discovery:discover_packages(path) using defaults
[0.670s] Level 1:colcon.colcon_core.package_discovery:discover_packages(prefix_path) check parameters
[0.670s] Level 1:colcon.colcon_core.package_discovery:discover_packages(prefix_path) discover
[0.677s] DEBUG:colcon.colcon_installed_package_information.package_discovery:Found 3 installed packages in /home/athul/ros2_ws/install
[0.681s] DEBUG:colcon.colcon_installed_package_information.package_discovery:Found 293 installed packages in /opt/ros/foxy
[0.683s] Level 1:colcon.colcon_core.package_discovery:discover_packages(prefix_path) using defaults
[0.840s] Level 5:colcon.colcon_core.verb:set package 'gazebo_ros2_control' build argument 'cmake_args' from command line to 'None'
[0.840s] Level 5:colcon.colcon_core.verb:set package 'gazebo_ros2_control' build argument 'cmake_target' from command line to 'None'
[0.840s] Level 5:colcon.colcon_core.verb:set package 'gazebo_ros2_control' build argument 'cmake_target_skip_unavailable' from command line to 'False'
[0.840s] Level 5:colcon.colcon_core.verb:set package 'gazebo_ros2_control' build argument 'cmake_clean_cache' from command line to 'False'
[0.840s] Level 5:colcon.colcon_core.verb:set package 'gazebo_ros2_control' build argument 'cmake_clean_first' from command line to 'False'
[0.840s] Level 5:colcon.colcon_core.verb:set package 'gazebo_ros2_control' build argument 'cmake_force_configure' from command line to 'False'
[0.840s] Level 5:colcon.colcon_core.verb:set package 'gazebo_ros2_control' build argument 'ament_cmake_args' from command line to 'None'
[0.841s] Level 5:colcon.colcon_core.verb:set package 'gazebo_ros2_control' build argument 'catkin_cmake_args' from command line to 'None'
[0.841s] Level 5:colcon.colcon_core.verb:set package 'gazebo_ros2_control' build argument 'catkin_skip_building_tests' from command line to 'False'
[0.841s] DEBUG:colcon.colcon_core.verb:Building package 'gazebo_ros2_control' with the following arguments: {'ament_cmake_args': None, 'build_base': '/home/athul/ros2_ws/src/build/gazebo_ros2_control', 'catkin_cmake_args': None, 'catkin_skip_building_tests': False, 'cmake_args': None, 'cmake_clean_cache': False, 'cmake_clean_first': False, 'cmake_force_configure': False, 'cmake_target': None, 'cmake_target_skip_unavailable': False, 'install_base': '/home/athul/ros2_ws/src/install/gazebo_ros2_control', 'merge_install': False, 'path': '/home/athul/ros2_ws/src/gazebo_ros2_control/gazebo_ros2_control', 'symlink_install': True, 'test_result_base': None}
[0.842s] Level 5:colcon.colcon_core.verb:set package 'my_bot' build argument 'cmake_args' from command line to 'None'
[0.842s] Level 5:colcon.colcon_core.verb:set package 'my_bot' build argument 'cmake_target' from command line to 'None'
[0.842s] Level 5:colcon.colcon_core.verb:set package 'my_bot' build argument 'cmake_target_skip_unavailable' from command line to 'False'
[0.842s] Level 5:colcon.colcon_core.verb:set package 'my_bot' build argument 'cmake_clean_cache' from command line to 'False'
[0.843s] Level 5:colcon.colcon_core.verb:set package 'my_bot' build argument 'cmake_clean_first' from command line to 'False'
[0.843s] Level 5:colcon.colcon_core.verb:set package 'my_bot' build argument 'cmake_force_configure' from command line to 'False'
[0.843s] Level 5:colcon.colcon_core.verb:set package 'my_bot' build argument 'ament_cmake_args' from command line to 'None'
[0.843s] Level 5:colcon.colcon_core.verb:set package 'my_bot' build argument 'catkin_cmake_args' from command line to 'None'
[0.843s] Level 5:colcon.colcon_core.verb:set package 'my_bot' build argument 'catkin_skip_building_tests' from command line to 'False'
[0.843s] DEBUG:colcon.colcon_core.verb:Building package 'my_bot' with the following arguments: {'ament_cmake_args': None, 'build_base': '/home/athul/ros2_ws/src/build/my_bot', 'catkin_cmake_args': None, 'catkin_skip_building_tests': False, 'cmake_args': None, 'cmake_clean_cache': False, 'cmake_clean_first': False, 'cmake_force_configure': False, 'cmake_target': None, 'cmake_target_skip_unavailable': False, 'install_base': '/home/athul/ros2_ws/src/install/my_bot', 'merge_install': False, 'path': '/home/athul/ros2_ws/src/my_bot', 'symlink_install': True, 'test_result_base': None}
[0.844s] Level 5:colcon.colcon_core.verb:set package 'serial_motor_demo_msgs' build argument 'cmake_args' from command line to 'None'
[0.844s] Level 5:colcon.colcon_core.verb:set package 'serial_motor_demo_msgs' build argument 'cmake_target' from command line to 'None'
[0.844s] Level 5:colcon.colcon_core.verb:set package 'serial_motor_demo_msgs' build argument 'cmake_target_skip_unavailable' from command line to 'False'
[0.844s] Level 5:colcon.colcon_core.verb:set package 'serial_motor_demo_msgs' build argument 'cmake_clean_cache' from command line to 'False'
[0.844s] Level 5:colcon.colcon_core.verb:set package 'serial_motor_demo_msgs' build argument 'cmake_clean_first' from command line to 'False'
[0.844s] Level 5:colcon.colcon_core.verb:set package 'serial_motor_demo_msgs' build argument 'cmake_force_configure' from command line to 'False'
[0.844s] Level 5:colcon.colcon_core.verb:set package 'serial_motor_demo_msgs' build argument 'ament_cmake_args' from command line to 'None'
[0.844s] Level 5:colcon.colcon_core.verb:set package 'serial_motor_demo_msgs' build argument 'catkin_cmake_args' from command line to 'None'
[0.844s] Level 5:colcon.colcon_core.verb:set package 'serial_motor_demo_msgs' build argument 'catkin_skip_building_tests' from command line to 'False'
[0.845s] DEBUG:colcon.colcon_core.verb:Building package 'serial_motor_demo_msgs' with the following arguments: {'ament_cmake_args': None, 'build_base': '/home/athul/ros2_ws/src/build/serial_motor_demo_msgs', 'catkin_cmake_args': None, 'catkin_skip_building_tests': False, 'cmake_args': None, 'cmake_clean_cache': False, 'cmake_clean_first': False, 'cmake_force_configure': False, 'cmake_target': None, 'cmake_target_skip_unavailable': False, 'install_base': '/home/athul/ros2_ws/src/install/serial_motor_demo_msgs', 'merge_install': False, 'path': '/home/athul/ros2_ws/src/serial_motor_demo/serial_motor_demo_msgs', 'symlink_install': True, 'test_result_base': None}
[0.846s] Level 5:colcon.colcon_core.verb:set package 'gazebo_ros2_control_demos' build argument 'cmake_args' from command line to 'None'
[0.846s] Level 5:colcon.colcon_core.verb:set package 'gazebo_ros2_control_demos' build argument 'cmake_target' from command line to 'None'
[0.846s] Level 5:colcon.colcon_core.verb:set package 'gazebo_ros2_control_demos' build argument 'cmake_target_skip_unavailable' from command line to 'False'
[0.846s] Level 5:colcon.colcon_core.verb:set package 'gazebo_ros2_control_demos' build argument 'cmake_clean_cache' from command line to 'False'
[0.846s] Level 5:colcon.colcon_core.verb:set package 'gazebo_ros2_control_demos' build argument 'cmake_clean_first' from command line to 'False'
[0.846s] Level 5:colcon.colcon_core.verb:set package 'gazebo_ros2_control_demos' build argument 'cmake_force_configure' from command line to 'False'
[0.846s] Level 5:colcon.colcon_core.verb:set package 'gazebo_ros2_control_demos' build argument 'ament_cmake_args' from command line to 'None'
[0.846s] Level 5:colcon.colcon_core.verb:set package 'gazebo_ros2_control_demos' build argument 'catkin_cmake_args' from command line to 'None'
[0.846s] Level 5:colcon.colcon_core.verb:set package 'gazebo_ros2_control_demos' build argument 'catkin_skip_building_tests' from command line to 'False'
[0.846s] DEBUG:colcon.colcon_core.verb:Building package 'gazebo_ros2_control_demos' with the following arguments: {'ament_cmake_args': None, 'build_base': '/home/athul/ros2_ws/src/build/gazebo_ros2_control_demos', 'catkin_cmake_args': None, 'catkin_skip_building_tests': False, 'cmake_args': None, 'cmake_clean_cache': False, 'cmake_clean_first': False, 'cmake_force_configure': False, 'cmake_target': None, 'cmake_target_skip_unavailable': False, 'install_base': '/home/athul/ros2_ws/src/install/gazebo_ros2_control_demos', 'merge_install': False, 'path': '/home/athul/ros2_ws/src/gazebo_ros2_control/gazebo_ros2_control_demos', 'symlink_install': True, 'test_result_base': None}
[0.848s] Level 5:colcon.colcon_core.verb:set package 'serial_motor_demo' build argument 'cmake_args' from command line to 'None'
[0.848s] Level 5:colcon.colcon_core.verb:set package 'serial_motor_demo' build argument 'cmake_target' from command line to 'None'
[0.848s] Level 5:colcon.colcon_core.verb:set package 'serial_motor_demo' build argument 'cmake_target_skip_unavailable' from command line to 'False'
[0.848s] Level 5:colcon.colcon_core.verb:set package 'serial_motor_demo' build argument 'cmake_clean_cache' from command line to 'False'
[0.848s] Level 5:colcon.colcon_core.verb:set package 'serial_motor_demo' build argument 'cmake_clean_first' from command line to 'False'
[0.848s] Level 5:colcon.colcon_core.verb:set package 'serial_motor_demo' build argument 'cmake_force_configure' from command line to 'False'
[0.848s] Level 5:colcon.colcon_core.verb:set package 'serial_motor_demo' build argument 'ament_cmake_args' from command line to 'None'
[0.848s] Level 5:colcon.colcon_core.verb:set package 'serial_motor_demo' build argument 'catkin_cmake_args' from command line to 'None'
[0.848s] Level 5:colcon.colcon_core.verb:set package 'serial_motor_demo' build argument 'catkin_skip_building_tests' from command line to 'False'
[0.848s] DEBUG:colcon.colcon_core.verb:Building package 'serial_motor_demo' with the following arguments: {'ament_cmake_args': None, 'build_base': '/home/athul/ros2_ws/src/build/serial_motor_demo', 'catkin_cmake_args': None, 'catkin_skip_building_tests': False, 'cmake_args': None, 'cmake_clean_cache': False, 'cmake_clean_first': False, 'cmake_force_configure': False, 'cmake_target': None, 'cmake_target_skip_unavailable': False, 'install_base': '/home/athul/ros2_ws/src/install/serial_motor_demo', 'merge_install': False, 'path': '/home/athul/ros2_ws/src/serial_motor_demo/serial_motor_demo', 'symlink_install': True, 'test_result_base': None}
[0.849s] INFO:colcon.colcon_core.executor:Executing jobs using 'parallel' executor
[0.854s] DEBUG:colcon.colcon_parallel_executor.executor.parallel:run_until_complete
[0.854s] INFO:colcon.colcon_ros.task.ament_cmake.build:Building ROS package in '/home/athul/ros2_ws/src/gazebo_ros2_control/gazebo_ros2_control' with build type 'ament_cmake'
[0.854s] INFO:colcon.colcon_cmake.task.cmake.build:Building CMake package in '/home/athul/ros2_ws/src/gazebo_ros2_control/gazebo_ros2_control'
[0.863s] INFO:colcon.colcon_core.plugin_system:Skipping extension 'colcon_core.shell.bat': Not used on non-Windows systems
[0.863s] INFO:colcon.colcon_core.shell:Skip shell extension 'powershell' for command environment: Not usable outside of PowerShell
[0.863s] DEBUG:colcon.colcon_core.shell:Skip shell extension 'dsv' for command environment
[0.875s] INFO:colcon.colcon_ros.task.ament_cmake.build:Building ROS package in '/home/athul/ros2_ws/src/serial_motor_demo/serial_motor_demo_msgs' with build type 'ament_cmake'
[0.875s] INFO:colcon.colcon_cmake.task.cmake.build:Building CMake package in '/home/athul/ros2_ws/src/serial_motor_demo/serial_motor_demo_msgs'
[0.878s] INFO:colcon.colcon_core.shell:Skip shell extension 'powershell' for command environment: Not usable outside of PowerShell
[0.878s] DEBUG:colcon.colcon_core.shell:Skip shell extension 'dsv' for command environment
[0.891s] INFO:colcon.colcon_ros.task.ament_cmake.build:Building ROS package in '/home/athul/ros2_ws/src/my_bot' with build type 'ament_cmake'
[0.892s] INFO:colcon.colcon_cmake.task.cmake.build:Building CMake package in '/home/athul/ros2_ws/src/my_bot'
[0.895s] INFO:colcon.colcon_core.shell:Skip shell extension 'powershell' for command environment: Not usable outside of PowerShell
[0.896s] DEBUG:colcon.colcon_core.shell:Skip shell extension 'dsv' for command environment
[0.914s] DEBUG:colcon.colcon_core.event_handler.log_command:Invoking command in '/home/athul/ros2_ws/src/build/gazebo_ros2_control': CMAKE_PREFIX_PATH=${CMAKE_PREFIX_PATH}:/home/athul/ros2_ws/install/serial_motor_demo:/opt/ros/foxy /usr/bin/cmake /home/athul/ros2_ws/src/gazebo_ros2_control/gazebo_ros2_control -DAMENT_CMAKE_SYMLINK_INSTALL=1 -DCMAKE_INSTALL_PREFIX=/home/athul/ros2_ws/src/install/gazebo_ros2_control
[0.935s] DEBUG:colcon.colcon_core.event_handler.log_command:Invoking command in '/home/athul/ros2_ws/src/build/serial_motor_demo_msgs': CMAKE_PREFIX_PATH=${CMAKE_PREFIX_PATH}:/home/athul/ros2_ws/install/serial_motor_demo:/opt/ros/foxy /usr/bin/cmake --build /home/athul/ros2_ws/src/build/serial_motor_demo_msgs -- -j4 -l4
[0.945s] DEBUG:colcon.colcon_core.event_handler.log_command:Invoking command in '/home/athul/ros2_ws/src/build/my_bot': CMAKE_PREFIX_PATH=${CMAKE_PREFIX_PATH}:/home/athul/ros2_ws/install/serial_motor_demo:/opt/ros/foxy /usr/bin/cmake --build /home/athul/ros2_ws/src/build/my_bot -- -j4 -l4
[1.807s] DEBUG:colcon.colcon_core.event_handler.log_command:Invoked command in '/home/athul/ros2_ws/src/build/my_bot' returned '0': CMAKE_PREFIX_PATH=${CMAKE_PREFIX_PATH}:/home/athul/ros2_ws/install/serial_motor_demo:/opt/ros/foxy /usr/bin/cmake --build /home/athul/ros2_ws/src/build/my_bot -- -j4 -l4
[1.879s] DEBUG:colcon.colcon_core.event_handler.log_command:Invoking command in '/home/athul/ros2_ws/src/build/my_bot': CMAKE_PREFIX_PATH=${CMAKE_PREFIX_PATH}:/home/athul/ros2_ws/install/serial_motor_demo:/opt/ros/foxy /usr/bin/cmake --install /home/athul/ros2_ws/src/build/my_bot
[2.066s] Level 1:colcon.colcon_core.environment:create_environment_scripts_only(my_bot)
[2.068s] DEBUG:colcon.colcon_core.event_handler.log_command:Invoked command in '/home/athul/ros2_ws/src/build/my_bot' returned '0': CMAKE_PREFIX_PATH=${CMAKE_PREFIX_PATH}:/home/athul/ros2_ws/install/serial_motor_demo:/opt/ros/foxy /usr/bin/cmake --install /home/athul/ros2_ws/src/build/my_bot
[2.095s] Level 1:colcon.colcon_core.environment:checking '/home/athul/ros2_ws/src/install/my_bot' for CMake module files
[2.099s] Level 1:colcon.colcon_core.environment:checking '/home/athul/ros2_ws/src/install/my_bot' for CMake config files
[2.099s] Level 1:colcon.colcon_core.shell:create_environment_hook('my_bot', 'cmake_prefix_path')
[2.108s] INFO:colcon.colcon_core.shell:Creating environment hook '/home/athul/ros2_ws/src/install/my_bot/share/my_bot/hook/cmake_prefix_path.ps1'
[2.111s] INFO:colcon.colcon_core.shell:Creating environment descriptor '/home/athul/ros2_ws/src/install/my_bot/share/my_bot/hook/cmake_prefix_path.dsv'
[2.112s] INFO:colcon.colcon_core.shell:Creating environment hook '/home/athul/ros2_ws/src/install/my_bot/share/my_bot/hook/cmake_prefix_path.sh'
[2.115s] Level 1:colcon.colcon_core.environment:checking '/home/athul/ros2_ws/src/install/my_bot/bin'
[2.116s] Level 1:colcon.colcon_core.environment:checking '/home/athul/ros2_ws/src/install/my_bot/lib/pkgconfig/my_bot.pc'
[2.116s] Level 1:colcon.colcon_core.environment:checking '/home/athul/ros2_ws/src/install/my_bot/lib/python3.8/site-packages'
[2.117s] Level 1:colcon.colcon_core.environment:checking '/home/athul/ros2_ws/src/install/my_bot/bin'
[2.121s] INFO:colcon.colcon_core.shell:Creating package script '/home/athul/ros2_ws/src/install/my_bot/share/my_bot/package.ps1'
[2.123s] INFO:colcon.colcon_core.shell:Creating package descriptor '/home/athul/ros2_ws/src/install/my_bot/share/my_bot/package.dsv'
[2.125s] INFO:colcon.colcon_core.shell:Creating package script '/home/athul/ros2_ws/src/install/my_bot/share/my_bot/package.sh'
[2.127s] INFO:colcon.colcon_core.shell:Creating package script '/home/athul/ros2_ws/src/install/my_bot/share/my_bot/package.bash'
[2.131s] INFO:colcon.colcon_core.shell:Creating package script '/home/athul/ros2_ws/src/install/my_bot/share/my_bot/package.zsh'
[2.133s] Level 1:colcon.colcon_core.environment:create_file_with_runtime_dependencies(/home/athul/ros2_ws/src/install/my_bot/share/colcon-core/packages/my_bot)
[2.220s] Level 1:colcon.colcon_core.environment:create_environment_scripts_only(my_bot)
[2.226s] Level 1:colcon.colcon_core.environment:checking '/home/athul/ros2_ws/src/install/my_bot' for CMake module files
[2.227s] Level 1:colcon.colcon_core.environment:checking '/home/athul/ros2_ws/src/install/my_bot' for CMake config files
[2.228s] Level 1:colcon.colcon_core.shell:create_environment_hook('my_bot', 'cmake_prefix_path')
[2.237s] INFO:colcon.colcon_core.shell:Creating environment hook '/home/athul/ros2_ws/src/install/my_bot/share/my_bot/hook/cmake_prefix_path.ps1'
[2.238s] INFO:colcon.colcon_core.shell:Creating environment descriptor '/home/athul/ros2_ws/src/install/my_bot/share/my_bot/hook/cmake_prefix_path.dsv'
[2.239s] INFO:colcon.colcon_core.shell:Creating environment hook '/home/athul/ros2_ws/src/install/my_bot/share/my_bot/hook/cmake_prefix_path.sh'
[2.241s] Level 1:colcon.colcon_core.environment:checking '/home/athul/ros2_ws/src/install/my_bot/bin'
[2.241s] Level 1:colcon.colcon_core.environment:checking '/home/athul/ros2_ws/src/install/my_bot/lib/pkgconfig/my_bot.pc'
[2.242s] Level 1:colcon.colcon_core.environment:checking '/home/athul/ros2_ws/src/install/my_bot/lib/python3.8/site-packages'
[2.242s] Level 1:colcon.colcon_core.environment:checking '/home/athul/ros2_ws/src/install/my_bot/bin'
[2.247s] INFO:colcon.colcon_core.shell:Creating package script '/home/athul/ros2_ws/src/install/my_bot/share/my_bot/package.ps1'
[2.252s] INFO:colcon.colcon_core.shell:Creating package descriptor '/home/athul/ros2_ws/src/install/my_bot/share/my_bot/package.dsv'
[2.253s] INFO:colcon.colcon_core.shell:Creating package script '/home/athul/ros2_ws/src/install/my_bot/share/my_bot/package.sh'
[2.253s] INFO:colcon.colcon_core.shell:Creating package script '/home/athul/ros2_ws/src/install/my_bot/share/my_bot/package.bash'
[2.258s] INFO:colcon.colcon_core.shell:Creating package script '/home/athul/ros2_ws/src/install/my_bot/share/my_bot/package.zsh'
[2.260s] Level 1:colcon.colcon_core.environment:create_file_with_runtime_dependencies(/home/athul/ros2_ws/src/install/my_bot/share/colcon-core/packages/my_bot)
[13.305s] DEBUG:colcon.colcon_core.event_handler.log_command:Invoked command in '/home/athul/ros2_ws/src/build/gazebo_ros2_control' returned '0': CMAKE_PREFIX_PATH=${CMAKE_PREFIX_PATH}:/home/athul/ros2_ws/install/serial_motor_demo:/opt/ros/foxy /usr/bin/cmake /home/athul/ros2_ws/src/gazebo_ros2_control/gazebo_ros2_control -DAMENT_CMAKE_SYMLINK_INSTALL=1 -DCMAKE_INSTALL_PREFIX=/home/athul/ros2_ws/src/install/gazebo_ros2_control
[13.313s] DEBUG:colcon.colcon_core.event_handler.log_command:Invoking command in '/home/athul/ros2_ws/src/build/gazebo_ros2_control': CMAKE_PREFIX_PATH=${CMAKE_PREFIX_PATH}:/home/athul/ros2_ws/install/serial_motor_demo:/opt/ros/foxy /usr/bin/cmake --build /home/athul/ros2_ws/src/build/gazebo_ros2_control -- -j4 -l4
[15.087s] DEBUG:colcon.colcon_core.event_handler.log_command:Invoked command in '/home/athul/ros2_ws/src/build/serial_motor_demo_msgs' returned '0': CMAKE_PREFIX_PATH=${CMAKE_PREFIX_PATH}:/home/athul/ros2_ws/install/serial_motor_demo:/opt/ros/foxy /usr/bin/cmake --build /home/athul/ros2_ws/src/build/serial_motor_demo_msgs -- -j4 -l4
[15.432s] DEBUG:colcon.colcon_core.event_handler.log_command:Invoking command in '/home/athul/ros2_ws/src/build/serial_motor_demo_msgs': CMAKE_PREFIX_PATH=${CMAKE_PREFIX_PATH}:/home/athul/ros2_ws/install/serial_motor_demo:/opt/ros/foxy /usr/bin/cmake --install /home/athul/ros2_ws/src/build/serial_motor_demo_msgs
[15.845s] Level 1:colcon.colcon_core.environment:create_environment_scripts_only(serial_motor_demo_msgs)
[15.853s] Level 1:colcon.colcon_core.environment:checking '/home/athul/ros2_ws/src/install/serial_motor_demo_msgs' for CMake module files
[15.854s] DEBUG:colcon.colcon_core.event_handler.log_command:Invoked command in '/home/athul/ros2_ws/src/build/serial_motor_demo_msgs' returned '0': CMAKE_PREFIX_PATH=${CMAKE_PREFIX_PATH}:/home/athul/ros2_ws/install/serial_motor_demo:/opt/ros/foxy /usr/bin/cmake --install /home/athul/ros2_ws/src/build/serial_motor_demo_msgs
[15.859s] Level 1:colcon.colcon_core.environment:checking '/home/athul/ros2_ws/src/install/serial_motor_demo_msgs' for CMake config files
[15.861s] Level 1:colcon.colcon_core.shell:create_environment_hook('serial_motor_demo_msgs', 'cmake_prefix_path')
[15.865s] INFO:colcon.colcon_core.shell:Creating environment hook '/home/athul/ros2_ws/src/install/serial_motor_demo_msgs/share/serial_motor_demo_msgs/hook/cmake_prefix_path.ps1'
[15.866s] INFO:colcon.colcon_core.shell:Creating environment descriptor '/home/athul/ros2_ws/src/install/serial_motor_demo_msgs/share/serial_motor_demo_msgs/hook/cmake_prefix_path.dsv'
[15.867s] INFO:colcon.colcon_core.shell:Creating environment hook '/home/athul/ros2_ws/src/install/serial_motor_demo_msgs/share/serial_motor_demo_msgs/hook/cmake_prefix_path.sh'
[15.869s] Level 1:colcon.colcon_core.environment:checking '/home/athul/ros2_ws/src/install/serial_motor_demo_msgs/lib'
[15.870s] Level 1:colcon.colcon_core.shell:create_environment_hook('serial_motor_demo_msgs', 'ld_library_path_lib')
[15.876s] INFO:colcon.colcon_core.shell:Creating environment hook '/home/athul/ros2_ws/src/install/serial_motor_demo_msgs/share/serial_motor_demo_msgs/hook/ld_library_path_lib.ps1'
[15.878s] INFO:colcon.colcon_core.shell:Creating environment descriptor '/home/athul/ros2_ws/src/install/serial_motor_demo_msgs/share/serial_motor_demo_msgs/hook/ld_library_path_lib.dsv'
[15.879s] INFO:colcon.colcon_core.shell:Creating environment hook '/home/athul/ros2_ws/src/install/serial_motor_demo_msgs/share/serial_motor_demo_msgs/hook/ld_library_path_lib.sh'
[15.880s] Level 1:colcon.colcon_core.environment:checking '/home/athul/ros2_ws/src/install/serial_motor_demo_msgs/bin'
[15.880s] Level 1:colcon.colcon_core.environment:checking '/home/athul/ros2_ws/src/install/serial_motor_demo_msgs/lib/pkgconfig/serial_motor_demo_msgs.pc'
[15.881s] Level 1:colcon.colcon_core.environment:checking '/home/athul/ros2_ws/src/install/serial_motor_demo_msgs/lib/python3.8/site-packages'
[15.881s] Level 1:colcon.colcon_core.shell:create_environment_hook('serial_motor_demo_msgs', 'pythonpath')
[15.886s] INFO:colcon.colcon_core.shell:Creating environment hook '/home/athul/ros2_ws/src/install/serial_motor_demo_msgs/share/serial_motor_demo_msgs/hook/pythonpath.ps1'
[15.887s] INFO:colcon.colcon_core.shell:Creating environment descriptor '/home/athul/ros2_ws/src/install/serial_motor_demo_msgs/share/serial_motor_demo_msgs/hook/pythonpath.dsv'
[15.888s] INFO:colcon.colcon_core.shell:Creating environment hook '/home/athul/ros2_ws/src/install/serial_motor_demo_msgs/share/serial_motor_demo_msgs/hook/pythonpath.sh'
[15.889s] Level 1:colcon.colcon_core.environment:checking '/home/athul/ros2_ws/src/install/serial_motor_demo_msgs/bin'
[15.894s] INFO:colcon.colcon_core.shell:Creating package script '/home/athul/ros2_ws/src/install/serial_motor_demo_msgs/share/serial_motor_demo_msgs/package.ps1'
[15.895s] INFO:colcon.colcon_core.shell:Creating package descriptor '/home/athul/ros2_ws/src/install/serial_motor_demo_msgs/share/serial_motor_demo_msgs/package.dsv'
[15.896s] INFO:colcon.colcon_core.shell:Creating package script '/home/athul/ros2_ws/src/install/serial_motor_demo_msgs/share/serial_motor_demo_msgs/package.sh'
[15.898s] INFO:colcon.colcon_core.shell:Creating package script '/home/athul/ros2_ws/src/install/serial_motor_demo_msgs/share/serial_motor_demo_msgs/package.bash'
[15.899s] INFO:colcon.colcon_core.shell:Creating package script '/home/athul/ros2_ws/src/install/serial_motor_demo_msgs/share/serial_motor_demo_msgs/package.zsh'
[15.900s] Level 1:colcon.colcon_core.environment:create_file_with_runtime_dependencies(/home/athul/ros2_ws/src/install/serial_motor_demo_msgs/share/colcon-core/packages/serial_motor_demo_msgs)
[16.106s] Level 1:colcon.colcon_core.environment:create_environment_scripts_only(serial_motor_demo_msgs)
[16.111s] Level 1:colcon.colcon_core.environment:checking '/home/athul/ros2_ws/src/install/serial_motor_demo_msgs' for CMake module files
[16.113s] Level 1:colcon.colcon_core.environment:checking '/home/athul/ros2_ws/src/install/serial_motor_demo_msgs' for CMake config files
[16.114s] Level 1:colcon.colcon_core.shell:create_environment_hook('serial_motor_demo_msgs', 'cmake_prefix_path')
[16.117s] INFO:colcon.colcon_core.shell:Creating environment hook '/home/athul/ros2_ws/src/install/serial_motor_demo_msgs/share/serial_motor_demo_msgs/hook/cmake_prefix_path.ps1'
[16.118s] INFO:colcon.colcon_core.shell:Creating environment descriptor '/home/athul/ros2_ws/src/install/serial_motor_demo_msgs/share/serial_motor_demo_msgs/hook/cmake_prefix_path.dsv'
[16.119s] INFO:colcon.colcon_core.shell:Creating environment hook '/home/athul/ros2_ws/src/install/serial_motor_demo_msgs/share/serial_motor_demo_msgs/hook/cmake_prefix_path.sh'
[16.120s] Level 1:colcon.colcon_core.environment:checking '/home/athul/ros2_ws/src/install/serial_motor_demo_msgs/lib'
[16.121s] Level 1:colcon.colcon_core.shell:create_environment_hook('serial_motor_demo_msgs', 'ld_library_path_lib')
[16.125s] INFO:colcon.colcon_core.shell:Creating environment hook '/home/athul/ros2_ws/src/install/serial_motor_demo_msgs/share/serial_motor_demo_msgs/hook/ld_library_path_lib.ps1'
[16.126s] INFO:colcon.colcon_core.shell:Creating environment descriptor '/home/athul/ros2_ws/src/install/serial_motor_demo_msgs/share/serial_motor_demo_msgs/hook/ld_library_path_lib.dsv'
[16.127s] INFO:colcon.colcon_core.shell:Creating environment hook '/home/athul/ros2_ws/src/install/serial_motor_demo_msgs/share/serial_motor_demo_msgs/hook/ld_library_path_lib.sh'
[16.128s] Level 1:colcon.colcon_core.environment:checking '/home/athul/ros2_ws/src/install/serial_motor_demo_msgs/bin'
[16.128s] Level 1:colcon.colcon_core.environment:checking '/home/athul/ros2_ws/src/install/serial_motor_demo_msgs/lib/pkgconfig/serial_motor_demo_msgs.pc'
[16.129s] Level 1:colcon.colcon_core.environment:checking '/home/athul/ros2_ws/src/install/serial_motor_demo_msgs/lib/python3.8/site-packages'
[16.129s] Level 1:colcon.colcon_core.shell:create_environment_hook('serial_motor_demo_msgs', 'pythonpath')
[16.134s] INFO:colcon.colcon_core.shell:Creating environment hook '/home/athul/ros2_ws/src/install/serial_motor_demo_msgs/share/serial_motor_demo_msgs/hook/pythonpath.ps1'
[16.135s] INFO:colcon.colcon_core.shell:Creating environment descriptor '/home/athul/ros2_ws/src/install/serial_motor_demo_msgs/share/serial_motor_demo_msgs/hook/pythonpath.dsv'
[16.136s] INFO:colcon.colcon_core.shell:Creating environment hook '/home/athul/ros2_ws/src/install/serial_motor_demo_msgs/share/serial_motor_demo_msgs/hook/pythonpath.sh'
[16.137s] Level 1:colcon.colcon_core.environment:checking '/home/athul/ros2_ws/src/install/serial_motor_demo_msgs/bin'
[16.141s] INFO:colcon.colcon_core.shell:Creating package script '/home/athul/ros2_ws/src/install/serial_motor_demo_msgs/share/serial_motor_demo_msgs/package.ps1'
[16.143s] INFO:colcon.colcon_core.shell:Creating package descriptor '/home/athul/ros2_ws/src/install/serial_motor_demo_msgs/share/serial_motor_demo_msgs/package.dsv'
[16.145s] INFO:colcon.colcon_core.shell:Creating package script '/home/athul/ros2_ws/src/install/serial_motor_demo_msgs/share/serial_motor_demo_msgs/package.sh'
[16.147s] INFO:colcon.colcon_core.shell:Creating package script '/home/athul/ros2_ws/src/install/serial_motor_demo_msgs/share/serial_motor_demo_msgs/package.bash'
[16.148s] INFO:colcon.colcon_core.shell:Creating package script '/home/athul/ros2_ws/src/install/serial_motor_demo_msgs/share/serial_motor_demo_msgs/package.zsh'
[16.150s] Level 1:colcon.colcon_core.environment:create_file_with_runtime_dependencies(/home/athul/ros2_ws/src/install/serial_motor_demo_msgs/share/colcon-core/packages/serial_motor_demo_msgs)
[16.151s] INFO:colcon.colcon_ros.task.ament_python.build:Building ROS package in '/home/athul/ros2_ws/src/serial_motor_demo/serial_motor_demo' with build type 'ament_python'
[16.151s] Level 1:colcon.colcon_core.shell:create_environment_hook('serial_motor_demo', 'ament_prefix_path')
[16.154s] INFO:colcon.colcon_core.shell:Creating environment hook '/home/athul/ros2_ws/src/install/serial_motor_demo/share/serial_motor_demo/hook/ament_prefix_path.ps1'
[16.156s] INFO:colcon.colcon_core.shell:Creating environment descriptor '/home/athul/ros2_ws/src/install/serial_motor_demo/share/serial_motor_demo/hook/ament_prefix_path.dsv'
[16.157s] INFO:colcon.colcon_core.shell:Creating environment hook '/home/athul/ros2_ws/src/install/serial_motor_demo/share/serial_motor_demo/hook/ament_prefix_path.sh'
[16.161s] INFO:colcon.colcon_core.shell:Skip shell extension 'powershell' for command environment: Not usable outside of PowerShell
[16.161s] DEBUG:colcon.colcon_core.shell:Skip shell extension 'dsv' for command environment
[16.872s] INFO:colcon.colcon_core.task.python.build:Building Python package in '/home/athul/ros2_ws/src/serial_motor_demo/serial_motor_demo'
[16.876s] INFO:colcon.colcon_core.shell:Skip shell extension 'powershell' for command environment: Not usable outside of PowerShell
[16.876s] DEBUG:colcon.colcon_core.shell:Skip shell extension 'dsv' for command environment
[18.350s] DEBUG:colcon.colcon_core.event_handler.log_command:Invoking command in '/home/athul/ros2_ws/src/build/serial_motor_demo': AMENT_PREFIX_PATH=/home/athul/ros2_ws/src/install/serial_motor_demo_msgs:${AMENT_PREFIX_PATH} CMAKE_PREFIX_PATH=/home/athul/ros2_ws/src/install/serial_motor_demo_msgs:${CMAKE_PREFIX_PATH} LD_LIBRARY_PATH=/home/athul/ros2_ws/src/install/serial_motor_demo_msgs/lib:${LD_LIBRARY_PATH} PYTHONPATH=/home/athul/ros2_ws/src/build/serial_motor_demo/prefix_override:/home/athul/ros2_ws/src/install/serial_motor_demo/lib/python3.8/site-packages:/home/athul/ros2_ws/src/install/serial_motor_demo_msgs/lib/python3.8/site-packages:${PYTHONPATH} /usr/bin/python3 setup.py develop --editable --build-directory /home/athul/ros2_ws/src/build/serial_motor_demo/build --no-deps install_data
[20.011s] Level 1:colcon.colcon_core.shell:create_environment_hook('serial_motor_demo', 'pythonpath_develop')
[20.017s] INFO:colcon.colcon_core.shell:Creating environment hook '/home/athul/ros2_ws/src/build/serial_motor_demo/share/serial_motor_demo/hook/pythonpath_develop.ps1'
[20.018s] DEBUG:colcon.colcon_core.event_handler.log_command:Invoked command in '/home/athul/ros2_ws/src/build/serial_motor_demo' returned '0': AMENT_PREFIX_PATH=/home/athul/ros2_ws/src/install/serial_motor_demo_msgs:${AMENT_PREFIX_PATH} CMAKE_PREFIX_PATH=/home/athul/ros2_ws/src/install/serial_motor_demo_msgs:${CMAKE_PREFIX_PATH} LD_LIBRARY_PATH=/home/athul/ros2_ws/src/install/serial_motor_demo_msgs/lib:${LD_LIBRARY_PATH} PYTHONPATH=/home/athul/ros2_ws/src/build/serial_motor_demo/prefix_override:/home/athul/ros2_ws/src/install/serial_motor_demo/lib/python3.8/site-packages:/home/athul/ros2_ws/src/install/serial_motor_demo_msgs/lib/python3.8/site-packages:${PYTHONPATH} /usr/bin/python3 setup.py develop --editable --build-directory /home/athul/ros2_ws/src/build/serial_motor_demo/build --no-deps install_data
[20.021s] INFO:colcon.colcon_core.shell:Creating environment descriptor '/home/athul/ros2_ws/src/build/serial_motor_demo/share/serial_motor_demo/hook/pythonpath_develop.dsv'
[20.022s] INFO:colcon.colcon_core.shell:Creating environment hook '/home/athul/ros2_ws/src/build/serial_motor_demo/share/serial_motor_demo/hook/pythonpath_develop.sh'
[20.031s] Level 1:colcon.colcon_core.environment:checking '/home/athul/ros2_ws/src/install/serial_motor_demo' for CMake module files
[20.032s] Level 1:colcon.colcon_core.environment:checking '/home/athul/ros2_ws/src/install/serial_motor_demo' for CMake config files
[20.033s] Level 1:colcon.colcon_core.environment:checking '/home/athul/ros2_ws/src/install/serial_motor_demo/lib'
[20.034s] Level 1:colcon.colcon_core.environment:checking '/home/athul/ros2_ws/src/install/serial_motor_demo/bin'
[20.034s] Level 1:colcon.colcon_core.environment:checking '/home/athul/ros2_ws/src/install/serial_motor_demo/lib/pkgconfig/serial_motor_demo.pc'
[20.035s] Level 1:colcon.colcon_core.environment:checking '/home/athul/ros2_ws/src/install/serial_motor_demo/lib/python3.8/site-packages'
[20.035s] Level 1:colcon.colcon_core.shell:create_environment_hook('serial_motor_demo', 'pythonpath')
[20.039s] INFO:colcon.colcon_core.shell:Creating environment hook '/home/athul/ros2_ws/src/install/serial_motor_demo/share/serial_motor_demo/hook/pythonpath.ps1'
[20.040s] INFO:colcon.colcon_core.shell:Creating environment descriptor '/home/athul/ros2_ws/src/install/serial_motor_demo/share/serial_motor_demo/hook/pythonpath.dsv'
[20.041s] INFO:colcon.colcon_core.shell:Creating environment hook '/home/athul/ros2_ws/src/install/serial_motor_demo/share/serial_motor_demo/hook/pythonpath.sh'
[20.043s] Level 1:colcon.colcon_core.environment:checking '/home/athul/ros2_ws/src/install/serial_motor_demo/bin'
[20.043s] Level 1:colcon.colcon_core.environment:create_environment_scripts_only(serial_motor_demo)
[20.048s] INFO:colcon.colcon_core.shell:Creating package script '/home/athul/ros2_ws/src/install/serial_motor_demo/share/serial_motor_demo/package.ps1'
[20.050s] INFO:colcon.colcon_core.shell:Creating package descriptor '/home/athul/ros2_ws/src/install/serial_motor_demo/share/serial_motor_demo/package.dsv'
[20.052s] INFO:colcon.colcon_core.shell:Creating package script '/home/athul/ros2_ws/src/install/serial_motor_demo/share/serial_motor_demo/package.sh'
[20.054s] INFO:colcon.colcon_core.shell:Creating package script '/home/athul/ros2_ws/src/install/serial_motor_demo/share/serial_motor_demo/package.bash'
[20.056s] INFO:colcon.colcon_core.shell:Creating package script '/home/athul/ros2_ws/src/install/serial_motor_demo/share/serial_motor_demo/package.zsh'
[20.057s] Level 1:colcon.colcon_core.environment:create_file_with_runtime_dependencies(/home/athul/ros2_ws/src/install/serial_motor_demo/share/colcon-core/packages/serial_motor_demo)
[45.612s] DEBUG:colcon.colcon_core.event_handler.log_command:Invoked command in '/home/athul/ros2_ws/src/build/gazebo_ros2_control' returned '0': CMAKE_PREFIX_PATH=${CMAKE_PREFIX_PATH}:/home/athul/ros2_ws/install/serial_motor_demo:/opt/ros/foxy /usr/bin/cmake --build /home/athul/ros2_ws/src/build/gazebo_ros2_control -- -j4 -l4
[45.669s] DEBUG:colcon.colcon_core.event_handler.log_command:Invoking command in '/home/athul/ros2_ws/src/build/gazebo_ros2_control': CMAKE_PREFIX_PATH=${CMAKE_PREFIX_PATH}:/home/athul/ros2_ws/install/serial_motor_demo:/opt/ros/foxy /usr/bin/cmake --install /home/athul/ros2_ws/src/build/gazebo_ros2_control
[46.153s] Level 1:colcon.colcon_core.environment:create_environment_scripts_only(gazebo_ros2_control)
[46.159s] DEBUG:colcon.colcon_core.event_handler.log_command:Invoked command in '/home/athul/ros2_ws/src/build/gazebo_ros2_control' returned '0': CMAKE_PREFIX_PATH=${CMAKE_PREFIX_PATH}:/home/athul/ros2_ws/install/serial_motor_demo:/opt/ros/foxy /usr/bin/cmake --install /home/athul/ros2_ws/src/build/gazebo_ros2_control
[46.164s] Level 1:colcon.colcon_core.environment:checking '/home/athul/ros2_ws/src/install/gazebo_ros2_control' for CMake module files
[46.165s] Level 1:colcon.colcon_core.environment:checking '/home/athul/ros2_ws/src/install/gazebo_ros2_control' for CMake config files
[46.165s] Level 1:colcon.colcon_core.shell:create_environment_hook('gazebo_ros2_control', 'cmake_prefix_path')
[46.167s] INFO:colcon.colcon_core.shell:Creating environment hook '/home/athul/ros2_ws/src/install/gazebo_ros2_control/share/gazebo_ros2_control/hook/cmake_prefix_path.ps1'
[46.169s] INFO:colcon.colcon_core.shell:Creating environment descriptor '/home/athul/ros2_ws/src/install/gazebo_ros2_control/share/gazebo_ros2_control/hook/cmake_prefix_path.dsv'
[46.170s] INFO:colcon.colcon_core.shell:Creating environment hook '/home/athul/ros2_ws/src/install/gazebo_ros2_control/share/gazebo_ros2_control/hook/cmake_prefix_path.sh'
[46.171s] Level 1:colcon.colcon_core.environment:checking '/home/athul/ros2_ws/src/install/gazebo_ros2_control/lib'
[46.172s] Level 1:colcon.colcon_core.shell:create_environment_hook('gazebo_ros2_control', 'ld_library_path_lib')
[46.174s] INFO:colcon.colcon_core.shell:Creating environment hook '/home/athul/ros2_ws/src/install/gazebo_ros2_control/share/gazebo_ros2_control/hook/ld_library_path_lib.ps1'
[46.175s] INFO:colcon.colcon_core.shell:Creating environment descriptor '/home/athul/ros2_ws/src/install/gazebo_ros2_control/share/gazebo_ros2_control/hook/ld_library_path_lib.dsv'
[46.175s] INFO:colcon.colcon_core.shell:Creating environment hook '/home/athul/ros2_ws/src/install/gazebo_ros2_control/share/gazebo_ros2_control/hook/ld_library_path_lib.sh'
[46.176s] Level 1:colcon.colcon_core.environment:checking '/home/athul/ros2_ws/src/install/gazebo_ros2_control/bin'
[46.176s] Level 1:colcon.colcon_core.environment:checking '/home/athul/ros2_ws/src/install/gazebo_ros2_control/lib/pkgconfig/gazebo_ros2_control.pc'
[46.177s] Level 1:colcon.colcon_core.environment:checking '/home/athul/ros2_ws/src/install/gazebo_ros2_control/lib/python3.8/site-packages'
[46.177s] Level 1:colcon.colcon_core.environment:checking '/home/athul/ros2_ws/src/install/gazebo_ros2_control/bin'
[46.179s] INFO:colcon.colcon_core.shell:Creating package script '/home/athul/ros2_ws/src/install/gazebo_ros2_control/share/gazebo_ros2_control/package.ps1'
[46.180s] INFO:colcon.colcon_core.shell:Creating package descriptor '/home/athul/ros2_ws/src/install/gazebo_ros2_control/share/gazebo_ros2_control/package.dsv'
[46.181s] INFO:colcon.colcon_core.shell:Creating package script '/home/athul/ros2_ws/src/install/gazebo_ros2_control/share/gazebo_ros2_control/package.sh'
[46.182s] INFO:colcon.colcon_core.shell:Creating package script '/home/athul/ros2_ws/src/install/gazebo_ros2_control/share/gazebo_ros2_control/package.bash'
[46.184s] INFO:colcon.colcon_core.shell:Creating package script '/home/athul/ros2_ws/src/install/gazebo_ros2_control/share/gazebo_ros2_control/package.zsh'
[46.185s] Level 1:colcon.colcon_core.environment:create_file_with_runtime_dependencies(/home/athul/ros2_ws/src/install/gazebo_ros2_control/share/colcon-core/packages/gazebo_ros2_control)
[46.238s] Level 1:colcon.colcon_core.environment:create_environment_scripts_only(gazebo_ros2_control)
[46.242s] Level 1:colcon.colcon_core.environment:checking '/home/athul/ros2_ws/src/install/gazebo_ros2_control' for CMake module files
[46.243s] Level 1:colcon.colcon_core.environment:checking '/home/athul/ros2_ws/src/install/gazebo_ros2_control' for CMake config files
[46.244s] Level 1:colcon.colcon_core.shell:create_environment_hook('gazebo_ros2_control', 'cmake_prefix_path')
[46.246s] INFO:colcon.colcon_core.shell:Creating environment hook '/home/athul/ros2_ws/src/install/gazebo_ros2_control/share/gazebo_ros2_control/hook/cmake_prefix_path.ps1'
[46.248s] INFO:colcon.colcon_core.shell:Creating environment descriptor '/home/athul/ros2_ws/src/install/gazebo_ros2_control/share/gazebo_ros2_control/hook/cmake_prefix_path.dsv'
[46.248s] INFO:colcon.colcon_core.shell:Creating environment hook '/home/athul/ros2_ws/src/install/gazebo_ros2_control/share/gazebo_ros2_control/hook/cmake_prefix_path.sh'
[46.250s] Level 1:colcon.colcon_core.environment:checking '/home/athul/ros2_ws/src/install/gazebo_ros2_control/lib'
[46.250s] Level 1:colcon.colcon_core.shell:create_environment_hook('gazebo_ros2_control', 'ld_library_path_lib')
[46.254s] INFO:colcon.colcon_core.shell:Creating environment hook '/home/athul/ros2_ws/src/install/gazebo_ros2_control/share/gazebo_ros2_control/hook/ld_library_path_lib.ps1'
[46.255s] INFO:colcon.colcon_core.shell:Creating environment descriptor '/home/athul/ros2_ws/src/install/gazebo_ros2_control/share/gazebo_ros2_control/hook/ld_library_path_lib.dsv'
[46.255s] INFO:colcon.colcon_core.shell:Creating environment hook '/home/athul/ros2_ws/src/install/gazebo_ros2_control/share/gazebo_ros2_control/hook/ld_library_path_lib.sh'
[46.256s] Level 1:colcon.colcon_core.environment:checking '/home/athul/ros2_ws/src/install/gazebo_ros2_control/bin'
[46.256s] Level 1:colcon.colcon_core.environment:checking '/home/athul/ros2_ws/src/install/gazebo_ros2_control/lib/pkgconfig/gazebo_ros2_control.pc'
[46.256s] Level 1:colcon.colcon_core.environment:checking '/home/athul/ros2_ws/src/install/gazebo_ros2_control/lib/python3.8/site-packages'
[46.257s] Level 1:colcon.colcon_core.environment:checking '/home/athul/ros2_ws/src/install/gazebo_ros2_control/bin'
[46.259s] INFO:colcon.colcon_core.shell:Creating package script '/home/athul/ros2_ws/src/install/gazebo_ros2_control/share/gazebo_ros2_control/package.ps1'
[46.260s] INFO:colcon.colcon_core.shell:Creating package descriptor '/home/athul/ros2_ws/src/install/gazebo_ros2_control/share/gazebo_ros2_control/package.dsv'
[46.261s] INFO:colcon.colcon_core.shell:Creating package script '/home/athul/ros2_ws/src/install/gazebo_ros2_control/share/gazebo_ros2_control/package.sh'
[46.263s] INFO:colcon.colcon_core.shell:Creating package script '/home/athul/ros2_ws/src/install/gazebo_ros2_control/share/gazebo_ros2_control/package.bash'
[46.264s] INFO:colcon.colcon_core.shell:Creating package script '/home/athul/ros2_ws/src/install/gazebo_ros2_control/share/gazebo_ros2_control/package.zsh'
[46.265s] Level 1:colcon.colcon_core.environment:create_file_with_runtime_dependencies(/home/athul/ros2_ws/src/install/gazebo_ros2_control/share/colcon-core/packages/gazebo_ros2_control)
[46.266s] INFO:colcon.colcon_ros.task.ament_cmake.build:Building ROS package in '/home/athul/ros2_ws/src/gazebo_ros2_control/gazebo_ros2_control_demos' with build type 'ament_cmake'
[46.266s] INFO:colcon.colcon_cmake.task.cmake.build:Building CMake package in '/home/athul/ros2_ws/src/gazebo_ros2_control/gazebo_ros2_control_demos'
[46.268s] INFO:colcon.colcon_core.shell:Skip shell extension 'powershell' for command environment: Not usable outside of PowerShell
[46.268s] DEBUG:colcon.colcon_core.shell:Skip shell extension 'dsv' for command environment
[46.300s] DEBUG:colcon.colcon_core.event_handler.log_command:Invoking command in '/home/athul/ros2_ws/src/build/gazebo_ros2_control_demos': AMENT_PREFIX_PATH=/home/athul/ros2_ws/src/install/gazebo_ros2_control:${AMENT_PREFIX_PATH} CMAKE_PREFIX_PATH=/home/athul/ros2_ws/src/install/gazebo_ros2_control:/home/athul/ros2_ws/install/serial_motor_demo_msgs:/home/athul/ros2_ws/install/my_bot:/home/athul/ros2_ws/install/serial_motor_demo:/opt/ros/foxy LD_LIBRARY_PATH=/home/athul/ros2_ws/src/install/gazebo_ros2_control/lib:${LD_LIBRARY_PATH} /usr/bin/cmake /home/athul/ros2_ws/src/gazebo_ros2_control/gazebo_ros2_control_demos -DAMENT_CMAKE_SYMLINK_INSTALL=1 -DCMAKE_INSTALL_PREFIX=/home/athul/ros2_ws/src/install/gazebo_ros2_control_demos
[51.017s] DEBUG:colcon.colcon_core.event_handler.log_command:Invoked command in '/home/athul/ros2_ws/src/build/gazebo_ros2_control_demos' returned '0': AMENT_PREFIX_PATH=/home/athul/ros2_ws/src/install/gazebo_ros2_control:${AMENT_PREFIX_PATH} CMAKE_PREFIX_PATH=/home/athul/ros2_ws/src/install/gazebo_ros2_control:/home/athul/ros2_ws/install/serial_motor_demo_msgs:/home/athul/ros2_ws/install/my_bot:/home/athul/ros2_ws/install/serial_motor_demo:/opt/ros/foxy LD_LIBRARY_PATH=/home/athul/ros2_ws/src/install/gazebo_ros2_control/lib:${LD_LIBRARY_PATH} /usr/bin/cmake /home/athul/ros2_ws/src/gazebo_ros2_control/gazebo_ros2_control_demos -DAMENT_CMAKE_SYMLINK_INSTALL=1 -DCMAKE_INSTALL_PREFIX=/home/athul/ros2_ws/src/install/gazebo_ros2_control_demos
[51.020s] DEBUG:colcon.colcon_core.event_handler.log_command:Invoking command in '/home/athul/ros2_ws/src/build/gazebo_ros2_control_demos': AMENT_PREFIX_PATH=/home/athul/ros2_ws/src/install/gazebo_ros2_control:${AMENT_PREFIX_PATH} CMAKE_PREFIX_PATH=/home/athul/ros2_ws/src/install/gazebo_ros2_control:/home/athul/ros2_ws/install/serial_motor_demo_msgs:/home/athul/ros2_ws/install/my_bot:/home/athul/ros2_ws/install/serial_motor_demo:/opt/ros/foxy LD_LIBRARY_PATH=/home/athul/ros2_ws/src/install/gazebo_ros2_control/lib:${LD_LIBRARY_PATH} /usr/bin/cmake --build /home/athul/ros2_ws/src/build/gazebo_ros2_control_demos -- -j4 -l4
[68.710s] DEBUG:colcon.colcon_core.event_handler.log_command:Invoked command in '/home/athul/ros2_ws/src/build/gazebo_ros2_control_demos' returned '0': AMENT_PREFIX_PATH=/home/athul/ros2_ws/src/install/gazebo_ros2_control:${AMENT_PREFIX_PATH} CMAKE_PREFIX_PATH=/home/athul/ros2_ws/src/install/gazebo_ros2_control:/home/athul/ros2_ws/install/serial_motor_demo_msgs:/home/athul/ros2_ws/install/my_bot:/home/athul/ros2_ws/install/serial_motor_demo:/opt/ros/foxy LD_LIBRARY_PATH=/home/athul/ros2_ws/src/install/gazebo_ros2_control/lib:${LD_LIBRARY_PATH} /usr/bin/cmake --build /home/athul/ros2_ws/src/build/gazebo_ros2_control_demos -- -j4 -l4
[68.766s] DEBUG:colcon.colcon_core.event_handler.log_command:Invoking command in '/home/athul/ros2_ws/src/build/gazebo_ros2_control_demos': AMENT_PREFIX_PATH=/home/athul/ros2_ws/src/install/gazebo_ros2_control:${AMENT_PREFIX_PATH} CMAKE_PREFIX_PATH=/home/athul/ros2_ws/src/install/gazebo_ros2_control:/home/athul/ros2_ws/install/serial_motor_demo_msgs:/home/athul/ros2_ws/install/my_bot:/home/athul/ros2_ws/install/serial_motor_demo:/opt/ros/foxy LD_LIBRARY_PATH=/home/athul/ros2_ws/src/install/gazebo_ros2_control/lib:${LD_LIBRARY_PATH} /usr/bin/cmake --install /home/athul/ros2_ws/src/build/gazebo_ros2_control_demos
[69.340s] Level 1:colcon.colcon_core.environment:create_environment_scripts_only(gazebo_ros2_control_demos)
[69.344s] Level 1:colcon.colcon_core.environment:checking '/home/athul/ros2_ws/src/install/gazebo_ros2_control_demos' for CMake module files
[69.345s] DEBUG:colcon.colcon_core.event_handler.log_command:Invoked command in '/home/athul/ros2_ws/src/build/gazebo_ros2_control_demos' returned '0': AMENT_PREFIX_PATH=/home/athul/ros2_ws/src/install/gazebo_ros2_control:${AMENT_PREFIX_PATH} CMAKE_PREFIX_PATH=/home/athul/ros2_ws/src/install/gazebo_ros2_control:/home/athul/ros2_ws/install/serial_motor_demo_msgs:/home/athul/ros2_ws/install/my_bot:/home/athul/ros2_ws/install/serial_motor_demo:/opt/ros/foxy LD_LIBRARY_PATH=/home/athul/ros2_ws/src/install/gazebo_ros2_control/lib:${LD_LIBRARY_PATH} /usr/bin/cmake --install /home/athul/ros2_ws/src/build/gazebo_ros2_control_demos
[69.346s] Level 1:colcon.colcon_core.environment:checking '/home/athul/ros2_ws/src/install/gazebo_ros2_control_demos' for CMake config files
[69.347s] Level 1:colcon.colcon_core.shell:create_environment_hook('gazebo_ros2_control_demos', 'cmake_prefix_path')
[69.349s] INFO:colcon.colcon_core.shell:Creating environment hook '/home/athul/ros2_ws/src/install/gazebo_ros2_control_demos/share/gazebo_ros2_control_demos/hook/cmake_prefix_path.ps1'
[69.350s] INFO:colcon.colcon_core.shell:Creating environment descriptor '/home/athul/ros2_ws/src/install/gazebo_ros2_control_demos/share/gazebo_ros2_control_demos/hook/cmake_prefix_path.dsv'
[69.350s] INFO:colcon.colcon_core.shell:Creating environment hook '/home/athul/ros2_ws/src/install/gazebo_ros2_control_demos/share/gazebo_ros2_control_demos/hook/cmake_prefix_path.sh'
[69.351s] Level 1:colcon.colcon_core.environment:checking '/home/athul/ros2_ws/src/install/gazebo_ros2_control_demos/lib'
[69.351s] Level 1:colcon.colcon_core.environment:checking '/home/athul/ros2_ws/src/install/gazebo_ros2_control_demos/bin'
[69.352s] Level 1:colcon.colcon_core.environment:checking '/home/athul/ros2_ws/src/install/gazebo_ros2_control_demos/lib/pkgconfig/gazebo_ros2_control_demos.pc'
[69.352s] Level 1:colcon.colcon_core.environment:checking '/home/athul/ros2_ws/src/install/gazebo_ros2_control_demos/lib/python3.8/site-packages'
[69.352s] Level 1:colcon.colcon_core.environment:checking '/home/athul/ros2_ws/src/install/gazebo_ros2_control_demos/bin'
[69.355s] INFO:colcon.colcon_core.shell:Creating package script '/home/athul/ros2_ws/src/install/gazebo_ros2_control_demos/share/gazebo_ros2_control_demos/package.ps1'
[69.356s] INFO:colcon.colcon_core.shell:Creating package descriptor '/home/athul/ros2_ws/src/install/gazebo_ros2_control_demos/share/gazebo_ros2_control_demos/package.dsv'
[69.356s] INFO:colcon.colcon_core.shell:Creating package script '/home/athul/ros2_ws/src/install/gazebo_ros2_control_demos/share/gazebo_ros2_control_demos/package.sh'
[69.357s] INFO:colcon.colcon_core.shell:Creating package script '/home/athul/ros2_ws/src/install/gazebo_ros2_control_demos/share/gazebo_ros2_control_demos/package.bash'
[69.358s] INFO:colcon.colcon_core.shell:Creating package script '/home/athul/ros2_ws/src/install/gazebo_ros2_control_demos/share/gazebo_ros2_control_demos/package.zsh'
[69.358s] Level 1:colcon.colcon_core.environment:create_file_with_runtime_dependencies(/home/athul/ros2_ws/src/install/gazebo_ros2_control_demos/share/colcon-core/packages/gazebo_ros2_control_demos)
[69.424s] Level 1:colcon.colcon_core.environment:create_environment_scripts_only(gazebo_ros2_control_demos)
[69.427s] Level 1:colcon.colcon_core.environment:checking '/home/athul/ros2_ws/src/install/gazebo_ros2_control_demos' for CMake module files
[69.428s] Level 1:colcon.colcon_core.environment:checking '/home/athul/ros2_ws/src/install/gazebo_ros2_control_demos' for CMake config files
[69.428s] Level 1:colcon.colcon_core.shell:create_environment_hook('gazebo_ros2_control_demos', 'cmake_prefix_path')
[69.431s] INFO:colcon.colcon_core.shell:Creating environment hook '/home/athul/ros2_ws/src/install/gazebo_ros2_control_demos/share/gazebo_ros2_control_demos/hook/cmake_prefix_path.ps1'
[69.432s] INFO:colcon.colcon_core.shell:Creating environment descriptor '/home/athul/ros2_ws/src/install/gazebo_ros2_control_demos/share/gazebo_ros2_control_demos/hook/cmake_prefix_path.dsv'
[69.432s] INFO:colcon.colcon_core.shell:Creating environment hook '/home/athul/ros2_ws/src/install/gazebo_ros2_control_demos/share/gazebo_ros2_control_demos/hook/cmake_prefix_path.sh'
[69.433s] Level 1:colcon.colcon_core.environment:checking '/home/athul/ros2_ws/src/install/gazebo_ros2_control_demos/lib'
[69.433s] Level 1:colcon.colcon_core.environment:checking '/home/athul/ros2_ws/src/install/gazebo_ros2_control_demos/bin'
[69.433s] Level 1:colcon.colcon_core.environment:checking '/home/athul/ros2_ws/src/install/gazebo_ros2_control_demos/lib/pkgconfig/gazebo_ros2_control_demos.pc'
[69.434s] Level 1:colcon.colcon_core.environment:checking '/home/athul/ros2_ws/src/install/gazebo_ros2_control_demos/lib/python3.8/site-packages'
[69.434s] Level 1:colcon.colcon_core.environment:checking '/home/athul/ros2_ws/src/install/gazebo_ros2_control_demos/bin'
[69.437s] INFO:colcon.colcon_core.shell:Creating package script '/home/athul/ros2_ws/src/install/gazebo_ros2_control_demos/share/gazebo_ros2_control_demos/package.ps1'
[69.437s] INFO:colcon.colcon_core.shell:Creating package descriptor '/home/athul/ros2_ws/src/install/gazebo_ros2_control_demos/share/gazebo_ros2_control_demos/package.dsv'
[69.438s] INFO:colcon.colcon_core.shell:Creating package script '/home/athul/ros2_ws/src/install/gazebo_ros2_control_demos/share/gazebo_ros2_control_demos/package.sh'
[69.439s] INFO:colcon.colcon_core.shell:Creating package script '/home/athul/ros2_ws/src/install/gazebo_ros2_control_demos/share/gazebo_ros2_control_demos/package.bash'
[69.439s] INFO:colcon.colcon_core.shell:Creating package script '/home/athul/ros2_ws/src/install/gazebo_ros2_control_demos/share/gazebo_ros2_control_demos/package.zsh'
[69.440s] Level 1:colcon.colcon_core.environment:create_file_with_runtime_dependencies(/home/athul/ros2_ws/src/install/gazebo_ros2_control_demos/share/colcon-core/packages/gazebo_ros2_control_demos)
[69.440s] DEBUG:colcon.colcon_parallel_executor.executor.parallel:closing loop
[69.441s] DEBUG:colcon.colcon_parallel_executor.executor.parallel:loop closed
[69.441s] DEBUG:colcon.colcon_parallel_executor.executor.parallel:run_until_complete finished with '0'
[69.441s] DEBUG:colcon.colcon_core.event_reactor:joining thread
[69.463s] INFO:colcon.colcon_core.plugin_system:Skipping extension 'colcon_notification.desktop_notification.terminal_notifier': Not used on non-Darwin systems
[69.463s] INFO:colcon.colcon_core.plugin_system:Skipping extension 'colcon_notification.desktop_notification.win32': Not used on non-Windows systems
[69.463s] INFO:colcon.colcon_notification.desktop_notification:Sending desktop notification using 'notify2'
[69.835s] DEBUG:colcon.colcon_core.event_reactor:joined thread
[69.844s] INFO:colcon.colcon_core.shell:Creating prefix script '/home/athul/ros2_ws/src/install/local_setup.ps1'
[69.848s] INFO:colcon.colcon_core.shell:Creating prefix util module '/home/athul/ros2_ws/src/install/_local_setup_util_ps1.py'
[69.850s] INFO:colcon.colcon_core.shell:Creating prefix chain script '/home/athul/ros2_ws/src/install/setup.ps1'
[69.853s] INFO:colcon.colcon_core.shell:Creating prefix script '/home/athul/ros2_ws/src/install/local_setup.sh'
[69.854s] INFO:colcon.colcon_core.shell:Creating prefix util module '/home/athul/ros2_ws/src/install/_local_setup_util_sh.py'
[69.854s] INFO:colcon.colcon_core.shell:Creating prefix chain script '/home/athul/ros2_ws/src/install/setup.sh'
[69.857s] INFO:colcon.colcon_core.shell:Creating prefix script '/home/athul/ros2_ws/src/install/local_setup.bash'
[69.858s] INFO:colcon.colcon_core.shell:Creating prefix chain script '/home/athul/ros2_ws/src/install/setup.bash'
[69.860s] INFO:colcon.colcon_core.shell:Creating prefix script '/home/athul/ros2_ws/src/install/local_setup.zsh'
[69.862s] INFO:colcon.colcon_core.shell:Creating prefix chain script '/home/athul/ros2_ws/src/install/setup.zsh'
