[0.027s] Invoking command in '/home/athul/ros2_ws/build/rosapi': AMENT_PREFIX_PATH=/home/athul/ros2_ws/install/rosbridge_library:/home/athul/ros2_ws/install/rosapi_msgs:${AMENT_PREFIX_PATH} CMAKE_PREFIX_PATH=/home/athul/ros2_ws/install/rosbridge_library:/home/athul/ros2_ws/install/rosapi_msgs:/home/athul/ros2_ws/install/serial_motor_demo_msgs:/home/athul/ros2_ws/install/my_bot:/home/athul/ros2_ws/install/gazebo_ros2_control_demos:/home/athul/ros2_ws/install/gazebo_ros2_control:/home/athul/ros2_ws/install/serial_motor_demo:/opt/ros/foxy LD_LIBRARY_PATH=/home/athul/ros2_ws/install/rosapi_msgs/lib:${LD_LIBRARY_PATH} PYTHONPATH=/home/athul/ros2_ws/install/rosbridge_library/lib/python3.8/site-packages:/home/athul/ros2_ws/install/rosapi_msgs/lib/python3.8/site-packages:${PYTHONPATH} /usr/bin/cmake /home/athul/ros2_ws/src/rosbridge_suite/rosapi -DAMENT_CMAKE_SYMLINK_INSTALL=1 -DCMAKE_INSTALL_PREFIX=/home/athul/ros2_ws/install/rosapi
[0.127s] -- The C compiler identification is GNU 9.4.0
[0.216s] -- The CXX compiler identification is GNU 9.4.0
[0.224s] -- Check for working C compiler: /usr/bin/cc
[0.333s] -- Check for working C compiler: /usr/bin/cc -- works
[0.334s] -- Detecting C compiler ABI info
[0.443s] -- Detecting C compiler ABI info - done
[0.464s] -- Detecting C compile features
[0.465s] -- Detecting C compile features - done
[0.468s] -- Check for working CXX compiler: /usr/bin/c++
[0.600s] -- Check for working CXX compiler: /usr/bin/c++ -- works
[0.601s] -- Detecting CXX compiler ABI info
[0.729s] -- Detecting CXX compiler ABI info - done
[0.747s] -- Detecting CXX compile features
[0.748s] -- Detecting CXX compile features - done
[0.751s] -- Found ament_cmake_ros: 0.9.2 (/opt/ros/foxy/share/ament_cmake_ros/cmake)
[0.815s] -- Found PythonInterp: /usr/bin/python3 (found suitable version "3.8.10", minimum required is "3") 
[0.815s] -- Using PYTHON_EXECUTABLE: /usr/bin/python3
[1.107s] -- Override CMake install command with custom implementation using symlinks instead of copying resources
[2.211s] -- Configuring done
[2.215s] -- Generating done
[2.217s] -- Build files have been written to: /home/athul/ros2_ws/build/rosapi
[2.222s] Invoked command in '/home/athul/ros2_ws/build/rosapi' returned '0': AMENT_PREFIX_PATH=/home/athul/ros2_ws/install/rosbridge_library:/home/athul/ros2_ws/install/rosapi_msgs:${AMENT_PREFIX_PATH} CMAKE_PREFIX_PATH=/home/athul/ros2_ws/install/rosbridge_library:/home/athul/ros2_ws/install/rosapi_msgs:/home/athul/ros2_ws/install/serial_motor_demo_msgs:/home/athul/ros2_ws/install/my_bot:/home/athul/ros2_ws/install/gazebo_ros2_control_demos:/home/athul/ros2_ws/install/gazebo_ros2_control:/home/athul/ros2_ws/install/serial_motor_demo:/opt/ros/foxy LD_LIBRARY_PATH=/home/athul/ros2_ws/install/rosapi_msgs/lib:${LD_LIBRARY_PATH} PYTHONPATH=/home/athul/ros2_ws/install/rosbridge_library/lib/python3.8/site-packages:/home/athul/ros2_ws/install/rosapi_msgs/lib/python3.8/site-packages:${PYTHONPATH} /usr/bin/cmake /home/athul/ros2_ws/src/rosbridge_suite/rosapi -DAMENT_CMAKE_SYMLINK_INSTALL=1 -DCMAKE_INSTALL_PREFIX=/home/athul/ros2_ws/install/rosapi
[2.225s] Invoking command in '/home/athul/ros2_ws/build/rosapi': AMENT_PREFIX_PATH=/home/athul/ros2_ws/install/rosbridge_library:/home/athul/ros2_ws/install/rosapi_msgs:${AMENT_PREFIX_PATH} CMAKE_PREFIX_PATH=/home/athul/ros2_ws/install/rosbridge_library:/home/athul/ros2_ws/install/rosapi_msgs:/home/athul/ros2_ws/install/serial_motor_demo_msgs:/home/athul/ros2_ws/install/my_bot:/home/athul/ros2_ws/install/gazebo_ros2_control_demos:/home/athul/ros2_ws/install/gazebo_ros2_control:/home/athul/ros2_ws/install/serial_motor_demo:/opt/ros/foxy LD_LIBRARY_PATH=/home/athul/ros2_ws/install/rosapi_msgs/lib:${LD_LIBRARY_PATH} PYTHONPATH=/home/athul/ros2_ws/install/rosbridge_library/lib/python3.8/site-packages:/home/athul/ros2_ws/install/rosapi_msgs/lib/python3.8/site-packages:${PYTHONPATH} /usr/bin/cmake --build /home/athul/ros2_ws/build/rosapi -- -j4 -l4
[2.298s] Invoked command in '/home/athul/ros2_ws/build/rosapi' returned '0': AMENT_PREFIX_PATH=/home/athul/ros2_ws/install/rosbridge_library:/home/athul/ros2_ws/install/rosapi_msgs:${AMENT_PREFIX_PATH} CMAKE_PREFIX_PATH=/home/athul/ros2_ws/install/rosbridge_library:/home/athul/ros2_ws/install/rosapi_msgs:/home/athul/ros2_ws/install/serial_motor_demo_msgs:/home/athul/ros2_ws/install/my_bot:/home/athul/ros2_ws/install/gazebo_ros2_control_demos:/home/athul/ros2_ws/install/gazebo_ros2_control:/home/athul/ros2_ws/install/serial_motor_demo:/opt/ros/foxy LD_LIBRARY_PATH=/home/athul/ros2_ws/install/rosapi_msgs/lib:${LD_LIBRARY_PATH} PYTHONPATH=/home/athul/ros2_ws/install/rosbridge_library/lib/python3.8/site-packages:/home/athul/ros2_ws/install/rosapi_msgs/lib/python3.8/site-packages:${PYTHONPATH} /usr/bin/cmake --build /home/athul/ros2_ws/build/rosapi -- -j4 -l4
[2.340s] Invoking command in '/home/athul/ros2_ws/build/rosapi': AMENT_PREFIX_PATH=/home/athul/ros2_ws/install/rosbridge_library:/home/athul/ros2_ws/install/rosapi_msgs:${AMENT_PREFIX_PATH} CMAKE_PREFIX_PATH=/home/athul/ros2_ws/install/rosbridge_library:/home/athul/ros2_ws/install/rosapi_msgs:/home/athul/ros2_ws/install/serial_motor_demo_msgs:/home/athul/ros2_ws/install/my_bot:/home/athul/ros2_ws/install/gazebo_ros2_control_demos:/home/athul/ros2_ws/install/gazebo_ros2_control:/home/athul/ros2_ws/install/serial_motor_demo:/opt/ros/foxy LD_LIBRARY_PATH=/home/athul/ros2_ws/install/rosapi_msgs/lib:${LD_LIBRARY_PATH} PYTHONPATH=/home/athul/ros2_ws/install/rosbridge_library/lib/python3.8/site-packages:/home/athul/ros2_ws/install/rosapi_msgs/lib/python3.8/site-packages:${PYTHONPATH} /usr/bin/cmake --install /home/athul/ros2_ws/build/rosapi
[2.359s] -- Install configuration: ""
[2.359s] -- Execute custom install script
[2.360s] -- Symlinking: /home/athul/ros2_ws/install/rosapi/share/rosapi/environment/pythonpath.sh
[2.376s] -- Symlinking: /home/athul/ros2_ws/install/rosapi/share/rosapi/environment/pythonpath.dsv
[2.394s] -- Symlinking: /home/athul/ros2_ws/install/rosapi/lib/python3.8/site-packages/rosapi/__init__.py
[2.411s] -- Symlinking: /home/athul/ros2_ws/install/rosapi/lib/python3.8/site-packages/rosapi/glob_helper.py
[2.427s] -- Symlinking: /home/athul/ros2_ws/install/rosapi/lib/python3.8/site-packages/rosapi/objectutils.py
[2.443s] -- Symlinking: /home/athul/ros2_ws/install/rosapi/lib/python3.8/site-packages/rosapi/params.py
[2.461s] -- Symlinking: /home/athul/ros2_ws/install/rosapi/lib/python3.8/site-packages/rosapi/proxy.py
[2.480s] -- Symlinking: /home/athul/ros2_ws/install/rosapi/lib/python3.8/site-packages/rosapi/stringify_field_types.py
[2.497s] -- Symlinking: /home/athul/ros2_ws/install/rosapi/share/ament_index/resource_index/package_run_dependencies/rosapi
[2.513s] -- Symlinking: /home/athul/ros2_ws/install/rosapi/share/ament_index/resource_index/parent_prefix_path/rosapi
[2.528s] -- Symlinking: /home/athul/ros2_ws/install/rosapi/share/rosapi/environment/ament_prefix_path.sh
[2.543s] -- Symlinking: /home/athul/ros2_ws/install/rosapi/share/rosapi/environment/ament_prefix_path.dsv
[2.558s] -- Symlinking: /home/athul/ros2_ws/install/rosapi/share/rosapi/environment/path.sh
[2.573s] -- Symlinking: /home/athul/ros2_ws/install/rosapi/share/rosapi/environment/path.dsv
[2.588s] -- Symlinking: /home/athul/ros2_ws/install/rosapi/share/rosapi/local_setup.bash
[2.604s] -- Symlinking: /home/athul/ros2_ws/install/rosapi/share/rosapi/local_setup.sh
[2.620s] -- Symlinking: /home/athul/ros2_ws/install/rosapi/share/rosapi/local_setup.zsh
[2.635s] -- Symlinking: /home/athul/ros2_ws/install/rosapi/share/rosapi/local_setup.dsv
[2.651s] -- Symlinking: /home/athul/ros2_ws/install/rosapi/share/rosapi/package.dsv
[2.667s] -- Symlinking: /home/athul/ros2_ws/install/rosapi/share/ament_index/resource_index/packages/rosapi
[2.683s] -- Symlinking: /home/athul/ros2_ws/install/rosapi/share/rosapi/cmake/rosapiConfig.cmake
[2.699s] -- Symlinking: /home/athul/ros2_ws/install/rosapi/share/rosapi/cmake/rosapiConfig-version.cmake
[2.714s] -- Symlinking: /home/athul/ros2_ws/install/rosapi/share/rosapi/package.xml
[2.729s] -- Symlinking: /home/athul/ros2_ws/install/rosapi/lib/rosapi/rosapi_node
[2.745s] -- Symlinking: /home/athul/ros2_ws/install/rosapi/share/rosapi/mapping_rules.yaml
[2.828s] Listing '/home/athul/ros2_ws/install/rosapi/lib/python3.8/site-packages/rosapi'...
[2.828s] Compiling '/home/athul/ros2_ws/install/rosapi/lib/python3.8/site-packages/rosapi/__init__.py'...
[2.828s] Compiling '/home/athul/ros2_ws/install/rosapi/lib/python3.8/site-packages/rosapi/glob_helper.py'...
[2.828s] Compiling '/home/athul/ros2_ws/install/rosapi/lib/python3.8/site-packages/rosapi/objectutils.py'...
[2.829s] Compiling '/home/athul/ros2_ws/install/rosapi/lib/python3.8/site-packages/rosapi/params.py'...
[2.829s] Compiling '/home/athul/ros2_ws/install/rosapi/lib/python3.8/site-packages/rosapi/proxy.py'...
[2.829s] Compiling '/home/athul/ros2_ws/install/rosapi/lib/python3.8/site-packages/rosapi/stringify_field_types.py'...
[2.842s] Invoked command in '/home/athul/ros2_ws/build/rosapi' returned '0': AMENT_PREFIX_PATH=/home/athul/ros2_ws/install/rosbridge_library:/home/athul/ros2_ws/install/rosapi_msgs:${AMENT_PREFIX_PATH} CMAKE_PREFIX_PATH=/home/athul/ros2_ws/install/rosbridge_library:/home/athul/ros2_ws/install/rosapi_msgs:/home/athul/ros2_ws/install/serial_motor_demo_msgs:/home/athul/ros2_ws/install/my_bot:/home/athul/ros2_ws/install/gazebo_ros2_control_demos:/home/athul/ros2_ws/install/gazebo_ros2_control:/home/athul/ros2_ws/install/serial_motor_demo:/opt/ros/foxy LD_LIBRARY_PATH=/home/athul/ros2_ws/install/rosapi_msgs/lib:${LD_LIBRARY_PATH} PYTHONPATH=/home/athul/ros2_ws/install/rosbridge_library/lib/python3.8/site-packages:/home/athul/ros2_ws/install/rosapi_msgs/lib/python3.8/site-packages:${PYTHONPATH} /usr/bin/cmake --install /home/athul/ros2_ws/build/rosapi
