[0.468s] DEBUG:colcon:Command line arguments: ['/usr/bin/colcon', 'build', '--symlink-install']
[0.468s] DEBUG:colcon:Parsed command line arguments: Namespace(allow_overriding=[], ament_cmake_args=None, base_paths=['.'], build_base='build', catkin_cmake_args=None, catkin_skip_building_tests=False, cmake_args=None, cmake_clean_cache=False, cmake_clean_first=False, cmake_force_configure=False, cmake_target=None, cmake_target_skip_unavailable=False, continue_on_error=False, event_handlers=None, executor='parallel', ignore_user_meta=False, install_base='install', log_base=None, log_level=None, main=<bound method BuildVerb.main of <colcon_core.verb.build.BuildVerb object at 0x7fad5c662e50>>, merge_install=False, metas=['./colcon.meta'], packages_above=None, packages_above_and_dependencies=None, packages_above_depth=None, packages_end=None, packages_ignore=None, packages_ignore_regex=None, packages_select=None, packages_select_build_failed=False, packages_select_by_dep=None, packages_select_regex=None, packages_select_test_failures=False, packages_skip=None, packages_skip_build_finished=False, packages_skip_by_dep=None, packages_skip_regex=None, packages_skip_test_passed=False, packages_skip_up_to=None, packages_start=None, packages_up_to=None, packages_up_to_regex=None, parallel_workers=4, paths=None, symlink_install=True, test_result_base=None, verb_extension=<colcon_core.verb.build.BuildVerb object at 0x7fad5c662e50>, verb_name='build', verb_parser=<colcon_defaults.argument_parser.defaults.DefaultArgumentsDecorator object at 0x7fad5c66e400>)
[0.510s] Level 1:colcon.colcon_core.package_discovery:discover_packages(colcon_meta) check parameters
[0.510s] Level 1:colcon.colcon_core.package_discovery:discover_packages(recursive) check parameters
[0.510s] Level 1:colcon.colcon_core.package_discovery:discover_packages(ignore) check parameters
[0.510s] Level 1:colcon.colcon_core.package_discovery:discover_packages(path) check parameters
[0.510s] Level 1:colcon.colcon_core.package_discovery:discover_packages(colcon_meta) discover
[0.510s] Level 1:colcon.colcon_core.package_discovery:discover_packages(recursive) discover
[0.510s] INFO:colcon.colcon_core.package_discovery:Crawling recursively for packages in '/home/athul/ros2_ws'
[0.510s] Level 1:colcon.colcon_core.package_identification:_identify(.) by extensions ['ignore', 'ignore_ament_install']
[0.511s] Level 1:colcon.colcon_core.package_identification:_identify(.) by extension 'ignore'
[0.511s] Level 1:colcon.colcon_core.package_identification:_identify(.) by extension 'ignore_ament_install'
[0.511s] Level 1:colcon.colcon_core.package_identification:_identify(.) by extensions ['colcon_pkg']
[0.511s] Level 1:colcon.colcon_core.package_identification:_identify(.) by extension 'colcon_pkg'
[0.511s] Level 1:colcon.colcon_core.package_identification:_identify(.) by extensions ['colcon_meta']
[0.511s] Level 1:colcon.colcon_core.package_identification:_identify(.) by extension 'colcon_meta'
[0.511s] Level 1:colcon.colcon_core.package_identification:_identify(.) by extensions ['ros']
[0.511s] Level 1:colcon.colcon_core.package_identification:_identify(.) by extension 'ros'
[0.540s] Level 1:colcon.colcon_core.package_identification:_identify(.) by extensions ['cmake', 'python']
[0.540s] Level 1:colcon.colcon_core.package_identification:_identify(.) by extension 'cmake'
[0.540s] Level 1:colcon.colcon_core.package_identification:_identify(.) by extension 'python'
[0.540s] Level 1:colcon.colcon_core.package_identification:_identify(.) by extensions ['python_setup_py']
[0.541s] Level 1:colcon.colcon_core.package_identification:_identify(.) by extension 'python_setup_py'
[0.541s] Level 1:colcon.colcon_core.package_identification:_identify(build) by extensions ['ignore', 'ignore_ament_install']
[0.541s] Level 1:colcon.colcon_core.package_identification:_identify(build) by extension 'ignore'
[0.541s] Level 1:colcon.colcon_core.package_identification:_identify(build) ignored
[0.541s] Level 1:colcon.colcon_core.package_identification:_identify(install) by extensions ['ignore', 'ignore_ament_install']
[0.542s] Level 1:colcon.colcon_core.package_identification:_identify(install) by extension 'ignore'
[0.542s] Level 1:colcon.colcon_core.package_identification:_identify(install) ignored
[0.542s] Level 1:colcon.colcon_core.package_identification:_identify(log) by extensions ['ignore', 'ignore_ament_install']
[0.542s] Level 1:colcon.colcon_core.package_identification:_identify(log) by extension 'ignore'
[0.542s] Level 1:colcon.colcon_core.package_identification:_identify(log) ignored
[0.542s] Level 1:colcon.colcon_core.package_identification:_identify(src) by extensions ['ignore', 'ignore_ament_install']
[0.542s] Level 1:colcon.colcon_core.package_identification:_identify(src) by extension 'ignore'
[0.542s] Level 1:colcon.colcon_core.package_identification:_identify(src) by extension 'ignore_ament_install'
[0.543s] Level 1:colcon.colcon_core.package_identification:_identify(src) by extensions ['colcon_pkg']
[0.543s] Level 1:colcon.colcon_core.package_identification:_identify(src) by extension 'colcon_pkg'
[0.543s] Level 1:colcon.colcon_core.package_identification:_identify(src) by extensions ['colcon_meta']
[0.543s] Level 1:colcon.colcon_core.package_identification:_identify(src) by extension 'colcon_meta'
[0.543s] Level 1:colcon.colcon_core.package_identification:_identify(src) by extensions ['ros']
[0.543s] Level 1:colcon.colcon_core.package_identification:_identify(src) by extension 'ros'
[0.543s] Level 1:colcon.colcon_core.package_identification:_identify(src) by extensions ['cmake', 'python']
[0.543s] Level 1:colcon.colcon_core.package_identification:_identify(src) by extension 'cmake'
[0.543s] Level 1:colcon.colcon_core.package_identification:_identify(src) by extension 'python'
[0.543s] Level 1:colcon.colcon_core.package_identification:_identify(src) by extensions ['python_setup_py']
[0.543s] Level 1:colcon.colcon_core.package_identification:_identify(src) by extension 'python_setup_py'
[0.544s] Level 1:colcon.colcon_core.package_identification:_identify(src/build) by extensions ['ignore', 'ignore_ament_install']
[0.544s] Level 1:colcon.colcon_core.package_identification:_identify(src/build) by extension 'ignore'
[0.544s] Level 1:colcon.colcon_core.package_identification:_identify(src/build) ignored
[0.544s] Level 1:colcon.colcon_core.package_identification:_identify(src/install) by extensions ['ignore', 'ignore_ament_install']
[0.544s] Level 1:colcon.colcon_core.package_identification:_identify(src/install) by extension 'ignore'
[0.544s] Level 1:colcon.colcon_core.package_identification:_identify(src/install) ignored
[0.544s] Level 1:colcon.colcon_core.package_identification:_identify(src/log) by extensions ['ignore', 'ignore_ament_install']
[0.544s] Level 1:colcon.colcon_core.package_identification:_identify(src/log) by extension 'ignore'
[0.545s] Level 1:colcon.colcon_core.package_identification:_identify(src/log) ignored
[0.545s] Level 1:colcon.colcon_core.package_identification:_identify(src/my_bot) by extensions ['ignore', 'ignore_ament_install']
[0.545s] Level 1:colcon.colcon_core.package_identification:_identify(src/my_bot) by extension 'ignore'
[0.545s] Level 1:colcon.colcon_core.package_identification:_identify(src/my_bot) by extension 'ignore_ament_install'
[0.545s] Level 1:colcon.colcon_core.package_identification:_identify(src/my_bot) by extensions ['colcon_pkg']
[0.545s] Level 1:colcon.colcon_core.package_identification:_identify(src/my_bot) by extension 'colcon_pkg'
[0.545s] Level 1:colcon.colcon_core.package_identification:_identify(src/my_bot) by extensions ['colcon_meta']
[0.545s] Level 1:colcon.colcon_core.package_identification:_identify(src/my_bot) by extension 'colcon_meta'
[0.545s] Level 1:colcon.colcon_core.package_identification:_identify(src/my_bot) by extensions ['ros']
[0.545s] Level 1:colcon.colcon_core.package_identification:_identify(src/my_bot) by extension 'ros'
[0.548s] DEBUG:colcon.colcon_core.package_identification:Package 'src/my_bot' with type 'ros.ament_cmake' and name 'my_bot'
[0.549s] Level 1:colcon.colcon_core.package_identification:_identify(src/serial_motor_demo) by extensions ['ignore', 'ignore_ament_install']
[0.549s] Level 1:colcon.colcon_core.package_identification:_identify(src/serial_motor_demo) by extension 'ignore'
[0.549s] Level 1:colcon.colcon_core.package_identification:_identify(src/serial_motor_demo) by extension 'ignore_ament_install'
[0.549s] Level 1:colcon.colcon_core.package_identification:_identify(src/serial_motor_demo) by extensions ['colcon_pkg']
[0.549s] Level 1:colcon.colcon_core.package_identification:_identify(src/serial_motor_demo) by extension 'colcon_pkg'
[0.549s] Level 1:colcon.colcon_core.package_identification:_identify(src/serial_motor_demo) by extensions ['colcon_meta']
[0.549s] Level 1:colcon.colcon_core.package_identification:_identify(src/serial_motor_demo) by extension 'colcon_meta'
[0.549s] Level 1:colcon.colcon_core.package_identification:_identify(src/serial_motor_demo) by extensions ['ros']
[0.549s] Level 1:colcon.colcon_core.package_identification:_identify(src/serial_motor_demo) by extension 'ros'
[0.549s] Level 1:colcon.colcon_core.package_identification:_identify(src/serial_motor_demo) by extensions ['cmake', 'python']
[0.549s] Level 1:colcon.colcon_core.package_identification:_identify(src/serial_motor_demo) by extension 'cmake'
[0.550s] Level 1:colcon.colcon_core.package_identification:_identify(src/serial_motor_demo) by extension 'python'
[0.550s] Level 1:colcon.colcon_core.package_identification:_identify(src/serial_motor_demo) by extensions ['python_setup_py']
[0.550s] Level 1:colcon.colcon_core.package_identification:_identify(src/serial_motor_demo) by extension 'python_setup_py'
[0.550s] Level 1:colcon.colcon_core.package_identification:_identify(src/serial_motor_demo/serial_motor_demo) by extensions ['ignore', 'ignore_ament_install']
[0.550s] Level 1:colcon.colcon_core.package_identification:_identify(src/serial_motor_demo/serial_motor_demo) by extension 'ignore'
[0.550s] Level 1:colcon.colcon_core.package_identification:_identify(src/serial_motor_demo/serial_motor_demo) by extension 'ignore_ament_install'
[0.550s] Level 1:colcon.colcon_core.package_identification:_identify(src/serial_motor_demo/serial_motor_demo) by extensions ['colcon_pkg']
[0.550s] Level 1:colcon.colcon_core.package_identification:_identify(src/serial_motor_demo/serial_motor_demo) by extension 'colcon_pkg'
[0.550s] Level 1:colcon.colcon_core.package_identification:_identify(src/serial_motor_demo/serial_motor_demo) by extensions ['colcon_meta']
[0.550s] Level 1:colcon.colcon_core.package_identification:_identify(src/serial_motor_demo/serial_motor_demo) by extension 'colcon_meta'
[0.550s] Level 1:colcon.colcon_core.package_identification:_identify(src/serial_motor_demo/serial_motor_demo) by extensions ['ros']
[0.550s] Level 1:colcon.colcon_core.package_identification:_identify(src/serial_motor_demo/serial_motor_demo) by extension 'ros'
[0.551s] DEBUG:colcon.colcon_core.package_identification:Package 'src/serial_motor_demo/serial_motor_demo' with type 'ros.ament_python' and name 'serial_motor_demo'
[0.552s] Level 1:colcon.colcon_core.package_identification:_identify(src/serial_motor_demo/serial_motor_demo_msgs) by extensions ['ignore', 'ignore_ament_install']
[0.552s] Level 1:colcon.colcon_core.package_identification:_identify(src/serial_motor_demo/serial_motor_demo_msgs) by extension 'ignore'
[0.552s] Level 1:colcon.colcon_core.package_identification:_identify(src/serial_motor_demo/serial_motor_demo_msgs) by extension 'ignore_ament_install'
[0.552s] Level 1:colcon.colcon_core.package_identification:_identify(src/serial_motor_demo/serial_motor_demo_msgs) by extensions ['colcon_pkg']
[0.552s] Level 1:colcon.colcon_core.package_identification:_identify(src/serial_motor_demo/serial_motor_demo_msgs) by extension 'colcon_pkg'
[0.552s] Level 1:colcon.colcon_core.package_identification:_identify(src/serial_motor_demo/serial_motor_demo_msgs) by extensions ['colcon_meta']
[0.552s] Level 1:colcon.colcon_core.package_identification:_identify(src/serial_motor_demo/serial_motor_demo_msgs) by extension 'colcon_meta'
[0.552s] Level 1:colcon.colcon_core.package_identification:_identify(src/serial_motor_demo/serial_motor_demo_msgs) by extensions ['ros']
[0.552s] Level 1:colcon.colcon_core.package_identification:_identify(src/serial_motor_demo/serial_motor_demo_msgs) by extension 'ros'
[0.553s] DEBUG:colcon.colcon_core.package_identification:Package 'src/serial_motor_demo/serial_motor_demo_msgs' with type 'ros.ament_cmake' and name 'serial_motor_demo_msgs'
[0.553s] Level 1:colcon.colcon_core.package_discovery:discover_packages(recursive) using defaults
[0.553s] Level 1:colcon.colcon_core.package_discovery:discover_packages(ignore) discover
[0.553s] Level 1:colcon.colcon_core.package_discovery:discover_packages(ignore) using defaults
[0.553s] Level 1:colcon.colcon_core.package_discovery:discover_packages(path) discover
[0.553s] Level 1:colcon.colcon_core.package_discovery:discover_packages(path) using defaults
[0.584s] Level 1:colcon.colcon_core.package_discovery:discover_packages(prefix_path) check parameters
[0.584s] Level 1:colcon.colcon_core.package_discovery:discover_packages(prefix_path) discover
[0.588s] DEBUG:colcon.colcon_installed_package_information.package_discovery:Found 3 installed packages in /home/athul/ros2_ws/install
[0.591s] DEBUG:colcon.colcon_installed_package_information.package_discovery:Found 292 installed packages in /opt/ros/foxy
[0.593s] Level 1:colcon.colcon_core.package_discovery:discover_packages(prefix_path) using defaults
[0.700s] Level 5:colcon.colcon_core.verb:set package 'my_bot' build argument 'cmake_args' from command line to 'None'
[0.700s] Level 5:colcon.colcon_core.verb:set package 'my_bot' build argument 'cmake_target' from command line to 'None'
[0.701s] Level 5:colcon.colcon_core.verb:set package 'my_bot' build argument 'cmake_target_skip_unavailable' from command line to 'False'
[0.701s] Level 5:colcon.colcon_core.verb:set package 'my_bot' build argument 'cmake_clean_cache' from command line to 'False'
[0.701s] Level 5:colcon.colcon_core.verb:set package 'my_bot' build argument 'cmake_clean_first' from command line to 'False'
[0.701s] Level 5:colcon.colcon_core.verb:set package 'my_bot' build argument 'cmake_force_configure' from command line to 'False'
[0.701s] Level 5:colcon.colcon_core.verb:set package 'my_bot' build argument 'ament_cmake_args' from command line to 'None'
[0.701s] Level 5:colcon.colcon_core.verb:set package 'my_bot' build argument 'catkin_cmake_args' from command line to 'None'
[0.701s] Level 5:colcon.colcon_core.verb:set package 'my_bot' build argument 'catkin_skip_building_tests' from command line to 'False'
[0.701s] DEBUG:colcon.colcon_core.verb:Building package 'my_bot' with the following arguments: {'ament_cmake_args': None, 'build_base': '/home/athul/ros2_ws/build/my_bot', 'catkin_cmake_args': None, 'catkin_skip_building_tests': False, 'cmake_args': None, 'cmake_clean_cache': False, 'cmake_clean_first': False, 'cmake_force_configure': False, 'cmake_target': None, 'cmake_target_skip_unavailable': False, 'install_base': '/home/athul/ros2_ws/install/my_bot', 'merge_install': False, 'path': '/home/athul/ros2_ws/src/my_bot', 'symlink_install': True, 'test_result_base': None}
[0.702s] Level 5:colcon.colcon_core.verb:set package 'serial_motor_demo_msgs' build argument 'cmake_args' from command line to 'None'
[0.702s] Level 5:colcon.colcon_core.verb:set package 'serial_motor_demo_msgs' build argument 'cmake_target' from command line to 'None'
[0.702s] Level 5:colcon.colcon_core.verb:set package 'serial_motor_demo_msgs' build argument 'cmake_target_skip_unavailable' from command line to 'False'
[0.702s] Level 5:colcon.colcon_core.verb:set package 'serial_motor_demo_msgs' build argument 'cmake_clean_cache' from command line to 'False'
[0.702s] Level 5:colcon.colcon_core.verb:set package 'serial_motor_demo_msgs' build argument 'cmake_clean_first' from command line to 'False'
[0.702s] Level 5:colcon.colcon_core.verb:set package 'serial_motor_demo_msgs' build argument 'cmake_force_configure' from command line to 'False'
[0.702s] Level 5:colcon.colcon_core.verb:set package 'serial_motor_demo_msgs' build argument 'ament_cmake_args' from command line to 'None'
[0.703s] Level 5:colcon.colcon_core.verb:set package 'serial_motor_demo_msgs' build argument 'catkin_cmake_args' from command line to 'None'
[0.703s] Level 5:colcon.colcon_core.verb:set package 'serial_motor_demo_msgs' build argument 'catkin_skip_building_tests' from command line to 'False'
[0.703s] DEBUG:colcon.colcon_core.verb:Building package 'serial_motor_demo_msgs' with the following arguments: {'ament_cmake_args': None, 'build_base': '/home/athul/ros2_ws/build/serial_motor_demo_msgs', 'catkin_cmake_args': None, 'catkin_skip_building_tests': False, 'cmake_args': None, 'cmake_clean_cache': False, 'cmake_clean_first': False, 'cmake_force_configure': False, 'cmake_target': None, 'cmake_target_skip_unavailable': False, 'install_base': '/home/athul/ros2_ws/install/serial_motor_demo_msgs', 'merge_install': False, 'path': '/home/athul/ros2_ws/src/serial_motor_demo/serial_motor_demo_msgs', 'symlink_install': True, 'test_result_base': None}
[0.704s] Level 5:colcon.colcon_core.verb:set package 'serial_motor_demo' build argument 'cmake_args' from command line to 'None'
[0.704s] Level 5:colcon.colcon_core.verb:set package 'serial_motor_demo' build argument 'cmake_target' from command line to 'None'
[0.704s] Level 5:colcon.colcon_core.verb:set package 'serial_motor_demo' build argument 'cmake_target_skip_unavailable' from command line to 'False'
[0.704s] Level 5:colcon.colcon_core.verb:set package 'serial_motor_demo' build argument 'cmake_clean_cache' from command line to 'False'
[0.704s] Level 5:colcon.colcon_core.verb:set package 'serial_motor_demo' build argument 'cmake_clean_first' from command line to 'False'
[0.704s] Level 5:colcon.colcon_core.verb:set package 'serial_motor_demo' build argument 'cmake_force_configure' from command line to 'False'
[0.704s] Level 5:colcon.colcon_core.verb:set package 'serial_motor_demo' build argument 'ament_cmake_args' from command line to 'None'
[0.704s] Level 5:colcon.colcon_core.verb:set package 'serial_motor_demo' build argument 'catkin_cmake_args' from command line to 'None'
[0.704s] Level 5:colcon.colcon_core.verb:set package 'serial_motor_demo' build argument 'catkin_skip_building_tests' from command line to 'False'
[0.704s] DEBUG:colcon.colcon_core.verb:Building package 'serial_motor_demo' with the following arguments: {'ament_cmake_args': None, 'build_base': '/home/athul/ros2_ws/build/serial_motor_demo', 'catkin_cmake_args': None, 'catkin_skip_building_tests': False, 'cmake_args': None, 'cmake_clean_cache': False, 'cmake_clean_first': False, 'cmake_force_configure': False, 'cmake_target': None, 'cmake_target_skip_unavailable': False, 'install_base': '/home/athul/ros2_ws/install/serial_motor_demo', 'merge_install': False, 'path': '/home/athul/ros2_ws/src/serial_motor_demo/serial_motor_demo', 'symlink_install': True, 'test_result_base': None}
[0.705s] INFO:colcon.colcon_core.executor:Executing jobs using 'parallel' executor
[0.710s] DEBUG:colcon.colcon_parallel_executor.executor.parallel:run_until_complete
[0.710s] INFO:colcon.colcon_ros.task.ament_cmake.build:Building ROS package in '/home/athul/ros2_ws/src/serial_motor_demo/serial_motor_demo_msgs' with build type 'ament_cmake'
[0.710s] INFO:colcon.colcon_cmake.task.cmake.build:Building CMake package in '/home/athul/ros2_ws/src/serial_motor_demo/serial_motor_demo_msgs'
[0.717s] INFO:colcon.colcon_core.plugin_system:Skipping extension 'colcon_core.shell.bat': Not used on non-Windows systems
[0.718s] INFO:colcon.colcon_core.shell:Skip shell extension 'powershell' for command environment: Not usable outside of PowerShell
[0.718s] DEBUG:colcon.colcon_core.shell:Skip shell extension 'dsv' for command environment
[0.727s] INFO:colcon.colcon_ros.task.ament_cmake.build:Building ROS package in '/home/athul/ros2_ws/src/my_bot' with build type 'ament_cmake'
[0.728s] INFO:colcon.colcon_cmake.task.cmake.build:Building CMake package in '/home/athul/ros2_ws/src/my_bot'
[0.731s] INFO:colcon.colcon_core.shell:Skip shell extension 'powershell' for command environment: Not usable outside of PowerShell
[0.731s] DEBUG:colcon.colcon_core.shell:Skip shell extension 'dsv' for command environment
[0.756s] DEBUG:colcon.colcon_core.event_handler.log_command:Invoking command in '/home/athul/ros2_ws/build/serial_motor_demo_msgs': CMAKE_PREFIX_PATH=${CMAKE_PREFIX_PATH}:/home/athul/ros2_ws/install/serial_motor_demo:/opt/ros/foxy /usr/bin/cmake --build /home/athul/ros2_ws/build/serial_motor_demo_msgs -- -j4 -l4
[0.774s] DEBUG:colcon.colcon_core.event_handler.log_command:Invoking command in '/home/athul/ros2_ws/build/my_bot': CMAKE_PREFIX_PATH=${CMAKE_PREFIX_PATH}:/home/athul/ros2_ws/install/serial_motor_demo:/opt/ros/foxy /usr/bin/cmake --build /home/athul/ros2_ws/build/my_bot -- -j4 -l4
[0.854s] DEBUG:colcon.colcon_core.event_handler.log_command:Invoked command in '/home/athul/ros2_ws/build/my_bot' returned '0': CMAKE_PREFIX_PATH=${CMAKE_PREFIX_PATH}:/home/athul/ros2_ws/install/serial_motor_demo:/opt/ros/foxy /usr/bin/cmake --build /home/athul/ros2_ws/build/my_bot -- -j4 -l4
[0.954s] DEBUG:colcon.colcon_core.event_handler.log_command:Invoking command in '/home/athul/ros2_ws/build/my_bot': CMAKE_PREFIX_PATH=${CMAKE_PREFIX_PATH}:/home/athul/ros2_ws/install/serial_motor_demo:/opt/ros/foxy /usr/bin/cmake --install /home/athul/ros2_ws/build/my_bot
[1.009s] Level 1:colcon.colcon_core.environment:create_environment_scripts_only(my_bot)
[1.010s] DEBUG:colcon.colcon_core.event_handler.log_command:Invoked command in '/home/athul/ros2_ws/build/my_bot' returned '0': CMAKE_PREFIX_PATH=${CMAKE_PREFIX_PATH}:/home/athul/ros2_ws/install/serial_motor_demo:/opt/ros/foxy /usr/bin/cmake --install /home/athul/ros2_ws/build/my_bot
[1.018s] Level 1:colcon.colcon_core.environment:checking '/home/athul/ros2_ws/install/my_bot' for CMake module files
[1.019s] Level 1:colcon.colcon_core.environment:checking '/home/athul/ros2_ws/install/my_bot' for CMake config files
[1.019s] Level 1:colcon.colcon_core.shell:create_environment_hook('my_bot', 'cmake_prefix_path')
[1.021s] INFO:colcon.colcon_core.shell:Creating environment hook '/home/athul/ros2_ws/install/my_bot/share/my_bot/hook/cmake_prefix_path.ps1'
[1.023s] INFO:colcon.colcon_core.shell:Creating environment descriptor '/home/athul/ros2_ws/install/my_bot/share/my_bot/hook/cmake_prefix_path.dsv'
[1.024s] INFO:colcon.colcon_core.shell:Creating environment hook '/home/athul/ros2_ws/install/my_bot/share/my_bot/hook/cmake_prefix_path.sh'
[1.025s] Level 1:colcon.colcon_core.environment:checking '/home/athul/ros2_ws/install/my_bot/bin'
[1.025s] Level 1:colcon.colcon_core.environment:checking '/home/athul/ros2_ws/install/my_bot/lib/pkgconfig/my_bot.pc'
[1.026s] Level 1:colcon.colcon_core.environment:checking '/home/athul/ros2_ws/install/my_bot/lib/python3.8/site-packages'
[1.026s] Level 1:colcon.colcon_core.environment:checking '/home/athul/ros2_ws/install/my_bot/bin'
[1.028s] INFO:colcon.colcon_core.shell:Creating package script '/home/athul/ros2_ws/install/my_bot/share/my_bot/package.ps1'
[1.030s] INFO:colcon.colcon_core.shell:Creating package descriptor '/home/athul/ros2_ws/install/my_bot/share/my_bot/package.dsv'
[1.031s] INFO:colcon.colcon_core.shell:Creating package script '/home/athul/ros2_ws/install/my_bot/share/my_bot/package.sh'
[1.033s] INFO:colcon.colcon_core.shell:Creating package script '/home/athul/ros2_ws/install/my_bot/share/my_bot/package.bash'
[1.035s] INFO:colcon.colcon_core.shell:Creating package script '/home/athul/ros2_ws/install/my_bot/share/my_bot/package.zsh'
[1.036s] Level 1:colcon.colcon_core.environment:create_file_with_runtime_dependencies(/home/athul/ros2_ws/install/my_bot/share/colcon-core/packages/my_bot)
[1.077s] Level 1:colcon.colcon_core.environment:create_environment_scripts_only(my_bot)
[1.082s] Level 1:colcon.colcon_core.environment:checking '/home/athul/ros2_ws/install/my_bot' for CMake module files
[1.084s] Level 1:colcon.colcon_core.environment:checking '/home/athul/ros2_ws/install/my_bot' for CMake config files
[1.084s] Level 1:colcon.colcon_core.shell:create_environment_hook('my_bot', 'cmake_prefix_path')
[1.088s] INFO:colcon.colcon_core.shell:Creating environment hook '/home/athul/ros2_ws/install/my_bot/share/my_bot/hook/cmake_prefix_path.ps1'
[1.089s] INFO:colcon.colcon_core.shell:Creating environment descriptor '/home/athul/ros2_ws/install/my_bot/share/my_bot/hook/cmake_prefix_path.dsv'
[1.090s] INFO:colcon.colcon_core.shell:Creating environment hook '/home/athul/ros2_ws/install/my_bot/share/my_bot/hook/cmake_prefix_path.sh'
[1.091s] Level 1:colcon.colcon_core.environment:checking '/home/athul/ros2_ws/install/my_bot/bin'
[1.091s] Level 1:colcon.colcon_core.environment:checking '/home/athul/ros2_ws/install/my_bot/lib/pkgconfig/my_bot.pc'
[1.092s] Level 1:colcon.colcon_core.environment:checking '/home/athul/ros2_ws/install/my_bot/lib/python3.8/site-packages'
[1.092s] Level 1:colcon.colcon_core.environment:checking '/home/athul/ros2_ws/install/my_bot/bin'
[1.094s] INFO:colcon.colcon_core.shell:Creating package script '/home/athul/ros2_ws/install/my_bot/share/my_bot/package.ps1'
[1.095s] INFO:colcon.colcon_core.shell:Creating package descriptor '/home/athul/ros2_ws/install/my_bot/share/my_bot/package.dsv'
[1.095s] INFO:colcon.colcon_core.shell:Creating package script '/home/athul/ros2_ws/install/my_bot/share/my_bot/package.sh'
[1.096s] INFO:colcon.colcon_core.shell:Creating package script '/home/athul/ros2_ws/install/my_bot/share/my_bot/package.bash'
[1.097s] INFO:colcon.colcon_core.shell:Creating package script '/home/athul/ros2_ws/install/my_bot/share/my_bot/package.zsh'
[1.097s] Level 1:colcon.colcon_core.environment:create_file_with_runtime_dependencies(/home/athul/ros2_ws/install/my_bot/share/colcon-core/packages/my_bot)
[1.197s] DEBUG:colcon.colcon_core.event_handler.log_command:Invoked command in '/home/athul/ros2_ws/build/serial_motor_demo_msgs' returned '0': CMAKE_PREFIX_PATH=${CMAKE_PREFIX_PATH}:/home/athul/ros2_ws/install/serial_motor_demo:/opt/ros/foxy /usr/bin/cmake --build /home/athul/ros2_ws/build/serial_motor_demo_msgs -- -j4 -l4
[1.323s] DEBUG:colcon.colcon_core.event_handler.log_command:Invoking command in '/home/athul/ros2_ws/build/serial_motor_demo_msgs': CMAKE_PREFIX_PATH=${CMAKE_PREFIX_PATH}:/home/athul/ros2_ws/install/serial_motor_demo:/opt/ros/foxy /usr/bin/cmake --install /home/athul/ros2_ws/build/serial_motor_demo_msgs
[1.494s] Level 1:colcon.colcon_core.environment:create_environment_scripts_only(serial_motor_demo_msgs)
[1.499s] Level 1:colcon.colcon_core.environment:checking '/home/athul/ros2_ws/install/serial_motor_demo_msgs' for CMake module files
[1.504s] DEBUG:colcon.colcon_core.event_handler.log_command:Invoked command in '/home/athul/ros2_ws/build/serial_motor_demo_msgs' returned '0': CMAKE_PREFIX_PATH=${CMAKE_PREFIX_PATH}:/home/athul/ros2_ws/install/serial_motor_demo:/opt/ros/foxy /usr/bin/cmake --install /home/athul/ros2_ws/build/serial_motor_demo_msgs
[1.504s] Level 1:colcon.colcon_core.environment:checking '/home/athul/ros2_ws/install/serial_motor_demo_msgs' for CMake config files
[1.505s] Level 1:colcon.colcon_core.shell:create_environment_hook('serial_motor_demo_msgs', 'cmake_prefix_path')
[1.508s] INFO:colcon.colcon_core.shell:Creating environment hook '/home/athul/ros2_ws/install/serial_motor_demo_msgs/share/serial_motor_demo_msgs/hook/cmake_prefix_path.ps1'
[1.509s] INFO:colcon.colcon_core.shell:Creating environment descriptor '/home/athul/ros2_ws/install/serial_motor_demo_msgs/share/serial_motor_demo_msgs/hook/cmake_prefix_path.dsv'
[1.509s] INFO:colcon.colcon_core.shell:Creating environment hook '/home/athul/ros2_ws/install/serial_motor_demo_msgs/share/serial_motor_demo_msgs/hook/cmake_prefix_path.sh'
[1.510s] Level 1:colcon.colcon_core.environment:checking '/home/athul/ros2_ws/install/serial_motor_demo_msgs/lib'
[1.510s] Level 1:colcon.colcon_core.shell:create_environment_hook('serial_motor_demo_msgs', 'ld_library_path_lib')
[1.513s] INFO:colcon.colcon_core.shell:Creating environment hook '/home/athul/ros2_ws/install/serial_motor_demo_msgs/share/serial_motor_demo_msgs/hook/ld_library_path_lib.ps1'
[1.514s] INFO:colcon.colcon_core.shell:Creating environment descriptor '/home/athul/ros2_ws/install/serial_motor_demo_msgs/share/serial_motor_demo_msgs/hook/ld_library_path_lib.dsv'
[1.514s] INFO:colcon.colcon_core.shell:Creating environment hook '/home/athul/ros2_ws/install/serial_motor_demo_msgs/share/serial_motor_demo_msgs/hook/ld_library_path_lib.sh'
[1.515s] Level 1:colcon.colcon_core.environment:checking '/home/athul/ros2_ws/install/serial_motor_demo_msgs/bin'
[1.515s] Level 1:colcon.colcon_core.environment:checking '/home/athul/ros2_ws/install/serial_motor_demo_msgs/lib/pkgconfig/serial_motor_demo_msgs.pc'
[1.515s] Level 1:colcon.colcon_core.environment:checking '/home/athul/ros2_ws/install/serial_motor_demo_msgs/lib/python3.8/site-packages'
[1.515s] Level 1:colcon.colcon_core.shell:create_environment_hook('serial_motor_demo_msgs', 'pythonpath')
[1.517s] INFO:colcon.colcon_core.shell:Creating environment hook '/home/athul/ros2_ws/install/serial_motor_demo_msgs/share/serial_motor_demo_msgs/hook/pythonpath.ps1'
[1.518s] INFO:colcon.colcon_core.shell:Creating environment descriptor '/home/athul/ros2_ws/install/serial_motor_demo_msgs/share/serial_motor_demo_msgs/hook/pythonpath.dsv'
[1.518s] INFO:colcon.colcon_core.shell:Creating environment hook '/home/athul/ros2_ws/install/serial_motor_demo_msgs/share/serial_motor_demo_msgs/hook/pythonpath.sh'
[1.519s] Level 1:colcon.colcon_core.environment:checking '/home/athul/ros2_ws/install/serial_motor_demo_msgs/bin'
[1.521s] INFO:colcon.colcon_core.shell:Creating package script '/home/athul/ros2_ws/install/serial_motor_demo_msgs/share/serial_motor_demo_msgs/package.ps1'
[1.522s] INFO:colcon.colcon_core.shell:Creating package descriptor '/home/athul/ros2_ws/install/serial_motor_demo_msgs/share/serial_motor_demo_msgs/package.dsv'
[1.522s] INFO:colcon.colcon_core.shell:Creating package script '/home/athul/ros2_ws/install/serial_motor_demo_msgs/share/serial_motor_demo_msgs/package.sh'
[1.523s] INFO:colcon.colcon_core.shell:Creating package script '/home/athul/ros2_ws/install/serial_motor_demo_msgs/share/serial_motor_demo_msgs/package.bash'
[1.524s] INFO:colcon.colcon_core.shell:Creating package script '/home/athul/ros2_ws/install/serial_motor_demo_msgs/share/serial_motor_demo_msgs/package.zsh'
[1.524s] Level 1:colcon.colcon_core.environment:create_file_with_runtime_dependencies(/home/athul/ros2_ws/install/serial_motor_demo_msgs/share/colcon-core/packages/serial_motor_demo_msgs)
[1.650s] Level 1:colcon.colcon_core.environment:create_environment_scripts_only(serial_motor_demo_msgs)
[1.653s] Level 1:colcon.colcon_core.environment:checking '/home/athul/ros2_ws/install/serial_motor_demo_msgs' for CMake module files
[1.654s] Level 1:colcon.colcon_core.environment:checking '/home/athul/ros2_ws/install/serial_motor_demo_msgs' for CMake config files
[1.655s] Level 1:colcon.colcon_core.shell:create_environment_hook('serial_motor_demo_msgs', 'cmake_prefix_path')
[1.657s] INFO:colcon.colcon_core.shell:Creating environment hook '/home/athul/ros2_ws/install/serial_motor_demo_msgs/share/serial_motor_demo_msgs/hook/cmake_prefix_path.ps1'
[1.658s] INFO:colcon.colcon_core.shell:Creating environment descriptor '/home/athul/ros2_ws/install/serial_motor_demo_msgs/share/serial_motor_demo_msgs/hook/cmake_prefix_path.dsv'
[1.658s] INFO:colcon.colcon_core.shell:Creating environment hook '/home/athul/ros2_ws/install/serial_motor_demo_msgs/share/serial_motor_demo_msgs/hook/cmake_prefix_path.sh'
[1.659s] Level 1:colcon.colcon_core.environment:checking '/home/athul/ros2_ws/install/serial_motor_demo_msgs/lib'
[1.659s] Level 1:colcon.colcon_core.shell:create_environment_hook('serial_motor_demo_msgs', 'ld_library_path_lib')
[1.661s] INFO:colcon.colcon_core.shell:Creating environment hook '/home/athul/ros2_ws/install/serial_motor_demo_msgs/share/serial_motor_demo_msgs/hook/ld_library_path_lib.ps1'
[1.661s] INFO:colcon.colcon_core.shell:Creating environment descriptor '/home/athul/ros2_ws/install/serial_motor_demo_msgs/share/serial_motor_demo_msgs/hook/ld_library_path_lib.dsv'
[1.662s] INFO:colcon.colcon_core.shell:Creating environment hook '/home/athul/ros2_ws/install/serial_motor_demo_msgs/share/serial_motor_demo_msgs/hook/ld_library_path_lib.sh'
[1.662s] Level 1:colcon.colcon_core.environment:checking '/home/athul/ros2_ws/install/serial_motor_demo_msgs/bin'
[1.662s] Level 1:colcon.colcon_core.environment:checking '/home/athul/ros2_ws/install/serial_motor_demo_msgs/lib/pkgconfig/serial_motor_demo_msgs.pc'
[1.663s] Level 1:colcon.colcon_core.environment:checking '/home/athul/ros2_ws/install/serial_motor_demo_msgs/lib/python3.8/site-packages'
[1.663s] Level 1:colcon.colcon_core.shell:create_environment_hook('serial_motor_demo_msgs', 'pythonpath')
[1.665s] INFO:colcon.colcon_core.shell:Creating environment hook '/home/athul/ros2_ws/install/serial_motor_demo_msgs/share/serial_motor_demo_msgs/hook/pythonpath.ps1'
[1.666s] INFO:colcon.colcon_core.shell:Creating environment descriptor '/home/athul/ros2_ws/install/serial_motor_demo_msgs/share/serial_motor_demo_msgs/hook/pythonpath.dsv'
[1.666s] INFO:colcon.colcon_core.shell:Creating environment hook '/home/athul/ros2_ws/install/serial_motor_demo_msgs/share/serial_motor_demo_msgs/hook/pythonpath.sh'
[1.667s] Level 1:colcon.colcon_core.environment:checking '/home/athul/ros2_ws/install/serial_motor_demo_msgs/bin'
[1.669s] INFO:colcon.colcon_core.shell:Creating package script '/home/athul/ros2_ws/install/serial_motor_demo_msgs/share/serial_motor_demo_msgs/package.ps1'
[1.670s] INFO:colcon.colcon_core.shell:Creating package descriptor '/home/athul/ros2_ws/install/serial_motor_demo_msgs/share/serial_motor_demo_msgs/package.dsv'
[1.671s] INFO:colcon.colcon_core.shell:Creating package script '/home/athul/ros2_ws/install/serial_motor_demo_msgs/share/serial_motor_demo_msgs/package.sh'
[1.672s] INFO:colcon.colcon_core.shell:Creating package script '/home/athul/ros2_ws/install/serial_motor_demo_msgs/share/serial_motor_demo_msgs/package.bash'
[1.672s] INFO:colcon.colcon_core.shell:Creating package script '/home/athul/ros2_ws/install/serial_motor_demo_msgs/share/serial_motor_demo_msgs/package.zsh'
[1.673s] Level 1:colcon.colcon_core.environment:create_file_with_runtime_dependencies(/home/athul/ros2_ws/install/serial_motor_demo_msgs/share/colcon-core/packages/serial_motor_demo_msgs)
[1.673s] INFO:colcon.colcon_ros.task.ament_python.build:Building ROS package in '/home/athul/ros2_ws/src/serial_motor_demo/serial_motor_demo' with build type 'ament_python'
[1.674s] Level 1:colcon.colcon_core.shell:create_environment_hook('serial_motor_demo', 'ament_prefix_path')
[1.676s] INFO:colcon.colcon_core.shell:Creating environment hook '/home/athul/ros2_ws/install/serial_motor_demo/share/serial_motor_demo/hook/ament_prefix_path.ps1'
[1.677s] INFO:colcon.colcon_core.shell:Creating environment descriptor '/home/athul/ros2_ws/install/serial_motor_demo/share/serial_motor_demo/hook/ament_prefix_path.dsv'
[1.678s] INFO:colcon.colcon_core.shell:Creating environment hook '/home/athul/ros2_ws/install/serial_motor_demo/share/serial_motor_demo/hook/ament_prefix_path.sh'
[1.680s] INFO:colcon.colcon_core.shell:Skip shell extension 'powershell' for command environment: Not usable outside of PowerShell
[1.680s] DEBUG:colcon.colcon_core.shell:Skip shell extension 'dsv' for command environment
[2.054s] INFO:colcon.colcon_core.task.python.build:Building Python package in '/home/athul/ros2_ws/src/serial_motor_demo/serial_motor_demo'
[2.057s] INFO:colcon.colcon_core.shell:Skip shell extension 'powershell' for command environment: Not usable outside of PowerShell
[2.057s] DEBUG:colcon.colcon_core.shell:Skip shell extension 'dsv' for command environment
[2.652s] DEBUG:colcon.colcon_core.event_handler.log_command:Invoking command in '/home/athul/ros2_ws/build/serial_motor_demo': PYTHONPATH=/home/athul/ros2_ws/build/serial_motor_demo/prefix_override:/home/athul/ros2_ws/install/serial_motor_demo/lib/python3.8/site-packages:/home/athul/ros2_ws/install/serial_motor_demo_msgs/lib/python3.8/site-packages:/home/athul/ros2_ws/build/serial_motor_demo:/home/athul/ros2_ws/install/serial_motor_demo/lib/python3.8/site-packages:/opt/ros/foxy/lib/python3.8/site-packages /usr/bin/python3 setup.py develop --editable --build-directory /home/athul/ros2_ws/build/serial_motor_demo/build --no-deps install_data
[3.356s] Level 1:colcon.colcon_core.shell:create_environment_hook('serial_motor_demo', 'pythonpath_develop')
[3.359s] INFO:colcon.colcon_core.shell:Creating environment hook '/home/athul/ros2_ws/build/serial_motor_demo/share/serial_motor_demo/hook/pythonpath_develop.ps1'
[3.360s] DEBUG:colcon.colcon_core.event_handler.log_command:Invoked command in '/home/athul/ros2_ws/build/serial_motor_demo' returned '0': PYTHONPATH=/home/athul/ros2_ws/build/serial_motor_demo/prefix_override:/home/athul/ros2_ws/install/serial_motor_demo/lib/python3.8/site-packages:/home/athul/ros2_ws/install/serial_motor_demo_msgs/lib/python3.8/site-packages:/home/athul/ros2_ws/build/serial_motor_demo:/home/athul/ros2_ws/install/serial_motor_demo/lib/python3.8/site-packages:/opt/ros/foxy/lib/python3.8/site-packages /usr/bin/python3 setup.py develop --editable --build-directory /home/athul/ros2_ws/build/serial_motor_demo/build --no-deps install_data
[3.361s] INFO:colcon.colcon_core.shell:Creating environment descriptor '/home/athul/ros2_ws/build/serial_motor_demo/share/serial_motor_demo/hook/pythonpath_develop.dsv'
[3.361s] INFO:colcon.colcon_core.shell:Creating environment hook '/home/athul/ros2_ws/build/serial_motor_demo/share/serial_motor_demo/hook/pythonpath_develop.sh'
[3.365s] Level 1:colcon.colcon_core.environment:checking '/home/athul/ros2_ws/install/serial_motor_demo' for CMake module files
[3.365s] Level 1:colcon.colcon_core.environment:checking '/home/athul/ros2_ws/install/serial_motor_demo' for CMake config files
[3.366s] Level 1:colcon.colcon_core.environment:checking '/home/athul/ros2_ws/install/serial_motor_demo/lib'
[3.366s] Level 1:colcon.colcon_core.environment:checking '/home/athul/ros2_ws/install/serial_motor_demo/bin'
[3.366s] Level 1:colcon.colcon_core.environment:checking '/home/athul/ros2_ws/install/serial_motor_demo/lib/pkgconfig/serial_motor_demo.pc'
[3.367s] Level 1:colcon.colcon_core.environment:checking '/home/athul/ros2_ws/install/serial_motor_demo/lib/python3.8/site-packages'
[3.367s] Level 1:colcon.colcon_core.shell:create_environment_hook('serial_motor_demo', 'pythonpath')
[3.369s] INFO:colcon.colcon_core.shell:Creating environment hook '/home/athul/ros2_ws/install/serial_motor_demo/share/serial_motor_demo/hook/pythonpath.ps1'
[3.369s] INFO:colcon.colcon_core.shell:Creating environment descriptor '/home/athul/ros2_ws/install/serial_motor_demo/share/serial_motor_demo/hook/pythonpath.dsv'
[3.370s] INFO:colcon.colcon_core.shell:Creating environment hook '/home/athul/ros2_ws/install/serial_motor_demo/share/serial_motor_demo/hook/pythonpath.sh'
[3.370s] Level 1:colcon.colcon_core.environment:checking '/home/athul/ros2_ws/install/serial_motor_demo/bin'
[3.371s] Level 1:colcon.colcon_core.environment:create_environment_scripts_only(serial_motor_demo)
[3.373s] INFO:colcon.colcon_core.shell:Creating package script '/home/athul/ros2_ws/install/serial_motor_demo/share/serial_motor_demo/package.ps1'
[3.373s] INFO:colcon.colcon_core.shell:Creating package descriptor '/home/athul/ros2_ws/install/serial_motor_demo/share/serial_motor_demo/package.dsv'
[3.374s] INFO:colcon.colcon_core.shell:Creating package script '/home/athul/ros2_ws/install/serial_motor_demo/share/serial_motor_demo/package.sh'
[3.375s] INFO:colcon.colcon_core.shell:Creating package script '/home/athul/ros2_ws/install/serial_motor_demo/share/serial_motor_demo/package.bash'
[3.375s] INFO:colcon.colcon_core.shell:Creating package script '/home/athul/ros2_ws/install/serial_motor_demo/share/serial_motor_demo/package.zsh'
[3.376s] Level 1:colcon.colcon_core.environment:create_file_with_runtime_dependencies(/home/athul/ros2_ws/install/serial_motor_demo/share/colcon-core/packages/serial_motor_demo)
[3.376s] DEBUG:colcon.colcon_parallel_executor.executor.parallel:closing loop
[3.377s] DEBUG:colcon.colcon_parallel_executor.executor.parallel:loop closed
[3.377s] DEBUG:colcon.colcon_parallel_executor.executor.parallel:run_until_complete finished with '0'
[3.377s] DEBUG:colcon.colcon_core.event_reactor:joining thread
[3.387s] INFO:colcon.colcon_core.plugin_system:Skipping extension 'colcon_notification.desktop_notification.terminal_notifier': Not used on non-Darwin systems
[3.387s] INFO:colcon.colcon_core.plugin_system:Skipping extension 'colcon_notification.desktop_notification.win32': Not used on non-Windows systems
[3.387s] INFO:colcon.colcon_notification.desktop_notification:Sending desktop notification using 'notify2'
[3.606s] DEBUG:colcon.colcon_core.event_reactor:joined thread
[3.609s] INFO:colcon.colcon_core.shell:Creating prefix script '/home/athul/ros2_ws/install/local_setup.ps1'
[3.611s] INFO:colcon.colcon_core.shell:Creating prefix util module '/home/athul/ros2_ws/install/_local_setup_util_ps1.py'
[3.613s] INFO:colcon.colcon_core.shell:Creating prefix chain script '/home/athul/ros2_ws/install/setup.ps1'
[3.615s] INFO:colcon.colcon_core.shell:Creating prefix script '/home/athul/ros2_ws/install/local_setup.sh'
[3.616s] INFO:colcon.colcon_core.shell:Creating prefix util module '/home/athul/ros2_ws/install/_local_setup_util_sh.py'
[3.616s] INFO:colcon.colcon_core.shell:Creating prefix chain script '/home/athul/ros2_ws/install/setup.sh'
[3.620s] INFO:colcon.colcon_core.shell:Creating prefix script '/home/athul/ros2_ws/install/local_setup.bash'
[3.620s] INFO:colcon.colcon_core.shell:Creating prefix chain script '/home/athul/ros2_ws/install/setup.bash'
[3.622s] INFO:colcon.colcon_core.shell:Creating prefix script '/home/athul/ros2_ws/install/local_setup.zsh'
[3.623s] INFO:colcon.colcon_core.shell:Creating prefix chain script '/home/athul/ros2_ws/install/setup.zsh'
