[0.081s] Invoking command in '/home/athul/ros2_ws/build/gazebo_ros2_control': CMAKE_PREFIX_PATH=${CMAKE_PREFIX_PATH}:/home/athul/ros2_ws/install/serial_motor_demo:/home/athul/ros2_ws/install/ball_tracker:/opt/ros/foxy /usr/bin/cmake --build /home/athul/ros2_ws/build/gazebo_ros2_control -- -j4 -l4
[0.580s] [ 50%] Built target gazebo_hardware_plugins
[0.644s] [100%] Built target gazebo_ros2_control
[0.706s] Invoked command in '/home/athul/ros2_ws/build/gazebo_ros2_control' returned '0': CMAKE_PREFIX_PATH=${CMAKE_PREFIX_PATH}:/home/athul/ros2_ws/install/serial_motor_demo:/home/athul/ros2_ws/install/ball_tracker:/opt/ros/foxy /usr/bin/cmake --build /home/athul/ros2_ws/build/gazebo_ros2_control -- -j4 -l4
[0.847s] Invoking command in '/home/athul/ros2_ws/build/gazebo_ros2_control': CMAKE_PREFIX_PATH=${CMAKE_PREFIX_PATH}:/home/athul/ros2_ws/install/serial_motor_demo:/home/athul/ros2_ws/install/ball_tracker:/opt/ros/foxy /usr/bin/cmake --install /home/athul/ros2_ws/build/gazebo_ros2_control
[0.868s] -- Install configuration: ""
[0.871s] -- Execute custom install script
[0.874s] -- Up-to-date symlink: /home/athul/ros2_ws/install/gazebo_ros2_control/lib/libgazebo_ros2_control.so
[0.876s] -- Up-to-date symlink: /home/athul/ros2_ws/install/gazebo_ros2_control/lib/libgazebo_hardware_plugins.so
[0.878s] -- Up-to-date symlink: /home/athul/ros2_ws/install/gazebo_ros2_control/share/gazebo_ros2_control/environment/library_path.sh
[0.884s] -- Up-to-date symlink: /home/athul/ros2_ws/install/gazebo_ros2_control/share/gazebo_ros2_control/environment/library_path.dsv
[0.888s] -- Up-to-date symlink: /home/athul/ros2_ws/install/gazebo_ros2_control/include/gazebo_ros2_control/gazebo_ros2_control_plugin.hpp
[0.888s] -- Up-to-date symlink: /home/athul/ros2_ws/install/gazebo_ros2_control/include/gazebo_ros2_control/gazebo_system.hpp
[0.889s] -- Up-to-date symlink: /home/athul/ros2_ws/install/gazebo_ros2_control/include/gazebo_ros2_control/gazebo_system_interface.hpp
[0.890s] -- Up-to-date symlink: /home/athul/ros2_ws/install/gazebo_ros2_control/share/gazebo_ros2_control//gazebo_hardware_plugins.xml
[0.891s] -- Up-to-date symlink: /home/athul/ros2_ws/install/gazebo_ros2_control/share/ament_index/resource_index/package_run_dependencies/gazebo_ros2_control
[0.892s] -- Up-to-date symlink: /home/athul/ros2_ws/install/gazebo_ros2_control/share/ament_index/resource_index/parent_prefix_path/gazebo_ros2_control
[0.894s] -- Up-to-date symlink: /home/athul/ros2_ws/install/gazebo_ros2_control/share/gazebo_ros2_control/environment/ament_prefix_path.sh
[0.895s] -- Up-to-date symlink: /home/athul/ros2_ws/install/gazebo_ros2_control/share/gazebo_ros2_control/environment/ament_prefix_path.dsv
[0.897s] -- Up-to-date symlink: /home/athul/ros2_ws/install/gazebo_ros2_control/share/gazebo_ros2_control/environment/path.sh
[0.898s] -- Up-to-date symlink: /home/athul/ros2_ws/install/gazebo_ros2_control/share/gazebo_ros2_control/environment/path.dsv
[0.898s] -- Up-to-date symlink: /home/athul/ros2_ws/install/gazebo_ros2_control/share/gazebo_ros2_control/local_setup.bash
[0.903s] -- Up-to-date symlink: /home/athul/ros2_ws/install/gazebo_ros2_control/share/gazebo_ros2_control/local_setup.sh
[0.906s] -- Up-to-date symlink: /home/athul/ros2_ws/install/gazebo_ros2_control/share/gazebo_ros2_control/local_setup.zsh
[0.908s] -- Up-to-date symlink: /home/athul/ros2_ws/install/gazebo_ros2_control/share/gazebo_ros2_control/local_setup.dsv
[0.909s] -- Symlinking: /home/athul/ros2_ws/install/gazebo_ros2_control/share/gazebo_ros2_control/package.dsv
[0.942s] -- Up-to-date symlink: /home/athul/ros2_ws/install/gazebo_ros2_control/share/ament_index/resource_index/packages/gazebo_ros2_control
[0.945s] -- Up-to-date symlink: /home/athul/ros2_ws/install/gazebo_ros2_control/share/ament_index/resource_index/gazebo_ros2_control__pluginlib__plugin/gazebo_ros2_control
[0.949s] -- Up-to-date symlink: /home/athul/ros2_ws/install/gazebo_ros2_control/share/gazebo_ros2_control/cmake/ament_cmake_export_include_directories-extras.cmake
[0.953s] -- Up-to-date symlink: /home/athul/ros2_ws/install/gazebo_ros2_control/share/gazebo_ros2_control/cmake/ament_cmake_export_dependencies-extras.cmake
[0.955s] -- Up-to-date symlink: /home/athul/ros2_ws/install/gazebo_ros2_control/share/gazebo_ros2_control/cmake/ament_cmake_export_libraries-extras.cmake
[0.959s] -- Up-to-date symlink: /home/athul/ros2_ws/install/gazebo_ros2_control/share/gazebo_ros2_control/cmake/gazebo_ros2_controlConfig.cmake
[0.961s] -- Up-to-date symlink: /home/athul/ros2_ws/install/gazebo_ros2_control/share/gazebo_ros2_control/cmake/gazebo_ros2_controlConfig-version.cmake
[0.963s] -- Up-to-date symlink: /home/athul/ros2_ws/install/gazebo_ros2_control/share/gazebo_ros2_control/package.xml
[0.967s] Invoked command in '/home/athul/ros2_ws/build/gazebo_ros2_control' returned '0': CMAKE_PREFIX_PATH=${CMAKE_PREFIX_PATH}:/home/athul/ros2_ws/install/serial_motor_demo:/home/athul/ros2_ws/install/ball_tracker:/opt/ros/foxy /usr/bin/cmake --install /home/athul/ros2_ws/build/gazebo_ros2_control
