[0.045s] Invoking command in '/home/athul/ros2_ws/build/my_bot': CMAKE_PREFIX_PATH=${CMAKE_PREFIX_PATH}:/home/athul/ros2_ws/install/serial_motor_demo:/opt/ros/foxy /usr/bin/cmake --build /home/athul/ros2_ws/build/my_bot -- -j4 -l4
[0.134s] Invoked command in '/home/athul/ros2_ws/build/my_bot' returned '0': CMAKE_PREFIX_PATH=${CMAKE_PREFIX_PATH}:/home/athul/ros2_ws/install/serial_motor_demo:/opt/ros/foxy /usr/bin/cmake --build /home/athul/ros2_ws/build/my_bot -- -j4 -l4
[0.234s] Invoking command in '/home/athul/ros2_ws/build/my_bot': CMAKE_PREFIX_PATH=${CMAKE_PREFIX_PATH}:/home/athul/ros2_ws/install/serial_motor_demo:/opt/ros/foxy /usr/bin/cmake --install /home/athul/ros2_ws/build/my_bot
[0.261s] -- Install configuration: ""
[0.262s] -- Execute custom install script
[0.265s] -- Up-to-date symlink: /home/athul/ros2_ws/install/my_bot/share/my_bot/config/empty.yaml
[0.266s] -- Up-to-date symlink: /home/athul/ros2_ws/install/my_bot/share/my_bot/config/view_bot.rviz
[0.266s] -- Symlinking: /home/athul/ros2_ws/install/my_bot/share/my_bot/description/camera.xacro
[0.296s] -- Up-to-date symlink: /home/athul/ros2_ws/install/my_bot/share/my_bot/description/gazebo_control.xacro
[0.297s] -- Up-to-date symlink: /home/athul/ros2_ws/install/my_bot/share/my_bot/description/inertial_macros.xacro
[0.297s] -- Up-to-date symlink: /home/athul/ros2_ws/install/my_bot/share/my_bot/description/lidar.xacro
[0.298s] -- Up-to-date symlink: /home/athul/ros2_ws/install/my_bot/share/my_bot/description/robot.urdf.xacro
[0.298s] -- Up-to-date symlink: /home/athul/ros2_ws/install/my_bot/share/my_bot/description/robot_core.xacro
[0.299s] -- Up-to-date symlink: /home/athul/ros2_ws/install/my_bot/share/my_bot/launch/launch_sim.launch.py
[0.299s] -- Up-to-date symlink: /home/athul/ros2_ws/install/my_bot/share/my_bot/launch/rsp.launch.py
[0.301s] -- Up-to-date symlink: /home/athul/ros2_ws/install/my_bot/share/my_bot/worlds/empty.world
[0.301s] -- Up-to-date symlink: /home/athul/ros2_ws/install/my_bot/share/my_bot/worlds/obstacle.world
[0.302s] -- Up-to-date symlink: /home/athul/ros2_ws/install/my_bot/share/my_bot/worlds/obstacles.world
[0.302s] -- Up-to-date symlink: /home/athul/ros2_ws/install/my_bot/share/ament_index/resource_index/package_run_dependencies/my_bot
[0.307s] -- Up-to-date symlink: /home/athul/ros2_ws/install/my_bot/share/ament_index/resource_index/parent_prefix_path/my_bot
[0.308s] -- Up-to-date symlink: /home/athul/ros2_ws/install/my_bot/share/my_bot/environment/ament_prefix_path.sh
[0.308s] -- Up-to-date symlink: /home/athul/ros2_ws/install/my_bot/share/my_bot/environment/ament_prefix_path.dsv
[0.309s] -- Up-to-date symlink: /home/athul/ros2_ws/install/my_bot/share/my_bot/environment/path.sh
[0.309s] -- Up-to-date symlink: /home/athul/ros2_ws/install/my_bot/share/my_bot/environment/path.dsv
[0.310s] -- Up-to-date symlink: /home/athul/ros2_ws/install/my_bot/share/my_bot/local_setup.bash
[0.311s] -- Up-to-date symlink: /home/athul/ros2_ws/install/my_bot/share/my_bot/local_setup.sh
[0.311s] -- Up-to-date symlink: /home/athul/ros2_ws/install/my_bot/share/my_bot/local_setup.zsh
[0.312s] -- Up-to-date symlink: /home/athul/ros2_ws/install/my_bot/share/my_bot/local_setup.dsv
[0.313s] -- Symlinking: /home/athul/ros2_ws/install/my_bot/share/my_bot/package.dsv
[0.335s] -- Up-to-date symlink: /home/athul/ros2_ws/install/my_bot/share/ament_index/resource_index/packages/my_bot
[0.339s] -- Up-to-date symlink: /home/athul/ros2_ws/install/my_bot/share/my_bot/cmake/my_botConfig.cmake
[0.340s] -- Up-to-date symlink: /home/athul/ros2_ws/install/my_bot/share/my_bot/cmake/my_botConfig-version.cmake
[0.341s] -- Up-to-date symlink: /home/athul/ros2_ws/install/my_bot/share/my_bot/package.xml
[0.345s] Invoked command in '/home/athul/ros2_ws/build/my_bot' returned '0': CMAKE_PREFIX_PATH=${CMAKE_PREFIX_PATH}:/home/athul/ros2_ws/install/serial_motor_demo:/opt/ros/foxy /usr/bin/cmake --install /home/athul/ros2_ws/build/my_bot
