[0.046s] Invoking command in '/home/athul/ros2_ws/build/gazebo_ros2_control_demos': AMENT_PREFIX_PATH=/home/athul/ros2_ws/install/gazebo_ros2_control:${AMENT_PREFIX_PATH} CMAKE_PREFIX_PATH=/home/athul/ros2_ws/install/gazebo_ros2_control:/home/athul/dev_ws/install/serial_motor_demo_msgs:/home/athul/dev_ws/install/my_bot:/home/athul/dev_ws/install/serial_motor_demo:/opt/ros/foxy LD_LIBRARY_PATH=/home/athul/ros2_ws/install/gazebo_ros2_control/lib:${LD_LIBRARY_PATH} /usr/bin/cmake --build /home/athul/ros2_ws/build/gazebo_ros2_control_demos -- -j4 -l4
[0.267s] [ 20%] Built target example_velocity
[0.289s] [ 50%] Built target example_effort
[0.289s] [ 70%] Built target example_position
[0.290s] [ 80%] Built target example_gripper
[0.369s] [100%] Built target example_diff_drive
[0.408s] Invoked command in '/home/athul/ros2_ws/build/gazebo_ros2_control_demos' returned '0': AMENT_PREFIX_PATH=/home/athul/ros2_ws/install/gazebo_ros2_control:${AMENT_PREFIX_PATH} CMAKE_PREFIX_PATH=/home/athul/ros2_ws/install/gazebo_ros2_control:/home/athul/dev_ws/install/serial_motor_demo_msgs:/home/athul/dev_ws/install/my_bot:/home/athul/dev_ws/install/serial_motor_demo:/opt/ros/foxy LD_LIBRARY_PATH=/home/athul/ros2_ws/install/gazebo_ros2_control/lib:${LD_LIBRARY_PATH} /usr/bin/cmake --build /home/athul/ros2_ws/build/gazebo_ros2_control_demos -- -j4 -l4
[0.503s] Invoking command in '/home/athul/ros2_ws/build/gazebo_ros2_control_demos': AMENT_PREFIX_PATH=/home/athul/ros2_ws/install/gazebo_ros2_control:${AMENT_PREFIX_PATH} CMAKE_PREFIX_PATH=/home/athul/ros2_ws/install/gazebo_ros2_control:/home/athul/dev_ws/install/serial_motor_demo_msgs:/home/athul/dev_ws/install/my_bot:/home/athul/dev_ws/install/serial_motor_demo:/opt/ros/foxy LD_LIBRARY_PATH=/home/athul/ros2_ws/install/gazebo_ros2_control/lib:${LD_LIBRARY_PATH} /usr/bin/cmake --install /home/athul/ros2_ws/build/gazebo_ros2_control_demos
[0.526s] -- Install configuration: ""
[0.530s] -- Execute custom install script
[0.535s] -- Up-to-date symlink: /home/athul/ros2_ws/install/gazebo_ros2_control_demos/share/gazebo_ros2_control_demos//launch/cart_example_effort.launch.py
[0.537s] -- Up-to-date symlink: /home/athul/ros2_ws/install/gazebo_ros2_control_demos/share/gazebo_ros2_control_demos//launch/cart_example_position.launch.py
[0.539s] -- Up-to-date symlink: /home/athul/ros2_ws/install/gazebo_ros2_control_demos/share/gazebo_ros2_control_demos//launch/cart_example_velocity.launch.py
[0.540s] -- Up-to-date symlink: /home/athul/ros2_ws/install/gazebo_ros2_control_demos/share/gazebo_ros2_control_demos//launch/diff_drive.launch.py
[0.541s] -- Up-to-date symlink: /home/athul/ros2_ws/install/gazebo_ros2_control_demos/share/gazebo_ros2_control_demos//launch/gripper_mimic_joint_example.launch.py
[0.541s] -- Up-to-date symlink: /home/athul/ros2_ws/install/gazebo_ros2_control_demos/share/gazebo_ros2_control_demos//config/cartpole_controller.yaml
[0.541s] -- Up-to-date symlink: /home/athul/ros2_ws/install/gazebo_ros2_control_demos/share/gazebo_ros2_control_demos//config/cartpole_controller_effort.yaml
[0.541s] -- Up-to-date symlink: /home/athul/ros2_ws/install/gazebo_ros2_control_demos/share/gazebo_ros2_control_demos//config/cartpole_controller_velocity.yaml
[0.542s] -- Up-to-date symlink: /home/athul/ros2_ws/install/gazebo_ros2_control_demos/share/gazebo_ros2_control_demos//config/diff_drive_controller.yaml
[0.542s] -- Up-to-date symlink: /home/athul/ros2_ws/install/gazebo_ros2_control_demos/share/gazebo_ros2_control_demos//config/gripper_controller.yaml
[0.542s] -- Up-to-date symlink: /home/athul/ros2_ws/install/gazebo_ros2_control_demos/share/gazebo_ros2_control_demos//urdf/test_cart_effort.xacro.urdf
[0.542s] -- Up-to-date symlink: /home/athul/ros2_ws/install/gazebo_ros2_control_demos/share/gazebo_ros2_control_demos//urdf/test_cart_position.xacro.urdf
[0.542s] -- Up-to-date symlink: /home/athul/ros2_ws/install/gazebo_ros2_control_demos/share/gazebo_ros2_control_demos//urdf/test_cart_velocity.xacro.urdf
[0.543s] -- Up-to-date symlink: /home/athul/ros2_ws/install/gazebo_ros2_control_demos/share/gazebo_ros2_control_demos//urdf/test_diff_drive.xacro.urdf
[0.543s] -- Up-to-date symlink: /home/athul/ros2_ws/install/gazebo_ros2_control_demos/share/gazebo_ros2_control_demos//urdf/test_gripper_mimic_joint.xacro.urdf
[0.543s] -- Up-to-date symlink: /home/athul/ros2_ws/install/gazebo_ros2_control_demos/lib/gazebo_ros2_control_demos/example_position
[0.543s] -- Up-to-date symlink: /home/athul/ros2_ws/install/gazebo_ros2_control_demos/lib/gazebo_ros2_control_demos/example_velocity
[0.543s] -- Up-to-date symlink: /home/athul/ros2_ws/install/gazebo_ros2_control_demos/lib/gazebo_ros2_control_demos/example_effort
[0.543s] -- Up-to-date symlink: /home/athul/ros2_ws/install/gazebo_ros2_control_demos/lib/gazebo_ros2_control_demos/example_gripper
[0.544s] -- Up-to-date symlink: /home/athul/ros2_ws/install/gazebo_ros2_control_demos/lib/gazebo_ros2_control_demos/example_diff_drive
[0.544s] -- Up-to-date symlink: /home/athul/ros2_ws/install/gazebo_ros2_control_demos/share/ament_index/resource_index/package_run_dependencies/gazebo_ros2_control_demos
[0.544s] -- Up-to-date symlink: /home/athul/ros2_ws/install/gazebo_ros2_control_demos/share/ament_index/resource_index/parent_prefix_path/gazebo_ros2_control_demos
[0.545s] -- Up-to-date symlink: /home/athul/ros2_ws/install/gazebo_ros2_control_demos/share/gazebo_ros2_control_demos/environment/ament_prefix_path.sh
[0.546s] -- Up-to-date symlink: /home/athul/ros2_ws/install/gazebo_ros2_control_demos/share/gazebo_ros2_control_demos/environment/ament_prefix_path.dsv
[0.546s] -- Up-to-date symlink: /home/athul/ros2_ws/install/gazebo_ros2_control_demos/share/gazebo_ros2_control_demos/environment/path.sh
[0.547s] -- Up-to-date symlink: /home/athul/ros2_ws/install/gazebo_ros2_control_demos/share/gazebo_ros2_control_demos/environment/path.dsv
[0.548s] -- Up-to-date symlink: /home/athul/ros2_ws/install/gazebo_ros2_control_demos/share/gazebo_ros2_control_demos/local_setup.bash
[0.548s] -- Up-to-date symlink: /home/athul/ros2_ws/install/gazebo_ros2_control_demos/share/gazebo_ros2_control_demos/local_setup.sh
[0.549s] -- Up-to-date symlink: /home/athul/ros2_ws/install/gazebo_ros2_control_demos/share/gazebo_ros2_control_demos/local_setup.zsh
[0.550s] -- Up-to-date symlink: /home/athul/ros2_ws/install/gazebo_ros2_control_demos/share/gazebo_ros2_control_demos/local_setup.dsv
[0.550s] -- Symlinking: /home/athul/ros2_ws/install/gazebo_ros2_control_demos/share/gazebo_ros2_control_demos/package.dsv
[0.582s] -- Up-to-date symlink: /home/athul/ros2_ws/install/gazebo_ros2_control_demos/share/ament_index/resource_index/packages/gazebo_ros2_control_demos
[0.583s] -- Up-to-date symlink: /home/athul/ros2_ws/install/gazebo_ros2_control_demos/share/gazebo_ros2_control_demos/cmake/gazebo_ros2_control_demosConfig.cmake
[0.583s] -- Up-to-date symlink: /home/athul/ros2_ws/install/gazebo_ros2_control_demos/share/gazebo_ros2_control_demos/cmake/gazebo_ros2_control_demosConfig-version.cmake
[0.583s] -- Up-to-date symlink: /home/athul/ros2_ws/install/gazebo_ros2_control_demos/share/gazebo_ros2_control_demos/package.xml
[0.650s] Invoked command in '/home/athul/ros2_ws/build/gazebo_ros2_control_demos' returned '0': AMENT_PREFIX_PATH=/home/athul/ros2_ws/install/gazebo_ros2_control:${AMENT_PREFIX_PATH} CMAKE_PREFIX_PATH=/home/athul/ros2_ws/install/gazebo_ros2_control:/home/athul/dev_ws/install/serial_motor_demo_msgs:/home/athul/dev_ws/install/my_bot:/home/athul/dev_ws/install/serial_motor_demo:/opt/ros/foxy LD_LIBRARY_PATH=/home/athul/ros2_ws/install/gazebo_ros2_control/lib:${LD_LIBRARY_PATH} /usr/bin/cmake --install /home/athul/ros2_ws/build/gazebo_ros2_control_demos
