[0.058s] Invoking command in '/home/athul/ros2_ws/src/build/gazebo_ros2_control': CMAKE_PREFIX_PATH=${CMAKE_PREFIX_PATH}:/home/athul/ros2_ws/install/serial_motor_demo:/opt/ros/foxy /usr/bin/cmake /home/athul/ros2_ws/src/gazebo_ros2_control/gazebo_ros2_control -DAMENT_CMAKE_SYMLINK_INSTALL=1 -DCMAKE_INSTALL_PREFIX=/home/athul/ros2_ws/src/install/gazebo_ros2_control
[0.293s] -- The C compiler identification is GNU 9.4.0
[0.479s] -- The CXX compiler identification is GNU 9.4.0
[0.492s] -- Check for working C compiler: /usr/bin/cc
[0.635s] -- Check for working C compiler: /usr/bin/cc -- works
[0.638s] -- Detecting C compiler ABI info
[0.772s] -- Detecting C compiler ABI info - done
[0.800s] -- Detecting C compile features
[0.801s] -- Detecting C compile features - done
[0.805s] -- Check for working CXX compiler: /usr/bin/c++
[0.991s] -- Check for working CXX compiler: /usr/bin/c++ -- works
[0.993s] -- Detecting CXX compiler ABI info
[1.188s] -- Detecting CXX compiler ABI info - done
[1.222s] -- Detecting CXX compile features
[1.223s] -- Detecting CXX compile features - done
[1.230s] -- Found ament_cmake: 0.9.11 (/opt/ros/foxy/share/ament_cmake/cmake)
[1.298s] -- Found PythonInterp: /usr/bin/python3 (found suitable version "3.8.10", minimum required is "3") 
[1.298s] -- Using PYTHON_EXECUTABLE: /usr/bin/python3
[1.768s] -- Override CMake install command with custom implementation using symlinks instead of copying resources
[1.823s] -- Found angles: 1.12.6 (/opt/ros/foxy/share/angles/cmake)
[1.829s] -- Found controller_manager: 0.11.0 (/opt/ros/foxy/share/controller_manager/cmake)
[1.938s] -- Using all available rosidl_typesupport_c: rosidl_typesupport_fastrtps_c;rosidl_typesupport_introspection_c
[1.960s] -- Found rosidl_adapter: 1.3.0 (/opt/ros/foxy/share/rosidl_adapter/cmake)
[2.214s] -- Found OpenSSL: /usr/lib/x86_64-linux-gnu/libcrypto.so (found version "1.1.1f")  
[2.340s] -- Found FastRTPS: /opt/ros/foxy/include  
[2.625s] -- Using all available rosidl_typesupport_cpp: rosidl_typesupport_fastrtps_cpp;rosidl_typesupport_introspection_cpp
[5.071s] -- Found rmw_implementation_cmake: 1.0.3 (/opt/ros/foxy/share/rmw_implementation_cmake/cmake)
[5.081s] -- Using RMW implementation 'rmw_fastrtps_cpp' as default
[5.087s] -- Looking for pthread.h
[5.470s] -- Looking for pthread.h - found
[5.472s] -- Performing Test CMAKE_HAVE_LIBC_PTHREAD
[5.881s] -- Performing Test CMAKE_HAVE_LIBC_PTHREAD - Failed
[5.882s] -- Looking for pthread_create in pthreads
[6.134s] -- Looking for pthread_create in pthreads - not found
[6.135s] -- Looking for pthread_create in pthread
[6.541s] -- Looking for pthread_create in pthread - found
[6.552s] -- Found Threads: TRUE  
[8.370s] -- Found gazebo_dev: 3.5.3 (/opt/ros/foxy/share/gazebo_dev/cmake)
[8.397s] -- Found PkgConfig: /usr/bin/pkg-config (found version "0.29.1") 
[8.403s] -- Checking for module 'bullet>=2.82'
[8.457s] --   Found bullet, version 2.88
[8.844s] -- Found ccd: /usr/include (found suitable version "2.0", minimum required is "2.0") 
[9.039s] -- Found fcl: /usr/include (found suitable version "0.5.0", minimum required is "0.3.2") 
[9.199s] -- Found assimp: /usr/include (found version "5.0.0") 
[9.270s] -- Found DART: /usr/include (Required is at least version "6.6") found components: dart 
[9.334s] -- Found Boost: /usr/lib/x86_64-linux-gnu/cmake/Boost-1.71.0/BoostConfig.cmake (found suitable version "1.71.0", minimum required is "1.40.0") found components: thread system filesystem program_options regex iostreams date_time 
[9.391s] -- Found Protobuf: /usr/lib/x86_64-linux-gnu/libprotobuf.so;-lpthread (found version "3.6.1") 
[9.404s] -- Looking for ignition-math6 -- found version 6.13.0
[9.422s] -- Searching for dependencies of ignition-math6
[9.427s] -- Looking for OGRE...
[9.429s] -- OGRE_PREFIX_WATCH changed.
[9.440s] -- Checking for module 'OGRE'
[9.474s] --   Found OGRE, version 1.9.0
[9.591s] -- Found Ogre Ghadamon (1.9.0)
[9.635s] -- Found OGRE: optimized;/usr/lib/x86_64-linux-gnu/libOgreMain.so;debug;/usr/lib/x86_64-linux-gnu/libOgreMain.so
[9.664s] -- Looking for OGRE_Paging...
[9.687s] -- Found OGRE_Paging: optimized;/usr/lib/x86_64-linux-gnu/libOgrePaging.so;debug;/usr/lib/x86_64-linux-gnu/libOgrePaging.so
[9.688s] -- Looking for OGRE_Terrain...
[9.712s] -- Found OGRE_Terrain: optimized;/usr/lib/x86_64-linux-gnu/libOgreTerrain.so;debug;/usr/lib/x86_64-linux-gnu/libOgreTerrain.so
[9.712s] -- Looking for OGRE_Property...
[9.736s] -- Found OGRE_Property: optimized;/usr/lib/x86_64-linux-gnu/libOgreProperty.so;debug;/usr/lib/x86_64-linux-gnu/libOgreProperty.so
[9.736s] -- Looking for OGRE_RTShaderSystem...
[9.756s] -- Found OGRE_RTShaderSystem: optimized;/usr/lib/x86_64-linux-gnu/libOgreRTShaderSystem.so;debug;/usr/lib/x86_64-linux-gnu/libOgreRTShaderSystem.so
[9.756s] -- Looking for OGRE_Volume...
[9.778s] -- Found OGRE_Volume: optimized;/usr/lib/x86_64-linux-gnu/libOgreVolume.so;debug;/usr/lib/x86_64-linux-gnu/libOgreVolume.so
[9.778s] -- Looking for OGRE_Overlay...
[9.800s] -- Found OGRE_Overlay: optimized;/usr/lib/x86_64-linux-gnu/libOgreOverlay.so;debug;/usr/lib/x86_64-linux-gnu/libOgreOverlay.so
[10.298s] -- Looking for ignition-math6 -- found version 6.13.0
[10.305s] -- Looking for ignition-transport8 -- found version 8.3.0
[10.307s] -- Searching for dependencies of ignition-transport8
[10.369s] -- Found Protobuf: /usr/lib/x86_64-linux-gnu/libprotobuf.so;-lpthread (found suitable version "3.6.1", minimum required is "3") 
[10.404s] -- Config-file not installed for ZeroMQ -- checking for pkg-config
[10.417s] -- Checking for module 'libzmq >= 4'
[10.488s] --   Found libzmq , version 4.3.2
[10.664s] -- Found ZeroMQ: TRUE (Required is at least version "4") 
[10.690s] -- Checking for module 'uuid'
[10.734s] --   Found uuid, version 2.34.0
[10.844s] -- Found UUID: TRUE  
[10.854s] -- Looking for ignition-msgs5 -- found version 5.10.0
[10.856s] -- Searching for dependencies of ignition-msgs5
[10.908s] -- Looking for ignition-math6 -- found version 6.13.0
[10.921s] -- Checking for module 'tinyxml2'
[10.965s] --   Found tinyxml2, version 6.2.0
[11.092s] -- Looking for ignition-msgs5 -- found version 5.10.0
[11.100s] -- Looking for ignition-common3 -- found version 3.14.2
[11.102s] -- Searching for dependencies of ignition-common3
[11.104s] -- Looking for dlfcn.h - found
[11.108s] -- Looking for libdl - found
[11.113s] -- Found DL: TRUE  
[11.137s] -- Searching for <ignition-common3> component [graphics]
[11.144s] -- Looking for ignition-common3-graphics -- found version 3.14.2
[11.146s] -- Searching for dependencies of ignition-common3-graphics
[11.147s] -- Looking for ignition-math6 -- found version 6.13.0
[11.156s] -- Looking for ignition-fuel_tools4 -- found version 4.6.0
[11.159s] -- Searching for dependencies of ignition-fuel_tools4
[11.340s] -- Found CURL: /usr/lib/x86_64-linux-gnu/libcurl.so (found version "7.68.0")  
[11.354s] -- Checking for module 'jsoncpp'
[11.383s] --   Found jsoncpp, version 1.7.4
[11.469s] -- Found JSONCPP: TRUE  
[11.483s] -- Checking for module 'libzip'
[11.511s] --   Found libzip, version 1.5.1
[11.588s] -- Found ZIP: TRUE  
[11.589s] -- Looking for ignition-common3 -- found version 3.14.2
[11.591s] -- Looking for ignition-math6 -- found version 6.13.0
[11.591s] -- Looking for ignition-msgs5 -- found version 5.10.0
[11.595s] -- Gazebo version: 11.11
[11.599s] -- Found gazebo_ros: 3.5.3 (/opt/ros/foxy/share/gazebo_ros/cmake)
[11.630s] -- Found yaml_cpp_vendor: 7.0.3 (/opt/ros/foxy/share/yaml_cpp_vendor/cmake)
[11.630s] -- Setting yaml-cpp_DIR to: '/opt/ros/foxy/share/yaml_cpp_vendor/cmake/../../../opt/yaml_cpp_vendor/lib/cmake/yaml-cpp'
[11.991s] -- Found ament_cmake_gtest: 0.9.11 (/opt/ros/foxy/share/ament_cmake_gtest/cmake)
[11.995s] -- Found ament_lint_auto: 0.9.7 (/opt/ros/foxy/share/ament_lint_auto/cmake)
[12.172s] -- Added test 'copyright' to check source files copyright and LICENSE
[12.175s] -- Added test 'cppcheck' to perform static code analysis on C / C++ code
[12.176s] -- Configured cppcheck include dirs: /home/athul/ros2_ws/src/gazebo_ros2_control/gazebo_ros2_control/include
[12.176s] -- Configured cppcheck exclude dirs and/or files: 
[12.178s] -- Added test 'cpplint' to check C / C++ code against the Google style
[12.178s] -- Configured cpplint exclude dirs and/or files: 
[12.179s] -- Added test 'lint_cmake' to check CMake code style
[12.182s] -- Added test 'uncrustify' to check C / C++ code style
[12.182s] -- Configured uncrustify additional arguments: 
[12.183s] -- Added test 'xmllint' to check XML markup files
[12.194s] -- Configuring done
[12.418s] -- Generating done
[12.425s] -- Build files have been written to: /home/athul/ros2_ws/src/build/gazebo_ros2_control
[12.450s] Invoked command in '/home/athul/ros2_ws/src/build/gazebo_ros2_control' returned '0': CMAKE_PREFIX_PATH=${CMAKE_PREFIX_PATH}:/home/athul/ros2_ws/install/serial_motor_demo:/opt/ros/foxy /usr/bin/cmake /home/athul/ros2_ws/src/gazebo_ros2_control/gazebo_ros2_control -DAMENT_CMAKE_SYMLINK_INSTALL=1 -DCMAKE_INSTALL_PREFIX=/home/athul/ros2_ws/src/install/gazebo_ros2_control
[12.457s] Invoking command in '/home/athul/ros2_ws/src/build/gazebo_ros2_control': CMAKE_PREFIX_PATH=${CMAKE_PREFIX_PATH}:/home/athul/ros2_ws/install/serial_motor_demo:/opt/ros/foxy /usr/bin/cmake --build /home/athul/ros2_ws/src/build/gazebo_ros2_control -- -j4 -l4
[12.538s] [35m[1mScanning dependencies of target gazebo_ros2_control[0m
[12.542s] [35m[1mScanning dependencies of target gazebo_hardware_plugins[0m
[13.035s] [ 25%] [32mBuilding CXX object CMakeFiles/gazebo_hardware_plugins.dir/src/gazebo_system.cpp.o[0m
[13.123s] [ 50%] [32mBuilding CXX object CMakeFiles/gazebo_ros2_control.dir/src/gazebo_ros2_control_plugin.cpp.o[0m
[39.236s] [ 75%] [32m[1mLinking CXX shared library libgazebo_hardware_plugins.so[0m
[40.968s] [ 75%] Built target gazebo_hardware_plugins
[43.221s] [100%] [32m[1mLinking CXX shared library libgazebo_ros2_control.so[0m
[44.728s] [100%] Built target gazebo_ros2_control
[44.757s] Invoked command in '/home/athul/ros2_ws/src/build/gazebo_ros2_control' returned '0': CMAKE_PREFIX_PATH=${CMAKE_PREFIX_PATH}:/home/athul/ros2_ws/install/serial_motor_demo:/opt/ros/foxy /usr/bin/cmake --build /home/athul/ros2_ws/src/build/gazebo_ros2_control -- -j4 -l4
[44.813s] Invoking command in '/home/athul/ros2_ws/src/build/gazebo_ros2_control': CMAKE_PREFIX_PATH=${CMAKE_PREFIX_PATH}:/home/athul/ros2_ws/install/serial_motor_demo:/opt/ros/foxy /usr/bin/cmake --install /home/athul/ros2_ws/src/build/gazebo_ros2_control
[44.828s] -- Install configuration: ""
[44.830s] -- Execute custom install script
[44.832s] -- Symlinking: /home/athul/ros2_ws/src/install/gazebo_ros2_control/lib/libgazebo_ros2_control.so
[44.847s] -- Symlinking: /home/athul/ros2_ws/src/install/gazebo_ros2_control/lib/libgazebo_hardware_plugins.so
[44.868s] -- Symlinking: /home/athul/ros2_ws/src/install/gazebo_ros2_control/share/gazebo_ros2_control/environment/library_path.sh
[44.886s] -- Symlinking: /home/athul/ros2_ws/src/install/gazebo_ros2_control/share/gazebo_ros2_control/environment/library_path.dsv
[44.902s] -- Symlinking: /home/athul/ros2_ws/src/install/gazebo_ros2_control/include/gazebo_ros2_control/gazebo_ros2_control_plugin.hpp
[44.919s] -- Symlinking: /home/athul/ros2_ws/src/install/gazebo_ros2_control/include/gazebo_ros2_control/gazebo_system.hpp
[44.936s] -- Symlinking: /home/athul/ros2_ws/src/install/gazebo_ros2_control/include/gazebo_ros2_control/gazebo_system_interface.hpp
[44.952s] -- Symlinking: /home/athul/ros2_ws/src/install/gazebo_ros2_control/share/gazebo_ros2_control//gazebo_hardware_plugins.xml
[44.971s] -- Symlinking: /home/athul/ros2_ws/src/install/gazebo_ros2_control/share/ament_index/resource_index/package_run_dependencies/gazebo_ros2_control
[44.987s] -- Symlinking: /home/athul/ros2_ws/src/install/gazebo_ros2_control/share/ament_index/resource_index/parent_prefix_path/gazebo_ros2_control
[45.004s] -- Symlinking: /home/athul/ros2_ws/src/install/gazebo_ros2_control/share/gazebo_ros2_control/environment/ament_prefix_path.sh
[45.021s] -- Symlinking: /home/athul/ros2_ws/src/install/gazebo_ros2_control/share/gazebo_ros2_control/environment/ament_prefix_path.dsv
[45.038s] -- Symlinking: /home/athul/ros2_ws/src/install/gazebo_ros2_control/share/gazebo_ros2_control/environment/path.sh
[45.053s] -- Symlinking: /home/athul/ros2_ws/src/install/gazebo_ros2_control/share/gazebo_ros2_control/environment/path.dsv
[45.069s] -- Symlinking: /home/athul/ros2_ws/src/install/gazebo_ros2_control/share/gazebo_ros2_control/local_setup.bash
[45.085s] -- Symlinking: /home/athul/ros2_ws/src/install/gazebo_ros2_control/share/gazebo_ros2_control/local_setup.sh
[45.102s] -- Symlinking: /home/athul/ros2_ws/src/install/gazebo_ros2_control/share/gazebo_ros2_control/local_setup.zsh
[45.120s] -- Symlinking: /home/athul/ros2_ws/src/install/gazebo_ros2_control/share/gazebo_ros2_control/local_setup.dsv
[45.136s] -- Symlinking: /home/athul/ros2_ws/src/install/gazebo_ros2_control/share/gazebo_ros2_control/package.dsv
[45.157s] -- Symlinking: /home/athul/ros2_ws/src/install/gazebo_ros2_control/share/ament_index/resource_index/packages/gazebo_ros2_control
[45.176s] -- Symlinking: /home/athul/ros2_ws/src/install/gazebo_ros2_control/share/ament_index/resource_index/gazebo_ros2_control__pluginlib__plugin/gazebo_ros2_control
[45.192s] -- Symlinking: /home/athul/ros2_ws/src/install/gazebo_ros2_control/share/gazebo_ros2_control/cmake/ament_cmake_export_include_directories-extras.cmake
[45.209s] -- Symlinking: /home/athul/ros2_ws/src/install/gazebo_ros2_control/share/gazebo_ros2_control/cmake/ament_cmake_export_dependencies-extras.cmake
[45.225s] -- Symlinking: /home/athul/ros2_ws/src/install/gazebo_ros2_control/share/gazebo_ros2_control/cmake/ament_cmake_export_libraries-extras.cmake
[45.242s] -- Symlinking: /home/athul/ros2_ws/src/install/gazebo_ros2_control/share/gazebo_ros2_control/cmake/gazebo_ros2_controlConfig.cmake
[45.258s] -- Symlinking: /home/athul/ros2_ws/src/install/gazebo_ros2_control/share/gazebo_ros2_control/cmake/gazebo_ros2_controlConfig-version.cmake
[45.275s] -- Symlinking: /home/athul/ros2_ws/src/install/gazebo_ros2_control/share/gazebo_ros2_control/package.xml
[45.304s] Invoked command in '/home/athul/ros2_ws/src/build/gazebo_ros2_control' returned '0': CMAKE_PREFIX_PATH=${CMAKE_PREFIX_PATH}:/home/athul/ros2_ws/install/serial_motor_demo:/opt/ros/foxy /usr/bin/cmake --install /home/athul/ros2_ws/src/build/gazebo_ros2_control
