[0.058s] Invoking command in '/home/athul/ros2_ws/build/serial_motor_demo_msgs': CMAKE_PREFIX_PATH=/opt/ros/foxy /usr/bin/cmake --build /home/athul/ros2_ws/build/serial_motor_demo_msgs -- -j4 -l4
[0.205s] [  2%] Built target serial_motor_demo_msgs__cpp
[0.218s] [ 12%] Built target serial_motor_demo_msgs__rosidl_generator_c
[0.274s] [ 23%] Built target serial_motor_demo_msgs__rosidl_typesupport_cpp
[0.290s] [ 34%] Built target serial_motor_demo_msgs__rosidl_typesupport_fastrtps_cpp
[0.322s] [ 55%] Built target serial_motor_demo_msgs__rosidl_typesupport_introspection_c
[0.326s] [ 44%] Built target serial_motor_demo_msgs__rosidl_typesupport_introspection_cpp
[0.378s] [ 65%] Built target serial_motor_demo_msgs__rosidl_typesupport_c
[0.409s] [ 76%] Built target serial_motor_demo_msgs__rosidl_typesupport_fastrtps_c
[0.469s] [ 76%] Built target serial_motor_demo_msgs
[0.517s] [ 78%] Built target serial_motor_demo_msgs__py
[0.582s] [ 87%] Built target serial_motor_demo_msgs__python
[0.681s] [ 91%] Built target serial_motor_demo_msgs__rosidl_typesupport_introspection_c__pyext
[0.682s] [ 95%] Built target serial_motor_demo_msgs__rosidl_typesupport_c__pyext
[0.700s] [100%] Built target serial_motor_demo_msgs__rosidl_typesupport_fastrtps_c__pyext
[0.757s] Invoked command in '/home/athul/ros2_ws/build/serial_motor_demo_msgs' returned '0': CMAKE_PREFIX_PATH=/opt/ros/foxy /usr/bin/cmake --build /home/athul/ros2_ws/build/serial_motor_demo_msgs -- -j4 -l4
[0.943s] Invoking command in '/home/athul/ros2_ws/build/serial_motor_demo_msgs': CMAKE_PREFIX_PATH=/opt/ros/foxy /usr/bin/cmake --install /home/athul/ros2_ws/build/serial_motor_demo_msgs
[0.965s] -- Install configuration: ""
[0.967s] -- Execute custom install script
[0.970s] -- Up-to-date symlink: /home/athul/ros2_ws/install/serial_motor_demo_msgs/share/ament_index/resource_index/rosidl_interfaces/serial_motor_demo_msgs
[0.972s] -- Up-to-date symlink: /home/athul/ros2_ws/install/serial_motor_demo_msgs/include/serial_motor_demo_msgs/msg/detail/encoder_vals__functions.h
[0.972s] -- Up-to-date symlink: /home/athul/ros2_ws/install/serial_motor_demo_msgs/include/serial_motor_demo_msgs/msg/detail/encoder_vals__struct.h
[0.973s] -- Up-to-date symlink: /home/athul/ros2_ws/install/serial_motor_demo_msgs/include/serial_motor_demo_msgs/msg/detail/encoder_vals__type_support.h
[0.979s] -- Up-to-date symlink: /home/athul/ros2_ws/install/serial_motor_demo_msgs/include/serial_motor_demo_msgs/msg/detail/motor_command__functions.h
[0.979s] -- Up-to-date symlink: /home/athul/ros2_ws/install/serial_motor_demo_msgs/include/serial_motor_demo_msgs/msg/detail/motor_command__struct.h
[0.980s] -- Up-to-date symlink: /home/athul/ros2_ws/install/serial_motor_demo_msgs/include/serial_motor_demo_msgs/msg/detail/motor_command__type_support.h
[0.981s] -- Up-to-date symlink: /home/athul/ros2_ws/install/serial_motor_demo_msgs/include/serial_motor_demo_msgs/msg/detail/motor_vels__functions.h
[0.981s] -- Up-to-date symlink: /home/athul/ros2_ws/install/serial_motor_demo_msgs/include/serial_motor_demo_msgs/msg/detail/motor_vels__struct.h
[0.982s] -- Up-to-date symlink: /home/athul/ros2_ws/install/serial_motor_demo_msgs/include/serial_motor_demo_msgs/msg/detail/motor_vels__type_support.h
[0.983s] -- Up-to-date symlink: /home/athul/ros2_ws/install/serial_motor_demo_msgs/include/serial_motor_demo_msgs/msg/encoder_vals.h
[0.983s] -- Up-to-date symlink: /home/athul/ros2_ws/install/serial_motor_demo_msgs/include/serial_motor_demo_msgs/msg/motor_command.h
[0.984s] -- Up-to-date symlink: /home/athul/ros2_ws/install/serial_motor_demo_msgs/include/serial_motor_demo_msgs/msg/motor_vels.h
[0.985s] -- Up-to-date symlink: /home/athul/ros2_ws/install/serial_motor_demo_msgs/include/serial_motor_demo_msgs/msg/rosidl_generator_c__visibility_control.h
[0.986s] -- Up-to-date symlink: /home/athul/ros2_ws/install/serial_motor_demo_msgs/share/serial_motor_demo_msgs/environment/library_path.sh
[0.988s] -- Up-to-date symlink: /home/athul/ros2_ws/install/serial_motor_demo_msgs/share/serial_motor_demo_msgs/environment/library_path.dsv
[0.990s] -- Up-to-date symlink: /home/athul/ros2_ws/install/serial_motor_demo_msgs/include/serial_motor_demo_msgs/msg/detail/encoder_vals__rosidl_typesupport_fastrtps_c.h
[0.993s] -- Up-to-date symlink: /home/athul/ros2_ws/install/serial_motor_demo_msgs/include/serial_motor_demo_msgs/msg/detail/motor_command__rosidl_typesupport_fastrtps_c.h
[0.994s] -- Up-to-date symlink: /home/athul/ros2_ws/install/serial_motor_demo_msgs/include/serial_motor_demo_msgs/msg/detail/motor_vels__rosidl_typesupport_fastrtps_c.h
[0.995s] -- Up-to-date symlink: /home/athul/ros2_ws/install/serial_motor_demo_msgs/include/serial_motor_demo_msgs/msg/rosidl_typesupport_fastrtps_c__visibility_control.h
[0.996s] -- Up-to-date symlink: /home/athul/ros2_ws/install/serial_motor_demo_msgs/lib/libserial_motor_demo_msgs__rosidl_typesupport_fastrtps_c.so
[0.998s] -- Up-to-date symlink: /home/athul/ros2_ws/install/serial_motor_demo_msgs/include/serial_motor_demo_msgs/msg/detail/encoder_vals__rosidl_typesupport_fastrtps_cpp.hpp
[0.999s] -- Up-to-date symlink: /home/athul/ros2_ws/install/serial_motor_demo_msgs/include/serial_motor_demo_msgs/msg/detail/motor_command__rosidl_typesupport_fastrtps_cpp.hpp
[0.999s] -- Up-to-date symlink: /home/athul/ros2_ws/install/serial_motor_demo_msgs/include/serial_motor_demo_msgs/msg/detail/motor_vels__rosidl_typesupport_fastrtps_cpp.hpp
[0.999s] -- Up-to-date symlink: /home/athul/ros2_ws/install/serial_motor_demo_msgs/include/serial_motor_demo_msgs/msg/rosidl_typesupport_fastrtps_cpp__visibility_control.h
[1.001s] -- Up-to-date symlink: /home/athul/ros2_ws/install/serial_motor_demo_msgs/lib/libserial_motor_demo_msgs__rosidl_typesupport_fastrtps_cpp.so
[1.002s] -- Up-to-date symlink: /home/athul/ros2_ws/install/serial_motor_demo_msgs/include/serial_motor_demo_msgs/msg/detail/encoder_vals__rosidl_typesupport_introspection_c.h
[1.003s] -- Up-to-date symlink: /home/athul/ros2_ws/install/serial_motor_demo_msgs/include/serial_motor_demo_msgs/msg/detail/motor_command__rosidl_typesupport_introspection_c.h
[1.003s] -- Up-to-date symlink: /home/athul/ros2_ws/install/serial_motor_demo_msgs/include/serial_motor_demo_msgs/msg/detail/motor_vels__rosidl_typesupport_introspection_c.h
[1.004s] -- Up-to-date symlink: /home/athul/ros2_ws/install/serial_motor_demo_msgs/include/serial_motor_demo_msgs/msg/rosidl_typesupport_introspection_c__visibility_control.h
[1.005s] -- Up-to-date symlink: /home/athul/ros2_ws/install/serial_motor_demo_msgs/include/serial_motor_demo_msgs/msg/detail/encoder_vals__builder.hpp
[1.006s] -- Up-to-date symlink: /home/athul/ros2_ws/install/serial_motor_demo_msgs/include/serial_motor_demo_msgs/msg/detail/encoder_vals__struct.hpp
[1.006s] -- Up-to-date symlink: /home/athul/ros2_ws/install/serial_motor_demo_msgs/include/serial_motor_demo_msgs/msg/detail/encoder_vals__traits.hpp
[1.007s] -- Up-to-date symlink: /home/athul/ros2_ws/install/serial_motor_demo_msgs/include/serial_motor_demo_msgs/msg/detail/motor_command__builder.hpp
[1.008s] -- Up-to-date symlink: /home/athul/ros2_ws/install/serial_motor_demo_msgs/include/serial_motor_demo_msgs/msg/detail/motor_command__struct.hpp
[1.008s] -- Up-to-date symlink: /home/athul/ros2_ws/install/serial_motor_demo_msgs/include/serial_motor_demo_msgs/msg/detail/motor_command__traits.hpp
[1.009s] -- Up-to-date symlink: /home/athul/ros2_ws/install/serial_motor_demo_msgs/include/serial_motor_demo_msgs/msg/detail/motor_vels__builder.hpp
[1.009s] -- Up-to-date symlink: /home/athul/ros2_ws/install/serial_motor_demo_msgs/include/serial_motor_demo_msgs/msg/detail/motor_vels__struct.hpp
[1.010s] -- Up-to-date symlink: /home/athul/ros2_ws/install/serial_motor_demo_msgs/include/serial_motor_demo_msgs/msg/detail/motor_vels__traits.hpp
[1.010s] -- Up-to-date symlink: /home/athul/ros2_ws/install/serial_motor_demo_msgs/include/serial_motor_demo_msgs/msg/encoder_vals.hpp
[1.011s] -- Up-to-date symlink: /home/athul/ros2_ws/install/serial_motor_demo_msgs/include/serial_motor_demo_msgs/msg/motor_command.hpp
[1.011s] -- Up-to-date symlink: /home/athul/ros2_ws/install/serial_motor_demo_msgs/include/serial_motor_demo_msgs/msg/motor_vels.hpp
[1.014s] -- Up-to-date symlink: /home/athul/ros2_ws/install/serial_motor_demo_msgs/include/serial_motor_demo_msgs/msg/detail/encoder_vals__rosidl_typesupport_introspection_cpp.hpp
[1.014s] -- Up-to-date symlink: /home/athul/ros2_ws/install/serial_motor_demo_msgs/include/serial_motor_demo_msgs/msg/detail/motor_command__rosidl_typesupport_introspection_cpp.hpp
[1.015s] -- Up-to-date symlink: /home/athul/ros2_ws/install/serial_motor_demo_msgs/include/serial_motor_demo_msgs/msg/detail/motor_vels__rosidl_typesupport_introspection_cpp.hpp
[1.015s] -- Up-to-date symlink: /home/athul/ros2_ws/install/serial_motor_demo_msgs/share/serial_motor_demo_msgs/environment/pythonpath.sh
[1.016s] -- Up-to-date symlink: /home/athul/ros2_ws/install/serial_motor_demo_msgs/share/serial_motor_demo_msgs/environment/pythonpath.dsv
[1.018s] -- Up-to-date symlink: /home/athul/ros2_ws/install/serial_motor_demo_msgs/lib/python3.8/site-packages/serial_motor_demo_msgs/__init__.py
[1.019s] -- Up-to-date symlink: /home/athul/ros2_ws/install/serial_motor_demo_msgs/lib/python3.8/site-packages/serial_motor_demo_msgs/msg/__init__.py
[1.020s] -- Up-to-date symlink: /home/athul/ros2_ws/install/serial_motor_demo_msgs/lib/python3.8/site-packages/serial_motor_demo_msgs/msg/_encoder_vals.py
[1.020s] -- Up-to-date symlink: /home/athul/ros2_ws/install/serial_motor_demo_msgs/lib/python3.8/site-packages/serial_motor_demo_msgs/msg/_motor_command.py
[1.021s] -- Up-to-date symlink: /home/athul/ros2_ws/install/serial_motor_demo_msgs/lib/python3.8/site-packages/serial_motor_demo_msgs/msg/_motor_vels.py
[1.022s] -- Up-to-date symlink: /home/athul/ros2_ws/install/serial_motor_demo_msgs/lib/python3.8/site-packages/serial_motor_demo_msgs/serial_motor_demo_msgs_s__rosidl_typesupport_fastrtps_c.cpython-38-x86_64-linux-gnu.so
[1.023s] -- Up-to-date symlink: /home/athul/ros2_ws/install/serial_motor_demo_msgs/lib/python3.8/site-packages/serial_motor_demo_msgs/serial_motor_demo_msgs_s__rosidl_typesupport_introspection_c.cpython-38-x86_64-linux-gnu.so
[1.025s] -- Up-to-date symlink: /home/athul/ros2_ws/install/serial_motor_demo_msgs/lib/python3.8/site-packages/serial_motor_demo_msgs/serial_motor_demo_msgs_s__rosidl_typesupport_c.cpython-38-x86_64-linux-gnu.so
[1.026s] -- Up-to-date symlink: /home/athul/ros2_ws/install/serial_motor_demo_msgs/lib/libserial_motor_demo_msgs__python.so
[1.027s] -- Up-to-date symlink: /home/athul/ros2_ws/install/serial_motor_demo_msgs/share/serial_motor_demo_msgs/msg/MotorCommand.idl
[1.027s] -- Up-to-date symlink: /home/athul/ros2_ws/install/serial_motor_demo_msgs/share/serial_motor_demo_msgs/msg/MotorVels.idl
[1.028s] -- Up-to-date symlink: /home/athul/ros2_ws/install/serial_motor_demo_msgs/share/serial_motor_demo_msgs/msg/EncoderVals.idl
[1.029s] -- Up-to-date symlink: /home/athul/ros2_ws/install/serial_motor_demo_msgs/share/serial_motor_demo_msgs/msg/MotorCommand.msg
[1.030s] -- Up-to-date symlink: /home/athul/ros2_ws/install/serial_motor_demo_msgs/share/serial_motor_demo_msgs/msg/MotorVels.msg
[1.031s] -- Up-to-date symlink: /home/athul/ros2_ws/install/serial_motor_demo_msgs/share/serial_motor_demo_msgs/msg/EncoderVals.msg
[1.031s] -- Up-to-date symlink: /home/athul/ros2_ws/install/serial_motor_demo_msgs/share/ament_index/resource_index/package_run_dependencies/serial_motor_demo_msgs
[1.032s] -- Up-to-date symlink: /home/athul/ros2_ws/install/serial_motor_demo_msgs/share/ament_index/resource_index/parent_prefix_path/serial_motor_demo_msgs
[1.034s] -- Up-to-date symlink: /home/athul/ros2_ws/install/serial_motor_demo_msgs/share/serial_motor_demo_msgs/environment/ament_prefix_path.sh
[1.039s] -- Up-to-date symlink: /home/athul/ros2_ws/install/serial_motor_demo_msgs/share/serial_motor_demo_msgs/environment/ament_prefix_path.dsv
[1.040s] -- Up-to-date symlink: /home/athul/ros2_ws/install/serial_motor_demo_msgs/share/serial_motor_demo_msgs/environment/path.sh
[1.042s] -- Up-to-date symlink: /home/athul/ros2_ws/install/serial_motor_demo_msgs/share/serial_motor_demo_msgs/environment/path.dsv
[1.043s] -- Up-to-date symlink: /home/athul/ros2_ws/install/serial_motor_demo_msgs/share/serial_motor_demo_msgs/local_setup.bash
[1.045s] -- Up-to-date symlink: /home/athul/ros2_ws/install/serial_motor_demo_msgs/share/serial_motor_demo_msgs/local_setup.sh
[1.048s] -- Up-to-date symlink: /home/athul/ros2_ws/install/serial_motor_demo_msgs/share/serial_motor_demo_msgs/local_setup.zsh
[1.055s] -- Up-to-date symlink: /home/athul/ros2_ws/install/serial_motor_demo_msgs/share/serial_motor_demo_msgs/local_setup.dsv
[1.056s] -- Symlinking: /home/athul/ros2_ws/install/serial_motor_demo_msgs/share/serial_motor_demo_msgs/package.dsv
[1.098s] -- Up-to-date symlink: /home/athul/ros2_ws/install/serial_motor_demo_msgs/share/ament_index/resource_index/packages/serial_motor_demo_msgs
[1.106s] -- Up-to-date symlink: /home/athul/ros2_ws/install/serial_motor_demo_msgs/share/serial_motor_demo_msgs/cmake/rosidl_cmake-extras.cmake
[1.106s] -- Up-to-date symlink: /home/athul/ros2_ws/install/serial_motor_demo_msgs/share/serial_motor_demo_msgs/cmake/ament_cmake_export_dependencies-extras.cmake
[1.106s] -- Up-to-date symlink: /home/athul/ros2_ws/install/serial_motor_demo_msgs/share/serial_motor_demo_msgs/cmake/ament_cmake_export_libraries-extras.cmake
[1.107s] -- Up-to-date symlink: /home/athul/ros2_ws/install/serial_motor_demo_msgs/share/serial_motor_demo_msgs/cmake/ament_cmake_export_targets-extras.cmake
[1.107s] -- Up-to-date symlink: /home/athul/ros2_ws/install/serial_motor_demo_msgs/share/serial_motor_demo_msgs/cmake/ament_cmake_export_include_directories-extras.cmake
[1.111s] -- Up-to-date symlink: /home/athul/ros2_ws/install/serial_motor_demo_msgs/share/serial_motor_demo_msgs/cmake/rosidl_cmake_export_typesupport_libraries-extras.cmake
[1.111s] -- Up-to-date symlink: /home/athul/ros2_ws/install/serial_motor_demo_msgs/share/serial_motor_demo_msgs/cmake/rosidl_cmake_export_typesupport_targets-extras.cmake
[1.113s] -- Up-to-date symlink: /home/athul/ros2_ws/install/serial_motor_demo_msgs/share/serial_motor_demo_msgs/cmake/serial_motor_demo_msgsConfig.cmake
[1.114s] -- Up-to-date symlink: /home/athul/ros2_ws/install/serial_motor_demo_msgs/share/serial_motor_demo_msgs/cmake/serial_motor_demo_msgsConfig-version.cmake
[1.115s] -- Up-to-date symlink: /home/athul/ros2_ws/install/serial_motor_demo_msgs/share/serial_motor_demo_msgs/package.xml
[1.135s] -- Up-to-date: /home/athul/ros2_ws/install/serial_motor_demo_msgs/lib/libserial_motor_demo_msgs__rosidl_generator_c.so
[1.143s] -- Up-to-date: /home/athul/ros2_ws/install/serial_motor_demo_msgs/lib/libserial_motor_demo_msgs__rosidl_typesupport_introspection_c.so
[1.144s] -- Up-to-date: /home/athul/ros2_ws/install/serial_motor_demo_msgs/lib/libserial_motor_demo_msgs__rosidl_typesupport_c.so
[1.145s] -- Up-to-date: /home/athul/ros2_ws/install/serial_motor_demo_msgs/lib/libserial_motor_demo_msgs__rosidl_typesupport_introspection_cpp.so
[1.146s] -- Up-to-date: /home/athul/ros2_ws/install/serial_motor_demo_msgs/lib/libserial_motor_demo_msgs__rosidl_typesupport_cpp.so
[1.225s] -- Up-to-date: /home/athul/ros2_ws/install/serial_motor_demo_msgs/share/serial_motor_demo_msgs/cmake/serial_motor_demo_msgs__rosidl_generator_cExport.cmake
[1.225s] -- Up-to-date: /home/athul/ros2_ws/install/serial_motor_demo_msgs/share/serial_motor_demo_msgs/cmake/serial_motor_demo_msgs__rosidl_generator_cExport-noconfig.cmake
[1.226s] -- Up-to-date: /home/athul/ros2_ws/install/serial_motor_demo_msgs/share/serial_motor_demo_msgs/cmake/serial_motor_demo_msgs__rosidl_typesupport_introspection_cExport.cmake
[1.226s] -- Up-to-date: /home/athul/ros2_ws/install/serial_motor_demo_msgs/share/serial_motor_demo_msgs/cmake/serial_motor_demo_msgs__rosidl_typesupport_introspection_cExport-noconfig.cmake
[1.227s] -- Up-to-date: /home/athul/ros2_ws/install/serial_motor_demo_msgs/share/serial_motor_demo_msgs/cmake/serial_motor_demo_msgs__rosidl_typesupport_cExport.cmake
[1.227s] -- Up-to-date: /home/athul/ros2_ws/install/serial_motor_demo_msgs/share/serial_motor_demo_msgs/cmake/serial_motor_demo_msgs__rosidl_typesupport_cExport-noconfig.cmake
[1.227s] -- Up-to-date: /home/athul/ros2_ws/install/serial_motor_demo_msgs/share/serial_motor_demo_msgs/cmake/serial_motor_demo_msgs__rosidl_generator_cppExport.cmake
[1.228s] -- Up-to-date: /home/athul/ros2_ws/install/serial_motor_demo_msgs/share/serial_motor_demo_msgs/cmake/serial_motor_demo_msgs__rosidl_typesupport_introspection_cppExport.cmake
[1.228s] -- Up-to-date: /home/athul/ros2_ws/install/serial_motor_demo_msgs/share/serial_motor_demo_msgs/cmake/serial_motor_demo_msgs__rosidl_typesupport_introspection_cppExport-noconfig.cmake
[1.229s] -- Up-to-date: /home/athul/ros2_ws/install/serial_motor_demo_msgs/share/serial_motor_demo_msgs/cmake/serial_motor_demo_msgs__rosidl_typesupport_cppExport.cmake
[1.229s] -- Up-to-date: /home/athul/ros2_ws/install/serial_motor_demo_msgs/share/serial_motor_demo_msgs/cmake/serial_motor_demo_msgs__rosidl_typesupport_cppExport-noconfig.cmake
[1.237s] Invoked command in '/home/athul/ros2_ws/build/serial_motor_demo_msgs' returned '0': CMAKE_PREFIX_PATH=/opt/ros/foxy /usr/bin/cmake --install /home/athul/ros2_ws/build/serial_motor_demo_msgs
