[0.038s] Invoking command in '/home/athul/ros2_ws/build/my_bot': CMAKE_PREFIX_PATH=${CMAKE_PREFIX_PATH}:/home/athul/ros2_ws/install/serial_motor_demo:/opt/ros/foxy /usr/bin/cmake /home/athul/ros2_ws/src/my_bot -DAMENT_CMAKE_SYMLINK_INSTALL=1 -DCMAKE_INSTALL_PREFIX=/home/athul/ros2_ws/install/my_bot
[0.151s] -- The C compiler identification is GNU 9.4.0
[0.311s] -- The CXX compiler identification is GNU 9.4.0
[0.329s] -- Check for working C compiler: /usr/bin/cc
[0.495s] -- Check for working C compiler: /usr/bin/cc -- works
[0.497s] -- Detecting C compiler ABI info
[0.650s] -- Detecting C compiler ABI info - done
[0.668s] -- Detecting C compile features
[0.669s] -- Detecting C compile features - done
[0.673s] -- Check for working CXX compiler: /usr/bin/c++
[0.805s] -- Check for working CXX compiler: /usr/bin/c++ -- works
[0.810s] -- Detecting CXX compiler ABI info
[0.956s] -- Detecting CXX compiler ABI info - done
[0.990s] -- Detecting CXX compile features
[0.990s] -- Detecting CXX compile features - done
[1.004s] -- Found ament_cmake: 0.9.11 (/opt/ros/foxy/share/ament_cmake/cmake)
[1.081s] -- Found PythonInterp: /usr/bin/python3 (found suitable version "3.8.10", minimum required is "3") 
[1.081s] -- Using PYTHON_EXECUTABLE: /usr/bin/python3
[1.513s] -- Override CMake install command with custom implementation using symlinks instead of copying resources
[1.574s] -- Found ament_lint_auto: 0.9.7 (/opt/ros/foxy/share/ament_lint_auto/cmake)
[1.764s] -- Added test 'copyright' to check source files copyright and LICENSE
[1.786s] -- Added test 'flake8' to check Python code syntax and style conventions
[1.789s] -- Added test 'lint_cmake' to check CMake code style
[1.791s] -- Added test 'pep257' to check Python code against some of the style conventions in PEP 257
[1.800s] -- Added test 'xmllint' to check XML markup files
[1.806s] -- Configuring done
[1.811s] -- Generating done
[1.813s] -- Build files have been written to: /home/athul/ros2_ws/build/my_bot
[1.824s] Invoked command in '/home/athul/ros2_ws/build/my_bot' returned '0': CMAKE_PREFIX_PATH=${CMAKE_PREFIX_PATH}:/home/athul/ros2_ws/install/serial_motor_demo:/opt/ros/foxy /usr/bin/cmake /home/athul/ros2_ws/src/my_bot -DAMENT_CMAKE_SYMLINK_INSTALL=1 -DCMAKE_INSTALL_PREFIX=/home/athul/ros2_ws/install/my_bot
[1.831s] Invoking command in '/home/athul/ros2_ws/build/my_bot': CMAKE_PREFIX_PATH=${CMAKE_PREFIX_PATH}:/home/athul/ros2_ws/install/serial_motor_demo:/opt/ros/foxy /usr/bin/cmake --build /home/athul/ros2_ws/build/my_bot -- -j4 -l4
[1.893s] Invoked command in '/home/athul/ros2_ws/build/my_bot' returned '0': CMAKE_PREFIX_PATH=${CMAKE_PREFIX_PATH}:/home/athul/ros2_ws/install/serial_motor_demo:/opt/ros/foxy /usr/bin/cmake --build /home/athul/ros2_ws/build/my_bot -- -j4 -l4
[1.983s] Invoking command in '/home/athul/ros2_ws/build/my_bot': CMAKE_PREFIX_PATH=${CMAKE_PREFIX_PATH}:/home/athul/ros2_ws/install/serial_motor_demo:/opt/ros/foxy /usr/bin/cmake --install /home/athul/ros2_ws/build/my_bot
[2.011s] -- Install configuration: ""
[2.012s] -- Execute custom install script
[2.015s] -- Symlinking: /home/athul/ros2_ws/install/my_bot/share/my_bot/config/empty.yaml
[2.034s] -- Symlinking: /home/athul/ros2_ws/install/my_bot/share/my_bot/config/view_bot.rviz
[2.057s] -- Symlinking: /home/athul/ros2_ws/install/my_bot/share/my_bot/description/gazebo_control.xacro
[2.072s] -- Symlinking: /home/athul/ros2_ws/install/my_bot/share/my_bot/description/inertial_macros.xacro
[2.087s] -- Symlinking: /home/athul/ros2_ws/install/my_bot/share/my_bot/description/robot.urdf.xacro
[2.102s] -- Symlinking: /home/athul/ros2_ws/install/my_bot/share/my_bot/description/robot_core.xacro
[2.117s] -- Symlinking: /home/athul/ros2_ws/install/my_bot/share/my_bot/launch/launch_sim.launch.py
[2.131s] -- Symlinking: /home/athul/ros2_ws/install/my_bot/share/my_bot/launch/rsp.launch.py
[2.147s] -- Symlinking: /home/athul/ros2_ws/install/my_bot/share/my_bot/worlds/empty.world
[2.162s] -- Symlinking: /home/athul/ros2_ws/install/my_bot/share/my_bot/worlds/obstacle.world
[2.176s] -- Symlinking: /home/athul/ros2_ws/install/my_bot/share/my_bot/worlds/obstacles.world
[2.191s] -- Symlinking: /home/athul/ros2_ws/install/my_bot/share/ament_index/resource_index/package_run_dependencies/my_bot
[2.206s] -- Symlinking: /home/athul/ros2_ws/install/my_bot/share/ament_index/resource_index/parent_prefix_path/my_bot
[2.221s] -- Symlinking: /home/athul/ros2_ws/install/my_bot/share/my_bot/environment/ament_prefix_path.sh
[2.238s] -- Symlinking: /home/athul/ros2_ws/install/my_bot/share/my_bot/environment/ament_prefix_path.dsv
[2.258s] -- Symlinking: /home/athul/ros2_ws/install/my_bot/share/my_bot/environment/path.sh
[2.272s] -- Symlinking: /home/athul/ros2_ws/install/my_bot/share/my_bot/environment/path.dsv
[2.287s] -- Symlinking: /home/athul/ros2_ws/install/my_bot/share/my_bot/local_setup.bash
[2.303s] -- Symlinking: /home/athul/ros2_ws/install/my_bot/share/my_bot/local_setup.sh
[2.322s] -- Symlinking: /home/athul/ros2_ws/install/my_bot/share/my_bot/local_setup.zsh
[2.340s] -- Symlinking: /home/athul/ros2_ws/install/my_bot/share/my_bot/local_setup.dsv
[2.355s] -- Symlinking: /home/athul/ros2_ws/install/my_bot/share/my_bot/package.dsv
[2.370s] -- Symlinking: /home/athul/ros2_ws/install/my_bot/share/ament_index/resource_index/packages/my_bot
[2.385s] -- Symlinking: /home/athul/ros2_ws/install/my_bot/share/my_bot/cmake/my_botConfig.cmake
[2.399s] -- Symlinking: /home/athul/ros2_ws/install/my_bot/share/my_bot/cmake/my_botConfig-version.cmake
[2.414s] -- Symlinking: /home/athul/ros2_ws/install/my_bot/share/my_bot/package.xml
[2.433s] Invoked command in '/home/athul/ros2_ws/build/my_bot' returned '0': CMAKE_PREFIX_PATH=${CMAKE_PREFIX_PATH}:/home/athul/ros2_ws/install/serial_motor_demo:/opt/ros/foxy /usr/bin/cmake --install /home/athul/ros2_ws/build/my_bot
