-- Found ament_cmake_core: 0.9.11 (/opt/ros/foxy/share/ament_cmake_core/cmake)
-- Found PythonInterp: /usr/bin/python3 (found suitable version "3.8.10", minimum required is "3") 
-- Using PYTHON_EXECUTABLE: /usr/bin/python3
-- Override CMake install command with custom implementation using symlinks instead of copying resources
-- Configuring done
-- Generating done
-- Build files have been written to: /home/athul/ros2_ws/build/rosbridge_suite
-- Install configuration: ""
-- Execute custom install script
-- Symlinking: /home/athul/ros2_ws/install/rosbridge_suite/share/ament_index/resource_index/package_run_dependencies/rosbridge_suite
-- Symlinking: /home/athul/ros2_ws/install/rosbridge_suite/share/ament_index/resource_index/parent_prefix_path/rosbridge_suite
-- Symlinking: /home/athul/ros2_ws/install/rosbridge_suite/share/rosbridge_suite/environment/ament_prefix_path.sh
-- Symlinking: /home/athul/ros2_ws/install/rosbridge_suite/share/rosbridge_suite/environment/ament_prefix_path.dsv
-- Symlinking: /home/athul/ros2_ws/install/rosbridge_suite/share/rosbridge_suite/environment/path.sh
-- Symlinking: /home/athul/ros2_ws/install/rosbridge_suite/share/rosbridge_suite/environment/path.dsv
-- Symlinking: /home/athul/ros2_ws/install/rosbridge_suite/share/rosbridge_suite/local_setup.bash
-- Symlinking: /home/athul/ros2_ws/install/rosbridge_suite/share/rosbridge_suite/local_setup.sh
-- Symlinking: /home/athul/ros2_ws/install/rosbridge_suite/share/rosbridge_suite/local_setup.zsh
-- Symlinking: /home/athul/ros2_ws/install/rosbridge_suite/share/rosbridge_suite/local_setup.dsv
-- Symlinking: /home/athul/ros2_ws/install/rosbridge_suite/share/rosbridge_suite/package.dsv
-- Symlinking: /home/athul/ros2_ws/install/rosbridge_suite/share/ament_index/resource_index/packages/rosbridge_suite
-- Symlinking: /home/athul/ros2_ws/install/rosbridge_suite/share/rosbridge_suite/cmake/rosbridge_suiteConfig.cmake
-- Symlinking: /home/athul/ros2_ws/install/rosbridge_suite/share/rosbridge_suite/cmake/rosbridge_suiteConfig-version.cmake
-- Symlinking: /home/athul/ros2_ws/install/rosbridge_suite/share/rosbridge_suite/package.xml
