[1.276s] Invoking command in '/home/athul/ros2_ws/build/serial_motor_demo': PYTHONPATH=/home/athul/ros2_ws/build/serial_motor_demo/prefix_override:/home/athul/ros2_ws/install/serial_motor_demo/lib/python3.8/site-packages:/home/athul/ros2_ws/install/serial_motor_demo_msgs/lib/python3.8/site-packages:/home/athul/ros2_ws/build/serial_motor_demo:/home/athul/ros2_ws/install/serial_motor_demo/lib/python3.8/site-packages:/opt/ros/foxy/lib/python3.8/site-packages /usr/bin/python3 setup.py develop --editable --build-directory /home/athul/ros2_ws/build/serial_motor_demo/build --no-deps install_data
[1.620s] running develop
[1.899s] running egg_info
[1.899s] creating serial_motor_demo.egg-info
[1.899s] writing serial_motor_demo.egg-info/PKG-INFO
[1.899s] writing dependency_links to serial_motor_demo.egg-info/dependency_links.txt
[1.900s] writing entry points to serial_motor_demo.egg-info/entry_points.txt
[1.900s] writing requirements to serial_motor_demo.egg-info/requires.txt
[1.900s] writing top-level names to serial_motor_demo.egg-info/top_level.txt
[1.904s] writing manifest file 'serial_motor_demo.egg-info/SOURCES.txt'
[1.973s] reading manifest file 'serial_motor_demo.egg-info/SOURCES.txt'
[1.973s] writing manifest file 'serial_motor_demo.egg-info/SOURCES.txt'
[2.042s] running build_ext
[2.046s] Creating /home/athul/ros2_ws/install/serial_motor_demo/lib/python3.8/site-packages/site.py
[2.051s] Creating /home/athul/ros2_ws/install/serial_motor_demo/lib/python3.8/site-packages/serial-motor-demo.egg-link (link to .)
[2.053s] Installing driver script to /home/athul/ros2_ws/install/serial_motor_demo/lib/serial_motor_demo
[2.053s] Installing gui script to /home/athul/ros2_ws/install/serial_motor_demo/lib/serial_motor_demo
[2.053s] 
[2.054s] Installed /home/athul/ros2_ws/build/serial_motor_demo
[2.054s] running install_data
[2.054s] creating /home/athul/ros2_ws/install/serial_motor_demo/share/ament_index
[2.055s] creating /home/athul/ros2_ws/install/serial_motor_demo/share/ament_index/resource_index
[2.055s] creating /home/athul/ros2_ws/install/serial_motor_demo/share/ament_index/resource_index/packages
[2.055s] copying resource/serial_motor_demo -> /home/athul/ros2_ws/install/serial_motor_demo/share/ament_index/resource_index/packages
[2.055s] copying package.xml -> /home/athul/ros2_ws/install/serial_motor_demo/share/serial_motor_demo
[2.113s] Invoked command in '/home/athul/ros2_ws/build/serial_motor_demo' returned '0': PYTHONPATH=/home/athul/ros2_ws/build/serial_motor_demo/prefix_override:/home/athul/ros2_ws/install/serial_motor_demo/lib/python3.8/site-packages:/home/athul/ros2_ws/install/serial_motor_demo_msgs/lib/python3.8/site-packages:/home/athul/ros2_ws/build/serial_motor_demo:/home/athul/ros2_ws/install/serial_motor_demo/lib/python3.8/site-packages:/opt/ros/foxy/lib/python3.8/site-packages /usr/bin/python3 setup.py develop --editable --build-directory /home/athul/ros2_ws/build/serial_motor_demo/build --no-deps install_data
