[0.033s] Invoking command in '/home/athul/ros2_ws/build/rosbridge_server': AMENT_PREFIX_PATH=/home/athul/ros2_ws/install/rosapi:/home/athul/ros2_ws/install/rosbridge_library:/home/athul/ros2_ws/install/rosbridge_msgs:/home/athul/ros2_ws/install/rosapi_msgs:${AMENT_PREFIX_PATH} CMAKE_PREFIX_PATH=/home/athul/ros2_ws/install/rosapi:/home/athul/ros2_ws/install/rosbridge_library:/home/athul/ros2_ws/install/rosbridge_msgs:/home/athul/ros2_ws/install/rosapi_msgs:/home/athul/ros2_ws/install/serial_motor_demo_msgs:/home/athul/ros2_ws/install/my_bot:/home/athul/ros2_ws/install/gazebo_ros2_control_demos:/home/athul/ros2_ws/install/gazebo_ros2_control:/home/athul/ros2_ws/install/serial_motor_demo:/opt/ros/foxy LD_LIBRARY_PATH=/home/athul/ros2_ws/install/rosbridge_msgs/lib:/home/athul/ros2_ws/install/rosapi_msgs/lib:${LD_LIBRARY_PATH} PYTHONPATH=/home/athul/ros2_ws/install/rosapi/lib/python3.8/site-packages:/home/athul/ros2_ws/install/rosbridge_library/lib/python3.8/site-packages:/home/athul/ros2_ws/install/rosbridge_msgs/lib/python3.8/site-packages:/home/athul/ros2_ws/install/rosapi_msgs/lib/python3.8/site-packages:${PYTHONPATH} /usr/bin/cmake /home/athul/ros2_ws/src/rosbridge_suite/rosbridge_server -DAMENT_CMAKE_SYMLINK_INSTALL=1 -DCMAKE_INSTALL_PREFIX=/home/athul/ros2_ws/install/rosbridge_server
[0.131s] -- The C compiler identification is GNU 9.4.0
[0.241s] -- The CXX compiler identification is GNU 9.4.0
[0.253s] -- Check for working C compiler: /usr/bin/cc
[0.394s] -- Check for working C compiler: /usr/bin/cc -- works
[0.395s] -- Detecting C compiler ABI info
[0.524s] -- Detecting C compiler ABI info - done
[0.549s] -- Detecting C compile features
[0.550s] -- Detecting C compile features - done
[0.556s] -- Check for working CXX compiler: /usr/bin/c++
[0.736s] -- Check for working CXX compiler: /usr/bin/c++ -- works
[0.740s] -- Detecting CXX compiler ABI info
[0.875s] -- Detecting CXX compiler ABI info - done
[0.893s] -- Detecting CXX compile features
[0.894s] -- Detecting CXX compile features - done
[0.898s] -- Found ament_cmake_ros: 0.9.2 (/opt/ros/foxy/share/ament_cmake_ros/cmake)
[0.963s] -- Found PythonInterp: /usr/bin/python3 (found suitable version "3.8.10", minimum required is "3") 
[0.963s] -- Using PYTHON_EXECUTABLE: /usr/bin/python3
[1.367s] -- Override CMake install command with custom implementation using symlinks instead of copying resources
[1.636s] -- Found launch_testing_ament_cmake: 0.10.10 (/opt/ros/foxy/share/launch_testing_ament_cmake/cmake)
[1.641s] -- Found python_cmake_module: 0.8.1 (/opt/ros/foxy/share/python_cmake_module/cmake)
[1.698s] -- Found PythonInterp: /usr/bin/python3 (found suitable version "3.8.10", minimum required is "3.5") 
[1.721s] -- Found PythonLibs: /usr/lib/x86_64-linux-gnu/libpython3.8.so (found suitable version "3.8.10", minimum required is "3.5") 
[1.721s] -- Using PYTHON_EXECUTABLE: /usr/bin/python3
[1.721s] -- Using PYTHON_INCLUDE_DIRS: /usr/include/python3.8
[1.721s] -- Using PYTHON_LIBRARIES: /usr/lib/x86_64-linux-gnu/libpython3.8.so
[1.764s] -- Found PythonExtra: .so  
[1.774s] -- Configuring done
[1.777s] -- Generating done
[1.778s] -- Build files have been written to: /home/athul/ros2_ws/build/rosbridge_server
[1.786s] Invoked command in '/home/athul/ros2_ws/build/rosbridge_server' returned '0': AMENT_PREFIX_PATH=/home/athul/ros2_ws/install/rosapi:/home/athul/ros2_ws/install/rosbridge_library:/home/athul/ros2_ws/install/rosbridge_msgs:/home/athul/ros2_ws/install/rosapi_msgs:${AMENT_PREFIX_PATH} CMAKE_PREFIX_PATH=/home/athul/ros2_ws/install/rosapi:/home/athul/ros2_ws/install/rosbridge_library:/home/athul/ros2_ws/install/rosbridge_msgs:/home/athul/ros2_ws/install/rosapi_msgs:/home/athul/ros2_ws/install/serial_motor_demo_msgs:/home/athul/ros2_ws/install/my_bot:/home/athul/ros2_ws/install/gazebo_ros2_control_demos:/home/athul/ros2_ws/install/gazebo_ros2_control:/home/athul/ros2_ws/install/serial_motor_demo:/opt/ros/foxy LD_LIBRARY_PATH=/home/athul/ros2_ws/install/rosbridge_msgs/lib:/home/athul/ros2_ws/install/rosapi_msgs/lib:${LD_LIBRARY_PATH} PYTHONPATH=/home/athul/ros2_ws/install/rosapi/lib/python3.8/site-packages:/home/athul/ros2_ws/install/rosbridge_library/lib/python3.8/site-packages:/home/athul/ros2_ws/install/rosbridge_msgs/lib/python3.8/site-packages:/home/athul/ros2_ws/install/rosapi_msgs/lib/python3.8/site-packages:${PYTHONPATH} /usr/bin/cmake /home/athul/ros2_ws/src/rosbridge_suite/rosbridge_server -DAMENT_CMAKE_SYMLINK_INSTALL=1 -DCMAKE_INSTALL_PREFIX=/home/athul/ros2_ws/install/rosbridge_server
[1.790s] Invoking command in '/home/athul/ros2_ws/build/rosbridge_server': AMENT_PREFIX_PATH=/home/athul/ros2_ws/install/rosapi:/home/athul/ros2_ws/install/rosbridge_library:/home/athul/ros2_ws/install/rosbridge_msgs:/home/athul/ros2_ws/install/rosapi_msgs:${AMENT_PREFIX_PATH} CMAKE_PREFIX_PATH=/home/athul/ros2_ws/install/rosapi:/home/athul/ros2_ws/install/rosbridge_library:/home/athul/ros2_ws/install/rosbridge_msgs:/home/athul/ros2_ws/install/rosapi_msgs:/home/athul/ros2_ws/install/serial_motor_demo_msgs:/home/athul/ros2_ws/install/my_bot:/home/athul/ros2_ws/install/gazebo_ros2_control_demos:/home/athul/ros2_ws/install/gazebo_ros2_control:/home/athul/ros2_ws/install/serial_motor_demo:/opt/ros/foxy LD_LIBRARY_PATH=/home/athul/ros2_ws/install/rosbridge_msgs/lib:/home/athul/ros2_ws/install/rosapi_msgs/lib:${LD_LIBRARY_PATH} PYTHONPATH=/home/athul/ros2_ws/install/rosapi/lib/python3.8/site-packages:/home/athul/ros2_ws/install/rosbridge_library/lib/python3.8/site-packages:/home/athul/ros2_ws/install/rosbridge_msgs/lib/python3.8/site-packages:/home/athul/ros2_ws/install/rosapi_msgs/lib/python3.8/site-packages:${PYTHONPATH} /usr/bin/cmake --build /home/athul/ros2_ws/build/rosbridge_server -- -j4 -l4
[1.853s] Invoked command in '/home/athul/ros2_ws/build/rosbridge_server' returned '0': AMENT_PREFIX_PATH=/home/athul/ros2_ws/install/rosapi:/home/athul/ros2_ws/install/rosbridge_library:/home/athul/ros2_ws/install/rosbridge_msgs:/home/athul/ros2_ws/install/rosapi_msgs:${AMENT_PREFIX_PATH} CMAKE_PREFIX_PATH=/home/athul/ros2_ws/install/rosapi:/home/athul/ros2_ws/install/rosbridge_library:/home/athul/ros2_ws/install/rosbridge_msgs:/home/athul/ros2_ws/install/rosapi_msgs:/home/athul/ros2_ws/install/serial_motor_demo_msgs:/home/athul/ros2_ws/install/my_bot:/home/athul/ros2_ws/install/gazebo_ros2_control_demos:/home/athul/ros2_ws/install/gazebo_ros2_control:/home/athul/ros2_ws/install/serial_motor_demo:/opt/ros/foxy LD_LIBRARY_PATH=/home/athul/ros2_ws/install/rosbridge_msgs/lib:/home/athul/ros2_ws/install/rosapi_msgs/lib:${LD_LIBRARY_PATH} PYTHONPATH=/home/athul/ros2_ws/install/rosapi/lib/python3.8/site-packages:/home/athul/ros2_ws/install/rosbridge_library/lib/python3.8/site-packages:/home/athul/ros2_ws/install/rosbridge_msgs/lib/python3.8/site-packages:/home/athul/ros2_ws/install/rosapi_msgs/lib/python3.8/site-packages:${PYTHONPATH} /usr/bin/cmake --build /home/athul/ros2_ws/build/rosbridge_server -- -j4 -l4
[1.891s] Invoking command in '/home/athul/ros2_ws/build/rosbridge_server': AMENT_PREFIX_PATH=/home/athul/ros2_ws/install/rosapi:/home/athul/ros2_ws/install/rosbridge_library:/home/athul/ros2_ws/install/rosbridge_msgs:/home/athul/ros2_ws/install/rosapi_msgs:${AMENT_PREFIX_PATH} CMAKE_PREFIX_PATH=/home/athul/ros2_ws/install/rosapi:/home/athul/ros2_ws/install/rosbridge_library:/home/athul/ros2_ws/install/rosbridge_msgs:/home/athul/ros2_ws/install/rosapi_msgs:/home/athul/ros2_ws/install/serial_motor_demo_msgs:/home/athul/ros2_ws/install/my_bot:/home/athul/ros2_ws/install/gazebo_ros2_control_demos:/home/athul/ros2_ws/install/gazebo_ros2_control:/home/athul/ros2_ws/install/serial_motor_demo:/opt/ros/foxy LD_LIBRARY_PATH=/home/athul/ros2_ws/install/rosbridge_msgs/lib:/home/athul/ros2_ws/install/rosapi_msgs/lib:${LD_LIBRARY_PATH} PYTHONPATH=/home/athul/ros2_ws/install/rosapi/lib/python3.8/site-packages:/home/athul/ros2_ws/install/rosbridge_library/lib/python3.8/site-packages:/home/athul/ros2_ws/install/rosbridge_msgs/lib/python3.8/site-packages:/home/athul/ros2_ws/install/rosapi_msgs/lib/python3.8/site-packages:${PYTHONPATH} /usr/bin/cmake --install /home/athul/ros2_ws/build/rosbridge_server
[1.907s] -- Install configuration: ""
[1.908s] -- Execute custom install script
[1.908s] -- Symlinking: /home/athul/ros2_ws/install/rosbridge_server/share/rosbridge_server/environment/pythonpath.sh
[1.924s] -- Symlinking: /home/athul/ros2_ws/install/rosbridge_server/share/rosbridge_server/environment/pythonpath.dsv
[1.940s] -- Symlinking: /home/athul/ros2_ws/install/rosbridge_server/lib/python3.8/site-packages/rosbridge_server/__init__.py
[1.955s] -- Symlinking: /home/athul/ros2_ws/install/rosbridge_server/lib/python3.8/site-packages/rosbridge_server/client_mananger.py
[1.971s] -- Symlinking: /home/athul/ros2_ws/install/rosbridge_server/lib/python3.8/site-packages/rosbridge_server/websocket_handler.py
[1.987s] -- Symlinking: /home/athul/ros2_ws/install/rosbridge_server/share/ament_index/resource_index/package_run_dependencies/rosbridge_server
[2.002s] -- Symlinking: /home/athul/ros2_ws/install/rosbridge_server/share/ament_index/resource_index/parent_prefix_path/rosbridge_server
[2.019s] -- Symlinking: /home/athul/ros2_ws/install/rosbridge_server/share/rosbridge_server/environment/ament_prefix_path.sh
[2.044s] -- Symlinking: /home/athul/ros2_ws/install/rosbridge_server/share/rosbridge_server/environment/ament_prefix_path.dsv
[2.072s] -- Symlinking: /home/athul/ros2_ws/install/rosbridge_server/share/rosbridge_server/environment/path.sh
[2.102s] -- Symlinking: /home/athul/ros2_ws/install/rosbridge_server/share/rosbridge_server/environment/path.dsv
[2.131s] -- Symlinking: /home/athul/ros2_ws/install/rosbridge_server/share/rosbridge_server/local_setup.bash
[2.158s] -- Symlinking: /home/athul/ros2_ws/install/rosbridge_server/share/rosbridge_server/local_setup.sh
[2.184s] -- Symlinking: /home/athul/ros2_ws/install/rosbridge_server/share/rosbridge_server/local_setup.zsh
[2.214s] -- Symlinking: /home/athul/ros2_ws/install/rosbridge_server/share/rosbridge_server/local_setup.dsv
[2.234s] -- Symlinking: /home/athul/ros2_ws/install/rosbridge_server/share/rosbridge_server/package.dsv
[2.256s] -- Symlinking: /home/athul/ros2_ws/install/rosbridge_server/share/ament_index/resource_index/packages/rosbridge_server
[2.283s] -- Symlinking: /home/athul/ros2_ws/install/rosbridge_server/share/rosbridge_server/cmake/rosbridge_serverConfig.cmake
[2.300s] -- Symlinking: /home/athul/ros2_ws/install/rosbridge_server/share/rosbridge_server/cmake/rosbridge_serverConfig-version.cmake
[2.325s] -- Symlinking: /home/athul/ros2_ws/install/rosbridge_server/share/rosbridge_server/package.xml
[2.348s] -- Symlinking: /home/athul/ros2_ws/install/rosbridge_server/lib/rosbridge_server/rosbridge_websocket.py
[2.368s] -- Symlinking: /home/athul/ros2_ws/install/rosbridge_server/lib/rosbridge_server/rosbridge_websocket
[2.393s] -- Symlinking: /home/athul/ros2_ws/install/rosbridge_server/share/rosbridge_server/launch/rosbridge_websocket_launch.xml
[2.493s] Listing '/home/athul/ros2_ws/install/rosbridge_server/lib/python3.8/site-packages/rosbridge_server'...
[2.493s] Compiling '/home/athul/ros2_ws/install/rosbridge_server/lib/python3.8/site-packages/rosbridge_server/__init__.py'...
[2.493s] Compiling '/home/athul/ros2_ws/install/rosbridge_server/lib/python3.8/site-packages/rosbridge_server/client_mananger.py'...
[2.493s] Compiling '/home/athul/ros2_ws/install/rosbridge_server/lib/python3.8/site-packages/rosbridge_server/websocket_handler.py'...
[2.508s] Invoked command in '/home/athul/ros2_ws/build/rosbridge_server' returned '0': AMENT_PREFIX_PATH=/home/athul/ros2_ws/install/rosapi:/home/athul/ros2_ws/install/rosbridge_library:/home/athul/ros2_ws/install/rosbridge_msgs:/home/athul/ros2_ws/install/rosapi_msgs:${AMENT_PREFIX_PATH} CMAKE_PREFIX_PATH=/home/athul/ros2_ws/install/rosapi:/home/athul/ros2_ws/install/rosbridge_library:/home/athul/ros2_ws/install/rosbridge_msgs:/home/athul/ros2_ws/install/rosapi_msgs:/home/athul/ros2_ws/install/serial_motor_demo_msgs:/home/athul/ros2_ws/install/my_bot:/home/athul/ros2_ws/install/gazebo_ros2_control_demos:/home/athul/ros2_ws/install/gazebo_ros2_control:/home/athul/ros2_ws/install/serial_motor_demo:/opt/ros/foxy LD_LIBRARY_PATH=/home/athul/ros2_ws/install/rosbridge_msgs/lib:/home/athul/ros2_ws/install/rosapi_msgs/lib:${LD_LIBRARY_PATH} PYTHONPATH=/home/athul/ros2_ws/install/rosapi/lib/python3.8/site-packages:/home/athul/ros2_ws/install/rosbridge_library/lib/python3.8/site-packages:/home/athul/ros2_ws/install/rosbridge_msgs/lib/python3.8/site-packages:/home/athul/ros2_ws/install/rosapi_msgs/lib/python3.8/site-packages:${PYTHONPATH} /usr/bin/cmake --install /home/athul/ros2_ws/build/rosbridge_server
