[0.083s] Invoking command in '/home/athul/ros2_ws/build/rosbridge_msgs': CMAKE_PREFIX_PATH=${CMAKE_PREFIX_PATH}:/home/athul/ros2_ws/install/serial_motor_demo:/opt/ros/foxy /usr/bin/cmake --build /home/athul/ros2_ws/build/rosbridge_msgs -- -j4 -l4
[0.228s] [  2%] Built target rosbridge_msgs__cpp
[0.255s] [ 12%] Built target rosbridge_msgs__rosidl_generator_c
[0.411s] [ 23%] Built target rosbridge_msgs__rosidl_typesupport_introspection_cpp
[0.474s] [ 33%] Built target rosbridge_msgs__rosidl_typesupport_fastrtps_cpp
[0.584s] [ 43%] Built target rosbridge_msgs__rosidl_typesupport_cpp
[0.625s] [ 53%] Built target rosbridge_msgs__rosidl_typesupport_c
[0.724s] [ 64%] Built target rosbridge_msgs__rosidl_typesupport_introspection_c
[0.762s] [ 74%] Built target rosbridge_msgs__rosidl_typesupport_fastrtps_c
[0.846s] [ 74%] Built target rosbridge_msgs
[0.925s] [ 76%] Built target rosbridge_msgs__py
[1.032s] [ 84%] Built target rosbridge_msgs__python
[1.140s] [ 89%] Built target rosbridge_msgs__rosidl_typesupport_introspection_c__pyext
[1.156s] [ 94%] Built target rosbridge_msgs__rosidl_typesupport_c__pyext
[1.167s] [100%] Built target rosbridge_msgs__rosidl_typesupport_fastrtps_c__pyext
[1.216s] Invoked command in '/home/athul/ros2_ws/build/rosbridge_msgs' returned '0': CMAKE_PREFIX_PATH=${CMAKE_PREFIX_PATH}:/home/athul/ros2_ws/install/serial_motor_demo:/opt/ros/foxy /usr/bin/cmake --build /home/athul/ros2_ws/build/rosbridge_msgs -- -j4 -l4
[1.725s] Invoking command in '/home/athul/ros2_ws/build/rosbridge_msgs': CMAKE_PREFIX_PATH=${CMAKE_PREFIX_PATH}:/home/athul/ros2_ws/install/serial_motor_demo:/opt/ros/foxy /usr/bin/cmake --install /home/athul/ros2_ws/build/rosbridge_msgs
[1.755s] -- Install configuration: ""
[1.758s] -- Execute custom install script
[1.758s] -- Up-to-date symlink: /home/athul/ros2_ws/install/rosbridge_msgs/share/ament_index/resource_index/rosidl_interfaces/rosbridge_msgs
[1.760s] -- Up-to-date symlink: /home/athul/ros2_ws/install/rosbridge_msgs/include/rosbridge_msgs/msg/connected_client.h
[1.760s] -- Up-to-date symlink: /home/athul/ros2_ws/install/rosbridge_msgs/include/rosbridge_msgs/msg/connected_clients.h
[1.761s] -- Up-to-date symlink: /home/athul/ros2_ws/install/rosbridge_msgs/include/rosbridge_msgs/msg/detail/connected_client__functions.h
[1.761s] -- Up-to-date symlink: /home/athul/ros2_ws/install/rosbridge_msgs/include/rosbridge_msgs/msg/detail/connected_client__struct.h
[1.762s] -- Up-to-date symlink: /home/athul/ros2_ws/install/rosbridge_msgs/include/rosbridge_msgs/msg/detail/connected_client__type_support.h
[1.762s] -- Up-to-date symlink: /home/athul/ros2_ws/install/rosbridge_msgs/include/rosbridge_msgs/msg/detail/connected_clients__functions.h
[1.763s] -- Up-to-date symlink: /home/athul/ros2_ws/install/rosbridge_msgs/include/rosbridge_msgs/msg/detail/connected_clients__struct.h
[1.763s] -- Up-to-date symlink: /home/athul/ros2_ws/install/rosbridge_msgs/include/rosbridge_msgs/msg/detail/connected_clients__type_support.h
[1.764s] -- Up-to-date symlink: /home/athul/ros2_ws/install/rosbridge_msgs/include/rosbridge_msgs/msg/rosidl_generator_c__visibility_control.h
[1.765s] -- Up-to-date symlink: /home/athul/ros2_ws/install/rosbridge_msgs/share/rosbridge_msgs/environment/library_path.sh
[1.766s] -- Up-to-date symlink: /home/athul/ros2_ws/install/rosbridge_msgs/share/rosbridge_msgs/environment/library_path.dsv
[1.768s] -- Up-to-date symlink: /home/athul/ros2_ws/install/rosbridge_msgs/include/rosbridge_msgs/msg/detail/connected_client__rosidl_typesupport_fastrtps_c.h
[1.768s] -- Up-to-date symlink: /home/athul/ros2_ws/install/rosbridge_msgs/include/rosbridge_msgs/msg/detail/connected_clients__rosidl_typesupport_fastrtps_c.h
[1.769s] -- Up-to-date symlink: /home/athul/ros2_ws/install/rosbridge_msgs/include/rosbridge_msgs/msg/rosidl_typesupport_fastrtps_c__visibility_control.h
[1.771s] -- Up-to-date symlink: /home/athul/ros2_ws/install/rosbridge_msgs/lib/librosbridge_msgs__rosidl_typesupport_fastrtps_c.so
[1.773s] -- Up-to-date symlink: /home/athul/ros2_ws/install/rosbridge_msgs/include/rosbridge_msgs/msg/detail/connected_client__rosidl_typesupport_fastrtps_cpp.hpp
[1.774s] -- Up-to-date symlink: /home/athul/ros2_ws/install/rosbridge_msgs/include/rosbridge_msgs/msg/detail/connected_clients__rosidl_typesupport_fastrtps_cpp.hpp
[1.775s] -- Up-to-date symlink: /home/athul/ros2_ws/install/rosbridge_msgs/include/rosbridge_msgs/msg/rosidl_typesupport_fastrtps_cpp__visibility_control.h
[1.777s] -- Up-to-date symlink: /home/athul/ros2_ws/install/rosbridge_msgs/lib/librosbridge_msgs__rosidl_typesupport_fastrtps_cpp.so
[1.779s] -- Up-to-date symlink: /home/athul/ros2_ws/install/rosbridge_msgs/include/rosbridge_msgs/msg/detail/connected_client__rosidl_typesupport_introspection_c.h
[1.780s] -- Up-to-date symlink: /home/athul/ros2_ws/install/rosbridge_msgs/include/rosbridge_msgs/msg/detail/connected_clients__rosidl_typesupport_introspection_c.h
[1.780s] -- Up-to-date symlink: /home/athul/ros2_ws/install/rosbridge_msgs/include/rosbridge_msgs/msg/rosidl_typesupport_introspection_c__visibility_control.h
[1.782s] -- Up-to-date symlink: /home/athul/ros2_ws/install/rosbridge_msgs/include/rosbridge_msgs/msg/connected_client.hpp
[1.783s] -- Up-to-date symlink: /home/athul/ros2_ws/install/rosbridge_msgs/include/rosbridge_msgs/msg/connected_clients.hpp
[1.785s] -- Up-to-date symlink: /home/athul/ros2_ws/install/rosbridge_msgs/include/rosbridge_msgs/msg/detail/connected_client__builder.hpp
[1.786s] -- Up-to-date symlink: /home/athul/ros2_ws/install/rosbridge_msgs/include/rosbridge_msgs/msg/detail/connected_client__struct.hpp
[1.787s] -- Up-to-date symlink: /home/athul/ros2_ws/install/rosbridge_msgs/include/rosbridge_msgs/msg/detail/connected_client__traits.hpp
[1.788s] -- Up-to-date symlink: /home/athul/ros2_ws/install/rosbridge_msgs/include/rosbridge_msgs/msg/detail/connected_clients__builder.hpp
[1.789s] -- Up-to-date symlink: /home/athul/ros2_ws/install/rosbridge_msgs/include/rosbridge_msgs/msg/detail/connected_clients__struct.hpp
[1.790s] -- Up-to-date symlink: /home/athul/ros2_ws/install/rosbridge_msgs/include/rosbridge_msgs/msg/detail/connected_clients__traits.hpp
[1.793s] -- Up-to-date symlink: /home/athul/ros2_ws/install/rosbridge_msgs/include/rosbridge_msgs/msg/detail/connected_client__rosidl_typesupport_introspection_cpp.hpp
[1.793s] -- Up-to-date symlink: /home/athul/ros2_ws/install/rosbridge_msgs/include/rosbridge_msgs/msg/detail/connected_clients__rosidl_typesupport_introspection_cpp.hpp
[1.794s] -- Up-to-date symlink: /home/athul/ros2_ws/install/rosbridge_msgs/share/rosbridge_msgs/environment/pythonpath.sh
[1.795s] -- Up-to-date symlink: /home/athul/ros2_ws/install/rosbridge_msgs/share/rosbridge_msgs/environment/pythonpath.dsv
[1.797s] -- Up-to-date symlink: /home/athul/ros2_ws/install/rosbridge_msgs/lib/python3.8/site-packages/rosbridge_msgs/__init__.py
[1.799s] -- Up-to-date symlink: /home/athul/ros2_ws/install/rosbridge_msgs/lib/python3.8/site-packages/rosbridge_msgs/msg/__init__.py
[1.800s] -- Up-to-date symlink: /home/athul/ros2_ws/install/rosbridge_msgs/lib/python3.8/site-packages/rosbridge_msgs/msg/_connected_client.py
[1.800s] -- Up-to-date symlink: /home/athul/ros2_ws/install/rosbridge_msgs/lib/python3.8/site-packages/rosbridge_msgs/msg/_connected_clients.py
[1.801s] -- Up-to-date symlink: /home/athul/ros2_ws/install/rosbridge_msgs/lib/python3.8/site-packages/rosbridge_msgs/rosbridge_msgs_s__rosidl_typesupport_fastrtps_c.cpython-38-x86_64-linux-gnu.so
[1.802s] -- Up-to-date symlink: /home/athul/ros2_ws/install/rosbridge_msgs/lib/python3.8/site-packages/rosbridge_msgs/rosbridge_msgs_s__rosidl_typesupport_introspection_c.cpython-38-x86_64-linux-gnu.so
[1.803s] -- Up-to-date symlink: /home/athul/ros2_ws/install/rosbridge_msgs/lib/python3.8/site-packages/rosbridge_msgs/rosbridge_msgs_s__rosidl_typesupport_c.cpython-38-x86_64-linux-gnu.so
[1.810s] -- Up-to-date symlink: /home/athul/ros2_ws/install/rosbridge_msgs/lib/librosbridge_msgs__python.so
[1.812s] -- Up-to-date symlink: /home/athul/ros2_ws/install/rosbridge_msgs/share/rosbridge_msgs/msg/ConnectedClient.idl
[1.813s] -- Up-to-date symlink: /home/athul/ros2_ws/install/rosbridge_msgs/share/rosbridge_msgs/msg/ConnectedClients.idl
[1.813s] -- Up-to-date symlink: /home/athul/ros2_ws/install/rosbridge_msgs/share/rosbridge_msgs/msg/ConnectedClient.msg
[1.814s] -- Up-to-date symlink: /home/athul/ros2_ws/install/rosbridge_msgs/share/rosbridge_msgs/msg/ConnectedClients.msg
[1.815s] -- Up-to-date symlink: /home/athul/ros2_ws/install/rosbridge_msgs/share/ament_index/resource_index/package_run_dependencies/rosbridge_msgs
[1.815s] -- Up-to-date symlink: /home/athul/ros2_ws/install/rosbridge_msgs/share/ament_index/resource_index/parent_prefix_path/rosbridge_msgs
[1.817s] -- Up-to-date symlink: /home/athul/ros2_ws/install/rosbridge_msgs/share/rosbridge_msgs/environment/ament_prefix_path.sh
[1.818s] -- Up-to-date symlink: /home/athul/ros2_ws/install/rosbridge_msgs/share/rosbridge_msgs/environment/ament_prefix_path.dsv
[1.824s] -- Up-to-date symlink: /home/athul/ros2_ws/install/rosbridge_msgs/share/rosbridge_msgs/environment/path.sh
[1.825s] -- Up-to-date symlink: /home/athul/ros2_ws/install/rosbridge_msgs/share/rosbridge_msgs/environment/path.dsv
[1.827s] -- Up-to-date symlink: /home/athul/ros2_ws/install/rosbridge_msgs/share/rosbridge_msgs/local_setup.bash
[1.829s] -- Up-to-date symlink: /home/athul/ros2_ws/install/rosbridge_msgs/share/rosbridge_msgs/local_setup.sh
[1.829s] -- Up-to-date symlink: /home/athul/ros2_ws/install/rosbridge_msgs/share/rosbridge_msgs/local_setup.zsh
[1.830s] -- Up-to-date symlink: /home/athul/ros2_ws/install/rosbridge_msgs/share/rosbridge_msgs/local_setup.dsv
[1.830s] -- Symlinking: /home/athul/ros2_ws/install/rosbridge_msgs/share/rosbridge_msgs/package.dsv
[1.861s] -- Up-to-date symlink: /home/athul/ros2_ws/install/rosbridge_msgs/share/ament_index/resource_index/packages/rosbridge_msgs
[1.862s] -- Up-to-date symlink: /home/athul/ros2_ws/install/rosbridge_msgs/share/rosbridge_msgs/cmake/rosidl_cmake-extras.cmake
[1.863s] -- Up-to-date symlink: /home/athul/ros2_ws/install/rosbridge_msgs/share/rosbridge_msgs/cmake/ament_cmake_export_dependencies-extras.cmake
[1.863s] -- Up-to-date symlink: /home/athul/ros2_ws/install/rosbridge_msgs/share/rosbridge_msgs/cmake/ament_cmake_export_libraries-extras.cmake
[1.864s] -- Up-to-date symlink: /home/athul/ros2_ws/install/rosbridge_msgs/share/rosbridge_msgs/cmake/ament_cmake_export_targets-extras.cmake
[1.865s] -- Up-to-date symlink: /home/athul/ros2_ws/install/rosbridge_msgs/share/rosbridge_msgs/cmake/ament_cmake_export_include_directories-extras.cmake
[1.866s] -- Up-to-date symlink: /home/athul/ros2_ws/install/rosbridge_msgs/share/rosbridge_msgs/cmake/rosidl_cmake_export_typesupport_libraries-extras.cmake
[1.866s] -- Up-to-date symlink: /home/athul/ros2_ws/install/rosbridge_msgs/share/rosbridge_msgs/cmake/rosidl_cmake_export_typesupport_targets-extras.cmake
[1.868s] -- Up-to-date symlink: /home/athul/ros2_ws/install/rosbridge_msgs/share/rosbridge_msgs/cmake/rosbridge_msgsConfig.cmake
[1.868s] -- Up-to-date symlink: /home/athul/ros2_ws/install/rosbridge_msgs/share/rosbridge_msgs/cmake/rosbridge_msgsConfig-version.cmake
[1.869s] -- Up-to-date symlink: /home/athul/ros2_ws/install/rosbridge_msgs/share/rosbridge_msgs/package.xml
[1.870s] -- Up-to-date: /home/athul/ros2_ws/install/rosbridge_msgs/lib/librosbridge_msgs__rosidl_generator_c.so
[1.871s] -- Up-to-date: /home/athul/ros2_ws/install/rosbridge_msgs/lib/librosbridge_msgs__rosidl_typesupport_introspection_c.so
[1.873s] -- Up-to-date: /home/athul/ros2_ws/install/rosbridge_msgs/lib/librosbridge_msgs__rosidl_typesupport_c.so
[1.874s] -- Up-to-date: /home/athul/ros2_ws/install/rosbridge_msgs/lib/librosbridge_msgs__rosidl_typesupport_introspection_cpp.so
[1.876s] -- Up-to-date: /home/athul/ros2_ws/install/rosbridge_msgs/lib/librosbridge_msgs__rosidl_typesupport_cpp.so
[2.016s] -- Up-to-date: /home/athul/ros2_ws/install/rosbridge_msgs/share/rosbridge_msgs/cmake/rosbridge_msgs__rosidl_generator_cExport.cmake
[2.016s] -- Up-to-date: /home/athul/ros2_ws/install/rosbridge_msgs/share/rosbridge_msgs/cmake/rosbridge_msgs__rosidl_generator_cExport-noconfig.cmake
[2.017s] -- Up-to-date: /home/athul/ros2_ws/install/rosbridge_msgs/share/rosbridge_msgs/cmake/rosbridge_msgs__rosidl_typesupport_introspection_cExport.cmake
[2.017s] -- Up-to-date: /home/athul/ros2_ws/install/rosbridge_msgs/share/rosbridge_msgs/cmake/rosbridge_msgs__rosidl_typesupport_introspection_cExport-noconfig.cmake
[2.017s] -- Up-to-date: /home/athul/ros2_ws/install/rosbridge_msgs/share/rosbridge_msgs/cmake/rosbridge_msgs__rosidl_typesupport_cExport.cmake
[2.017s] -- Up-to-date: /home/athul/ros2_ws/install/rosbridge_msgs/share/rosbridge_msgs/cmake/rosbridge_msgs__rosidl_typesupport_cExport-noconfig.cmake
[2.017s] -- Up-to-date: /home/athul/ros2_ws/install/rosbridge_msgs/share/rosbridge_msgs/cmake/rosbridge_msgs__rosidl_generator_cppExport.cmake
[2.018s] -- Up-to-date: /home/athul/ros2_ws/install/rosbridge_msgs/share/rosbridge_msgs/cmake/rosbridge_msgs__rosidl_typesupport_introspection_cppExport.cmake
[2.018s] -- Up-to-date: /home/athul/ros2_ws/install/rosbridge_msgs/share/rosbridge_msgs/cmake/rosbridge_msgs__rosidl_typesupport_introspection_cppExport-noconfig.cmake
[2.018s] -- Up-to-date: /home/athul/ros2_ws/install/rosbridge_msgs/share/rosbridge_msgs/cmake/rosbridge_msgs__rosidl_typesupport_cppExport.cmake
[2.018s] -- Up-to-date: /home/athul/ros2_ws/install/rosbridge_msgs/share/rosbridge_msgs/cmake/rosbridge_msgs__rosidl_typesupport_cppExport-noconfig.cmake
[2.027s] Invoked command in '/home/athul/ros2_ws/build/rosbridge_msgs' returned '0': CMAKE_PREFIX_PATH=${CMAKE_PREFIX_PATH}:/home/athul/ros2_ws/install/serial_motor_demo:/opt/ros/foxy /usr/bin/cmake --install /home/athul/ros2_ws/build/rosbridge_msgs
