[0.302s] Invoking command in '/home/athul/ros2_ws/build/gazebo_ros2_control_demos': CMAKE_PREFIX_PATH=/home/athul/ros2_ws/install/gazebo_ros2_control:/home/athul/ros2_ws/install/serial_motor_demo_msgs:/home/athul/ros2_ws/install/rosbridge_test_msgs:/home/athul/ros2_ws/install/rosbridge_suite:/home/athul/ros2_ws/install/rosbridge_server:/home/athul/ros2_ws/install/rosbridge_msgs:/home/athul/ros2_ws/install/rosapi:/home/athul/ros2_ws/install/rosbridge_library:/home/athul/ros2_ws/install/rosapi_msgs:/home/athul/ros2_ws/install/my_bot:/home/athul/ros2_ws/install/gazebo_ros2_control_demos:/home/athul/ros2_ws/install/serial_motor_demo:/opt/ros/foxy LD_LIBRARY_PATH=/home/athul/ros2_ws/install/gazebo_ros2_control/lib:/home/athul/ros2_ws/install/serial_motor_demo_msgs/lib:/home/athul/ros2_ws/install/rosbridge_test_msgs/lib:/home/athul/ros2_ws/install/rosbridge_msgs/lib:/home/athul/ros2_ws/install/rosapi_msgs/lib:/usr/lib/x86_64-linux-gnu/gazebo-11/plugins:/opt/ros/foxy/opt/yaml_cpp_vendor/lib:/opt/ros/foxy/opt/rviz_ogre_vendor/lib:/opt/ros/foxy/lib/x86_64-linux-gnu:/opt/ros/foxy/lib /usr/bin/cmake --build /home/athul/ros2_ws/build/gazebo_ros2_control_demos -- -j4 -l4
[1.180s] [ 20%] Built target example_gripper
[1.643s] [ 40%] Built target example_velocity
[2.067s] [ 60%] Built target example_diff_drive
[2.457s] [ 80%] Built target example_effort
[2.869s] [100%] Built target example_position
[3.029s] Invoked command in '/home/athul/ros2_ws/build/gazebo_ros2_control_demos' returned '0': CMAKE_PREFIX_PATH=/home/athul/ros2_ws/install/gazebo_ros2_control:/home/athul/ros2_ws/install/serial_motor_demo_msgs:/home/athul/ros2_ws/install/rosbridge_test_msgs:/home/athul/ros2_ws/install/rosbridge_suite:/home/athul/ros2_ws/install/rosbridge_server:/home/athul/ros2_ws/install/rosbridge_msgs:/home/athul/ros2_ws/install/rosapi:/home/athul/ros2_ws/install/rosbridge_library:/home/athul/ros2_ws/install/rosapi_msgs:/home/athul/ros2_ws/install/my_bot:/home/athul/ros2_ws/install/gazebo_ros2_control_demos:/home/athul/ros2_ws/install/serial_motor_demo:/opt/ros/foxy LD_LIBRARY_PATH=/home/athul/ros2_ws/install/gazebo_ros2_control/lib:/home/athul/ros2_ws/install/serial_motor_demo_msgs/lib:/home/athul/ros2_ws/install/rosbridge_test_msgs/lib:/home/athul/ros2_ws/install/rosbridge_msgs/lib:/home/athul/ros2_ws/install/rosapi_msgs/lib:/usr/lib/x86_64-linux-gnu/gazebo-11/plugins:/opt/ros/foxy/opt/yaml_cpp_vendor/lib:/opt/ros/foxy/opt/rviz_ogre_vendor/lib:/opt/ros/foxy/lib/x86_64-linux-gnu:/opt/ros/foxy/lib /usr/bin/cmake --build /home/athul/ros2_ws/build/gazebo_ros2_control_demos -- -j4 -l4
[3.695s] Invoking command in '/home/athul/ros2_ws/build/gazebo_ros2_control_demos': CMAKE_PREFIX_PATH=/home/athul/ros2_ws/install/gazebo_ros2_control:/home/athul/ros2_ws/install/serial_motor_demo_msgs:/home/athul/ros2_ws/install/rosbridge_test_msgs:/home/athul/ros2_ws/install/rosbridge_suite:/home/athul/ros2_ws/install/rosbridge_server:/home/athul/ros2_ws/install/rosbridge_msgs:/home/athul/ros2_ws/install/rosapi:/home/athul/ros2_ws/install/rosbridge_library:/home/athul/ros2_ws/install/rosapi_msgs:/home/athul/ros2_ws/install/my_bot:/home/athul/ros2_ws/install/gazebo_ros2_control_demos:/home/athul/ros2_ws/install/serial_motor_demo:/opt/ros/foxy LD_LIBRARY_PATH=/home/athul/ros2_ws/install/gazebo_ros2_control/lib:/home/athul/ros2_ws/install/serial_motor_demo_msgs/lib:/home/athul/ros2_ws/install/rosbridge_test_msgs/lib:/home/athul/ros2_ws/install/rosbridge_msgs/lib:/home/athul/ros2_ws/install/rosapi_msgs/lib:/usr/lib/x86_64-linux-gnu/gazebo-11/plugins:/opt/ros/foxy/opt/yaml_cpp_vendor/lib:/opt/ros/foxy/opt/rviz_ogre_vendor/lib:/opt/ros/foxy/lib/x86_64-linux-gnu:/opt/ros/foxy/lib /usr/bin/cmake --install /home/athul/ros2_ws/build/gazebo_ros2_control_demos
[3.833s] -- Install configuration: ""
[3.840s] -- Execute custom install script
[3.841s] -- Up-to-date symlink: /home/athul/ros2_ws/install/gazebo_ros2_control_demos/share/gazebo_ros2_control_demos//launch/cart_example_effort.launch.py
[3.845s] -- Up-to-date symlink: /home/athul/ros2_ws/install/gazebo_ros2_control_demos/share/gazebo_ros2_control_demos//launch/cart_example_position.launch.py
[3.873s] -- Up-to-date symlink: /home/athul/ros2_ws/install/gazebo_ros2_control_demos/share/gazebo_ros2_control_demos//launch/cart_example_velocity.launch.py
[3.902s] -- Up-to-date symlink: /home/athul/ros2_ws/install/gazebo_ros2_control_demos/share/gazebo_ros2_control_demos//launch/diff_drive.launch.py
[3.913s] -- Up-to-date symlink: /home/athul/ros2_ws/install/gazebo_ros2_control_demos/share/gazebo_ros2_control_demos//launch/gripper_mimic_joint_example.launch.py
[3.929s] -- Up-to-date symlink: /home/athul/ros2_ws/install/gazebo_ros2_control_demos/share/gazebo_ros2_control_demos//config/cartpole_controller.yaml
[3.932s] -- Up-to-date symlink: /home/athul/ros2_ws/install/gazebo_ros2_control_demos/share/gazebo_ros2_control_demos//config/cartpole_controller_effort.yaml
[3.935s] -- Up-to-date symlink: /home/athul/ros2_ws/install/gazebo_ros2_control_demos/share/gazebo_ros2_control_demos//config/cartpole_controller_velocity.yaml
[3.953s] -- Up-to-date symlink: /home/athul/ros2_ws/install/gazebo_ros2_control_demos/share/gazebo_ros2_control_demos//config/diff_drive_controller.yaml
[3.955s] -- Up-to-date symlink: /home/athul/ros2_ws/install/gazebo_ros2_control_demos/share/gazebo_ros2_control_demos//config/gripper_controller.yaml
[3.956s] -- Up-to-date symlink: /home/athul/ros2_ws/install/gazebo_ros2_control_demos/share/gazebo_ros2_control_demos//urdf/test_cart_effort.xacro.urdf
[3.972s] -- Up-to-date symlink: /home/athul/ros2_ws/install/gazebo_ros2_control_demos/share/gazebo_ros2_control_demos//urdf/test_cart_position.xacro.urdf
[3.985s] -- Up-to-date symlink: /home/athul/ros2_ws/install/gazebo_ros2_control_demos/share/gazebo_ros2_control_demos//urdf/test_cart_velocity.xacro.urdf
[3.986s] -- Up-to-date symlink: /home/athul/ros2_ws/install/gazebo_ros2_control_demos/share/gazebo_ros2_control_demos//urdf/test_diff_drive.xacro.urdf
[3.991s] -- Up-to-date symlink: /home/athul/ros2_ws/install/gazebo_ros2_control_demos/share/gazebo_ros2_control_demos//urdf/test_gripper_mimic_joint.xacro.urdf
[3.999s] -- Up-to-date symlink: /home/athul/ros2_ws/install/gazebo_ros2_control_demos/lib/gazebo_ros2_control_demos/example_position
[4.006s] -- Up-to-date symlink: /home/athul/ros2_ws/install/gazebo_ros2_control_demos/lib/gazebo_ros2_control_demos/example_velocity
[4.019s] -- Up-to-date symlink: /home/athul/ros2_ws/install/gazebo_ros2_control_demos/lib/gazebo_ros2_control_demos/example_effort
[4.024s] -- Up-to-date symlink: /home/athul/ros2_ws/install/gazebo_ros2_control_demos/lib/gazebo_ros2_control_demos/example_gripper
[4.033s] -- Up-to-date symlink: /home/athul/ros2_ws/install/gazebo_ros2_control_demos/lib/gazebo_ros2_control_demos/example_diff_drive
[4.036s] -- Up-to-date symlink: /home/athul/ros2_ws/install/gazebo_ros2_control_demos/share/ament_index/resource_index/package_run_dependencies/gazebo_ros2_control_demos
[4.063s] -- Up-to-date symlink: /home/athul/ros2_ws/install/gazebo_ros2_control_demos/share/ament_index/resource_index/parent_prefix_path/gazebo_ros2_control_demos
[4.064s] -- Up-to-date symlink: /home/athul/ros2_ws/install/gazebo_ros2_control_demos/share/gazebo_ros2_control_demos/environment/ament_prefix_path.sh
[4.090s] -- Up-to-date symlink: /home/athul/ros2_ws/install/gazebo_ros2_control_demos/share/gazebo_ros2_control_demos/environment/ament_prefix_path.dsv
[4.097s] -- Up-to-date symlink: /home/athul/ros2_ws/install/gazebo_ros2_control_demos/share/gazebo_ros2_control_demos/environment/path.sh
[4.101s] -- Up-to-date symlink: /home/athul/ros2_ws/install/gazebo_ros2_control_demos/share/gazebo_ros2_control_demos/environment/path.dsv
[4.104s] -- Up-to-date symlink: /home/athul/ros2_ws/install/gazebo_ros2_control_demos/share/gazebo_ros2_control_demos/local_setup.bash
[4.111s] -- Up-to-date symlink: /home/athul/ros2_ws/install/gazebo_ros2_control_demos/share/gazebo_ros2_control_demos/local_setup.sh
[4.131s] -- Up-to-date symlink: /home/athul/ros2_ws/install/gazebo_ros2_control_demos/share/gazebo_ros2_control_demos/local_setup.zsh
[4.153s] -- Up-to-date symlink: /home/athul/ros2_ws/install/gazebo_ros2_control_demos/share/gazebo_ros2_control_demos/local_setup.dsv
[4.178s] -- Symlinking: /home/athul/ros2_ws/install/gazebo_ros2_control_demos/share/gazebo_ros2_control_demos/package.dsv
[4.341s] -- Up-to-date symlink: /home/athul/ros2_ws/install/gazebo_ros2_control_demos/share/ament_index/resource_index/packages/gazebo_ros2_control_demos
[4.341s] -- Up-to-date symlink: /home/athul/ros2_ws/install/gazebo_ros2_control_demos/share/gazebo_ros2_control_demos/cmake/gazebo_ros2_control_demosConfig.cmake
[4.356s] -- Up-to-date symlink: /home/athul/ros2_ws/install/gazebo_ros2_control_demos/share/gazebo_ros2_control_demos/cmake/gazebo_ros2_control_demosConfig-version.cmake
[4.373s] -- Up-to-date symlink: /home/athul/ros2_ws/install/gazebo_ros2_control_demos/share/gazebo_ros2_control_demos/package.xml
[4.853s] Invoked command in '/home/athul/ros2_ws/build/gazebo_ros2_control_demos' returned '0': CMAKE_PREFIX_PATH=/home/athul/ros2_ws/install/gazebo_ros2_control:/home/athul/ros2_ws/install/serial_motor_demo_msgs:/home/athul/ros2_ws/install/rosbridge_test_msgs:/home/athul/ros2_ws/install/rosbridge_suite:/home/athul/ros2_ws/install/rosbridge_server:/home/athul/ros2_ws/install/rosbridge_msgs:/home/athul/ros2_ws/install/rosapi:/home/athul/ros2_ws/install/rosbridge_library:/home/athul/ros2_ws/install/rosapi_msgs:/home/athul/ros2_ws/install/my_bot:/home/athul/ros2_ws/install/gazebo_ros2_control_demos:/home/athul/ros2_ws/install/serial_motor_demo:/opt/ros/foxy LD_LIBRARY_PATH=/home/athul/ros2_ws/install/gazebo_ros2_control/lib:/home/athul/ros2_ws/install/serial_motor_demo_msgs/lib:/home/athul/ros2_ws/install/rosbridge_test_msgs/lib:/home/athul/ros2_ws/install/rosbridge_msgs/lib:/home/athul/ros2_ws/install/rosapi_msgs/lib:/usr/lib/x86_64-linux-gnu/gazebo-11/plugins:/opt/ros/foxy/opt/yaml_cpp_vendor/lib:/opt/ros/foxy/opt/rviz_ogre_vendor/lib:/opt/ros/foxy/lib/x86_64-linux-gnu:/opt/ros/foxy/lib /usr/bin/cmake --install /home/athul/ros2_ws/build/gazebo_ros2_control_demos
