[0.083s] Invoking command in '/home/athul/ros2_ws/build/rosapi_msgs': CMAKE_PREFIX_PATH=${CMAKE_PREFIX_PATH}:/home/athul/dev_ws/install/serial_motor_demo:/opt/ros/foxy /usr/bin/cmake --build /home/athul/ros2_ws/build/rosapi_msgs -- -j4 -l4
[0.373s] [  4%] Built target rosapi_msgs__cpp
[0.378s] [ 12%] Built target rosapi_msgs__rosidl_generator_c
[0.636s] [ 24%] Built target rosapi_msgs__rosidl_typesupport_c
[0.655s] [ 36%] Built target rosapi_msgs__rosidl_typesupport_introspection_c
[0.657s] [ 48%] Built target rosapi_msgs__rosidl_typesupport_cpp
[0.686s] [ 60%] Built target rosapi_msgs__rosidl_typesupport_fastrtps_cpp
[0.786s] [ 73%] Built target rosapi_msgs__rosidl_typesupport_introspection_cpp
[0.843s] [ 85%] Built target rosapi_msgs__rosidl_typesupport_fastrtps_c
[0.893s] [ 85%] Built target rosapi_msgs
[0.952s] [ 85%] Built target rosapi_msgs__py
[1.130s] [ 97%] Built target rosapi_msgs__python
[1.286s] [ 98%] Built target rosapi_msgs__rosidl_typesupport_introspection_c__pyext
[1.311s] [ 99%] Built target rosapi_msgs__rosidl_typesupport_fastrtps_c__pyext
[1.311s] [100%] Built target rosapi_msgs__rosidl_typesupport_c__pyext
[1.385s] Invoked command in '/home/athul/ros2_ws/build/rosapi_msgs' returned '0': CMAKE_PREFIX_PATH=${CMAKE_PREFIX_PATH}:/home/athul/dev_ws/install/serial_motor_demo:/opt/ros/foxy /usr/bin/cmake --build /home/athul/ros2_ws/build/rosapi_msgs -- -j4 -l4
[2.702s] Invoking command in '/home/athul/ros2_ws/build/rosapi_msgs': CMAKE_PREFIX_PATH=${CMAKE_PREFIX_PATH}:/home/athul/dev_ws/install/serial_motor_demo:/opt/ros/foxy /usr/bin/cmake --install /home/athul/ros2_ws/build/rosapi_msgs
[2.740s] -- Install configuration: ""
[2.740s] -- Execute custom install script
[2.740s] -- Up-to-date symlink: /home/athul/ros2_ws/install/rosapi_msgs/share/ament_index/resource_index/rosidl_interfaces/rosapi_msgs
[2.740s] -- Up-to-date symlink: /home/athul/ros2_ws/install/rosapi_msgs/include/rosapi_msgs/msg/detail/type_def__functions.h
[2.741s] -- Up-to-date symlink: /home/athul/ros2_ws/install/rosapi_msgs/include/rosapi_msgs/msg/detail/type_def__struct.h
[2.741s] -- Up-to-date symlink: /home/athul/ros2_ws/install/rosapi_msgs/include/rosapi_msgs/msg/detail/type_def__type_support.h
[2.741s] -- Up-to-date symlink: /home/athul/ros2_ws/install/rosapi_msgs/include/rosapi_msgs/msg/rosidl_generator_c__visibility_control.h
[2.741s] -- Up-to-date symlink: /home/athul/ros2_ws/install/rosapi_msgs/include/rosapi_msgs/msg/type_def.h
[2.741s] -- Up-to-date symlink: /home/athul/ros2_ws/install/rosapi_msgs/include/rosapi_msgs/srv/delete_param.h
[2.742s] -- Up-to-date symlink: /home/athul/ros2_ws/install/rosapi_msgs/include/rosapi_msgs/srv/detail/delete_param__functions.h
[2.742s] -- Up-to-date symlink: /home/athul/ros2_ws/install/rosapi_msgs/include/rosapi_msgs/srv/detail/delete_param__struct.h
[2.742s] -- Up-to-date symlink: /home/athul/ros2_ws/install/rosapi_msgs/include/rosapi_msgs/srv/detail/delete_param__type_support.h
[2.742s] -- Up-to-date symlink: /home/athul/ros2_ws/install/rosapi_msgs/include/rosapi_msgs/srv/detail/get_action_servers__functions.h
[2.742s] -- Up-to-date symlink: /home/athul/ros2_ws/install/rosapi_msgs/include/rosapi_msgs/srv/detail/get_action_servers__struct.h
[2.743s] -- Up-to-date symlink: /home/athul/ros2_ws/install/rosapi_msgs/include/rosapi_msgs/srv/detail/get_action_servers__type_support.h
[2.743s] -- Up-to-date symlink: /home/athul/ros2_ws/install/rosapi_msgs/include/rosapi_msgs/srv/detail/get_param__functions.h
[2.767s] -- Up-to-date symlink: /home/athul/ros2_ws/install/rosapi_msgs/include/rosapi_msgs/srv/detail/get_param__struct.h
[2.768s] -- Up-to-date symlink: /home/athul/ros2_ws/install/rosapi_msgs/include/rosapi_msgs/srv/detail/get_param__type_support.h
[2.768s] -- Up-to-date symlink: /home/athul/ros2_ws/install/rosapi_msgs/include/rosapi_msgs/srv/detail/get_param_names__functions.h
[2.768s] -- Up-to-date symlink: /home/athul/ros2_ws/install/rosapi_msgs/include/rosapi_msgs/srv/detail/get_param_names__struct.h
[2.769s] -- Up-to-date symlink: /home/athul/ros2_ws/install/rosapi_msgs/include/rosapi_msgs/srv/detail/get_param_names__type_support.h
[2.769s] -- Up-to-date symlink: /home/athul/ros2_ws/install/rosapi_msgs/include/rosapi_msgs/srv/detail/get_ros_version__functions.h
[2.769s] -- Up-to-date symlink: /home/athul/ros2_ws/install/rosapi_msgs/include/rosapi_msgs/srv/detail/get_ros_version__struct.h
[2.770s] -- Up-to-date symlink: /home/athul/ros2_ws/install/rosapi_msgs/include/rosapi_msgs/srv/detail/get_ros_version__type_support.h
[2.770s] -- Up-to-date symlink: /home/athul/ros2_ws/install/rosapi_msgs/include/rosapi_msgs/srv/detail/get_time__functions.h
[2.771s] -- Up-to-date symlink: /home/athul/ros2_ws/install/rosapi_msgs/include/rosapi_msgs/srv/detail/get_time__struct.h
[2.772s] -- Up-to-date symlink: /home/athul/ros2_ws/install/rosapi_msgs/include/rosapi_msgs/srv/detail/get_time__type_support.h
[2.772s] -- Up-to-date symlink: /home/athul/ros2_ws/install/rosapi_msgs/include/rosapi_msgs/srv/detail/has_param__functions.h
[2.773s] -- Up-to-date symlink: /home/athul/ros2_ws/install/rosapi_msgs/include/rosapi_msgs/srv/detail/has_param__struct.h
[2.773s] -- Up-to-date symlink: /home/athul/ros2_ws/install/rosapi_msgs/include/rosapi_msgs/srv/detail/has_param__type_support.h
[2.773s] -- Up-to-date symlink: /home/athul/ros2_ws/install/rosapi_msgs/include/rosapi_msgs/srv/detail/message_details__functions.h
[2.774s] -- Up-to-date symlink: /home/athul/ros2_ws/install/rosapi_msgs/include/rosapi_msgs/srv/detail/message_details__struct.h
[2.775s] -- Up-to-date symlink: /home/athul/ros2_ws/install/rosapi_msgs/include/rosapi_msgs/srv/detail/message_details__type_support.h
[2.775s] -- Up-to-date symlink: /home/athul/ros2_ws/install/rosapi_msgs/include/rosapi_msgs/srv/detail/node_details__functions.h
[2.775s] -- Up-to-date symlink: /home/athul/ros2_ws/install/rosapi_msgs/include/rosapi_msgs/srv/detail/node_details__struct.h
[2.776s] -- Up-to-date symlink: /home/athul/ros2_ws/install/rosapi_msgs/include/rosapi_msgs/srv/detail/node_details__type_support.h
[2.776s] -- Up-to-date symlink: /home/athul/ros2_ws/install/rosapi_msgs/include/rosapi_msgs/srv/detail/nodes__functions.h
[2.777s] -- Up-to-date symlink: /home/athul/ros2_ws/install/rosapi_msgs/include/rosapi_msgs/srv/detail/nodes__struct.h
[2.778s] -- Up-to-date symlink: /home/athul/ros2_ws/install/rosapi_msgs/include/rosapi_msgs/srv/detail/nodes__type_support.h
[2.778s] -- Up-to-date symlink: /home/athul/ros2_ws/install/rosapi_msgs/include/rosapi_msgs/srv/detail/publishers__functions.h
[2.779s] -- Up-to-date symlink: /home/athul/ros2_ws/install/rosapi_msgs/include/rosapi_msgs/srv/detail/publishers__struct.h
[2.779s] -- Up-to-date symlink: /home/athul/ros2_ws/install/rosapi_msgs/include/rosapi_msgs/srv/detail/publishers__type_support.h
[2.780s] -- Up-to-date symlink: /home/athul/ros2_ws/install/rosapi_msgs/include/rosapi_msgs/srv/detail/service_node__functions.h
[2.781s] -- Up-to-date symlink: /home/athul/ros2_ws/install/rosapi_msgs/include/rosapi_msgs/srv/detail/service_node__struct.h
[2.781s] -- Up-to-date symlink: /home/athul/ros2_ws/install/rosapi_msgs/include/rosapi_msgs/srv/detail/service_node__type_support.h
[2.782s] -- Up-to-date symlink: /home/athul/ros2_ws/install/rosapi_msgs/include/rosapi_msgs/srv/detail/service_providers__functions.h
[2.783s] -- Up-to-date symlink: /home/athul/ros2_ws/install/rosapi_msgs/include/rosapi_msgs/srv/detail/service_providers__struct.h
[2.783s] -- Up-to-date symlink: /home/athul/ros2_ws/install/rosapi_msgs/include/rosapi_msgs/srv/detail/service_providers__type_support.h
[2.784s] -- Up-to-date symlink: /home/athul/ros2_ws/install/rosapi_msgs/include/rosapi_msgs/srv/detail/service_request_details__functions.h
[2.784s] -- Up-to-date symlink: /home/athul/ros2_ws/install/rosapi_msgs/include/rosapi_msgs/srv/detail/service_request_details__struct.h
[2.794s] -- Up-to-date symlink: /home/athul/ros2_ws/install/rosapi_msgs/include/rosapi_msgs/srv/detail/service_request_details__type_support.h
[2.795s] -- Up-to-date symlink: /home/athul/ros2_ws/install/rosapi_msgs/include/rosapi_msgs/srv/detail/service_response_details__functions.h
[2.795s] -- Up-to-date symlink: /home/athul/ros2_ws/install/rosapi_msgs/include/rosapi_msgs/srv/detail/service_response_details__struct.h
[2.796s] -- Up-to-date symlink: /home/athul/ros2_ws/install/rosapi_msgs/include/rosapi_msgs/srv/detail/service_response_details__type_support.h
[2.797s] -- Up-to-date symlink: /home/athul/ros2_ws/install/rosapi_msgs/include/rosapi_msgs/srv/detail/service_type__functions.h
[2.797s] -- Up-to-date symlink: /home/athul/ros2_ws/install/rosapi_msgs/include/rosapi_msgs/srv/detail/service_type__struct.h
[2.798s] -- Up-to-date symlink: /home/athul/ros2_ws/install/rosapi_msgs/include/rosapi_msgs/srv/detail/service_type__type_support.h
[2.805s] -- Up-to-date symlink: /home/athul/ros2_ws/install/rosapi_msgs/include/rosapi_msgs/srv/detail/services__functions.h
[2.805s] -- Up-to-date symlink: /home/athul/ros2_ws/install/rosapi_msgs/include/rosapi_msgs/srv/detail/services__struct.h
[2.806s] -- Up-to-date symlink: /home/athul/ros2_ws/install/rosapi_msgs/include/rosapi_msgs/srv/detail/services__type_support.h
[2.806s] -- Up-to-date symlink: /home/athul/ros2_ws/install/rosapi_msgs/include/rosapi_msgs/srv/detail/services_for_type__functions.h
[2.806s] -- Up-to-date symlink: /home/athul/ros2_ws/install/rosapi_msgs/include/rosapi_msgs/srv/detail/services_for_type__struct.h
[2.806s] -- Up-to-date symlink: /home/athul/ros2_ws/install/rosapi_msgs/include/rosapi_msgs/srv/detail/services_for_type__type_support.h
[2.807s] -- Up-to-date symlink: /home/athul/ros2_ws/install/rosapi_msgs/include/rosapi_msgs/srv/detail/set_param__functions.h
[2.807s] -- Up-to-date symlink: /home/athul/ros2_ws/install/rosapi_msgs/include/rosapi_msgs/srv/detail/set_param__struct.h
[2.808s] -- Up-to-date symlink: /home/athul/ros2_ws/install/rosapi_msgs/include/rosapi_msgs/srv/detail/set_param__type_support.h
[2.808s] -- Up-to-date symlink: /home/athul/ros2_ws/install/rosapi_msgs/include/rosapi_msgs/srv/detail/subscribers__functions.h
[2.809s] -- Up-to-date symlink: /home/athul/ros2_ws/install/rosapi_msgs/include/rosapi_msgs/srv/detail/subscribers__struct.h
[2.810s] -- Up-to-date symlink: /home/athul/ros2_ws/install/rosapi_msgs/include/rosapi_msgs/srv/detail/subscribers__type_support.h
[2.811s] -- Up-to-date symlink: /home/athul/ros2_ws/install/rosapi_msgs/include/rosapi_msgs/srv/detail/topic_type__functions.h
[2.812s] -- Up-to-date symlink: /home/athul/ros2_ws/install/rosapi_msgs/include/rosapi_msgs/srv/detail/topic_type__struct.h
[2.813s] -- Up-to-date symlink: /home/athul/ros2_ws/install/rosapi_msgs/include/rosapi_msgs/srv/detail/topic_type__type_support.h
[2.815s] -- Up-to-date symlink: /home/athul/ros2_ws/install/rosapi_msgs/include/rosapi_msgs/srv/detail/topics__functions.h
[2.816s] -- Up-to-date symlink: /home/athul/ros2_ws/install/rosapi_msgs/include/rosapi_msgs/srv/detail/topics__struct.h
[2.818s] -- Up-to-date symlink: /home/athul/ros2_ws/install/rosapi_msgs/include/rosapi_msgs/srv/detail/topics__type_support.h
[2.818s] -- Up-to-date symlink: /home/athul/ros2_ws/install/rosapi_msgs/include/rosapi_msgs/srv/detail/topics_and_raw_types__functions.h
[2.819s] -- Up-to-date symlink: /home/athul/ros2_ws/install/rosapi_msgs/include/rosapi_msgs/srv/detail/topics_and_raw_types__struct.h
[2.819s] -- Up-to-date symlink: /home/athul/ros2_ws/install/rosapi_msgs/include/rosapi_msgs/srv/detail/topics_and_raw_types__type_support.h
[2.819s] -- Up-to-date symlink: /home/athul/ros2_ws/install/rosapi_msgs/include/rosapi_msgs/srv/detail/topics_for_type__functions.h
[2.820s] -- Up-to-date symlink: /home/athul/ros2_ws/install/rosapi_msgs/include/rosapi_msgs/srv/detail/topics_for_type__struct.h
[2.820s] -- Up-to-date symlink: /home/athul/ros2_ws/install/rosapi_msgs/include/rosapi_msgs/srv/detail/topics_for_type__type_support.h
[2.820s] -- Up-to-date symlink: /home/athul/ros2_ws/install/rosapi_msgs/include/rosapi_msgs/srv/get_action_servers.h
[2.821s] -- Up-to-date symlink: /home/athul/ros2_ws/install/rosapi_msgs/include/rosapi_msgs/srv/get_param.h
[2.822s] -- Up-to-date symlink: /home/athul/ros2_ws/install/rosapi_msgs/include/rosapi_msgs/srv/get_param_names.h
[2.822s] -- Up-to-date symlink: /home/athul/ros2_ws/install/rosapi_msgs/include/rosapi_msgs/srv/get_ros_version.h
[2.822s] -- Up-to-date symlink: /home/athul/ros2_ws/install/rosapi_msgs/include/rosapi_msgs/srv/get_time.h
[2.823s] -- Up-to-date symlink: /home/athul/ros2_ws/install/rosapi_msgs/include/rosapi_msgs/srv/has_param.h
[2.823s] -- Up-to-date symlink: /home/athul/ros2_ws/install/rosapi_msgs/include/rosapi_msgs/srv/message_details.h
[2.824s] -- Up-to-date symlink: /home/athul/ros2_ws/install/rosapi_msgs/include/rosapi_msgs/srv/node_details.h
[2.824s] -- Up-to-date symlink: /home/athul/ros2_ws/install/rosapi_msgs/include/rosapi_msgs/srv/nodes.h
[2.826s] -- Up-to-date symlink: /home/athul/ros2_ws/install/rosapi_msgs/include/rosapi_msgs/srv/publishers.h
[2.826s] -- Up-to-date symlink: /home/athul/ros2_ws/install/rosapi_msgs/include/rosapi_msgs/srv/service_node.h
[2.827s] -- Up-to-date symlink: /home/athul/ros2_ws/install/rosapi_msgs/include/rosapi_msgs/srv/service_providers.h
[2.827s] -- Up-to-date symlink: /home/athul/ros2_ws/install/rosapi_msgs/include/rosapi_msgs/srv/service_request_details.h
[2.828s] -- Up-to-date symlink: /home/athul/ros2_ws/install/rosapi_msgs/include/rosapi_msgs/srv/service_response_details.h
[2.829s] -- Up-to-date symlink: /home/athul/ros2_ws/install/rosapi_msgs/include/rosapi_msgs/srv/service_type.h
[2.830s] -- Up-to-date symlink: /home/athul/ros2_ws/install/rosapi_msgs/include/rosapi_msgs/srv/services.h
[2.831s] -- Up-to-date symlink: /home/athul/ros2_ws/install/rosapi_msgs/include/rosapi_msgs/srv/services_for_type.h
[2.832s] -- Up-to-date symlink: /home/athul/ros2_ws/install/rosapi_msgs/include/rosapi_msgs/srv/set_param.h
[2.833s] -- Up-to-date symlink: /home/athul/ros2_ws/install/rosapi_msgs/include/rosapi_msgs/srv/subscribers.h
[2.833s] -- Up-to-date symlink: /home/athul/ros2_ws/install/rosapi_msgs/include/rosapi_msgs/srv/topic_type.h
[2.834s] -- Up-to-date symlink: /home/athul/ros2_ws/install/rosapi_msgs/include/rosapi_msgs/srv/topics.h
[2.834s] -- Up-to-date symlink: /home/athul/ros2_ws/install/rosapi_msgs/include/rosapi_msgs/srv/topics_and_raw_types.h
[2.834s] -- Up-to-date symlink: /home/athul/ros2_ws/install/rosapi_msgs/include/rosapi_msgs/srv/topics_for_type.h
[2.835s] -- Up-to-date symlink: /home/athul/ros2_ws/install/rosapi_msgs/share/rosapi_msgs/environment/library_path.sh
[2.835s] -- Up-to-date symlink: /home/athul/ros2_ws/install/rosapi_msgs/share/rosapi_msgs/environment/library_path.dsv
[2.852s] -- Up-to-date symlink: /home/athul/ros2_ws/install/rosapi_msgs/include/rosapi_msgs/msg/detail/type_def__rosidl_typesupport_fastrtps_c.h
[2.852s] -- Up-to-date symlink: /home/athul/ros2_ws/install/rosapi_msgs/include/rosapi_msgs/msg/rosidl_typesupport_fastrtps_c__visibility_control.h
[2.854s] -- Up-to-date symlink: /home/athul/ros2_ws/install/rosapi_msgs/include/rosapi_msgs/srv/detail/delete_param__rosidl_typesupport_fastrtps_c.h
[2.858s] -- Up-to-date symlink: /home/athul/ros2_ws/install/rosapi_msgs/include/rosapi_msgs/srv/detail/get_action_servers__rosidl_typesupport_fastrtps_c.h
[2.859s] -- Up-to-date symlink: /home/athul/ros2_ws/install/rosapi_msgs/include/rosapi_msgs/srv/detail/get_param__rosidl_typesupport_fastrtps_c.h
[2.859s] -- Up-to-date symlink: /home/athul/ros2_ws/install/rosapi_msgs/include/rosapi_msgs/srv/detail/get_param_names__rosidl_typesupport_fastrtps_c.h
[2.860s] -- Up-to-date symlink: /home/athul/ros2_ws/install/rosapi_msgs/include/rosapi_msgs/srv/detail/get_ros_version__rosidl_typesupport_fastrtps_c.h
[2.860s] -- Up-to-date symlink: /home/athul/ros2_ws/install/rosapi_msgs/include/rosapi_msgs/srv/detail/get_time__rosidl_typesupport_fastrtps_c.h
[2.861s] -- Up-to-date symlink: /home/athul/ros2_ws/install/rosapi_msgs/include/rosapi_msgs/srv/detail/has_param__rosidl_typesupport_fastrtps_c.h
[2.861s] -- Up-to-date symlink: /home/athul/ros2_ws/install/rosapi_msgs/include/rosapi_msgs/srv/detail/message_details__rosidl_typesupport_fastrtps_c.h
[2.862s] -- Up-to-date symlink: /home/athul/ros2_ws/install/rosapi_msgs/include/rosapi_msgs/srv/detail/node_details__rosidl_typesupport_fastrtps_c.h
[2.862s] -- Up-to-date symlink: /home/athul/ros2_ws/install/rosapi_msgs/include/rosapi_msgs/srv/detail/nodes__rosidl_typesupport_fastrtps_c.h
[2.874s] -- Up-to-date symlink: /home/athul/ros2_ws/install/rosapi_msgs/include/rosapi_msgs/srv/detail/publishers__rosidl_typesupport_fastrtps_c.h
[2.874s] -- Up-to-date symlink: /home/athul/ros2_ws/install/rosapi_msgs/include/rosapi_msgs/srv/detail/service_node__rosidl_typesupport_fastrtps_c.h
[2.875s] -- Up-to-date symlink: /home/athul/ros2_ws/install/rosapi_msgs/include/rosapi_msgs/srv/detail/service_providers__rosidl_typesupport_fastrtps_c.h
[2.875s] -- Up-to-date symlink: /home/athul/ros2_ws/install/rosapi_msgs/include/rosapi_msgs/srv/detail/service_request_details__rosidl_typesupport_fastrtps_c.h
[2.876s] -- Up-to-date symlink: /home/athul/ros2_ws/install/rosapi_msgs/include/rosapi_msgs/srv/detail/service_response_details__rosidl_typesupport_fastrtps_c.h
[2.876s] -- Up-to-date symlink: /home/athul/ros2_ws/install/rosapi_msgs/include/rosapi_msgs/srv/detail/service_type__rosidl_typesupport_fastrtps_c.h
[2.877s] -- Up-to-date symlink: /home/athul/ros2_ws/install/rosapi_msgs/include/rosapi_msgs/srv/detail/services__rosidl_typesupport_fastrtps_c.h
[2.877s] -- Up-to-date symlink: /home/athul/ros2_ws/install/rosapi_msgs/include/rosapi_msgs/srv/detail/services_for_type__rosidl_typesupport_fastrtps_c.h
[2.877s] -- Up-to-date symlink: /home/athul/ros2_ws/install/rosapi_msgs/include/rosapi_msgs/srv/detail/set_param__rosidl_typesupport_fastrtps_c.h
[2.878s] -- Up-to-date symlink: /home/athul/ros2_ws/install/rosapi_msgs/include/rosapi_msgs/srv/detail/subscribers__rosidl_typesupport_fastrtps_c.h
[2.878s] -- Up-to-date symlink: /home/athul/ros2_ws/install/rosapi_msgs/include/rosapi_msgs/srv/detail/topic_type__rosidl_typesupport_fastrtps_c.h
[2.878s] -- Up-to-date symlink: /home/athul/ros2_ws/install/rosapi_msgs/include/rosapi_msgs/srv/detail/topics__rosidl_typesupport_fastrtps_c.h
[2.878s] -- Up-to-date symlink: /home/athul/ros2_ws/install/rosapi_msgs/include/rosapi_msgs/srv/detail/topics_and_raw_types__rosidl_typesupport_fastrtps_c.h
[2.879s] -- Up-to-date symlink: /home/athul/ros2_ws/install/rosapi_msgs/include/rosapi_msgs/srv/detail/topics_for_type__rosidl_typesupport_fastrtps_c.h
[2.881s] -- Up-to-date symlink: /home/athul/ros2_ws/install/rosapi_msgs/lib/librosapi_msgs__rosidl_typesupport_fastrtps_c.so
[2.884s] -- Up-to-date symlink: /home/athul/ros2_ws/install/rosapi_msgs/include/rosapi_msgs/msg/detail/type_def__rosidl_typesupport_fastrtps_cpp.hpp
[2.888s] -- Up-to-date symlink: /home/athul/ros2_ws/install/rosapi_msgs/include/rosapi_msgs/msg/rosidl_typesupport_fastrtps_cpp__visibility_control.h
[2.893s] -- Up-to-date symlink: /home/athul/ros2_ws/install/rosapi_msgs/include/rosapi_msgs/srv/detail/delete_param__rosidl_typesupport_fastrtps_cpp.hpp
[2.893s] -- Up-to-date symlink: /home/athul/ros2_ws/install/rosapi_msgs/include/rosapi_msgs/srv/detail/get_action_servers__rosidl_typesupport_fastrtps_cpp.hpp
[2.893s] -- Up-to-date symlink: /home/athul/ros2_ws/install/rosapi_msgs/include/rosapi_msgs/srv/detail/get_param__rosidl_typesupport_fastrtps_cpp.hpp
[2.893s] -- Up-to-date symlink: /home/athul/ros2_ws/install/rosapi_msgs/include/rosapi_msgs/srv/detail/get_param_names__rosidl_typesupport_fastrtps_cpp.hpp
[2.894s] -- Up-to-date symlink: /home/athul/ros2_ws/install/rosapi_msgs/include/rosapi_msgs/srv/detail/get_ros_version__rosidl_typesupport_fastrtps_cpp.hpp
[2.894s] -- Up-to-date symlink: /home/athul/ros2_ws/install/rosapi_msgs/include/rosapi_msgs/srv/detail/get_time__rosidl_typesupport_fastrtps_cpp.hpp
[2.894s] -- Up-to-date symlink: /home/athul/ros2_ws/install/rosapi_msgs/include/rosapi_msgs/srv/detail/has_param__rosidl_typesupport_fastrtps_cpp.hpp
[2.894s] -- Up-to-date symlink: /home/athul/ros2_ws/install/rosapi_msgs/include/rosapi_msgs/srv/detail/message_details__rosidl_typesupport_fastrtps_cpp.hpp
[2.895s] -- Up-to-date symlink: /home/athul/ros2_ws/install/rosapi_msgs/include/rosapi_msgs/srv/detail/node_details__rosidl_typesupport_fastrtps_cpp.hpp
[2.895s] -- Up-to-date symlink: /home/athul/ros2_ws/install/rosapi_msgs/include/rosapi_msgs/srv/detail/nodes__rosidl_typesupport_fastrtps_cpp.hpp
[2.895s] -- Up-to-date symlink: /home/athul/ros2_ws/install/rosapi_msgs/include/rosapi_msgs/srv/detail/publishers__rosidl_typesupport_fastrtps_cpp.hpp
[2.896s] -- Up-to-date symlink: /home/athul/ros2_ws/install/rosapi_msgs/include/rosapi_msgs/srv/detail/service_node__rosidl_typesupport_fastrtps_cpp.hpp
[2.896s] -- Up-to-date symlink: /home/athul/ros2_ws/install/rosapi_msgs/include/rosapi_msgs/srv/detail/service_providers__rosidl_typesupport_fastrtps_cpp.hpp
[2.896s] -- Up-to-date symlink: /home/athul/ros2_ws/install/rosapi_msgs/include/rosapi_msgs/srv/detail/service_request_details__rosidl_typesupport_fastrtps_cpp.hpp
[2.896s] -- Up-to-date symlink: /home/athul/ros2_ws/install/rosapi_msgs/include/rosapi_msgs/srv/detail/service_response_details__rosidl_typesupport_fastrtps_cpp.hpp
[2.899s] -- Up-to-date symlink: /home/athul/ros2_ws/install/rosapi_msgs/include/rosapi_msgs/srv/detail/service_type__rosidl_typesupport_fastrtps_cpp.hpp
[2.900s] -- Up-to-date symlink: /home/athul/ros2_ws/install/rosapi_msgs/include/rosapi_msgs/srv/detail/services__rosidl_typesupport_fastrtps_cpp.hpp
[2.900s] -- Up-to-date symlink: /home/athul/ros2_ws/install/rosapi_msgs/include/rosapi_msgs/srv/detail/services_for_type__rosidl_typesupport_fastrtps_cpp.hpp
[2.900s] -- Up-to-date symlink: /home/athul/ros2_ws/install/rosapi_msgs/include/rosapi_msgs/srv/detail/set_param__rosidl_typesupport_fastrtps_cpp.hpp
[2.907s] -- Up-to-date symlink: /home/athul/ros2_ws/install/rosapi_msgs/include/rosapi_msgs/srv/detail/subscribers__rosidl_typesupport_fastrtps_cpp.hpp
[2.909s] -- Up-to-date symlink: /home/athul/ros2_ws/install/rosapi_msgs/include/rosapi_msgs/srv/detail/topic_type__rosidl_typesupport_fastrtps_cpp.hpp
[2.910s] -- Up-to-date symlink: /home/athul/ros2_ws/install/rosapi_msgs/include/rosapi_msgs/srv/detail/topics__rosidl_typesupport_fastrtps_cpp.hpp
[2.911s] -- Up-to-date symlink: /home/athul/ros2_ws/install/rosapi_msgs/include/rosapi_msgs/srv/detail/topics_and_raw_types__rosidl_typesupport_fastrtps_cpp.hpp
[2.912s] -- Up-to-date symlink: /home/athul/ros2_ws/install/rosapi_msgs/include/rosapi_msgs/srv/detail/topics_for_type__rosidl_typesupport_fastrtps_cpp.hpp
[2.927s] -- Up-to-date symlink: /home/athul/ros2_ws/install/rosapi_msgs/lib/librosapi_msgs__rosidl_typesupport_fastrtps_cpp.so
[2.928s] -- Up-to-date symlink: /home/athul/ros2_ws/install/rosapi_msgs/include/rosapi_msgs/msg/detail/type_def__rosidl_typesupport_introspection_c.h
[2.928s] -- Up-to-date symlink: /home/athul/ros2_ws/install/rosapi_msgs/include/rosapi_msgs/msg/rosidl_typesupport_introspection_c__visibility_control.h
[2.929s] -- Up-to-date symlink: /home/athul/ros2_ws/install/rosapi_msgs/include/rosapi_msgs/srv/detail/delete_param__rosidl_typesupport_introspection_c.h
[2.930s] -- Up-to-date symlink: /home/athul/ros2_ws/install/rosapi_msgs/include/rosapi_msgs/srv/detail/get_action_servers__rosidl_typesupport_introspection_c.h
[2.930s] -- Up-to-date symlink: /home/athul/ros2_ws/install/rosapi_msgs/include/rosapi_msgs/srv/detail/get_param__rosidl_typesupport_introspection_c.h
[2.931s] -- Up-to-date symlink: /home/athul/ros2_ws/install/rosapi_msgs/include/rosapi_msgs/srv/detail/get_param_names__rosidl_typesupport_introspection_c.h
[2.932s] -- Up-to-date symlink: /home/athul/ros2_ws/install/rosapi_msgs/include/rosapi_msgs/srv/detail/get_ros_version__rosidl_typesupport_introspection_c.h
[2.932s] -- Up-to-date symlink: /home/athul/ros2_ws/install/rosapi_msgs/include/rosapi_msgs/srv/detail/get_time__rosidl_typesupport_introspection_c.h
[2.933s] -- Up-to-date symlink: /home/athul/ros2_ws/install/rosapi_msgs/include/rosapi_msgs/srv/detail/has_param__rosidl_typesupport_introspection_c.h
[2.933s] -- Up-to-date symlink: /home/athul/ros2_ws/install/rosapi_msgs/include/rosapi_msgs/srv/detail/message_details__rosidl_typesupport_introspection_c.h
[2.934s] -- Up-to-date symlink: /home/athul/ros2_ws/install/rosapi_msgs/include/rosapi_msgs/srv/detail/node_details__rosidl_typesupport_introspection_c.h
[2.935s] -- Up-to-date symlink: /home/athul/ros2_ws/install/rosapi_msgs/include/rosapi_msgs/srv/detail/nodes__rosidl_typesupport_introspection_c.h
[2.936s] -- Up-to-date symlink: /home/athul/ros2_ws/install/rosapi_msgs/include/rosapi_msgs/srv/detail/publishers__rosidl_typesupport_introspection_c.h
[2.940s] -- Up-to-date symlink: /home/athul/ros2_ws/install/rosapi_msgs/include/rosapi_msgs/srv/detail/service_node__rosidl_typesupport_introspection_c.h
[2.948s] -- Up-to-date symlink: /home/athul/ros2_ws/install/rosapi_msgs/include/rosapi_msgs/srv/detail/service_providers__rosidl_typesupport_introspection_c.h
[2.948s] -- Up-to-date symlink: /home/athul/ros2_ws/install/rosapi_msgs/include/rosapi_msgs/srv/detail/service_request_details__rosidl_typesupport_introspection_c.h
[2.948s] -- Up-to-date symlink: /home/athul/ros2_ws/install/rosapi_msgs/include/rosapi_msgs/srv/detail/service_response_details__rosidl_typesupport_introspection_c.h
[2.948s] -- Up-to-date symlink: /home/athul/ros2_ws/install/rosapi_msgs/include/rosapi_msgs/srv/detail/service_type__rosidl_typesupport_introspection_c.h
[2.949s] -- Up-to-date symlink: /home/athul/ros2_ws/install/rosapi_msgs/include/rosapi_msgs/srv/detail/services__rosidl_typesupport_introspection_c.h
[2.949s] -- Up-to-date symlink: /home/athul/ros2_ws/install/rosapi_msgs/include/rosapi_msgs/srv/detail/services_for_type__rosidl_typesupport_introspection_c.h
[2.949s] -- Up-to-date symlink: /home/athul/ros2_ws/install/rosapi_msgs/include/rosapi_msgs/srv/detail/set_param__rosidl_typesupport_introspection_c.h
[2.949s] -- Up-to-date symlink: /home/athul/ros2_ws/install/rosapi_msgs/include/rosapi_msgs/srv/detail/subscribers__rosidl_typesupport_introspection_c.h
[2.950s] -- Up-to-date symlink: /home/athul/ros2_ws/install/rosapi_msgs/include/rosapi_msgs/srv/detail/topic_type__rosidl_typesupport_introspection_c.h
[2.950s] -- Up-to-date symlink: /home/athul/ros2_ws/install/rosapi_msgs/include/rosapi_msgs/srv/detail/topics__rosidl_typesupport_introspection_c.h
[2.950s] -- Up-to-date symlink: /home/athul/ros2_ws/install/rosapi_msgs/include/rosapi_msgs/srv/detail/topics_and_raw_types__rosidl_typesupport_introspection_c.h
[2.950s] -- Up-to-date symlink: /home/athul/ros2_ws/install/rosapi_msgs/include/rosapi_msgs/srv/detail/topics_for_type__rosidl_typesupport_introspection_c.h
[2.951s] -- Up-to-date symlink: /home/athul/ros2_ws/install/rosapi_msgs/include/rosapi_msgs/msg/detail/type_def__builder.hpp
[2.951s] -- Up-to-date symlink: /home/athul/ros2_ws/install/rosapi_msgs/include/rosapi_msgs/msg/detail/type_def__struct.hpp
[2.965s] -- Up-to-date symlink: /home/athul/ros2_ws/install/rosapi_msgs/include/rosapi_msgs/msg/detail/type_def__traits.hpp
[2.965s] -- Up-to-date symlink: /home/athul/ros2_ws/install/rosapi_msgs/include/rosapi_msgs/msg/type_def.hpp
[2.965s] -- Up-to-date symlink: /home/athul/ros2_ws/install/rosapi_msgs/include/rosapi_msgs/srv/delete_param.hpp
[2.966s] -- Up-to-date symlink: /home/athul/ros2_ws/install/rosapi_msgs/include/rosapi_msgs/srv/detail/delete_param__builder.hpp
[2.966s] -- Up-to-date symlink: /home/athul/ros2_ws/install/rosapi_msgs/include/rosapi_msgs/srv/detail/delete_param__struct.hpp
[2.966s] -- Up-to-date symlink: /home/athul/ros2_ws/install/rosapi_msgs/include/rosapi_msgs/srv/detail/delete_param__traits.hpp
[2.966s] -- Up-to-date symlink: /home/athul/ros2_ws/install/rosapi_msgs/include/rosapi_msgs/srv/detail/get_action_servers__builder.hpp
[2.967s] -- Up-to-date symlink: /home/athul/ros2_ws/install/rosapi_msgs/include/rosapi_msgs/srv/detail/get_action_servers__struct.hpp
[2.967s] -- Up-to-date symlink: /home/athul/ros2_ws/install/rosapi_msgs/include/rosapi_msgs/srv/detail/get_action_servers__traits.hpp
[2.967s] -- Up-to-date symlink: /home/athul/ros2_ws/install/rosapi_msgs/include/rosapi_msgs/srv/detail/get_param__builder.hpp
[2.967s] -- Up-to-date symlink: /home/athul/ros2_ws/install/rosapi_msgs/include/rosapi_msgs/srv/detail/get_param__struct.hpp
[2.967s] -- Up-to-date symlink: /home/athul/ros2_ws/install/rosapi_msgs/include/rosapi_msgs/srv/detail/get_param__traits.hpp
[2.968s] -- Up-to-date symlink: /home/athul/ros2_ws/install/rosapi_msgs/include/rosapi_msgs/srv/detail/get_param_names__builder.hpp
[2.968s] -- Up-to-date symlink: /home/athul/ros2_ws/install/rosapi_msgs/include/rosapi_msgs/srv/detail/get_param_names__struct.hpp
[2.968s] -- Up-to-date symlink: /home/athul/ros2_ws/install/rosapi_msgs/include/rosapi_msgs/srv/detail/get_param_names__traits.hpp
[2.968s] -- Up-to-date symlink: /home/athul/ros2_ws/install/rosapi_msgs/include/rosapi_msgs/srv/detail/get_ros_version__builder.hpp
[2.969s] -- Up-to-date symlink: /home/athul/ros2_ws/install/rosapi_msgs/include/rosapi_msgs/srv/detail/get_ros_version__struct.hpp
[2.973s] -- Up-to-date symlink: /home/athul/ros2_ws/install/rosapi_msgs/include/rosapi_msgs/srv/detail/get_ros_version__traits.hpp
[2.980s] -- Up-to-date symlink: /home/athul/ros2_ws/install/rosapi_msgs/include/rosapi_msgs/srv/detail/get_time__builder.hpp
[2.981s] -- Up-to-date symlink: /home/athul/ros2_ws/install/rosapi_msgs/include/rosapi_msgs/srv/detail/get_time__struct.hpp
[2.981s] -- Up-to-date symlink: /home/athul/ros2_ws/install/rosapi_msgs/include/rosapi_msgs/srv/detail/get_time__traits.hpp
[2.982s] -- Up-to-date symlink: /home/athul/ros2_ws/install/rosapi_msgs/include/rosapi_msgs/srv/detail/has_param__builder.hpp
[2.982s] -- Up-to-date symlink: /home/athul/ros2_ws/install/rosapi_msgs/include/rosapi_msgs/srv/detail/has_param__struct.hpp
[2.983s] -- Up-to-date symlink: /home/athul/ros2_ws/install/rosapi_msgs/include/rosapi_msgs/srv/detail/has_param__traits.hpp
[2.983s] -- Up-to-date symlink: /home/athul/ros2_ws/install/rosapi_msgs/include/rosapi_msgs/srv/detail/message_details__builder.hpp
[2.984s] -- Up-to-date symlink: /home/athul/ros2_ws/install/rosapi_msgs/include/rosapi_msgs/srv/detail/message_details__struct.hpp
[2.984s] -- Up-to-date symlink: /home/athul/ros2_ws/install/rosapi_msgs/include/rosapi_msgs/srv/detail/message_details__traits.hpp
[2.984s] -- Up-to-date symlink: /home/athul/ros2_ws/install/rosapi_msgs/include/rosapi_msgs/srv/detail/node_details__builder.hpp
[2.984s] -- Up-to-date symlink: /home/athul/ros2_ws/install/rosapi_msgs/include/rosapi_msgs/srv/detail/node_details__struct.hpp
[2.984s] -- Up-to-date symlink: /home/athul/ros2_ws/install/rosapi_msgs/include/rosapi_msgs/srv/detail/node_details__traits.hpp
[2.985s] -- Up-to-date symlink: /home/athul/ros2_ws/install/rosapi_msgs/include/rosapi_msgs/srv/detail/nodes__builder.hpp
[2.985s] -- Up-to-date symlink: /home/athul/ros2_ws/install/rosapi_msgs/include/rosapi_msgs/srv/detail/nodes__struct.hpp
[2.985s] -- Up-to-date symlink: /home/athul/ros2_ws/install/rosapi_msgs/include/rosapi_msgs/srv/detail/nodes__traits.hpp
[2.985s] -- Up-to-date symlink: /home/athul/ros2_ws/install/rosapi_msgs/include/rosapi_msgs/srv/detail/publishers__builder.hpp
[2.986s] -- Up-to-date symlink: /home/athul/ros2_ws/install/rosapi_msgs/include/rosapi_msgs/srv/detail/publishers__struct.hpp
[2.986s] -- Up-to-date symlink: /home/athul/ros2_ws/install/rosapi_msgs/include/rosapi_msgs/srv/detail/publishers__traits.hpp
[2.986s] -- Up-to-date symlink: /home/athul/ros2_ws/install/rosapi_msgs/include/rosapi_msgs/srv/detail/service_node__builder.hpp
[2.986s] -- Up-to-date symlink: /home/athul/ros2_ws/install/rosapi_msgs/include/rosapi_msgs/srv/detail/service_node__struct.hpp
[2.987s] -- Up-to-date symlink: /home/athul/ros2_ws/install/rosapi_msgs/include/rosapi_msgs/srv/detail/service_node__traits.hpp
[2.987s] -- Up-to-date symlink: /home/athul/ros2_ws/install/rosapi_msgs/include/rosapi_msgs/srv/detail/service_providers__builder.hpp
[2.988s] -- Up-to-date symlink: /home/athul/ros2_ws/install/rosapi_msgs/include/rosapi_msgs/srv/detail/service_providers__struct.hpp
[2.996s] -- Up-to-date symlink: /home/athul/ros2_ws/install/rosapi_msgs/include/rosapi_msgs/srv/detail/service_providers__traits.hpp
[2.996s] -- Up-to-date symlink: /home/athul/ros2_ws/install/rosapi_msgs/include/rosapi_msgs/srv/detail/service_request_details__builder.hpp
[2.996s] -- Up-to-date symlink: /home/athul/ros2_ws/install/rosapi_msgs/include/rosapi_msgs/srv/detail/service_request_details__struct.hpp
[2.996s] -- Up-to-date symlink: /home/athul/ros2_ws/install/rosapi_msgs/include/rosapi_msgs/srv/detail/service_request_details__traits.hpp
[2.997s] -- Up-to-date symlink: /home/athul/ros2_ws/install/rosapi_msgs/include/rosapi_msgs/srv/detail/service_response_details__builder.hpp
[2.997s] -- Up-to-date symlink: /home/athul/ros2_ws/install/rosapi_msgs/include/rosapi_msgs/srv/detail/service_response_details__struct.hpp
[2.997s] -- Up-to-date symlink: /home/athul/ros2_ws/install/rosapi_msgs/include/rosapi_msgs/srv/detail/service_response_details__traits.hpp
[3.002s] -- Up-to-date symlink: /home/athul/ros2_ws/install/rosapi_msgs/include/rosapi_msgs/srv/detail/service_type__builder.hpp
[3.002s] -- Up-to-date symlink: /home/athul/ros2_ws/install/rosapi_msgs/include/rosapi_msgs/srv/detail/service_type__struct.hpp
[3.002s] -- Up-to-date symlink: /home/athul/ros2_ws/install/rosapi_msgs/include/rosapi_msgs/srv/detail/service_type__traits.hpp
[3.002s] -- Up-to-date symlink: /home/athul/ros2_ws/install/rosapi_msgs/include/rosapi_msgs/srv/detail/services__builder.hpp
[3.003s] -- Up-to-date symlink: /home/athul/ros2_ws/install/rosapi_msgs/include/rosapi_msgs/srv/detail/services__struct.hpp
[3.003s] -- Up-to-date symlink: /home/athul/ros2_ws/install/rosapi_msgs/include/rosapi_msgs/srv/detail/services__traits.hpp
[3.003s] -- Up-to-date symlink: /home/athul/ros2_ws/install/rosapi_msgs/include/rosapi_msgs/srv/detail/services_for_type__builder.hpp
[3.003s] -- Up-to-date symlink: /home/athul/ros2_ws/install/rosapi_msgs/include/rosapi_msgs/srv/detail/services_for_type__struct.hpp
[3.004s] -- Up-to-date symlink: /home/athul/ros2_ws/install/rosapi_msgs/include/rosapi_msgs/srv/detail/services_for_type__traits.hpp
[3.007s] -- Up-to-date symlink: /home/athul/ros2_ws/install/rosapi_msgs/include/rosapi_msgs/srv/detail/set_param__builder.hpp
[3.008s] -- Up-to-date symlink: /home/athul/ros2_ws/install/rosapi_msgs/include/rosapi_msgs/srv/detail/set_param__struct.hpp
[3.008s] -- Up-to-date symlink: /home/athul/ros2_ws/install/rosapi_msgs/include/rosapi_msgs/srv/detail/set_param__traits.hpp
[3.013s] -- Up-to-date symlink: /home/athul/ros2_ws/install/rosapi_msgs/include/rosapi_msgs/srv/detail/subscribers__builder.hpp
[3.013s] -- Up-to-date symlink: /home/athul/ros2_ws/install/rosapi_msgs/include/rosapi_msgs/srv/detail/subscribers__struct.hpp
[3.014s] -- Up-to-date symlink: /home/athul/ros2_ws/install/rosapi_msgs/include/rosapi_msgs/srv/detail/subscribers__traits.hpp
[3.014s] -- Up-to-date symlink: /home/athul/ros2_ws/install/rosapi_msgs/include/rosapi_msgs/srv/detail/topic_type__builder.hpp
[3.014s] -- Up-to-date symlink: /home/athul/ros2_ws/install/rosapi_msgs/include/rosapi_msgs/srv/detail/topic_type__struct.hpp
[3.014s] -- Up-to-date symlink: /home/athul/ros2_ws/install/rosapi_msgs/include/rosapi_msgs/srv/detail/topic_type__traits.hpp
[3.014s] -- Up-to-date symlink: /home/athul/ros2_ws/install/rosapi_msgs/include/rosapi_msgs/srv/detail/topics__builder.hpp
[3.015s] -- Up-to-date symlink: /home/athul/ros2_ws/install/rosapi_msgs/include/rosapi_msgs/srv/detail/topics__struct.hpp
[3.015s] -- Up-to-date symlink: /home/athul/ros2_ws/install/rosapi_msgs/include/rosapi_msgs/srv/detail/topics__traits.hpp
[3.015s] -- Up-to-date symlink: /home/athul/ros2_ws/install/rosapi_msgs/include/rosapi_msgs/srv/detail/topics_and_raw_types__builder.hpp
[3.015s] -- Up-to-date symlink: /home/athul/ros2_ws/install/rosapi_msgs/include/rosapi_msgs/srv/detail/topics_and_raw_types__struct.hpp
[3.016s] -- Up-to-date symlink: /home/athul/ros2_ws/install/rosapi_msgs/include/rosapi_msgs/srv/detail/topics_and_raw_types__traits.hpp
[3.019s] -- Up-to-date symlink: /home/athul/ros2_ws/install/rosapi_msgs/include/rosapi_msgs/srv/detail/topics_for_type__builder.hpp
[3.019s] -- Up-to-date symlink: /home/athul/ros2_ws/install/rosapi_msgs/include/rosapi_msgs/srv/detail/topics_for_type__struct.hpp
[3.020s] -- Up-to-date symlink: /home/athul/ros2_ws/install/rosapi_msgs/include/rosapi_msgs/srv/detail/topics_for_type__traits.hpp
[3.021s] -- Up-to-date symlink: /home/athul/ros2_ws/install/rosapi_msgs/include/rosapi_msgs/srv/get_action_servers.hpp
[3.021s] -- Up-to-date symlink: /home/athul/ros2_ws/install/rosapi_msgs/include/rosapi_msgs/srv/get_param.hpp
[3.021s] -- Up-to-date symlink: /home/athul/ros2_ws/install/rosapi_msgs/include/rosapi_msgs/srv/get_param_names.hpp
[3.021s] -- Up-to-date symlink: /home/athul/ros2_ws/install/rosapi_msgs/include/rosapi_msgs/srv/get_ros_version.hpp
[3.022s] -- Up-to-date symlink: /home/athul/ros2_ws/install/rosapi_msgs/include/rosapi_msgs/srv/get_time.hpp
[3.022s] -- Up-to-date symlink: /home/athul/ros2_ws/install/rosapi_msgs/include/rosapi_msgs/srv/has_param.hpp
[3.032s] -- Up-to-date symlink: /home/athul/ros2_ws/install/rosapi_msgs/include/rosapi_msgs/srv/message_details.hpp
[3.036s] -- Up-to-date symlink: /home/athul/ros2_ws/install/rosapi_msgs/include/rosapi_msgs/srv/node_details.hpp
[3.036s] -- Up-to-date symlink: /home/athul/ros2_ws/install/rosapi_msgs/include/rosapi_msgs/srv/nodes.hpp
[3.037s] -- Up-to-date symlink: /home/athul/ros2_ws/install/rosapi_msgs/include/rosapi_msgs/srv/publishers.hpp
[3.037s] -- Up-to-date symlink: /home/athul/ros2_ws/install/rosapi_msgs/include/rosapi_msgs/srv/service_node.hpp
[3.037s] -- Up-to-date symlink: /home/athul/ros2_ws/install/rosapi_msgs/include/rosapi_msgs/srv/service_providers.hpp
[3.037s] -- Up-to-date symlink: /home/athul/ros2_ws/install/rosapi_msgs/include/rosapi_msgs/srv/service_request_details.hpp
[3.038s] -- Up-to-date symlink: /home/athul/ros2_ws/install/rosapi_msgs/include/rosapi_msgs/srv/service_response_details.hpp
[3.038s] -- Up-to-date symlink: /home/athul/ros2_ws/install/rosapi_msgs/include/rosapi_msgs/srv/service_type.hpp
[3.038s] -- Up-to-date symlink: /home/athul/ros2_ws/install/rosapi_msgs/include/rosapi_msgs/srv/services.hpp
[3.038s] -- Up-to-date symlink: /home/athul/ros2_ws/install/rosapi_msgs/include/rosapi_msgs/srv/services_for_type.hpp
[3.038s] -- Up-to-date symlink: /home/athul/ros2_ws/install/rosapi_msgs/include/rosapi_msgs/srv/set_param.hpp
[3.039s] -- Up-to-date symlink: /home/athul/ros2_ws/install/rosapi_msgs/include/rosapi_msgs/srv/subscribers.hpp
[3.048s] -- Up-to-date symlink: /home/athul/ros2_ws/install/rosapi_msgs/include/rosapi_msgs/srv/topic_type.hpp
[3.048s] -- Up-to-date symlink: /home/athul/ros2_ws/install/rosapi_msgs/include/rosapi_msgs/srv/topics.hpp
[3.048s] -- Up-to-date symlink: /home/athul/ros2_ws/install/rosapi_msgs/include/rosapi_msgs/srv/topics_and_raw_types.hpp
[3.048s] -- Up-to-date symlink: /home/athul/ros2_ws/install/rosapi_msgs/include/rosapi_msgs/srv/topics_for_type.hpp
[3.049s] -- Up-to-date symlink: /home/athul/ros2_ws/install/rosapi_msgs/include/rosapi_msgs/msg/detail/type_def__rosidl_typesupport_introspection_cpp.hpp
[3.049s] -- Up-to-date symlink: /home/athul/ros2_ws/install/rosapi_msgs/include/rosapi_msgs/srv/detail/delete_param__rosidl_typesupport_introspection_cpp.hpp
[3.049s] -- Up-to-date symlink: /home/athul/ros2_ws/install/rosapi_msgs/include/rosapi_msgs/srv/detail/get_action_servers__rosidl_typesupport_introspection_cpp.hpp
[3.049s] -- Up-to-date symlink: /home/athul/ros2_ws/install/rosapi_msgs/include/rosapi_msgs/srv/detail/get_param__rosidl_typesupport_introspection_cpp.hpp
[3.049s] -- Up-to-date symlink: /home/athul/ros2_ws/install/rosapi_msgs/include/rosapi_msgs/srv/detail/get_param_names__rosidl_typesupport_introspection_cpp.hpp
[3.050s] -- Up-to-date symlink: /home/athul/ros2_ws/install/rosapi_msgs/include/rosapi_msgs/srv/detail/get_ros_version__rosidl_typesupport_introspection_cpp.hpp
[3.050s] -- Up-to-date symlink: /home/athul/ros2_ws/install/rosapi_msgs/include/rosapi_msgs/srv/detail/get_time__rosidl_typesupport_introspection_cpp.hpp
[3.050s] -- Up-to-date symlink: /home/athul/ros2_ws/install/rosapi_msgs/include/rosapi_msgs/srv/detail/has_param__rosidl_typesupport_introspection_cpp.hpp
[3.053s] -- Up-to-date symlink: /home/athul/ros2_ws/install/rosapi_msgs/include/rosapi_msgs/srv/detail/message_details__rosidl_typesupport_introspection_cpp.hpp
[3.053s] -- Up-to-date symlink: /home/athul/ros2_ws/install/rosapi_msgs/include/rosapi_msgs/srv/detail/node_details__rosidl_typesupport_introspection_cpp.hpp
[3.053s] -- Up-to-date symlink: /home/athul/ros2_ws/install/rosapi_msgs/include/rosapi_msgs/srv/detail/nodes__rosidl_typesupport_introspection_cpp.hpp
[3.054s] -- Up-to-date symlink: /home/athul/ros2_ws/install/rosapi_msgs/include/rosapi_msgs/srv/detail/publishers__rosidl_typesupport_introspection_cpp.hpp
[3.054s] -- Up-to-date symlink: /home/athul/ros2_ws/install/rosapi_msgs/include/rosapi_msgs/srv/detail/service_node__rosidl_typesupport_introspection_cpp.hpp
[3.054s] -- Up-to-date symlink: /home/athul/ros2_ws/install/rosapi_msgs/include/rosapi_msgs/srv/detail/service_providers__rosidl_typesupport_introspection_cpp.hpp
[3.054s] -- Up-to-date symlink: /home/athul/ros2_ws/install/rosapi_msgs/include/rosapi_msgs/srv/detail/service_request_details__rosidl_typesupport_introspection_cpp.hpp
[3.054s] -- Up-to-date symlink: /home/athul/ros2_ws/install/rosapi_msgs/include/rosapi_msgs/srv/detail/service_response_details__rosidl_typesupport_introspection_cpp.hpp
[3.055s] -- Up-to-date symlink: /home/athul/ros2_ws/install/rosapi_msgs/include/rosapi_msgs/srv/detail/service_type__rosidl_typesupport_introspection_cpp.hpp
[3.063s] -- Up-to-date symlink: /home/athul/ros2_ws/install/rosapi_msgs/include/rosapi_msgs/srv/detail/services__rosidl_typesupport_introspection_cpp.hpp
[3.064s] -- Up-to-date symlink: /home/athul/ros2_ws/install/rosapi_msgs/include/rosapi_msgs/srv/detail/services_for_type__rosidl_typesupport_introspection_cpp.hpp
[3.068s] -- Up-to-date symlink: /home/athul/ros2_ws/install/rosapi_msgs/include/rosapi_msgs/srv/detail/set_param__rosidl_typesupport_introspection_cpp.hpp
[3.069s] -- Up-to-date symlink: /home/athul/ros2_ws/install/rosapi_msgs/include/rosapi_msgs/srv/detail/subscribers__rosidl_typesupport_introspection_cpp.hpp
[3.069s] -- Up-to-date symlink: /home/athul/ros2_ws/install/rosapi_msgs/include/rosapi_msgs/srv/detail/topic_type__rosidl_typesupport_introspection_cpp.hpp
[3.069s] -- Up-to-date symlink: /home/athul/ros2_ws/install/rosapi_msgs/include/rosapi_msgs/srv/detail/topics__rosidl_typesupport_introspection_cpp.hpp
[3.071s] -- Up-to-date symlink: /home/athul/ros2_ws/install/rosapi_msgs/include/rosapi_msgs/srv/detail/topics_and_raw_types__rosidl_typesupport_introspection_cpp.hpp
[3.071s] -- Up-to-date symlink: /home/athul/ros2_ws/install/rosapi_msgs/include/rosapi_msgs/srv/detail/topics_for_type__rosidl_typesupport_introspection_cpp.hpp
[3.071s] -- Up-to-date symlink: /home/athul/ros2_ws/install/rosapi_msgs/share/rosapi_msgs/environment/pythonpath.sh
[3.072s] -- Up-to-date symlink: /home/athul/ros2_ws/install/rosapi_msgs/share/rosapi_msgs/environment/pythonpath.dsv
[3.073s] -- Up-to-date symlink: /home/athul/ros2_ws/install/rosapi_msgs/lib/python3.8/site-packages/rosapi_msgs/__init__.py
[3.073s] -- Up-to-date symlink: /home/athul/ros2_ws/install/rosapi_msgs/lib/python3.8/site-packages/rosapi_msgs/msg/__init__.py
[3.077s] -- Up-to-date symlink: /home/athul/ros2_ws/install/rosapi_msgs/lib/python3.8/site-packages/rosapi_msgs/msg/_type_def.py
[3.077s] -- Up-to-date symlink: /home/athul/ros2_ws/install/rosapi_msgs/lib/python3.8/site-packages/rosapi_msgs/srv/__init__.py
[3.078s] -- Up-to-date symlink: /home/athul/ros2_ws/install/rosapi_msgs/lib/python3.8/site-packages/rosapi_msgs/srv/_delete_param.py
[3.078s] -- Up-to-date symlink: /home/athul/ros2_ws/install/rosapi_msgs/lib/python3.8/site-packages/rosapi_msgs/srv/_get_action_servers.py
[3.079s] -- Up-to-date symlink: /home/athul/ros2_ws/install/rosapi_msgs/lib/python3.8/site-packages/rosapi_msgs/srv/_get_param.py
[3.079s] -- Up-to-date symlink: /home/athul/ros2_ws/install/rosapi_msgs/lib/python3.8/site-packages/rosapi_msgs/srv/_get_param_names.py
[3.082s] -- Up-to-date symlink: /home/athul/ros2_ws/install/rosapi_msgs/lib/python3.8/site-packages/rosapi_msgs/srv/_get_ros_version.py
[3.082s] -- Up-to-date symlink: /home/athul/ros2_ws/install/rosapi_msgs/lib/python3.8/site-packages/rosapi_msgs/srv/_get_time.py
[3.082s] -- Up-to-date symlink: /home/athul/ros2_ws/install/rosapi_msgs/lib/python3.8/site-packages/rosapi_msgs/srv/_has_param.py
[3.083s] -- Up-to-date symlink: /home/athul/ros2_ws/install/rosapi_msgs/lib/python3.8/site-packages/rosapi_msgs/srv/_message_details.py
[3.083s] -- Up-to-date symlink: /home/athul/ros2_ws/install/rosapi_msgs/lib/python3.8/site-packages/rosapi_msgs/srv/_node_details.py
[3.089s] -- Up-to-date symlink: /home/athul/ros2_ws/install/rosapi_msgs/lib/python3.8/site-packages/rosapi_msgs/srv/_nodes.py
[3.090s] -- Up-to-date symlink: /home/athul/ros2_ws/install/rosapi_msgs/lib/python3.8/site-packages/rosapi_msgs/srv/_publishers.py
[3.091s] -- Up-to-date symlink: /home/athul/ros2_ws/install/rosapi_msgs/lib/python3.8/site-packages/rosapi_msgs/srv/_service_node.py
[3.099s] -- Up-to-date symlink: /home/athul/ros2_ws/install/rosapi_msgs/lib/python3.8/site-packages/rosapi_msgs/srv/_service_providers.py
[3.100s] -- Up-to-date symlink: /home/athul/ros2_ws/install/rosapi_msgs/lib/python3.8/site-packages/rosapi_msgs/srv/_service_request_details.py
[3.101s] -- Up-to-date symlink: /home/athul/ros2_ws/install/rosapi_msgs/lib/python3.8/site-packages/rosapi_msgs/srv/_service_response_details.py
[3.101s] -- Up-to-date symlink: /home/athul/ros2_ws/install/rosapi_msgs/lib/python3.8/site-packages/rosapi_msgs/srv/_service_type.py
[3.102s] -- Up-to-date symlink: /home/athul/ros2_ws/install/rosapi_msgs/lib/python3.8/site-packages/rosapi_msgs/srv/_services.py
[3.103s] -- Up-to-date symlink: /home/athul/ros2_ws/install/rosapi_msgs/lib/python3.8/site-packages/rosapi_msgs/srv/_services_for_type.py
[3.104s] -- Up-to-date symlink: /home/athul/ros2_ws/install/rosapi_msgs/lib/python3.8/site-packages/rosapi_msgs/srv/_set_param.py
[3.104s] -- Up-to-date symlink: /home/athul/ros2_ws/install/rosapi_msgs/lib/python3.8/site-packages/rosapi_msgs/srv/_subscribers.py
[3.104s] -- Up-to-date symlink: /home/athul/ros2_ws/install/rosapi_msgs/lib/python3.8/site-packages/rosapi_msgs/srv/_topic_type.py
[3.105s] -- Up-to-date symlink: /home/athul/ros2_ws/install/rosapi_msgs/lib/python3.8/site-packages/rosapi_msgs/srv/_topics.py
[3.106s] -- Up-to-date symlink: /home/athul/ros2_ws/install/rosapi_msgs/lib/python3.8/site-packages/rosapi_msgs/srv/_topics_and_raw_types.py
[3.106s] -- Up-to-date symlink: /home/athul/ros2_ws/install/rosapi_msgs/lib/python3.8/site-packages/rosapi_msgs/srv/_topics_for_type.py
[3.111s] -- Up-to-date symlink: /home/athul/ros2_ws/install/rosapi_msgs/lib/python3.8/site-packages/rosapi_msgs/rosapi_msgs_s__rosidl_typesupport_fastrtps_c.cpython-38-x86_64-linux-gnu.so
[3.114s] -- Up-to-date symlink: /home/athul/ros2_ws/install/rosapi_msgs/lib/python3.8/site-packages/rosapi_msgs/rosapi_msgs_s__rosidl_typesupport_introspection_c.cpython-38-x86_64-linux-gnu.so
[3.134s] -- Up-to-date symlink: /home/athul/ros2_ws/install/rosapi_msgs/lib/python3.8/site-packages/rosapi_msgs/rosapi_msgs_s__rosidl_typesupport_c.cpython-38-x86_64-linux-gnu.so
[3.141s] -- Up-to-date symlink: /home/athul/ros2_ws/install/rosapi_msgs/lib/librosapi_msgs__python.so
[3.141s] -- Up-to-date symlink: /home/athul/ros2_ws/install/rosapi_msgs/share/rosapi_msgs/msg/TypeDef.idl
[3.141s] -- Up-to-date symlink: /home/athul/ros2_ws/install/rosapi_msgs/share/rosapi_msgs/srv/DeleteParam.idl
[3.141s] -- Up-to-date symlink: /home/athul/ros2_ws/install/rosapi_msgs/share/rosapi_msgs/srv/GetActionServers.idl
[3.141s] -- Up-to-date symlink: /home/athul/ros2_ws/install/rosapi_msgs/share/rosapi_msgs/srv/GetParam.idl
[3.142s] -- Up-to-date symlink: /home/athul/ros2_ws/install/rosapi_msgs/share/rosapi_msgs/srv/GetParamNames.idl
[3.142s] -- Up-to-date symlink: /home/athul/ros2_ws/install/rosapi_msgs/share/rosapi_msgs/srv/GetROSVersion.idl
[3.142s] -- Up-to-date symlink: /home/athul/ros2_ws/install/rosapi_msgs/share/rosapi_msgs/srv/GetTime.idl
[3.142s] -- Up-to-date symlink: /home/athul/ros2_ws/install/rosapi_msgs/share/rosapi_msgs/srv/HasParam.idl
[3.142s] -- Up-to-date symlink: /home/athul/ros2_ws/install/rosapi_msgs/share/rosapi_msgs/srv/MessageDetails.idl
[3.143s] -- Up-to-date symlink: /home/athul/ros2_ws/install/rosapi_msgs/share/rosapi_msgs/srv/Nodes.idl
[3.143s] -- Up-to-date symlink: /home/athul/ros2_ws/install/rosapi_msgs/share/rosapi_msgs/srv/NodeDetails.idl
[3.143s] -- Up-to-date symlink: /home/athul/ros2_ws/install/rosapi_msgs/share/rosapi_msgs/srv/Publishers.idl
[3.143s] -- Up-to-date symlink: /home/athul/ros2_ws/install/rosapi_msgs/share/rosapi_msgs/srv/ServiceNode.idl
[3.143s] -- Up-to-date symlink: /home/athul/ros2_ws/install/rosapi_msgs/share/rosapi_msgs/srv/ServiceProviders.idl
[3.143s] -- Up-to-date symlink: /home/athul/ros2_ws/install/rosapi_msgs/share/rosapi_msgs/srv/ServiceRequestDetails.idl
[3.144s] -- Up-to-date symlink: /home/athul/ros2_ws/install/rosapi_msgs/share/rosapi_msgs/srv/ServiceResponseDetails.idl
[3.144s] -- Up-to-date symlink: /home/athul/ros2_ws/install/rosapi_msgs/share/rosapi_msgs/srv/Services.idl
[3.144s] -- Up-to-date symlink: /home/athul/ros2_ws/install/rosapi_msgs/share/rosapi_msgs/srv/ServicesForType.idl
[3.144s] -- Up-to-date symlink: /home/athul/ros2_ws/install/rosapi_msgs/share/rosapi_msgs/srv/ServiceType.idl
[3.144s] -- Up-to-date symlink: /home/athul/ros2_ws/install/rosapi_msgs/share/rosapi_msgs/srv/SetParam.idl
[3.145s] -- Up-to-date symlink: /home/athul/ros2_ws/install/rosapi_msgs/share/rosapi_msgs/srv/Subscribers.idl
[3.145s] -- Up-to-date symlink: /home/athul/ros2_ws/install/rosapi_msgs/share/rosapi_msgs/srv/Topics.idl
[3.145s] -- Up-to-date symlink: /home/athul/ros2_ws/install/rosapi_msgs/share/rosapi_msgs/srv/TopicsAndRawTypes.idl
[3.168s] -- Up-to-date symlink: /home/athul/ros2_ws/install/rosapi_msgs/share/rosapi_msgs/srv/TopicsForType.idl
[3.169s] -- Up-to-date symlink: /home/athul/ros2_ws/install/rosapi_msgs/share/rosapi_msgs/srv/TopicType.idl
[3.169s] -- Up-to-date symlink: /home/athul/ros2_ws/install/rosapi_msgs/share/rosapi_msgs/msg/TypeDef.msg
[3.169s] -- Up-to-date symlink: /home/athul/ros2_ws/install/rosapi_msgs/share/rosapi_msgs/srv/DeleteParam.srv
[3.169s] -- Up-to-date symlink: /home/athul/ros2_ws/install/rosapi_msgs/share/rosapi_msgs/srv/DeleteParam_Request.msg
[3.169s] -- Up-to-date symlink: /home/athul/ros2_ws/install/rosapi_msgs/share/rosapi_msgs/srv/DeleteParam_Response.msg
[3.170s] -- Up-to-date symlink: /home/athul/ros2_ws/install/rosapi_msgs/share/rosapi_msgs/srv/GetActionServers.srv
[3.170s] -- Up-to-date symlink: /home/athul/ros2_ws/install/rosapi_msgs/share/rosapi_msgs/srv/GetActionServers_Request.msg
[3.170s] -- Up-to-date symlink: /home/athul/ros2_ws/install/rosapi_msgs/share/rosapi_msgs/srv/GetActionServers_Response.msg
[3.170s] -- Up-to-date symlink: /home/athul/ros2_ws/install/rosapi_msgs/share/rosapi_msgs/srv/GetParam.srv
[3.170s] -- Up-to-date symlink: /home/athul/ros2_ws/install/rosapi_msgs/share/rosapi_msgs/srv/GetParam_Request.msg
[3.171s] -- Up-to-date symlink: /home/athul/ros2_ws/install/rosapi_msgs/share/rosapi_msgs/srv/GetParam_Response.msg
[3.171s] -- Up-to-date symlink: /home/athul/ros2_ws/install/rosapi_msgs/share/rosapi_msgs/srv/GetParamNames.srv
[3.171s] -- Up-to-date symlink: /home/athul/ros2_ws/install/rosapi_msgs/share/rosapi_msgs/srv/GetParamNames_Request.msg
[3.171s] -- Up-to-date symlink: /home/athul/ros2_ws/install/rosapi_msgs/share/rosapi_msgs/srv/GetParamNames_Response.msg
[3.171s] -- Up-to-date symlink: /home/athul/ros2_ws/install/rosapi_msgs/share/rosapi_msgs/srv/GetROSVersion.srv
[3.172s] -- Up-to-date symlink: /home/athul/ros2_ws/install/rosapi_msgs/share/rosapi_msgs/srv/GetROSVersion_Request.msg
[3.172s] -- Up-to-date symlink: /home/athul/ros2_ws/install/rosapi_msgs/share/rosapi_msgs/srv/GetROSVersion_Response.msg
[3.178s] -- Up-to-date symlink: /home/athul/ros2_ws/install/rosapi_msgs/share/rosapi_msgs/srv/GetTime.srv
[3.178s] -- Up-to-date symlink: /home/athul/ros2_ws/install/rosapi_msgs/share/rosapi_msgs/srv/GetTime_Request.msg
[3.179s] -- Up-to-date symlink: /home/athul/ros2_ws/install/rosapi_msgs/share/rosapi_msgs/srv/GetTime_Response.msg
[3.179s] -- Up-to-date symlink: /home/athul/ros2_ws/install/rosapi_msgs/share/rosapi_msgs/srv/HasParam.srv
[3.179s] -- Up-to-date symlink: /home/athul/ros2_ws/install/rosapi_msgs/share/rosapi_msgs/srv/HasParam_Request.msg
[3.179s] -- Up-to-date symlink: /home/athul/ros2_ws/install/rosapi_msgs/share/rosapi_msgs/srv/HasParam_Response.msg
[3.179s] -- Up-to-date symlink: /home/athul/ros2_ws/install/rosapi_msgs/share/rosapi_msgs/srv/MessageDetails.srv
[3.180s] -- Up-to-date symlink: /home/athul/ros2_ws/install/rosapi_msgs/share/rosapi_msgs/srv/MessageDetails_Request.msg
[3.180s] -- Up-to-date symlink: /home/athul/ros2_ws/install/rosapi_msgs/share/rosapi_msgs/srv/MessageDetails_Response.msg
[3.183s] -- Up-to-date symlink: /home/athul/ros2_ws/install/rosapi_msgs/share/rosapi_msgs/srv/Nodes.srv
[3.183s] -- Up-to-date symlink: /home/athul/ros2_ws/install/rosapi_msgs/share/rosapi_msgs/srv/Nodes_Request.msg
[3.183s] -- Up-to-date symlink: /home/athul/ros2_ws/install/rosapi_msgs/share/rosapi_msgs/srv/Nodes_Response.msg
[3.210s] -- Up-to-date symlink: /home/athul/ros2_ws/install/rosapi_msgs/share/rosapi_msgs/srv/NodeDetails.srv
[3.210s] -- Up-to-date symlink: /home/athul/ros2_ws/install/rosapi_msgs/share/rosapi_msgs/srv/NodeDetails_Request.msg
[3.211s] -- Up-to-date symlink: /home/athul/ros2_ws/install/rosapi_msgs/share/rosapi_msgs/srv/NodeDetails_Response.msg
[3.211s] -- Up-to-date symlink: /home/athul/ros2_ws/install/rosapi_msgs/share/rosapi_msgs/srv/Publishers.srv
[3.211s] -- Up-to-date symlink: /home/athul/ros2_ws/install/rosapi_msgs/share/rosapi_msgs/srv/Publishers_Request.msg
[3.211s] -- Up-to-date symlink: /home/athul/ros2_ws/install/rosapi_msgs/share/rosapi_msgs/srv/Publishers_Response.msg
[3.211s] -- Up-to-date symlink: /home/athul/ros2_ws/install/rosapi_msgs/share/rosapi_msgs/srv/ServiceNode.srv
[3.212s] -- Up-to-date symlink: /home/athul/ros2_ws/install/rosapi_msgs/share/rosapi_msgs/srv/ServiceNode_Request.msg
[3.212s] -- Up-to-date symlink: /home/athul/ros2_ws/install/rosapi_msgs/share/rosapi_msgs/srv/ServiceNode_Response.msg
[3.212s] -- Up-to-date symlink: /home/athul/ros2_ws/install/rosapi_msgs/share/rosapi_msgs/srv/ServiceProviders.srv
[3.212s] -- Up-to-date symlink: /home/athul/ros2_ws/install/rosapi_msgs/share/rosapi_msgs/srv/ServiceProviders_Request.msg
[3.212s] -- Up-to-date symlink: /home/athul/ros2_ws/install/rosapi_msgs/share/rosapi_msgs/srv/ServiceProviders_Response.msg
[3.213s] -- Up-to-date symlink: /home/athul/ros2_ws/install/rosapi_msgs/share/rosapi_msgs/srv/ServiceRequestDetails.srv
[3.213s] -- Up-to-date symlink: /home/athul/ros2_ws/install/rosapi_msgs/share/rosapi_msgs/srv/ServiceRequestDetails_Request.msg
[3.213s] -- Up-to-date symlink: /home/athul/ros2_ws/install/rosapi_msgs/share/rosapi_msgs/srv/ServiceRequestDetails_Response.msg
[3.213s] -- Up-to-date symlink: /home/athul/ros2_ws/install/rosapi_msgs/share/rosapi_msgs/srv/ServiceResponseDetails.srv
[3.213s] -- Up-to-date symlink: /home/athul/ros2_ws/install/rosapi_msgs/share/rosapi_msgs/srv/ServiceResponseDetails_Request.msg
[3.214s] -- Up-to-date symlink: /home/athul/ros2_ws/install/rosapi_msgs/share/rosapi_msgs/srv/ServiceResponseDetails_Response.msg
[3.214s] -- Up-to-date symlink: /home/athul/ros2_ws/install/rosapi_msgs/share/rosapi_msgs/srv/Services.srv
[3.214s] -- Up-to-date symlink: /home/athul/ros2_ws/install/rosapi_msgs/share/rosapi_msgs/srv/Services_Request.msg
[3.214s] -- Up-to-date symlink: /home/athul/ros2_ws/install/rosapi_msgs/share/rosapi_msgs/srv/Services_Response.msg
[3.214s] -- Up-to-date symlink: /home/athul/ros2_ws/install/rosapi_msgs/share/rosapi_msgs/srv/ServicesForType.srv
[3.214s] -- Up-to-date symlink: /home/athul/ros2_ws/install/rosapi_msgs/share/rosapi_msgs/srv/ServicesForType_Request.msg
[3.215s] -- Up-to-date symlink: /home/athul/ros2_ws/install/rosapi_msgs/share/rosapi_msgs/srv/ServicesForType_Response.msg
[3.215s] -- Up-to-date symlink: /home/athul/ros2_ws/install/rosapi_msgs/share/rosapi_msgs/srv/ServiceType.srv
[3.215s] -- Up-to-date symlink: /home/athul/ros2_ws/install/rosapi_msgs/share/rosapi_msgs/srv/ServiceType_Request.msg
[3.215s] -- Up-to-date symlink: /home/athul/ros2_ws/install/rosapi_msgs/share/rosapi_msgs/srv/ServiceType_Response.msg
[3.217s] -- Up-to-date symlink: /home/athul/ros2_ws/install/rosapi_msgs/share/rosapi_msgs/srv/SetParam.srv
[3.218s] -- Up-to-date symlink: /home/athul/ros2_ws/install/rosapi_msgs/share/rosapi_msgs/srv/SetParam_Request.msg
[3.219s] -- Up-to-date symlink: /home/athul/ros2_ws/install/rosapi_msgs/share/rosapi_msgs/srv/SetParam_Response.msg
[3.220s] -- Up-to-date symlink: /home/athul/ros2_ws/install/rosapi_msgs/share/rosapi_msgs/srv/Subscribers.srv
[3.221s] -- Up-to-date symlink: /home/athul/ros2_ws/install/rosapi_msgs/share/rosapi_msgs/srv/Subscribers_Request.msg
[3.223s] -- Up-to-date symlink: /home/athul/ros2_ws/install/rosapi_msgs/share/rosapi_msgs/srv/Subscribers_Response.msg
[3.224s] -- Up-to-date symlink: /home/athul/ros2_ws/install/rosapi_msgs/share/rosapi_msgs/srv/Topics.srv
[3.225s] -- Up-to-date symlink: /home/athul/ros2_ws/install/rosapi_msgs/share/rosapi_msgs/srv/Topics_Request.msg
[3.226s] -- Up-to-date symlink: /home/athul/ros2_ws/install/rosapi_msgs/share/rosapi_msgs/srv/Topics_Response.msg
[3.227s] -- Up-to-date symlink: /home/athul/ros2_ws/install/rosapi_msgs/share/rosapi_msgs/srv/TopicsAndRawTypes.srv
[3.228s] -- Up-to-date symlink: /home/athul/ros2_ws/install/rosapi_msgs/share/rosapi_msgs/srv/TopicsAndRawTypes_Request.msg
[3.229s] -- Up-to-date symlink: /home/athul/ros2_ws/install/rosapi_msgs/share/rosapi_msgs/srv/TopicsAndRawTypes_Response.msg
[3.230s] -- Up-to-date symlink: /home/athul/ros2_ws/install/rosapi_msgs/share/rosapi_msgs/srv/TopicsForType.srv
[3.232s] -- Up-to-date symlink: /home/athul/ros2_ws/install/rosapi_msgs/share/rosapi_msgs/srv/TopicsForType_Request.msg
[3.235s] -- Up-to-date symlink: /home/athul/ros2_ws/install/rosapi_msgs/share/rosapi_msgs/srv/TopicsForType_Response.msg
[3.236s] -- Up-to-date symlink: /home/athul/ros2_ws/install/rosapi_msgs/share/rosapi_msgs/srv/TopicType.srv
[3.237s] -- Up-to-date symlink: /home/athul/ros2_ws/install/rosapi_msgs/share/rosapi_msgs/srv/TopicType_Request.msg
[3.238s] -- Up-to-date symlink: /home/athul/ros2_ws/install/rosapi_msgs/share/rosapi_msgs/srv/TopicType_Response.msg
[3.239s] -- Up-to-date symlink: /home/athul/ros2_ws/install/rosapi_msgs/share/ament_index/resource_index/package_run_dependencies/rosapi_msgs
[3.240s] -- Up-to-date symlink: /home/athul/ros2_ws/install/rosapi_msgs/share/ament_index/resource_index/parent_prefix_path/rosapi_msgs
[3.242s] -- Up-to-date symlink: /home/athul/ros2_ws/install/rosapi_msgs/share/rosapi_msgs/environment/ament_prefix_path.sh
[3.243s] -- Up-to-date symlink: /home/athul/ros2_ws/install/rosapi_msgs/share/rosapi_msgs/environment/ament_prefix_path.dsv
[3.245s] -- Up-to-date symlink: /home/athul/ros2_ws/install/rosapi_msgs/share/rosapi_msgs/environment/path.sh
[3.246s] -- Up-to-date symlink: /home/athul/ros2_ws/install/rosapi_msgs/share/rosapi_msgs/environment/path.dsv
[3.247s] -- Up-to-date symlink: /home/athul/ros2_ws/install/rosapi_msgs/share/rosapi_msgs/local_setup.bash
[3.248s] -- Up-to-date symlink: /home/athul/ros2_ws/install/rosapi_msgs/share/rosapi_msgs/local_setup.sh
[3.249s] -- Up-to-date symlink: /home/athul/ros2_ws/install/rosapi_msgs/share/rosapi_msgs/local_setup.zsh
[3.250s] -- Up-to-date symlink: /home/athul/ros2_ws/install/rosapi_msgs/share/rosapi_msgs/local_setup.dsv
[3.251s] -- Symlinking: /home/athul/ros2_ws/install/rosapi_msgs/share/rosapi_msgs/package.dsv
[3.283s] -- Up-to-date symlink: /home/athul/ros2_ws/install/rosapi_msgs/share/ament_index/resource_index/packages/rosapi_msgs
[3.283s] -- Up-to-date symlink: /home/athul/ros2_ws/install/rosapi_msgs/share/rosapi_msgs/cmake/rosidl_cmake-extras.cmake
[3.283s] -- Up-to-date symlink: /home/athul/ros2_ws/install/rosapi_msgs/share/rosapi_msgs/cmake/ament_cmake_export_dependencies-extras.cmake
[3.284s] -- Up-to-date symlink: /home/athul/ros2_ws/install/rosapi_msgs/share/rosapi_msgs/cmake/ament_cmake_export_libraries-extras.cmake
[3.284s] -- Up-to-date symlink: /home/athul/ros2_ws/install/rosapi_msgs/share/rosapi_msgs/cmake/ament_cmake_export_targets-extras.cmake
[3.284s] -- Up-to-date symlink: /home/athul/ros2_ws/install/rosapi_msgs/share/rosapi_msgs/cmake/ament_cmake_export_include_directories-extras.cmake
[3.284s] -- Up-to-date symlink: /home/athul/ros2_ws/install/rosapi_msgs/share/rosapi_msgs/cmake/rosidl_cmake_export_typesupport_libraries-extras.cmake
[3.285s] -- Up-to-date symlink: /home/athul/ros2_ws/install/rosapi_msgs/share/rosapi_msgs/cmake/rosidl_cmake_export_typesupport_targets-extras.cmake
[3.285s] -- Up-to-date symlink: /home/athul/ros2_ws/install/rosapi_msgs/share/rosapi_msgs/cmake/rosapi_msgsConfig.cmake
[3.285s] -- Up-to-date symlink: /home/athul/ros2_ws/install/rosapi_msgs/share/rosapi_msgs/cmake/rosapi_msgsConfig-version.cmake
[3.286s] -- Up-to-date symlink: /home/athul/ros2_ws/install/rosapi_msgs/share/rosapi_msgs/package.xml
[3.288s] -- Up-to-date: /home/athul/ros2_ws/install/rosapi_msgs/lib/librosapi_msgs__rosidl_generator_c.so
[3.288s] -- Up-to-date: /home/athul/ros2_ws/install/rosapi_msgs/lib/librosapi_msgs__rosidl_typesupport_introspection_c.so
[3.289s] -- Up-to-date: /home/athul/ros2_ws/install/rosapi_msgs/lib/librosapi_msgs__rosidl_typesupport_c.so
[3.290s] -- Up-to-date: /home/athul/ros2_ws/install/rosapi_msgs/lib/librosapi_msgs__rosidl_typesupport_introspection_cpp.so
[3.291s] -- Up-to-date: /home/athul/ros2_ws/install/rosapi_msgs/lib/librosapi_msgs__rosidl_typesupport_cpp.so
[3.386s] -- Up-to-date: /home/athul/ros2_ws/install/rosapi_msgs/share/rosapi_msgs/cmake/rosapi_msgs__rosidl_generator_cExport.cmake
[3.387s] -- Up-to-date: /home/athul/ros2_ws/install/rosapi_msgs/share/rosapi_msgs/cmake/rosapi_msgs__rosidl_generator_cExport-noconfig.cmake
[3.387s] -- Up-to-date: /home/athul/ros2_ws/install/rosapi_msgs/share/rosapi_msgs/cmake/rosapi_msgs__rosidl_typesupport_introspection_cExport.cmake
[3.387s] -- Up-to-date: /home/athul/ros2_ws/install/rosapi_msgs/share/rosapi_msgs/cmake/rosapi_msgs__rosidl_typesupport_introspection_cExport-noconfig.cmake
[3.388s] -- Up-to-date: /home/athul/ros2_ws/install/rosapi_msgs/share/rosapi_msgs/cmake/rosapi_msgs__rosidl_typesupport_cExport.cmake
[3.388s] -- Up-to-date: /home/athul/ros2_ws/install/rosapi_msgs/share/rosapi_msgs/cmake/rosapi_msgs__rosidl_typesupport_cExport-noconfig.cmake
[3.388s] -- Up-to-date: /home/athul/ros2_ws/install/rosapi_msgs/share/rosapi_msgs/cmake/rosapi_msgs__rosidl_generator_cppExport.cmake
[3.389s] -- Up-to-date: /home/athul/ros2_ws/install/rosapi_msgs/share/rosapi_msgs/cmake/rosapi_msgs__rosidl_typesupport_introspection_cppExport.cmake
[3.389s] -- Up-to-date: /home/athul/ros2_ws/install/rosapi_msgs/share/rosapi_msgs/cmake/rosapi_msgs__rosidl_typesupport_introspection_cppExport-noconfig.cmake
[3.389s] -- Up-to-date: /home/athul/ros2_ws/install/rosapi_msgs/share/rosapi_msgs/cmake/rosapi_msgs__rosidl_typesupport_cppExport.cmake
[3.389s] -- Up-to-date: /home/athul/ros2_ws/install/rosapi_msgs/share/rosapi_msgs/cmake/rosapi_msgs__rosidl_typesupport_cppExport-noconfig.cmake
[3.404s] Invoked command in '/home/athul/ros2_ws/build/rosapi_msgs' returned '0': CMAKE_PREFIX_PATH=${CMAKE_PREFIX_PATH}:/home/athul/dev_ws/install/serial_motor_demo:/opt/ros/foxy /usr/bin/cmake --install /home/athul/ros2_ws/build/rosapi_msgs
