[0.072s] Invoking command in '/home/athul/ros2_ws/build/rosbridge_library': CMAKE_PREFIX_PATH=/home/athul/ros2_ws/install/rosbridge_test_msgs:/home/athul/ros2_ws/install/serial_motor_demo_msgs:/home/athul/ros2_ws/install/rosbridge_suite:/home/athul/ros2_ws/install/rosbridge_server:/home/athul/ros2_ws/install/rosbridge_msgs:/home/athul/ros2_ws/install/rosapi:/home/athul/ros2_ws/install/rosbridge_library:/home/athul/ros2_ws/install/rosapi_msgs:/home/athul/ros2_ws/install/my_bot:/home/athul/ros2_ws/install/gazebo_ros2_control_demos:/home/athul/ros2_ws/install/gazebo_ros2_control:/home/athul/ros2_ws/install/serial_motor_demo:/opt/ros/foxy LD_LIBRARY_PATH=/home/athul/ros2_ws/install/rosbridge_test_msgs/lib:/home/athul/ros2_ws/install/serial_motor_demo_msgs/lib:/home/athul/ros2_ws/install/rosbridge_msgs/lib:/home/athul/ros2_ws/install/rosapi_msgs/lib:/home/athul/ros2_ws/install/gazebo_ros2_control/lib:/usr/lib/x86_64-linux-gnu/gazebo-11/plugins:/opt/ros/foxy/opt/yaml_cpp_vendor/lib:/opt/ros/foxy/opt/rviz_ogre_vendor/lib:/opt/ros/foxy/lib/x86_64-linux-gnu:/opt/ros/foxy/lib PYTHONPATH=/home/athul/ros2_ws/install/rosbridge_test_msgs/lib/python3.8/site-packages:/home/athul/ros2_ws/build/serial_motor_demo:/home/athul/ros2_ws/install/serial_motor_demo/lib/python3.8/site-packages:/home/athul/ros2_ws/install/serial_motor_demo_msgs/lib/python3.8/site-packages:/home/athul/ros2_ws/install/rosbridge_server/lib/python3.8/site-packages:/home/athul/ros2_ws/install/rosbridge_msgs/lib/python3.8/site-packages:/home/athul/ros2_ws/install/rosapi/lib/python3.8/site-packages:/home/athul/ros2_ws/install/rosbridge_library/lib/python3.8/site-packages:/home/athul/ros2_ws/install/rosapi_msgs/lib/python3.8/site-packages:/opt/ros/foxy/lib/python3.8/site-packages /usr/bin/cmake --build /home/athul/ros2_ws/build/rosbridge_library -- -j4 -l4
[0.205s] Invoked command in '/home/athul/ros2_ws/build/rosbridge_library' returned '0': CMAKE_PREFIX_PATH=/home/athul/ros2_ws/install/rosbridge_test_msgs:/home/athul/ros2_ws/install/serial_motor_demo_msgs:/home/athul/ros2_ws/install/rosbridge_suite:/home/athul/ros2_ws/install/rosbridge_server:/home/athul/ros2_ws/install/rosbridge_msgs:/home/athul/ros2_ws/install/rosapi:/home/athul/ros2_ws/install/rosbridge_library:/home/athul/ros2_ws/install/rosapi_msgs:/home/athul/ros2_ws/install/my_bot:/home/athul/ros2_ws/install/gazebo_ros2_control_demos:/home/athul/ros2_ws/install/gazebo_ros2_control:/home/athul/ros2_ws/install/serial_motor_demo:/opt/ros/foxy LD_LIBRARY_PATH=/home/athul/ros2_ws/install/rosbridge_test_msgs/lib:/home/athul/ros2_ws/install/serial_motor_demo_msgs/lib:/home/athul/ros2_ws/install/rosbridge_msgs/lib:/home/athul/ros2_ws/install/rosapi_msgs/lib:/home/athul/ros2_ws/install/gazebo_ros2_control/lib:/usr/lib/x86_64-linux-gnu/gazebo-11/plugins:/opt/ros/foxy/opt/yaml_cpp_vendor/lib:/opt/ros/foxy/opt/rviz_ogre_vendor/lib:/opt/ros/foxy/lib/x86_64-linux-gnu:/opt/ros/foxy/lib PYTHONPATH=/home/athul/ros2_ws/install/rosbridge_test_msgs/lib/python3.8/site-packages:/home/athul/ros2_ws/build/serial_motor_demo:/home/athul/ros2_ws/install/serial_motor_demo/lib/python3.8/site-packages:/home/athul/ros2_ws/install/serial_motor_demo_msgs/lib/python3.8/site-packages:/home/athul/ros2_ws/install/rosbridge_server/lib/python3.8/site-packages:/home/athul/ros2_ws/install/rosbridge_msgs/lib/python3.8/site-packages:/home/athul/ros2_ws/install/rosapi/lib/python3.8/site-packages:/home/athul/ros2_ws/install/rosbridge_library/lib/python3.8/site-packages:/home/athul/ros2_ws/install/rosapi_msgs/lib/python3.8/site-packages:/opt/ros/foxy/lib/python3.8/site-packages /usr/bin/cmake --build /home/athul/ros2_ws/build/rosbridge_library -- -j4 -l4
[0.378s] Invoking command in '/home/athul/ros2_ws/build/rosbridge_library': CMAKE_PREFIX_PATH=/home/athul/ros2_ws/install/rosbridge_test_msgs:/home/athul/ros2_ws/install/serial_motor_demo_msgs:/home/athul/ros2_ws/install/rosbridge_suite:/home/athul/ros2_ws/install/rosbridge_server:/home/athul/ros2_ws/install/rosbridge_msgs:/home/athul/ros2_ws/install/rosapi:/home/athul/ros2_ws/install/rosbridge_library:/home/athul/ros2_ws/install/rosapi_msgs:/home/athul/ros2_ws/install/my_bot:/home/athul/ros2_ws/install/gazebo_ros2_control_demos:/home/athul/ros2_ws/install/gazebo_ros2_control:/home/athul/ros2_ws/install/serial_motor_demo:/opt/ros/foxy LD_LIBRARY_PATH=/home/athul/ros2_ws/install/rosbridge_test_msgs/lib:/home/athul/ros2_ws/install/serial_motor_demo_msgs/lib:/home/athul/ros2_ws/install/rosbridge_msgs/lib:/home/athul/ros2_ws/install/rosapi_msgs/lib:/home/athul/ros2_ws/install/gazebo_ros2_control/lib:/usr/lib/x86_64-linux-gnu/gazebo-11/plugins:/opt/ros/foxy/opt/yaml_cpp_vendor/lib:/opt/ros/foxy/opt/rviz_ogre_vendor/lib:/opt/ros/foxy/lib/x86_64-linux-gnu:/opt/ros/foxy/lib PYTHONPATH=/home/athul/ros2_ws/install/rosbridge_test_msgs/lib/python3.8/site-packages:/home/athul/ros2_ws/build/serial_motor_demo:/home/athul/ros2_ws/install/serial_motor_demo/lib/python3.8/site-packages:/home/athul/ros2_ws/install/serial_motor_demo_msgs/lib/python3.8/site-packages:/home/athul/ros2_ws/install/rosbridge_server/lib/python3.8/site-packages:/home/athul/ros2_ws/install/rosbridge_msgs/lib/python3.8/site-packages:/home/athul/ros2_ws/install/rosapi/lib/python3.8/site-packages:/home/athul/ros2_ws/install/rosbridge_library/lib/python3.8/site-packages:/home/athul/ros2_ws/install/rosapi_msgs/lib/python3.8/site-packages:/opt/ros/foxy/lib/python3.8/site-packages /usr/bin/cmake --install /home/athul/ros2_ws/build/rosbridge_library
[0.405s] -- Install configuration: ""
[0.406s] -- Execute custom install script
[0.407s] -- Up-to-date symlink: /home/athul/ros2_ws/install/rosbridge_library/share/rosbridge_library/environment/pythonpath.sh
[0.407s] -- Up-to-date symlink: /home/athul/ros2_ws/install/rosbridge_library/share/rosbridge_library/environment/pythonpath.dsv
[0.411s] -- Up-to-date symlink: /home/athul/ros2_ws/install/rosbridge_library/lib/python3.8/site-packages/rosbridge_library/__init__.py
[0.412s] -- Up-to-date symlink: /home/athul/ros2_ws/install/rosbridge_library/lib/python3.8/site-packages/rosbridge_library/capabilities/__init__.py
[0.413s] -- Up-to-date symlink: /home/athul/ros2_ws/install/rosbridge_library/lib/python3.8/site-packages/rosbridge_library/capabilities/advertise.py
[0.413s] -- Up-to-date symlink: /home/athul/ros2_ws/install/rosbridge_library/lib/python3.8/site-packages/rosbridge_library/capabilities/advertise_service.py
[0.414s] -- Up-to-date symlink: /home/athul/ros2_ws/install/rosbridge_library/lib/python3.8/site-packages/rosbridge_library/capabilities/call_service.py
[0.414s] -- Up-to-date symlink: /home/athul/ros2_ws/install/rosbridge_library/lib/python3.8/site-packages/rosbridge_library/capabilities/defragmentation.py
[0.415s] -- Up-to-date symlink: /home/athul/ros2_ws/install/rosbridge_library/lib/python3.8/site-packages/rosbridge_library/capabilities/fragmentation.py
[0.415s] -- Up-to-date symlink: /home/athul/ros2_ws/install/rosbridge_library/lib/python3.8/site-packages/rosbridge_library/capabilities/publish.py
[0.416s] -- Up-to-date symlink: /home/athul/ros2_ws/install/rosbridge_library/lib/python3.8/site-packages/rosbridge_library/capabilities/service_response.py
[0.417s] -- Up-to-date symlink: /home/athul/ros2_ws/install/rosbridge_library/lib/python3.8/site-packages/rosbridge_library/capabilities/subscribe.py
[0.418s] -- Up-to-date symlink: /home/athul/ros2_ws/install/rosbridge_library/lib/python3.8/site-packages/rosbridge_library/capabilities/unadvertise_service.py
[0.418s] -- Up-to-date symlink: /home/athul/ros2_ws/install/rosbridge_library/lib/python3.8/site-packages/rosbridge_library/capability.py
[0.418s] -- Up-to-date symlink: /home/athul/ros2_ws/install/rosbridge_library/lib/python3.8/site-packages/rosbridge_library/internal/__init__.py
[0.418s] -- Up-to-date symlink: /home/athul/ros2_ws/install/rosbridge_library/lib/python3.8/site-packages/rosbridge_library/internal/cbor_conversion.py
[0.419s] -- Up-to-date symlink: /home/athul/ros2_ws/install/rosbridge_library/lib/python3.8/site-packages/rosbridge_library/internal/exceptions.py
[0.419s] -- Up-to-date symlink: /home/athul/ros2_ws/install/rosbridge_library/lib/python3.8/site-packages/rosbridge_library/internal/message_conversion.py
[0.420s] -- Up-to-date symlink: /home/athul/ros2_ws/install/rosbridge_library/lib/python3.8/site-packages/rosbridge_library/internal/outgoing_message.py
[0.421s] -- Up-to-date symlink: /home/athul/ros2_ws/install/rosbridge_library/lib/python3.8/site-packages/rosbridge_library/internal/pngcompression.py
[0.422s] -- Up-to-date symlink: /home/athul/ros2_ws/install/rosbridge_library/lib/python3.8/site-packages/rosbridge_library/internal/publishers.py
[0.422s] -- Up-to-date symlink: /home/athul/ros2_ws/install/rosbridge_library/lib/python3.8/site-packages/rosbridge_library/internal/ros_loader.py
[0.429s] -- Up-to-date symlink: /home/athul/ros2_ws/install/rosbridge_library/lib/python3.8/site-packages/rosbridge_library/internal/services.py
[0.437s] -- Up-to-date symlink: /home/athul/ros2_ws/install/rosbridge_library/lib/python3.8/site-packages/rosbridge_library/internal/subscribers.py
[0.437s] -- Up-to-date symlink: /home/athul/ros2_ws/install/rosbridge_library/lib/python3.8/site-packages/rosbridge_library/internal/subscription_modifiers.py
[0.437s] -- Up-to-date symlink: /home/athul/ros2_ws/install/rosbridge_library/lib/python3.8/site-packages/rosbridge_library/internal/topics.py
[0.437s] -- Up-to-date symlink: /home/athul/ros2_ws/install/rosbridge_library/lib/python3.8/site-packages/rosbridge_library/protocol.py
[0.438s] -- Up-to-date symlink: /home/athul/ros2_ws/install/rosbridge_library/lib/python3.8/site-packages/rosbridge_library/rosbridge_protocol.py
[0.438s] -- Up-to-date symlink: /home/athul/ros2_ws/install/rosbridge_library/lib/python3.8/site-packages/rosbridge_library/util/__init__.py
[0.438s] -- Up-to-date symlink: /home/athul/ros2_ws/install/rosbridge_library/lib/python3.8/site-packages/rosbridge_library/util/cbor.py
[0.438s] -- Up-to-date symlink: /home/athul/ros2_ws/install/rosbridge_library/share/ament_index/resource_index/package_run_dependencies/rosbridge_library
[0.438s] -- Up-to-date symlink: /home/athul/ros2_ws/install/rosbridge_library/share/ament_index/resource_index/parent_prefix_path/rosbridge_library
[0.438s] -- Up-to-date symlink: /home/athul/ros2_ws/install/rosbridge_library/share/rosbridge_library/environment/ament_prefix_path.sh
[0.439s] -- Up-to-date symlink: /home/athul/ros2_ws/install/rosbridge_library/share/rosbridge_library/environment/ament_prefix_path.dsv
[0.439s] -- Up-to-date symlink: /home/athul/ros2_ws/install/rosbridge_library/share/rosbridge_library/environment/path.sh
[0.439s] -- Up-to-date symlink: /home/athul/ros2_ws/install/rosbridge_library/share/rosbridge_library/environment/path.dsv
[0.439s] -- Up-to-date symlink: /home/athul/ros2_ws/install/rosbridge_library/share/rosbridge_library/local_setup.bash
[0.439s] -- Up-to-date symlink: /home/athul/ros2_ws/install/rosbridge_library/share/rosbridge_library/local_setup.sh
[0.439s] -- Up-to-date symlink: /home/athul/ros2_ws/install/rosbridge_library/share/rosbridge_library/local_setup.zsh
[0.440s] -- Up-to-date symlink: /home/athul/ros2_ws/install/rosbridge_library/share/rosbridge_library/local_setup.dsv
[0.440s] -- Symlinking: /home/athul/ros2_ws/install/rosbridge_library/share/rosbridge_library/package.dsv
[0.479s] -- Up-to-date symlink: /home/athul/ros2_ws/install/rosbridge_library/share/ament_index/resource_index/packages/rosbridge_library
[0.480s] -- Up-to-date symlink: /home/athul/ros2_ws/install/rosbridge_library/share/rosbridge_library/cmake/rosbridge_libraryConfig.cmake
[0.480s] -- Up-to-date symlink: /home/athul/ros2_ws/install/rosbridge_library/share/rosbridge_library/cmake/rosbridge_libraryConfig-version.cmake
[0.480s] -- Up-to-date symlink: /home/athul/ros2_ws/install/rosbridge_library/share/rosbridge_library/package.xml
[0.586s] Listing '/home/athul/ros2_ws/install/rosbridge_library/lib/python3.8/site-packages/rosbridge_library'...
[0.586s] Listing '/home/athul/ros2_ws/install/rosbridge_library/lib/python3.8/site-packages/rosbridge_library/capabilities'...
[0.586s] Listing '/home/athul/ros2_ws/install/rosbridge_library/lib/python3.8/site-packages/rosbridge_library/internal'...
[0.586s] Listing '/home/athul/ros2_ws/install/rosbridge_library/lib/python3.8/site-packages/rosbridge_library/util'...
[1.030s] Invoked command in '/home/athul/ros2_ws/build/rosbridge_library' returned '0': CMAKE_PREFIX_PATH=/home/athul/ros2_ws/install/rosbridge_test_msgs:/home/athul/ros2_ws/install/serial_motor_demo_msgs:/home/athul/ros2_ws/install/rosbridge_suite:/home/athul/ros2_ws/install/rosbridge_server:/home/athul/ros2_ws/install/rosbridge_msgs:/home/athul/ros2_ws/install/rosapi:/home/athul/ros2_ws/install/rosbridge_library:/home/athul/ros2_ws/install/rosapi_msgs:/home/athul/ros2_ws/install/my_bot:/home/athul/ros2_ws/install/gazebo_ros2_control_demos:/home/athul/ros2_ws/install/gazebo_ros2_control:/home/athul/ros2_ws/install/serial_motor_demo:/opt/ros/foxy LD_LIBRARY_PATH=/home/athul/ros2_ws/install/rosbridge_test_msgs/lib:/home/athul/ros2_ws/install/serial_motor_demo_msgs/lib:/home/athul/ros2_ws/install/rosbridge_msgs/lib:/home/athul/ros2_ws/install/rosapi_msgs/lib:/home/athul/ros2_ws/install/gazebo_ros2_control/lib:/usr/lib/x86_64-linux-gnu/gazebo-11/plugins:/opt/ros/foxy/opt/yaml_cpp_vendor/lib:/opt/ros/foxy/opt/rviz_ogre_vendor/lib:/opt/ros/foxy/lib/x86_64-linux-gnu:/opt/ros/foxy/lib PYTHONPATH=/home/athul/ros2_ws/install/rosbridge_test_msgs/lib/python3.8/site-packages:/home/athul/ros2_ws/build/serial_motor_demo:/home/athul/ros2_ws/install/serial_motor_demo/lib/python3.8/site-packages:/home/athul/ros2_ws/install/serial_motor_demo_msgs/lib/python3.8/site-packages:/home/athul/ros2_ws/install/rosbridge_server/lib/python3.8/site-packages:/home/athul/ros2_ws/install/rosbridge_msgs/lib/python3.8/site-packages:/home/athul/ros2_ws/install/rosapi/lib/python3.8/site-packages:/home/athul/ros2_ws/install/rosbridge_library/lib/python3.8/site-packages:/home/athul/ros2_ws/install/rosapi_msgs/lib/python3.8/site-packages:/opt/ros/foxy/lib/python3.8/site-packages /usr/bin/cmake --install /home/athul/ros2_ws/build/rosbridge_library
