[0.073s] Invoking command in '/home/athul/ros2_ws/build/rosbridge_msgs': CMAKE_PREFIX_PATH=${CMAKE_PREFIX_PATH}:/home/athul/dev_ws/install/serial_motor_demo:/opt/ros/foxy /usr/bin/cmake --build /home/athul/ros2_ws/build/rosbridge_msgs -- -j4 -l4
[0.236s] [  2%] Built target rosbridge_msgs__cpp
[0.289s] [ 12%] Built target rosbridge_msgs__rosidl_generator_c
[0.353s] [ 23%] Built target rosbridge_msgs__rosidl_typesupport_introspection_cpp
[0.390s] [ 33%] Built target rosbridge_msgs__rosidl_typesupport_cpp
[0.441s] [ 43%] Built target rosbridge_msgs__rosidl_typesupport_introspection_c
[0.476s] [ 53%] Built target rosbridge_msgs__rosidl_typesupport_fastrtps_cpp
[0.542s] [ 64%] Built target rosbridge_msgs__rosidl_typesupport_c
[0.689s] [ 74%] Built target rosbridge_msgs__rosidl_typesupport_fastrtps_c
[0.784s] [ 74%] Built target rosbridge_msgs
[0.839s] [ 76%] Built target rosbridge_msgs__py
[0.937s] [ 84%] Built target rosbridge_msgs__python
[1.063s] [ 92%] Built target rosbridge_msgs__rosidl_typesupport_fastrtps_c__pyext
[1.065s] [ 94%] Built target rosbridge_msgs__rosidl_typesupport_c__pyext
[1.076s] [100%] Built target rosbridge_msgs__rosidl_typesupport_introspection_c__pyext
[1.112s] Invoked command in '/home/athul/ros2_ws/build/rosbridge_msgs' returned '0': CMAKE_PREFIX_PATH=${CMAKE_PREFIX_PATH}:/home/athul/dev_ws/install/serial_motor_demo:/opt/ros/foxy /usr/bin/cmake --build /home/athul/ros2_ws/build/rosbridge_msgs -- -j4 -l4
[1.511s] Invoking command in '/home/athul/ros2_ws/build/rosbridge_msgs': CMAKE_PREFIX_PATH=${CMAKE_PREFIX_PATH}:/home/athul/dev_ws/install/serial_motor_demo:/opt/ros/foxy /usr/bin/cmake --install /home/athul/ros2_ws/build/rosbridge_msgs
[1.546s] -- Install configuration: ""
[1.548s] -- Execute custom install script
[1.549s] -- Up-to-date symlink: /home/athul/ros2_ws/install/rosbridge_msgs/share/ament_index/resource_index/rosidl_interfaces/rosbridge_msgs
[1.551s] -- Up-to-date symlink: /home/athul/ros2_ws/install/rosbridge_msgs/include/rosbridge_msgs/msg/connected_client.h
[1.551s] -- Up-to-date symlink: /home/athul/ros2_ws/install/rosbridge_msgs/include/rosbridge_msgs/msg/connected_clients.h
[1.552s] -- Up-to-date symlink: /home/athul/ros2_ws/install/rosbridge_msgs/include/rosbridge_msgs/msg/detail/connected_client__functions.h
[1.552s] -- Up-to-date symlink: /home/athul/ros2_ws/install/rosbridge_msgs/include/rosbridge_msgs/msg/detail/connected_client__struct.h
[1.553s] -- Up-to-date symlink: /home/athul/ros2_ws/install/rosbridge_msgs/include/rosbridge_msgs/msg/detail/connected_client__type_support.h
[1.555s] -- Up-to-date symlink: /home/athul/ros2_ws/install/rosbridge_msgs/include/rosbridge_msgs/msg/detail/connected_clients__functions.h
[1.555s] -- Up-to-date symlink: /home/athul/ros2_ws/install/rosbridge_msgs/include/rosbridge_msgs/msg/detail/connected_clients__struct.h
[1.556s] -- Up-to-date symlink: /home/athul/ros2_ws/install/rosbridge_msgs/include/rosbridge_msgs/msg/detail/connected_clients__type_support.h
[1.556s] -- Up-to-date symlink: /home/athul/ros2_ws/install/rosbridge_msgs/include/rosbridge_msgs/msg/rosidl_generator_c__visibility_control.h
[1.557s] -- Up-to-date symlink: /home/athul/ros2_ws/install/rosbridge_msgs/share/rosbridge_msgs/environment/library_path.sh
[1.559s] -- Up-to-date symlink: /home/athul/ros2_ws/install/rosbridge_msgs/share/rosbridge_msgs/environment/library_path.dsv
[1.560s] -- Up-to-date symlink: /home/athul/ros2_ws/install/rosbridge_msgs/include/rosbridge_msgs/msg/detail/connected_client__rosidl_typesupport_fastrtps_c.h
[1.560s] -- Up-to-date symlink: /home/athul/ros2_ws/install/rosbridge_msgs/include/rosbridge_msgs/msg/detail/connected_clients__rosidl_typesupport_fastrtps_c.h
[1.561s] -- Up-to-date symlink: /home/athul/ros2_ws/install/rosbridge_msgs/include/rosbridge_msgs/msg/rosidl_typesupport_fastrtps_c__visibility_control.h
[1.563s] -- Up-to-date symlink: /home/athul/ros2_ws/install/rosbridge_msgs/lib/librosbridge_msgs__rosidl_typesupport_fastrtps_c.so
[1.566s] -- Up-to-date symlink: /home/athul/ros2_ws/install/rosbridge_msgs/include/rosbridge_msgs/msg/detail/connected_client__rosidl_typesupport_fastrtps_cpp.hpp
[1.566s] -- Up-to-date symlink: /home/athul/ros2_ws/install/rosbridge_msgs/include/rosbridge_msgs/msg/detail/connected_clients__rosidl_typesupport_fastrtps_cpp.hpp
[1.567s] -- Up-to-date symlink: /home/athul/ros2_ws/install/rosbridge_msgs/include/rosbridge_msgs/msg/rosidl_typesupport_fastrtps_cpp__visibility_control.h
[1.571s] -- Up-to-date symlink: /home/athul/ros2_ws/install/rosbridge_msgs/lib/librosbridge_msgs__rosidl_typesupport_fastrtps_cpp.so
[1.572s] -- Up-to-date symlink: /home/athul/ros2_ws/install/rosbridge_msgs/include/rosbridge_msgs/msg/detail/connected_client__rosidl_typesupport_introspection_c.h
[1.572s] -- Up-to-date symlink: /home/athul/ros2_ws/install/rosbridge_msgs/include/rosbridge_msgs/msg/detail/connected_clients__rosidl_typesupport_introspection_c.h
[1.573s] -- Up-to-date symlink: /home/athul/ros2_ws/install/rosbridge_msgs/include/rosbridge_msgs/msg/rosidl_typesupport_introspection_c__visibility_control.h
[1.574s] -- Up-to-date symlink: /home/athul/ros2_ws/install/rosbridge_msgs/include/rosbridge_msgs/msg/connected_client.hpp
[1.575s] -- Up-to-date symlink: /home/athul/ros2_ws/install/rosbridge_msgs/include/rosbridge_msgs/msg/connected_clients.hpp
[1.575s] -- Up-to-date symlink: /home/athul/ros2_ws/install/rosbridge_msgs/include/rosbridge_msgs/msg/detail/connected_client__builder.hpp
[1.576s] -- Up-to-date symlink: /home/athul/ros2_ws/install/rosbridge_msgs/include/rosbridge_msgs/msg/detail/connected_client__struct.hpp
[1.576s] -- Up-to-date symlink: /home/athul/ros2_ws/install/rosbridge_msgs/include/rosbridge_msgs/msg/detail/connected_client__traits.hpp
[1.577s] -- Up-to-date symlink: /home/athul/ros2_ws/install/rosbridge_msgs/include/rosbridge_msgs/msg/detail/connected_clients__builder.hpp
[1.580s] -- Up-to-date symlink: /home/athul/ros2_ws/install/rosbridge_msgs/include/rosbridge_msgs/msg/detail/connected_clients__struct.hpp
[1.580s] -- Up-to-date symlink: /home/athul/ros2_ws/install/rosbridge_msgs/include/rosbridge_msgs/msg/detail/connected_clients__traits.hpp
[1.582s] -- Up-to-date symlink: /home/athul/ros2_ws/install/rosbridge_msgs/include/rosbridge_msgs/msg/detail/connected_client__rosidl_typesupport_introspection_cpp.hpp
[1.582s] -- Up-to-date symlink: /home/athul/ros2_ws/install/rosbridge_msgs/include/rosbridge_msgs/msg/detail/connected_clients__rosidl_typesupport_introspection_cpp.hpp
[1.583s] -- Up-to-date symlink: /home/athul/ros2_ws/install/rosbridge_msgs/share/rosbridge_msgs/environment/pythonpath.sh
[1.583s] -- Up-to-date symlink: /home/athul/ros2_ws/install/rosbridge_msgs/share/rosbridge_msgs/environment/pythonpath.dsv
[1.584s] -- Up-to-date symlink: /home/athul/ros2_ws/install/rosbridge_msgs/lib/python3.8/site-packages/rosbridge_msgs/__init__.py
[1.586s] -- Up-to-date symlink: /home/athul/ros2_ws/install/rosbridge_msgs/lib/python3.8/site-packages/rosbridge_msgs/msg/__init__.py
[1.586s] -- Up-to-date symlink: /home/athul/ros2_ws/install/rosbridge_msgs/lib/python3.8/site-packages/rosbridge_msgs/msg/_connected_client.py
[1.587s] -- Up-to-date symlink: /home/athul/ros2_ws/install/rosbridge_msgs/lib/python3.8/site-packages/rosbridge_msgs/msg/_connected_clients.py
[1.588s] -- Up-to-date symlink: /home/athul/ros2_ws/install/rosbridge_msgs/lib/python3.8/site-packages/rosbridge_msgs/rosbridge_msgs_s__rosidl_typesupport_fastrtps_c.cpython-38-x86_64-linux-gnu.so
[1.589s] -- Up-to-date symlink: /home/athul/ros2_ws/install/rosbridge_msgs/lib/python3.8/site-packages/rosbridge_msgs/rosbridge_msgs_s__rosidl_typesupport_introspection_c.cpython-38-x86_64-linux-gnu.so
[1.590s] -- Up-to-date symlink: /home/athul/ros2_ws/install/rosbridge_msgs/lib/python3.8/site-packages/rosbridge_msgs/rosbridge_msgs_s__rosidl_typesupport_c.cpython-38-x86_64-linux-gnu.so
[1.593s] -- Up-to-date symlink: /home/athul/ros2_ws/install/rosbridge_msgs/lib/librosbridge_msgs__python.so
[1.595s] -- Up-to-date symlink: /home/athul/ros2_ws/install/rosbridge_msgs/share/rosbridge_msgs/msg/ConnectedClient.idl
[1.596s] -- Up-to-date symlink: /home/athul/ros2_ws/install/rosbridge_msgs/share/rosbridge_msgs/msg/ConnectedClients.idl
[1.597s] -- Up-to-date symlink: /home/athul/ros2_ws/install/rosbridge_msgs/share/rosbridge_msgs/msg/ConnectedClient.msg
[1.599s] -- Up-to-date symlink: /home/athul/ros2_ws/install/rosbridge_msgs/share/rosbridge_msgs/msg/ConnectedClients.msg
[1.600s] -- Up-to-date symlink: /home/athul/ros2_ws/install/rosbridge_msgs/share/ament_index/resource_index/package_run_dependencies/rosbridge_msgs
[1.601s] -- Up-to-date symlink: /home/athul/ros2_ws/install/rosbridge_msgs/share/ament_index/resource_index/parent_prefix_path/rosbridge_msgs
[1.603s] -- Up-to-date symlink: /home/athul/ros2_ws/install/rosbridge_msgs/share/rosbridge_msgs/environment/ament_prefix_path.sh
[1.604s] -- Up-to-date symlink: /home/athul/ros2_ws/install/rosbridge_msgs/share/rosbridge_msgs/environment/ament_prefix_path.dsv
[1.605s] -- Up-to-date symlink: /home/athul/ros2_ws/install/rosbridge_msgs/share/rosbridge_msgs/environment/path.sh
[1.608s] -- Up-to-date symlink: /home/athul/ros2_ws/install/rosbridge_msgs/share/rosbridge_msgs/environment/path.dsv
[1.610s] -- Up-to-date symlink: /home/athul/ros2_ws/install/rosbridge_msgs/share/rosbridge_msgs/local_setup.bash
[1.611s] -- Up-to-date symlink: /home/athul/ros2_ws/install/rosbridge_msgs/share/rosbridge_msgs/local_setup.sh
[1.612s] -- Up-to-date symlink: /home/athul/ros2_ws/install/rosbridge_msgs/share/rosbridge_msgs/local_setup.zsh
[1.614s] -- Up-to-date symlink: /home/athul/ros2_ws/install/rosbridge_msgs/share/rosbridge_msgs/local_setup.dsv
[1.615s] -- Symlinking: /home/athul/ros2_ws/install/rosbridge_msgs/share/rosbridge_msgs/package.dsv
[1.652s] -- Up-to-date symlink: /home/athul/ros2_ws/install/rosbridge_msgs/share/ament_index/resource_index/packages/rosbridge_msgs
[1.653s] -- Up-to-date symlink: /home/athul/ros2_ws/install/rosbridge_msgs/share/rosbridge_msgs/cmake/rosidl_cmake-extras.cmake
[1.654s] -- Up-to-date symlink: /home/athul/ros2_ws/install/rosbridge_msgs/share/rosbridge_msgs/cmake/ament_cmake_export_dependencies-extras.cmake
[1.654s] -- Up-to-date symlink: /home/athul/ros2_ws/install/rosbridge_msgs/share/rosbridge_msgs/cmake/ament_cmake_export_libraries-extras.cmake
[1.655s] -- Up-to-date symlink: /home/athul/ros2_ws/install/rosbridge_msgs/share/rosbridge_msgs/cmake/ament_cmake_export_targets-extras.cmake
[1.656s] -- Up-to-date symlink: /home/athul/ros2_ws/install/rosbridge_msgs/share/rosbridge_msgs/cmake/ament_cmake_export_include_directories-extras.cmake
[1.656s] -- Up-to-date symlink: /home/athul/ros2_ws/install/rosbridge_msgs/share/rosbridge_msgs/cmake/rosidl_cmake_export_typesupport_libraries-extras.cmake
[1.657s] -- Up-to-date symlink: /home/athul/ros2_ws/install/rosbridge_msgs/share/rosbridge_msgs/cmake/rosidl_cmake_export_typesupport_targets-extras.cmake
[1.658s] -- Up-to-date symlink: /home/athul/ros2_ws/install/rosbridge_msgs/share/rosbridge_msgs/cmake/rosbridge_msgsConfig.cmake
[1.659s] -- Up-to-date symlink: /home/athul/ros2_ws/install/rosbridge_msgs/share/rosbridge_msgs/cmake/rosbridge_msgsConfig-version.cmake
[1.659s] -- Up-to-date symlink: /home/athul/ros2_ws/install/rosbridge_msgs/share/rosbridge_msgs/package.xml
[1.660s] -- Up-to-date: /home/athul/ros2_ws/install/rosbridge_msgs/lib/librosbridge_msgs__rosidl_generator_c.so
[1.661s] -- Up-to-date: /home/athul/ros2_ws/install/rosbridge_msgs/lib/librosbridge_msgs__rosidl_typesupport_introspection_c.so
[1.662s] -- Up-to-date: /home/athul/ros2_ws/install/rosbridge_msgs/lib/librosbridge_msgs__rosidl_typesupport_c.so
[1.664s] -- Up-to-date: /home/athul/ros2_ws/install/rosbridge_msgs/lib/librosbridge_msgs__rosidl_typesupport_introspection_cpp.so
[1.665s] -- Up-to-date: /home/athul/ros2_ws/install/rosbridge_msgs/lib/librosbridge_msgs__rosidl_typesupport_cpp.so
[1.767s] -- Up-to-date: /home/athul/ros2_ws/install/rosbridge_msgs/share/rosbridge_msgs/cmake/rosbridge_msgs__rosidl_generator_cExport.cmake
[1.768s] -- Up-to-date: /home/athul/ros2_ws/install/rosbridge_msgs/share/rosbridge_msgs/cmake/rosbridge_msgs__rosidl_generator_cExport-noconfig.cmake
[1.769s] -- Up-to-date: /home/athul/ros2_ws/install/rosbridge_msgs/share/rosbridge_msgs/cmake/rosbridge_msgs__rosidl_typesupport_introspection_cExport.cmake
[1.770s] -- Up-to-date: /home/athul/ros2_ws/install/rosbridge_msgs/share/rosbridge_msgs/cmake/rosbridge_msgs__rosidl_typesupport_introspection_cExport-noconfig.cmake
[1.771s] -- Up-to-date: /home/athul/ros2_ws/install/rosbridge_msgs/share/rosbridge_msgs/cmake/rosbridge_msgs__rosidl_typesupport_cExport.cmake
[1.772s] -- Up-to-date: /home/athul/ros2_ws/install/rosbridge_msgs/share/rosbridge_msgs/cmake/rosbridge_msgs__rosidl_typesupport_cExport-noconfig.cmake
[1.774s] -- Up-to-date: /home/athul/ros2_ws/install/rosbridge_msgs/share/rosbridge_msgs/cmake/rosbridge_msgs__rosidl_generator_cppExport.cmake
[1.775s] -- Up-to-date: /home/athul/ros2_ws/install/rosbridge_msgs/share/rosbridge_msgs/cmake/rosbridge_msgs__rosidl_typesupport_introspection_cppExport.cmake
[1.775s] -- Up-to-date: /home/athul/ros2_ws/install/rosbridge_msgs/share/rosbridge_msgs/cmake/rosbridge_msgs__rosidl_typesupport_introspection_cppExport-noconfig.cmake
[1.775s] -- Up-to-date: /home/athul/ros2_ws/install/rosbridge_msgs/share/rosbridge_msgs/cmake/rosbridge_msgs__rosidl_typesupport_cppExport.cmake
[1.777s] -- Up-to-date: /home/athul/ros2_ws/install/rosbridge_msgs/share/rosbridge_msgs/cmake/rosbridge_msgs__rosidl_typesupport_cppExport-noconfig.cmake
[1.785s] Invoked command in '/home/athul/ros2_ws/build/rosbridge_msgs' returned '0': CMAKE_PREFIX_PATH=${CMAKE_PREFIX_PATH}:/home/athul/dev_ws/install/serial_motor_demo:/opt/ros/foxy /usr/bin/cmake --install /home/athul/ros2_ws/build/rosbridge_msgs
