[0.030s] Invoking command in '/home/athul/ros2_ws/build/rosbridge_library': AMENT_PREFIX_PATH=/home/athul/ros2_ws/install/rosbridge_test_msgs:${AMENT_PREFIX_PATH} CMAKE_PREFIX_PATH=/home/athul/ros2_ws/install/rosbridge_test_msgs:/home/athul/ros2_ws/install/serial_motor_demo_msgs:/home/athul/ros2_ws/install/my_bot:/home/athul/ros2_ws/install/gazebo_ros2_control_demos:/home/athul/ros2_ws/install/gazebo_ros2_control:/home/athul/ros2_ws/install/serial_motor_demo:/opt/ros/foxy LD_LIBRARY_PATH=/home/athul/ros2_ws/install/rosbridge_test_msgs/lib:${LD_LIBRARY_PATH} PYTHONPATH=/home/athul/ros2_ws/install/rosbridge_test_msgs/lib/python3.8/site-packages:${PYTHONPATH} /usr/bin/cmake /home/athul/ros2_ws/src/rosbridge_suite/rosbridge_library -DAMENT_CMAKE_SYMLINK_INSTALL=1 -DCMAKE_INSTALL_PREFIX=/home/athul/ros2_ws/install/rosbridge_library
[0.128s] -- The C compiler identification is GNU 9.4.0
[0.215s] -- The CXX compiler identification is GNU 9.4.0
[0.223s] -- Check for working C compiler: /usr/bin/cc
[0.332s] -- Check for working C compiler: /usr/bin/cc -- works
[0.334s] -- Detecting C compiler ABI info
[0.449s] -- Detecting C compiler ABI info - done
[0.481s] -- Detecting C compile features
[0.482s] -- Detecting C compile features - done
[0.488s] -- Check for working CXX compiler: /usr/bin/c++
[0.619s] -- Check for working CXX compiler: /usr/bin/c++ -- works
[0.621s] -- Detecting CXX compiler ABI info
[0.747s] -- Detecting CXX compiler ABI info - done
[0.781s] -- Detecting CXX compile features
[0.782s] -- Detecting CXX compile features - done
[0.787s] -- Found ament_cmake_ros: 0.9.2 (/opt/ros/foxy/share/ament_cmake_ros/cmake)
[0.858s] -- Found PythonInterp: /usr/bin/python3 (found suitable version "3.8.10", minimum required is "3") 
[0.858s] -- Using PYTHON_EXECUTABLE: /usr/bin/python3
[1.145s] -- Override CMake install command with custom implementation using symlinks instead of copying resources
[4.972s] -- Configuring done
[4.980s] -- Generating done
[4.983s] -- Build files have been written to: /home/athul/ros2_ws/build/rosbridge_library
[4.997s] Invoked command in '/home/athul/ros2_ws/build/rosbridge_library' returned '0': AMENT_PREFIX_PATH=/home/athul/ros2_ws/install/rosbridge_test_msgs:${AMENT_PREFIX_PATH} CMAKE_PREFIX_PATH=/home/athul/ros2_ws/install/rosbridge_test_msgs:/home/athul/ros2_ws/install/serial_motor_demo_msgs:/home/athul/ros2_ws/install/my_bot:/home/athul/ros2_ws/install/gazebo_ros2_control_demos:/home/athul/ros2_ws/install/gazebo_ros2_control:/home/athul/ros2_ws/install/serial_motor_demo:/opt/ros/foxy LD_LIBRARY_PATH=/home/athul/ros2_ws/install/rosbridge_test_msgs/lib:${LD_LIBRARY_PATH} PYTHONPATH=/home/athul/ros2_ws/install/rosbridge_test_msgs/lib/python3.8/site-packages:${PYTHONPATH} /usr/bin/cmake /home/athul/ros2_ws/src/rosbridge_suite/rosbridge_library -DAMENT_CMAKE_SYMLINK_INSTALL=1 -DCMAKE_INSTALL_PREFIX=/home/athul/ros2_ws/install/rosbridge_library
[4.999s] Invoking command in '/home/athul/ros2_ws/build/rosbridge_library': AMENT_PREFIX_PATH=/home/athul/ros2_ws/install/rosbridge_test_msgs:${AMENT_PREFIX_PATH} CMAKE_PREFIX_PATH=/home/athul/ros2_ws/install/rosbridge_test_msgs:/home/athul/ros2_ws/install/serial_motor_demo_msgs:/home/athul/ros2_ws/install/my_bot:/home/athul/ros2_ws/install/gazebo_ros2_control_demos:/home/athul/ros2_ws/install/gazebo_ros2_control:/home/athul/ros2_ws/install/serial_motor_demo:/opt/ros/foxy LD_LIBRARY_PATH=/home/athul/ros2_ws/install/rosbridge_test_msgs/lib:${LD_LIBRARY_PATH} PYTHONPATH=/home/athul/ros2_ws/install/rosbridge_test_msgs/lib/python3.8/site-packages:${PYTHONPATH} /usr/bin/cmake --build /home/athul/ros2_ws/build/rosbridge_library -- -j4 -l4
[5.123s] Invoked command in '/home/athul/ros2_ws/build/rosbridge_library' returned '0': AMENT_PREFIX_PATH=/home/athul/ros2_ws/install/rosbridge_test_msgs:${AMENT_PREFIX_PATH} CMAKE_PREFIX_PATH=/home/athul/ros2_ws/install/rosbridge_test_msgs:/home/athul/ros2_ws/install/serial_motor_demo_msgs:/home/athul/ros2_ws/install/my_bot:/home/athul/ros2_ws/install/gazebo_ros2_control_demos:/home/athul/ros2_ws/install/gazebo_ros2_control:/home/athul/ros2_ws/install/serial_motor_demo:/opt/ros/foxy LD_LIBRARY_PATH=/home/athul/ros2_ws/install/rosbridge_test_msgs/lib:${LD_LIBRARY_PATH} PYTHONPATH=/home/athul/ros2_ws/install/rosbridge_test_msgs/lib/python3.8/site-packages:${PYTHONPATH} /usr/bin/cmake --build /home/athul/ros2_ws/build/rosbridge_library -- -j4 -l4
[5.194s] Invoking command in '/home/athul/ros2_ws/build/rosbridge_library': AMENT_PREFIX_PATH=/home/athul/ros2_ws/install/rosbridge_test_msgs:${AMENT_PREFIX_PATH} CMAKE_PREFIX_PATH=/home/athul/ros2_ws/install/rosbridge_test_msgs:/home/athul/ros2_ws/install/serial_motor_demo_msgs:/home/athul/ros2_ws/install/my_bot:/home/athul/ros2_ws/install/gazebo_ros2_control_demos:/home/athul/ros2_ws/install/gazebo_ros2_control:/home/athul/ros2_ws/install/serial_motor_demo:/opt/ros/foxy LD_LIBRARY_PATH=/home/athul/ros2_ws/install/rosbridge_test_msgs/lib:${LD_LIBRARY_PATH} PYTHONPATH=/home/athul/ros2_ws/install/rosbridge_test_msgs/lib/python3.8/site-packages:${PYTHONPATH} /usr/bin/cmake --install /home/athul/ros2_ws/build/rosbridge_library
[5.222s] -- Install configuration: ""
[5.224s] -- Execute custom install script
[5.226s] -- Symlinking: /home/athul/ros2_ws/install/rosbridge_library/share/rosbridge_library/environment/pythonpath.sh
[5.249s] -- Symlinking: /home/athul/ros2_ws/install/rosbridge_library/share/rosbridge_library/environment/pythonpath.dsv
[5.276s] -- Symlinking: /home/athul/ros2_ws/install/rosbridge_library/lib/python3.8/site-packages/rosbridge_library/__init__.py
[5.303s] -- Symlinking: /home/athul/ros2_ws/install/rosbridge_library/lib/python3.8/site-packages/rosbridge_library/capabilities/__init__.py
[5.332s] -- Symlinking: /home/athul/ros2_ws/install/rosbridge_library/lib/python3.8/site-packages/rosbridge_library/capabilities/advertise.py
[5.357s] -- Symlinking: /home/athul/ros2_ws/install/rosbridge_library/lib/python3.8/site-packages/rosbridge_library/capabilities/advertise_service.py
[5.381s] -- Symlinking: /home/athul/ros2_ws/install/rosbridge_library/lib/python3.8/site-packages/rosbridge_library/capabilities/call_service.py
[5.406s] -- Symlinking: /home/athul/ros2_ws/install/rosbridge_library/lib/python3.8/site-packages/rosbridge_library/capabilities/defragmentation.py
[5.432s] -- Symlinking: /home/athul/ros2_ws/install/rosbridge_library/lib/python3.8/site-packages/rosbridge_library/capabilities/fragmentation.py
[5.458s] -- Symlinking: /home/athul/ros2_ws/install/rosbridge_library/lib/python3.8/site-packages/rosbridge_library/capabilities/publish.py
[5.485s] -- Symlinking: /home/athul/ros2_ws/install/rosbridge_library/lib/python3.8/site-packages/rosbridge_library/capabilities/service_response.py
[5.513s] -- Symlinking: /home/athul/ros2_ws/install/rosbridge_library/lib/python3.8/site-packages/rosbridge_library/capabilities/subscribe.py
[5.556s] -- Symlinking: /home/athul/ros2_ws/install/rosbridge_library/lib/python3.8/site-packages/rosbridge_library/capabilities/unadvertise_service.py
[5.579s] -- Symlinking: /home/athul/ros2_ws/install/rosbridge_library/lib/python3.8/site-packages/rosbridge_library/capability.py
[5.602s] -- Symlinking: /home/athul/ros2_ws/install/rosbridge_library/lib/python3.8/site-packages/rosbridge_library/internal/__init__.py
[5.624s] -- Symlinking: /home/athul/ros2_ws/install/rosbridge_library/lib/python3.8/site-packages/rosbridge_library/internal/cbor_conversion.py
[5.648s] -- Symlinking: /home/athul/ros2_ws/install/rosbridge_library/lib/python3.8/site-packages/rosbridge_library/internal/exceptions.py
[5.670s] -- Symlinking: /home/athul/ros2_ws/install/rosbridge_library/lib/python3.8/site-packages/rosbridge_library/internal/message_conversion.py
[5.702s] -- Symlinking: /home/athul/ros2_ws/install/rosbridge_library/lib/python3.8/site-packages/rosbridge_library/internal/outgoing_message.py
[5.732s] -- Symlinking: /home/athul/ros2_ws/install/rosbridge_library/lib/python3.8/site-packages/rosbridge_library/internal/pngcompression.py
[5.757s] -- Symlinking: /home/athul/ros2_ws/install/rosbridge_library/lib/python3.8/site-packages/rosbridge_library/internal/publishers.py
[5.785s] -- Symlinking: /home/athul/ros2_ws/install/rosbridge_library/lib/python3.8/site-packages/rosbridge_library/internal/ros_loader.py
[5.810s] -- Symlinking: /home/athul/ros2_ws/install/rosbridge_library/lib/python3.8/site-packages/rosbridge_library/internal/services.py
[5.832s] -- Symlinking: /home/athul/ros2_ws/install/rosbridge_library/lib/python3.8/site-packages/rosbridge_library/internal/subscribers.py
[5.860s] -- Symlinking: /home/athul/ros2_ws/install/rosbridge_library/lib/python3.8/site-packages/rosbridge_library/internal/subscription_modifiers.py
[5.879s] -- Symlinking: /home/athul/ros2_ws/install/rosbridge_library/lib/python3.8/site-packages/rosbridge_library/internal/topics.py
[5.898s] -- Symlinking: /home/athul/ros2_ws/install/rosbridge_library/lib/python3.8/site-packages/rosbridge_library/protocol.py
[5.916s] -- Symlinking: /home/athul/ros2_ws/install/rosbridge_library/lib/python3.8/site-packages/rosbridge_library/rosbridge_protocol.py
[5.933s] -- Symlinking: /home/athul/ros2_ws/install/rosbridge_library/lib/python3.8/site-packages/rosbridge_library/util/__init__.py
[5.950s] -- Symlinking: /home/athul/ros2_ws/install/rosbridge_library/lib/python3.8/site-packages/rosbridge_library/util/cbor.py
[5.967s] -- Symlinking: /home/athul/ros2_ws/install/rosbridge_library/share/ament_index/resource_index/package_run_dependencies/rosbridge_library
[5.983s] -- Symlinking: /home/athul/ros2_ws/install/rosbridge_library/share/ament_index/resource_index/parent_prefix_path/rosbridge_library
[6.001s] -- Symlinking: /home/athul/ros2_ws/install/rosbridge_library/share/rosbridge_library/environment/ament_prefix_path.sh
[6.018s] -- Symlinking: /home/athul/ros2_ws/install/rosbridge_library/share/rosbridge_library/environment/ament_prefix_path.dsv
[6.034s] -- Symlinking: /home/athul/ros2_ws/install/rosbridge_library/share/rosbridge_library/environment/path.sh
[6.052s] -- Symlinking: /home/athul/ros2_ws/install/rosbridge_library/share/rosbridge_library/environment/path.dsv
[6.069s] -- Symlinking: /home/athul/ros2_ws/install/rosbridge_library/share/rosbridge_library/local_setup.bash
[6.086s] -- Symlinking: /home/athul/ros2_ws/install/rosbridge_library/share/rosbridge_library/local_setup.sh
[6.102s] -- Symlinking: /home/athul/ros2_ws/install/rosbridge_library/share/rosbridge_library/local_setup.zsh
[6.118s] -- Symlinking: /home/athul/ros2_ws/install/rosbridge_library/share/rosbridge_library/local_setup.dsv
[6.135s] -- Symlinking: /home/athul/ros2_ws/install/rosbridge_library/share/rosbridge_library/package.dsv
[6.151s] -- Symlinking: /home/athul/ros2_ws/install/rosbridge_library/share/ament_index/resource_index/packages/rosbridge_library
[6.169s] -- Symlinking: /home/athul/ros2_ws/install/rosbridge_library/share/rosbridge_library/cmake/rosbridge_libraryConfig.cmake
[6.191s] -- Symlinking: /home/athul/ros2_ws/install/rosbridge_library/share/rosbridge_library/cmake/rosbridge_libraryConfig-version.cmake
[6.217s] -- Symlinking: /home/athul/ros2_ws/install/rosbridge_library/share/rosbridge_library/package.xml
[6.450s] Listing '/home/athul/ros2_ws/install/rosbridge_library/lib/python3.8/site-packages/rosbridge_library'...
[6.450s] Compiling '/home/athul/ros2_ws/install/rosbridge_library/lib/python3.8/site-packages/rosbridge_library/__init__.py'...
[6.451s] Listing '/home/athul/ros2_ws/install/rosbridge_library/lib/python3.8/site-packages/rosbridge_library/capabilities'...
[6.451s] Compiling '/home/athul/ros2_ws/install/rosbridge_library/lib/python3.8/site-packages/rosbridge_library/capabilities/__init__.py'...
[6.451s] Compiling '/home/athul/ros2_ws/install/rosbridge_library/lib/python3.8/site-packages/rosbridge_library/capabilities/advertise.py'...
[6.452s] Compiling '/home/athul/ros2_ws/install/rosbridge_library/lib/python3.8/site-packages/rosbridge_library/capabilities/advertise_service.py'...
[6.452s] Compiling '/home/athul/ros2_ws/install/rosbridge_library/lib/python3.8/site-packages/rosbridge_library/capabilities/call_service.py'...
[6.452s] Compiling '/home/athul/ros2_ws/install/rosbridge_library/lib/python3.8/site-packages/rosbridge_library/capabilities/defragmentation.py'...
[6.452s] Compiling '/home/athul/ros2_ws/install/rosbridge_library/lib/python3.8/site-packages/rosbridge_library/capabilities/fragmentation.py'...
[6.452s] Compiling '/home/athul/ros2_ws/install/rosbridge_library/lib/python3.8/site-packages/rosbridge_library/capabilities/publish.py'...
[6.453s] Compiling '/home/athul/ros2_ws/install/rosbridge_library/lib/python3.8/site-packages/rosbridge_library/capabilities/service_response.py'...
[6.453s] Compiling '/home/athul/ros2_ws/install/rosbridge_library/lib/python3.8/site-packages/rosbridge_library/capabilities/subscribe.py'...
[6.453s] Compiling '/home/athul/ros2_ws/install/rosbridge_library/lib/python3.8/site-packages/rosbridge_library/capabilities/unadvertise_service.py'...
[6.453s] Compiling '/home/athul/ros2_ws/install/rosbridge_library/lib/python3.8/site-packages/rosbridge_library/capability.py'...
[6.453s] Listing '/home/athul/ros2_ws/install/rosbridge_library/lib/python3.8/site-packages/rosbridge_library/internal'...
[6.454s] Compiling '/home/athul/ros2_ws/install/rosbridge_library/lib/python3.8/site-packages/rosbridge_library/internal/__init__.py'...
[6.454s] Compiling '/home/athul/ros2_ws/install/rosbridge_library/lib/python3.8/site-packages/rosbridge_library/internal/cbor_conversion.py'...
[6.454s] Compiling '/home/athul/ros2_ws/install/rosbridge_library/lib/python3.8/site-packages/rosbridge_library/internal/exceptions.py'...
[6.455s] Compiling '/home/athul/ros2_ws/install/rosbridge_library/lib/python3.8/site-packages/rosbridge_library/internal/message_conversion.py'...
[6.455s] Compiling '/home/athul/ros2_ws/install/rosbridge_library/lib/python3.8/site-packages/rosbridge_library/internal/outgoing_message.py'...
[6.456s] Compiling '/home/athul/ros2_ws/install/rosbridge_library/lib/python3.8/site-packages/rosbridge_library/internal/pngcompression.py'...
[6.457s] Compiling '/home/athul/ros2_ws/install/rosbridge_library/lib/python3.8/site-packages/rosbridge_library/internal/publishers.py'...
[6.458s] Compiling '/home/athul/ros2_ws/install/rosbridge_library/lib/python3.8/site-packages/rosbridge_library/internal/ros_loader.py'...
[6.458s] Compiling '/home/athul/ros2_ws/install/rosbridge_library/lib/python3.8/site-packages/rosbridge_library/internal/services.py'...
[6.458s] Compiling '/home/athul/ros2_ws/install/rosbridge_library/lib/python3.8/site-packages/rosbridge_library/internal/subscribers.py'...
[6.458s] Compiling '/home/athul/ros2_ws/install/rosbridge_library/lib/python3.8/site-packages/rosbridge_library/internal/subscription_modifiers.py'...
[6.458s] Compiling '/home/athul/ros2_ws/install/rosbridge_library/lib/python3.8/site-packages/rosbridge_library/internal/topics.py'...
[6.458s] Compiling '/home/athul/ros2_ws/install/rosbridge_library/lib/python3.8/site-packages/rosbridge_library/protocol.py'...
[6.459s] Compiling '/home/athul/ros2_ws/install/rosbridge_library/lib/python3.8/site-packages/rosbridge_library/rosbridge_protocol.py'...
[6.459s] Listing '/home/athul/ros2_ws/install/rosbridge_library/lib/python3.8/site-packages/rosbridge_library/util'...
[6.459s] Compiling '/home/athul/ros2_ws/install/rosbridge_library/lib/python3.8/site-packages/rosbridge_library/util/__init__.py'...
[6.459s] Compiling '/home/athul/ros2_ws/install/rosbridge_library/lib/python3.8/site-packages/rosbridge_library/util/cbor.py'...
[6.482s] Invoked command in '/home/athul/ros2_ws/build/rosbridge_library' returned '0': AMENT_PREFIX_PATH=/home/athul/ros2_ws/install/rosbridge_test_msgs:${AMENT_PREFIX_PATH} CMAKE_PREFIX_PATH=/home/athul/ros2_ws/install/rosbridge_test_msgs:/home/athul/ros2_ws/install/serial_motor_demo_msgs:/home/athul/ros2_ws/install/my_bot:/home/athul/ros2_ws/install/gazebo_ros2_control_demos:/home/athul/ros2_ws/install/gazebo_ros2_control:/home/athul/ros2_ws/install/serial_motor_demo:/opt/ros/foxy LD_LIBRARY_PATH=/home/athul/ros2_ws/install/rosbridge_test_msgs/lib:${LD_LIBRARY_PATH} PYTHONPATH=/home/athul/ros2_ws/install/rosbridge_test_msgs/lib/python3.8/site-packages:${PYTHONPATH} /usr/bin/cmake --install /home/athul/ros2_ws/build/rosbridge_library
