[0.030s] Invoking command in '/home/athul/ros2_ws/src/build/gazebo_ros2_control_demos': AMENT_PREFIX_PATH=/home/athul/ros2_ws/src/install/gazebo_ros2_control:${AMENT_PREFIX_PATH} CMAKE_PREFIX_PATH=/home/athul/ros2_ws/src/install/gazebo_ros2_control:/home/athul/ros2_ws/install/serial_motor_demo_msgs:/home/athul/ros2_ws/install/my_bot:/home/athul/ros2_ws/install/serial_motor_demo:/opt/ros/foxy LD_LIBRARY_PATH=/home/athul/ros2_ws/src/install/gazebo_ros2_control/lib:${LD_LIBRARY_PATH} /usr/bin/cmake /home/athul/ros2_ws/src/gazebo_ros2_control/gazebo_ros2_control_demos -DAMENT_CMAKE_SYMLINK_INSTALL=1 -DCMAKE_INSTALL_PREFIX=/home/athul/ros2_ws/src/install/gazebo_ros2_control_demos
[0.190s] -- The C compiler identification is GNU 9.4.0
[0.303s] -- The CXX compiler identification is GNU 9.4.0
[0.321s] -- Check for working C compiler: /usr/bin/cc
[0.439s] -- Check for working C compiler: /usr/bin/cc -- works
[0.443s] -- Detecting C compiler ABI info
[0.576s] -- Detecting C compiler ABI info - done
[0.603s] -- Detecting C compile features
[0.604s] -- Detecting C compile features - done
[0.611s] -- Check for working CXX compiler: /usr/bin/c++
[0.771s] -- Check for working CXX compiler: /usr/bin/c++ -- works
[0.773s] -- Detecting CXX compiler ABI info
[0.930s] -- Detecting CXX compiler ABI info - done
[0.960s] -- Detecting CXX compile features
[0.961s] -- Detecting CXX compile features - done
[0.974s] -- Found ament_cmake: 0.9.11 (/opt/ros/foxy/share/ament_cmake/cmake)
[1.059s] -- Found PythonInterp: /usr/bin/python3 (found suitable version "3.8.10", minimum required is "3") 
[1.059s] -- Using PYTHON_EXECUTABLE: /usr/bin/python3
[1.565s] -- Override CMake install command with custom implementation using symlinks instead of copying resources
[1.622s] -- Found control_msgs: 2.5.1 (/opt/ros/foxy/share/control_msgs/cmake)
[1.715s] -- Using all available rosidl_typesupport_c: rosidl_typesupport_fastrtps_c;rosidl_typesupport_introspection_c
[1.735s] -- Found rosidl_adapter: 1.3.0 (/opt/ros/foxy/share/rosidl_adapter/cmake)
[1.995s] -- Found OpenSSL: /usr/lib/x86_64-linux-gnu/libcrypto.so (found version "1.1.1f")  
[2.066s] -- Found FastRTPS: /opt/ros/foxy/include  
[2.230s] -- Using all available rosidl_typesupport_cpp: rosidl_typesupport_fastrtps_cpp;rosidl_typesupport_introspection_cpp
[3.327s] -- Found rclcpp: 2.4.2 (/opt/ros/foxy/share/rclcpp/cmake)
[3.442s] -- Found rmw_implementation_cmake: 1.0.3 (/opt/ros/foxy/share/rmw_implementation_cmake/cmake)
[3.448s] -- Using RMW implementation 'rmw_fastrtps_cpp' as default
[3.451s] -- Looking for pthread.h
[3.604s] -- Looking for pthread.h - found
[3.604s] -- Performing Test CMAKE_HAVE_LIBC_PTHREAD
[3.748s] -- Performing Test CMAKE_HAVE_LIBC_PTHREAD - Failed
[3.749s] -- Looking for pthread_create in pthreads
[3.865s] -- Looking for pthread_create in pthreads - not found
[3.865s] -- Looking for pthread_create in pthread
[4.011s] -- Looking for pthread_create in pthread - found
[4.014s] -- Found Threads: TRUE  
[4.331s] -- Found rclcpp_action: 2.4.2 (/opt/ros/foxy/share/rclcpp_action/cmake)
[4.420s] -- Found ament_cmake_gtest: 0.9.11 (/opt/ros/foxy/share/ament_cmake_gtest/cmake)
[4.426s] -- Found ament_lint_auto: 0.9.7 (/opt/ros/foxy/share/ament_lint_auto/cmake)
[4.631s] -- Added test 'copyright' to check source files copyright and LICENSE
[4.636s] -- Added test 'cppcheck' to perform static code analysis on C / C++ code
[4.637s] -- Configured cppcheck include dirs: 
[4.637s] -- Configured cppcheck exclude dirs and/or files: 
[4.640s] -- Added test 'cpplint' to check C / C++ code against the Google style
[4.640s] -- Configured cpplint exclude dirs and/or files: 
[4.644s] -- Added test 'flake8' to check Python code syntax and style conventions
[4.646s] -- Added test 'lint_cmake' to check CMake code style
[4.648s] -- Added test 'pep257' to check Python code against some of the style conventions in PEP 257
[4.652s] -- Added test 'uncrustify' to check C / C++ code style
[4.652s] -- Configured uncrustify additional arguments: 
[4.655s] -- Added test 'xmllint' to check XML markup files
[4.663s] -- Configuring done
[4.718s] -- Generating done
[4.722s] -- Build files have been written to: /home/athul/ros2_ws/src/build/gazebo_ros2_control_demos
[4.746s] Invoked command in '/home/athul/ros2_ws/src/build/gazebo_ros2_control_demos' returned '0': AMENT_PREFIX_PATH=/home/athul/ros2_ws/src/install/gazebo_ros2_control:${AMENT_PREFIX_PATH} CMAKE_PREFIX_PATH=/home/athul/ros2_ws/src/install/gazebo_ros2_control:/home/athul/ros2_ws/install/serial_motor_demo_msgs:/home/athul/ros2_ws/install/my_bot:/home/athul/ros2_ws/install/serial_motor_demo:/opt/ros/foxy LD_LIBRARY_PATH=/home/athul/ros2_ws/src/install/gazebo_ros2_control/lib:${LD_LIBRARY_PATH} /usr/bin/cmake /home/athul/ros2_ws/src/gazebo_ros2_control/gazebo_ros2_control_demos -DAMENT_CMAKE_SYMLINK_INSTALL=1 -DCMAKE_INSTALL_PREFIX=/home/athul/ros2_ws/src/install/gazebo_ros2_control_demos
[4.749s] Invoking command in '/home/athul/ros2_ws/src/build/gazebo_ros2_control_demos': AMENT_PREFIX_PATH=/home/athul/ros2_ws/src/install/gazebo_ros2_control:${AMENT_PREFIX_PATH} CMAKE_PREFIX_PATH=/home/athul/ros2_ws/src/install/gazebo_ros2_control:/home/athul/ros2_ws/install/serial_motor_demo_msgs:/home/athul/ros2_ws/install/my_bot:/home/athul/ros2_ws/install/serial_motor_demo:/opt/ros/foxy LD_LIBRARY_PATH=/home/athul/ros2_ws/src/install/gazebo_ros2_control/lib:${LD_LIBRARY_PATH} /usr/bin/cmake --build /home/athul/ros2_ws/src/build/gazebo_ros2_control_demos -- -j4 -l4
[4.842s] [35m[1mScanning dependencies of target example_position[0m
[4.847s] [35m[1mScanning dependencies of target example_effort[0m
[4.848s] [35m[1mScanning dependencies of target example_gripper[0m
[4.960s] [35m[1mScanning dependencies of target example_velocity[0m
[4.989s] [ 10%] [32mBuilding CXX object CMakeFiles/example_gripper.dir/examples/example_gripper.cpp.o[0m
[5.003s] [ 20%] [32mBuilding CXX object CMakeFiles/example_position.dir/examples/example_position.cpp.o[0m
[5.021s] [ 30%] [32mBuilding CXX object CMakeFiles/example_effort.dir/examples/example_effort.cpp.o[0m
[5.081s] [ 40%] [32mBuilding CXX object CMakeFiles/example_velocity.dir/examples/example_velocity.cpp.o[0m
[16.228s] [ 50%] [32m[1mLinking CXX executable example_velocity[0m
[16.833s] [ 50%] Built target example_velocity
[16.858s] [35m[1mScanning dependencies of target example_diff_drive[0m
[16.922s] [ 60%] [32m[1mLinking CXX executable example_gripper[0m
[17.020s] [ 70%] [32mBuilding CXX object CMakeFiles/example_diff_drive.dir/examples/example_diff_drive.cpp.o[0m
[17.323s] [ 80%] [32m[1mLinking CXX executable example_effort[0m
[17.539s] [ 80%] Built target example_gripper
[17.733s] [ 80%] Built target example_effort
[17.919s] [ 90%] [32m[1mLinking CXX executable example_position[0m
[18.316s] [ 90%] Built target example_position
[22.166s] [100%] [32m[1mLinking CXX executable example_diff_drive[0m
[22.421s] [100%] Built target example_diff_drive
[22.440s] Invoked command in '/home/athul/ros2_ws/src/build/gazebo_ros2_control_demos' returned '0': AMENT_PREFIX_PATH=/home/athul/ros2_ws/src/install/gazebo_ros2_control:${AMENT_PREFIX_PATH} CMAKE_PREFIX_PATH=/home/athul/ros2_ws/src/install/gazebo_ros2_control:/home/athul/ros2_ws/install/serial_motor_demo_msgs:/home/athul/ros2_ws/install/my_bot:/home/athul/ros2_ws/install/serial_motor_demo:/opt/ros/foxy LD_LIBRARY_PATH=/home/athul/ros2_ws/src/install/gazebo_ros2_control/lib:${LD_LIBRARY_PATH} /usr/bin/cmake --build /home/athul/ros2_ws/src/build/gazebo_ros2_control_demos -- -j4 -l4
[22.495s] Invoking command in '/home/athul/ros2_ws/src/build/gazebo_ros2_control_demos': AMENT_PREFIX_PATH=/home/athul/ros2_ws/src/install/gazebo_ros2_control:${AMENT_PREFIX_PATH} CMAKE_PREFIX_PATH=/home/athul/ros2_ws/src/install/gazebo_ros2_control:/home/athul/ros2_ws/install/serial_motor_demo_msgs:/home/athul/ros2_ws/install/my_bot:/home/athul/ros2_ws/install/serial_motor_demo:/opt/ros/foxy LD_LIBRARY_PATH=/home/athul/ros2_ws/src/install/gazebo_ros2_control/lib:${LD_LIBRARY_PATH} /usr/bin/cmake --install /home/athul/ros2_ws/src/build/gazebo_ros2_control_demos
[22.509s] -- Install configuration: ""
[22.509s] -- Execute custom install script
[22.510s] -- Symlinking: /home/athul/ros2_ws/src/install/gazebo_ros2_control_demos/share/gazebo_ros2_control_demos//launch/cart_example_effort.launch.py
[22.525s] -- Symlinking: /home/athul/ros2_ws/src/install/gazebo_ros2_control_demos/share/gazebo_ros2_control_demos//launch/cart_example_position.launch.py
[22.540s] -- Symlinking: /home/athul/ros2_ws/src/install/gazebo_ros2_control_demos/share/gazebo_ros2_control_demos//launch/cart_example_velocity.launch.py
[22.554s] -- Symlinking: /home/athul/ros2_ws/src/install/gazebo_ros2_control_demos/share/gazebo_ros2_control_demos//launch/diff_drive.launch.py
[22.569s] -- Symlinking: /home/athul/ros2_ws/src/install/gazebo_ros2_control_demos/share/gazebo_ros2_control_demos//launch/gripper_mimic_joint_example.launch.py
[22.584s] -- Symlinking: /home/athul/ros2_ws/src/install/gazebo_ros2_control_demos/share/gazebo_ros2_control_demos//config/cartpole_controller.yaml
[22.598s] -- Symlinking: /home/athul/ros2_ws/src/install/gazebo_ros2_control_demos/share/gazebo_ros2_control_demos//config/cartpole_controller_effort.yaml
[22.613s] -- Symlinking: /home/athul/ros2_ws/src/install/gazebo_ros2_control_demos/share/gazebo_ros2_control_demos//config/cartpole_controller_velocity.yaml
[22.627s] -- Symlinking: /home/athul/ros2_ws/src/install/gazebo_ros2_control_demos/share/gazebo_ros2_control_demos//config/diff_drive_controller.yaml
[22.643s] -- Symlinking: /home/athul/ros2_ws/src/install/gazebo_ros2_control_demos/share/gazebo_ros2_control_demos//config/gripper_controller.yaml
[22.659s] -- Symlinking: /home/athul/ros2_ws/src/install/gazebo_ros2_control_demos/share/gazebo_ros2_control_demos//urdf/test_cart_effort.xacro.urdf
[22.674s] -- Symlinking: /home/athul/ros2_ws/src/install/gazebo_ros2_control_demos/share/gazebo_ros2_control_demos//urdf/test_cart_position.xacro.urdf
[22.688s] -- Symlinking: /home/athul/ros2_ws/src/install/gazebo_ros2_control_demos/share/gazebo_ros2_control_demos//urdf/test_cart_velocity.xacro.urdf
[22.703s] -- Symlinking: /home/athul/ros2_ws/src/install/gazebo_ros2_control_demos/share/gazebo_ros2_control_demos//urdf/test_diff_drive.xacro.urdf
[22.718s] -- Symlinking: /home/athul/ros2_ws/src/install/gazebo_ros2_control_demos/share/gazebo_ros2_control_demos//urdf/test_gripper_mimic_joint.xacro.urdf
[22.733s] -- Symlinking: /home/athul/ros2_ws/src/install/gazebo_ros2_control_demos/lib/gazebo_ros2_control_demos/example_position
[22.748s] -- Symlinking: /home/athul/ros2_ws/src/install/gazebo_ros2_control_demos/lib/gazebo_ros2_control_demos/example_velocity
[22.765s] -- Symlinking: /home/athul/ros2_ws/src/install/gazebo_ros2_control_demos/lib/gazebo_ros2_control_demos/example_effort
[22.781s] -- Symlinking: /home/athul/ros2_ws/src/install/gazebo_ros2_control_demos/lib/gazebo_ros2_control_demos/example_gripper
[22.797s] -- Symlinking: /home/athul/ros2_ws/src/install/gazebo_ros2_control_demos/lib/gazebo_ros2_control_demos/example_diff_drive
[22.813s] -- Symlinking: /home/athul/ros2_ws/src/install/gazebo_ros2_control_demos/share/ament_index/resource_index/package_run_dependencies/gazebo_ros2_control_demos
[22.830s] -- Symlinking: /home/athul/ros2_ws/src/install/gazebo_ros2_control_demos/share/ament_index/resource_index/parent_prefix_path/gazebo_ros2_control_demos
[22.847s] -- Symlinking: /home/athul/ros2_ws/src/install/gazebo_ros2_control_demos/share/gazebo_ros2_control_demos/environment/ament_prefix_path.sh
[22.864s] -- Symlinking: /home/athul/ros2_ws/src/install/gazebo_ros2_control_demos/share/gazebo_ros2_control_demos/environment/ament_prefix_path.dsv
[22.879s] -- Symlinking: /home/athul/ros2_ws/src/install/gazebo_ros2_control_demos/share/gazebo_ros2_control_demos/environment/path.sh
[22.897s] -- Symlinking: /home/athul/ros2_ws/src/install/gazebo_ros2_control_demos/share/gazebo_ros2_control_demos/environment/path.dsv
[22.917s] -- Symlinking: /home/athul/ros2_ws/src/install/gazebo_ros2_control_demos/share/gazebo_ros2_control_demos/local_setup.bash
[22.933s] -- Symlinking: /home/athul/ros2_ws/src/install/gazebo_ros2_control_demos/share/gazebo_ros2_control_demos/local_setup.sh
[22.949s] -- Symlinking: /home/athul/ros2_ws/src/install/gazebo_ros2_control_demos/share/gazebo_ros2_control_demos/local_setup.zsh
[22.965s] -- Symlinking: /home/athul/ros2_ws/src/install/gazebo_ros2_control_demos/share/gazebo_ros2_control_demos/local_setup.dsv
[22.982s] -- Symlinking: /home/athul/ros2_ws/src/install/gazebo_ros2_control_demos/share/gazebo_ros2_control_demos/package.dsv
[23.000s] -- Symlinking: /home/athul/ros2_ws/src/install/gazebo_ros2_control_demos/share/ament_index/resource_index/packages/gazebo_ros2_control_demos
[23.017s] -- Symlinking: /home/athul/ros2_ws/src/install/gazebo_ros2_control_demos/share/gazebo_ros2_control_demos/cmake/gazebo_ros2_control_demosConfig.cmake
[23.034s] -- Symlinking: /home/athul/ros2_ws/src/install/gazebo_ros2_control_demos/share/gazebo_ros2_control_demos/cmake/gazebo_ros2_control_demosConfig-version.cmake
[23.051s] -- Symlinking: /home/athul/ros2_ws/src/install/gazebo_ros2_control_demos/share/gazebo_ros2_control_demos/package.xml
[23.075s] Invoked command in '/home/athul/ros2_ws/src/build/gazebo_ros2_control_demos' returned '0': AMENT_PREFIX_PATH=/home/athul/ros2_ws/src/install/gazebo_ros2_control:${AMENT_PREFIX_PATH} CMAKE_PREFIX_PATH=/home/athul/ros2_ws/src/install/gazebo_ros2_control:/home/athul/ros2_ws/install/serial_motor_demo_msgs:/home/athul/ros2_ws/install/my_bot:/home/athul/ros2_ws/install/serial_motor_demo:/opt/ros/foxy LD_LIBRARY_PATH=/home/athul/ros2_ws/src/install/gazebo_ros2_control/lib:${LD_LIBRARY_PATH} /usr/bin/cmake --install /home/athul/ros2_ws/src/build/gazebo_ros2_control_demos
