[0.075s] Invoking command in '/home/athul/ros2_ws/build/gazebo_ros2_control': CMAKE_PREFIX_PATH=${CMAKE_PREFIX_PATH}:/home/athul/ros2_ws/install/serial_motor_demo:/opt/ros/foxy /usr/bin/cmake /home/athul/ros2_ws/src/gazebo_ros2_control/gazebo_ros2_control -DAMENT_CMAKE_SYMLINK_INSTALL=1 -DCMAKE_INSTALL_PREFIX=/home/athul/ros2_ws/install/gazebo_ros2_control
[0.313s] -- The C compiler identification is GNU 9.4.0
[0.514s] -- The CXX compiler identification is GNU 9.4.0
[0.528s] -- Check for working C compiler: /usr/bin/cc
[0.678s] -- Check for working C compiler: /usr/bin/cc -- works
[0.681s] -- Detecting C compiler ABI info
[0.813s] -- Detecting C compiler ABI info - done
[0.836s] -- Detecting C compile features
[0.837s] -- Detecting C compile features - done
[0.843s] -- Check for working CXX compiler: /usr/bin/c++
[1.013s] -- Check for working CXX compiler: /usr/bin/c++ -- works
[1.014s] -- Detecting CXX compiler ABI info
[1.210s] -- Detecting CXX compiler ABI info - done
[1.231s] -- Detecting CXX compile features
[1.232s] -- Detecting CXX compile features - done
[1.238s] -- Found ament_cmake: 0.9.11 (/opt/ros/foxy/share/ament_cmake/cmake)
[1.301s] -- Found PythonInterp: /usr/bin/python3 (found suitable version "3.8.10", minimum required is "3") 
[1.301s] -- Using PYTHON_EXECUTABLE: /usr/bin/python3
[1.738s] -- Override CMake install command with custom implementation using symlinks instead of copying resources
[1.796s] -- Found angles: 1.12.6 (/opt/ros/foxy/share/angles/cmake)
[1.801s] -- Found controller_manager: 0.11.0 (/opt/ros/foxy/share/controller_manager/cmake)
[1.907s] -- Using all available rosidl_typesupport_c: rosidl_typesupport_fastrtps_c;rosidl_typesupport_introspection_c
[1.925s] -- Found rosidl_adapter: 1.3.0 (/opt/ros/foxy/share/rosidl_adapter/cmake)
[2.089s] -- Found OpenSSL: /usr/lib/x86_64-linux-gnu/libcrypto.so (found version "1.1.1f")  
[2.208s] -- Found FastRTPS: /opt/ros/foxy/include  
[2.450s] -- Using all available rosidl_typesupport_cpp: rosidl_typesupport_fastrtps_cpp;rosidl_typesupport_introspection_cpp
[5.624s] -- Found rmw_implementation_cmake: 1.0.3 (/opt/ros/foxy/share/rmw_implementation_cmake/cmake)
[5.645s] -- Using RMW implementation 'rmw_fastrtps_cpp' as default
[5.656s] -- Looking for pthread.h
[6.129s] -- Looking for pthread.h - found
[6.130s] -- Performing Test CMAKE_HAVE_LIBC_PTHREAD
[6.750s] -- Performing Test CMAKE_HAVE_LIBC_PTHREAD - Failed
[6.750s] -- Looking for pthread_create in pthreads
[7.008s] -- Looking for pthread_create in pthreads - not found
[7.008s] -- Looking for pthread_create in pthread
[7.475s] -- Looking for pthread_create in pthread - found
[7.485s] -- Found Threads: TRUE  
[9.724s] -- Found gazebo_dev: 3.5.3 (/opt/ros/foxy/share/gazebo_dev/cmake)
[9.741s] -- Found PkgConfig: /usr/bin/pkg-config (found version "0.29.1") 
[9.747s] -- Checking for module 'bullet>=2.82'
[9.788s] --   Found bullet, version 2.88
[10.124s] -- Found ccd: /usr/include (found suitable version "2.0", minimum required is "2.0") 
[10.317s] -- Found fcl: /usr/include (found suitable version "0.5.0", minimum required is "0.3.2") 
[10.475s] -- Found assimp: /usr/include (found version "5.0.0") 
[10.550s] -- Found DART: /usr/include (Required is at least version "6.6") found components: dart 
[10.621s] -- Found Boost: /usr/lib/x86_64-linux-gnu/cmake/Boost-1.71.0/BoostConfig.cmake (found suitable version "1.71.0", minimum required is "1.40.0") found components: thread system filesystem program_options regex iostreams date_time 
[10.700s] -- Found Protobuf: /usr/lib/x86_64-linux-gnu/libprotobuf.so;-lpthread (found version "3.6.1") 
[10.717s] -- Looking for ignition-math6 -- found version 6.13.0
[10.745s] -- Searching for dependencies of ignition-math6
[10.752s] -- Looking for OGRE...
[10.752s] -- OGRE_PREFIX_WATCH changed.
[10.764s] -- Checking for module 'OGRE'
[10.800s] --   Found OGRE, version 1.9.0
[10.888s] -- Found Ogre Ghadamon (1.9.0)
[10.909s] -- Found OGRE: optimized;/usr/lib/x86_64-linux-gnu/libOgreMain.so;debug;/usr/lib/x86_64-linux-gnu/libOgreMain.so
[10.930s] -- Looking for OGRE_Paging...
[10.950s] -- Found OGRE_Paging: optimized;/usr/lib/x86_64-linux-gnu/libOgrePaging.so;debug;/usr/lib/x86_64-linux-gnu/libOgrePaging.so
[10.950s] -- Looking for OGRE_Terrain...
[10.971s] -- Found OGRE_Terrain: optimized;/usr/lib/x86_64-linux-gnu/libOgreTerrain.so;debug;/usr/lib/x86_64-linux-gnu/libOgreTerrain.so
[10.971s] -- Looking for OGRE_Property...
[10.985s] -- Found OGRE_Property: optimized;/usr/lib/x86_64-linux-gnu/libOgreProperty.so;debug;/usr/lib/x86_64-linux-gnu/libOgreProperty.so
[10.985s] -- Looking for OGRE_RTShaderSystem...
[10.996s] -- Found OGRE_RTShaderSystem: optimized;/usr/lib/x86_64-linux-gnu/libOgreRTShaderSystem.so;debug;/usr/lib/x86_64-linux-gnu/libOgreRTShaderSystem.so
[10.997s] -- Looking for OGRE_Volume...
[11.019s] -- Found OGRE_Volume: optimized;/usr/lib/x86_64-linux-gnu/libOgreVolume.so;debug;/usr/lib/x86_64-linux-gnu/libOgreVolume.so
[11.019s] -- Looking for OGRE_Overlay...
[11.031s] -- Found OGRE_Overlay: optimized;/usr/lib/x86_64-linux-gnu/libOgreOverlay.so;debug;/usr/lib/x86_64-linux-gnu/libOgreOverlay.so
[11.530s] -- Looking for ignition-math6 -- found version 6.13.0
[11.544s] -- Looking for ignition-transport8 -- found version 8.3.0
[11.547s] -- Searching for dependencies of ignition-transport8
[11.605s] -- Found Protobuf: /usr/lib/x86_64-linux-gnu/libprotobuf.so;-lpthread (found suitable version "3.6.1", minimum required is "3") 
[11.645s] -- Config-file not installed for ZeroMQ -- checking for pkg-config
[11.665s] -- Checking for module 'libzmq >= 4'
[11.776s] --   Found libzmq , version 4.3.2
[11.972s] -- Found ZeroMQ: TRUE (Required is at least version "4") 
[12.007s] -- Checking for module 'uuid'
[12.077s] --   Found uuid, version 2.34.0
[12.300s] -- Found UUID: TRUE  
[12.307s] -- Looking for ignition-msgs5 -- found version 5.10.0
[12.308s] -- Searching for dependencies of ignition-msgs5
[12.410s] -- Looking for ignition-math6 -- found version 6.13.0
[12.447s] -- Checking for module 'tinyxml2'
[12.480s] --   Found tinyxml2, version 6.2.0
[12.600s] -- Looking for ignition-msgs5 -- found version 5.10.0
[12.606s] -- Looking for ignition-common3 -- found version 3.14.2
[12.608s] -- Searching for dependencies of ignition-common3
[12.609s] -- Looking for dlfcn.h - found
[12.611s] -- Looking for libdl - found
[12.614s] -- Found DL: TRUE  
[12.634s] -- Searching for <ignition-common3> component [graphics]
[12.639s] -- Looking for ignition-common3-graphics -- found version 3.14.2
[12.641s] -- Searching for dependencies of ignition-common3-graphics
[12.641s] -- Looking for ignition-math6 -- found version 6.13.0
[12.649s] -- Looking for ignition-fuel_tools4 -- found version 4.6.0
[12.650s] -- Searching for dependencies of ignition-fuel_tools4
[12.876s] -- Found CURL: /usr/lib/x86_64-linux-gnu/libcurl.so (found version "7.68.0")  
[12.898s] -- Checking for module 'jsoncpp'
[12.947s] --   Found jsoncpp, version 1.7.4
[13.074s] -- Found JSONCPP: TRUE  
[13.090s] -- Checking for module 'libzip'
[13.139s] --   Found libzip, version 1.5.1
[13.233s] -- Found ZIP: TRUE  
[13.234s] -- Looking for ignition-common3 -- found version 3.14.2
[13.235s] -- Looking for ignition-math6 -- found version 6.13.0
[13.238s] -- Looking for ignition-msgs5 -- found version 5.10.0
[13.245s] -- Gazebo version: 11.11
[13.248s] -- Found gazebo_ros: 3.5.3 (/opt/ros/foxy/share/gazebo_ros/cmake)
[13.278s] -- Found yaml_cpp_vendor: 7.0.3 (/opt/ros/foxy/share/yaml_cpp_vendor/cmake)
[13.279s] -- Setting yaml-cpp_DIR to: '/opt/ros/foxy/share/yaml_cpp_vendor/cmake/../../../opt/yaml_cpp_vendor/lib/cmake/yaml-cpp'
[13.721s] -- Found ament_cmake_gtest: 0.9.11 (/opt/ros/foxy/share/ament_cmake_gtest/cmake)
[13.724s] -- Found ament_lint_auto: 0.9.7 (/opt/ros/foxy/share/ament_lint_auto/cmake)
[13.901s] -- Added test 'copyright' to check source files copyright and LICENSE
[13.904s] -- Added test 'cppcheck' to perform static code analysis on C / C++ code
[13.905s] -- Configured cppcheck include dirs: /home/athul/ros2_ws/src/gazebo_ros2_control/gazebo_ros2_control/include
[13.905s] -- Configured cppcheck exclude dirs and/or files: 
[13.909s] -- Added test 'cpplint' to check C / C++ code against the Google style
[13.909s] -- Configured cpplint exclude dirs and/or files: 
[13.912s] -- Added test 'lint_cmake' to check CMake code style
[13.914s] -- Added test 'uncrustify' to check C / C++ code style
[13.914s] -- Configured uncrustify additional arguments: 
[13.915s] -- Added test 'xmllint' to check XML markup files
[13.927s] -- Configuring done
[14.136s] -- Generating done
[14.144s] -- Build files have been written to: /home/athul/ros2_ws/build/gazebo_ros2_control
[14.179s] Invoked command in '/home/athul/ros2_ws/build/gazebo_ros2_control' returned '0': CMAKE_PREFIX_PATH=${CMAKE_PREFIX_PATH}:/home/athul/ros2_ws/install/serial_motor_demo:/opt/ros/foxy /usr/bin/cmake /home/athul/ros2_ws/src/gazebo_ros2_control/gazebo_ros2_control -DAMENT_CMAKE_SYMLINK_INSTALL=1 -DCMAKE_INSTALL_PREFIX=/home/athul/ros2_ws/install/gazebo_ros2_control
[14.187s] Invoking command in '/home/athul/ros2_ws/build/gazebo_ros2_control': CMAKE_PREFIX_PATH=${CMAKE_PREFIX_PATH}:/home/athul/ros2_ws/install/serial_motor_demo:/opt/ros/foxy /usr/bin/cmake --build /home/athul/ros2_ws/build/gazebo_ros2_control -- -j4 -l4
[14.308s] [35m[1mScanning dependencies of target gazebo_hardware_plugins[0m
[14.310s] [35m[1mScanning dependencies of target gazebo_ros2_control[0m
[14.987s] [ 25%] [32mBuilding CXX object CMakeFiles/gazebo_hardware_plugins.dir/src/gazebo_system.cpp.o[0m
[15.061s] [ 50%] [32mBuilding CXX object CMakeFiles/gazebo_ros2_control.dir/src/gazebo_ros2_control_plugin.cpp.o[0m
