[0.042s] Invoking command in '/home/athul/ros2_ws/build/serial_motor_demo_msgs': CMAKE_PREFIX_PATH=${CMAKE_PREFIX_PATH}:/home/athul/ros2_ws/install/serial_motor_demo:/opt/ros/foxy /usr/bin/cmake /home/athul/ros2_ws/src/serial_motor_demo/serial_motor_demo_msgs -DAMENT_CMAKE_SYMLINK_INSTALL=1 -DCMAKE_INSTALL_PREFIX=/home/athul/ros2_ws/install/serial_motor_demo_msgs
[0.174s] -- The C compiler identification is GNU 9.4.0
[0.339s] -- The CXX compiler identification is GNU 9.4.0
[0.351s] -- Check for working C compiler: /usr/bin/cc
[0.521s] -- Check for working C compiler: /usr/bin/cc -- works
[0.524s] -- Detecting C compiler ABI info
[0.672s] -- Detecting C compiler ABI info - done
[0.701s] -- Detecting C compile features
[0.702s] -- Detecting C compile features - done
[0.708s] -- Check for working CXX compiler: /usr/bin/c++
[0.846s] -- Check for working CXX compiler: /usr/bin/c++ -- works
[0.848s] -- Detecting CXX compiler ABI info
[0.998s] -- Detecting CXX compiler ABI info - done
[1.059s] -- Detecting CXX compile features
[1.061s] -- Detecting CXX compile features - done
[1.066s] -- Found ament_cmake: 0.9.11 (/opt/ros/foxy/share/ament_cmake/cmake)
[1.128s] -- Found PythonInterp: /usr/bin/python3 (found suitable version "3.8.10", minimum required is "3") 
[1.128s] -- Using PYTHON_EXECUTABLE: /usr/bin/python3
[1.579s] -- Override CMake install command with custom implementation using symlinks instead of copying resources
[1.627s] -- Found ament_lint_auto: 0.9.7 (/opt/ros/foxy/share/ament_lint_auto/cmake)
[1.809s] -- Found rosidl_default_generators: 1.0.1 (/opt/ros/foxy/share/rosidl_default_generators/cmake)
[1.816s] -- Using all available rosidl_typesupport_c: rosidl_typesupport_fastrtps_c;rosidl_typesupport_introspection_c
[1.833s] -- Found rosidl_adapter: 1.3.0 (/opt/ros/foxy/share/rosidl_adapter/cmake)
[2.069s] -- Found OpenSSL: /usr/lib/x86_64-linux-gnu/libcrypto.so (found version "1.1.1f")  
[2.126s] -- Found FastRTPS: /opt/ros/foxy/include  
[2.283s] -- Using all available rosidl_typesupport_cpp: rosidl_typesupport_fastrtps_cpp;rosidl_typesupport_introspection_cpp
[2.390s] -- Found PythonInterp: /usr/bin/python3 (found version "3.8.10") 
[2.531s] -- Found ament_cmake_ros: 0.9.2 (/opt/ros/foxy/share/ament_cmake_ros/cmake)
[2.704s] -- Using all available rosidl_typesupport_c: rosidl_typesupport_fastrtps_c;rosidl_typesupport_introspection_c
[2.717s] -- Using all available rosidl_typesupport_cpp: rosidl_typesupport_fastrtps_cpp;rosidl_typesupport_introspection_cpp
[2.755s] -- Found PythonInterp: /usr/bin/python3 (found suitable version "3.8.10", minimum required is "3.5") 
[2.758s] -- Found python_cmake_module: 0.8.1 (/opt/ros/foxy/share/python_cmake_module/cmake)
[2.803s] -- Found PythonLibs: /usr/lib/x86_64-linux-gnu/libpython3.8.so (found suitable version "3.8.10", minimum required is "3.5") 
[2.804s] -- Using PYTHON_EXECUTABLE: /usr/bin/python3
[2.804s] -- Using PYTHON_INCLUDE_DIRS: /usr/include/python3.8
[2.804s] -- Using PYTHON_LIBRARIES: /usr/lib/x86_64-linux-gnu/libpython3.8.so
[2.836s] -- Found PythonExtra: .so  
[2.918s] -- Added test 'copyright' to check source files copyright and LICENSE
[2.922s] -- Added test 'lint_cmake' to check CMake code style
[2.924s] -- Added test 'xmllint' to check XML markup files
[2.949s] -- Configuring done
[3.041s] -- Generating done
[3.048s] -- Build files have been written to: /home/athul/ros2_ws/build/serial_motor_demo_msgs
[3.068s] Invoked command in '/home/athul/ros2_ws/build/serial_motor_demo_msgs' returned '0': CMAKE_PREFIX_PATH=${CMAKE_PREFIX_PATH}:/home/athul/ros2_ws/install/serial_motor_demo:/opt/ros/foxy /usr/bin/cmake /home/athul/ros2_ws/src/serial_motor_demo/serial_motor_demo_msgs -DAMENT_CMAKE_SYMLINK_INSTALL=1 -DCMAKE_INSTALL_PREFIX=/home/athul/ros2_ws/install/serial_motor_demo_msgs
[3.070s] Invoking command in '/home/athul/ros2_ws/build/serial_motor_demo_msgs': CMAKE_PREFIX_PATH=${CMAKE_PREFIX_PATH}:/home/athul/ros2_ws/install/serial_motor_demo:/opt/ros/foxy /usr/bin/cmake --build /home/athul/ros2_ws/build/serial_motor_demo_msgs -- -j4 -l4
[3.194s] [35m[1mScanning dependencies of target serial_motor_demo_msgs__cpp[0m
[3.218s] [  2%] [34m[1mGenerating C code for ROS interfaces[0m
[3.238s] [  4%] [34m[1mGenerating C++ code for ROS interfaces[0m
[4.141s] [  4%] Built target serial_motor_demo_msgs__cpp
[4.167s] [  6%] [34m[1mGenerating C++ type support dispatch for ROS interfaces[0m
[4.178s] [  8%] [34m[1mGenerating C++ type support for eProsima Fast-RTPS[0m
[4.182s] [ 10%] [34m[1mGenerating C++ introspection for ROS interfaces[0m
[4.316s] [35m[1mScanning dependencies of target serial_motor_demo_msgs__rosidl_generator_c[0m
[4.384s] [ 12%] [32mBuilding C object CMakeFiles/serial_motor_demo_msgs__rosidl_generator_c.dir/rosidl_generator_c/serial_motor_demo_msgs/msg/detail/motor_command__functions.c.o[0m
[4.513s] [ 14%] [32mBuilding C object CMakeFiles/serial_motor_demo_msgs__rosidl_generator_c.dir/rosidl_generator_c/serial_motor_demo_msgs/msg/detail/motor_vels__functions.c.o[0m
[4.622s] [ 17%] [32mBuilding C object CMakeFiles/serial_motor_demo_msgs__rosidl_generator_c.dir/rosidl_generator_c/serial_motor_demo_msgs/msg/detail/encoder_vals__functions.c.o[0m
[4.726s] [ 19%] [32m[1mLinking C shared library libserial_motor_demo_msgs__rosidl_generator_c.so[0m
[4.809s] [ 19%] Built target serial_motor_demo_msgs__rosidl_generator_c
[4.831s] [ 21%] [34m[1mGenerating C introspection for ROS interfaces[0m
[4.916s] [35m[1mScanning dependencies of target serial_motor_demo_msgs__rosidl_typesupport_cpp[0m
[4.971s] [ 23%] [32mBuilding CXX object CMakeFiles/serial_motor_demo_msgs__rosidl_typesupport_cpp.dir/rosidl_typesupport_cpp/serial_motor_demo_msgs/msg/motor_command__type_support.cpp.o[0m
[5.027s] [35m[1mScanning dependencies of target serial_motor_demo_msgs__rosidl_typesupport_introspection_cpp[0m
[5.083s] [ 25%] [32mBuilding CXX object CMakeFiles/serial_motor_demo_msgs__rosidl_typesupport_introspection_cpp.dir/rosidl_typesupport_introspection_cpp/serial_motor_demo_msgs/msg/detail/motor_command__type_support.cpp.o[0m
[5.094s] [35m[1mScanning dependencies of target serial_motor_demo_msgs__rosidl_typesupport_fastrtps_cpp[0m
[5.174s] [ 27%] [32mBuilding CXX object CMakeFiles/serial_motor_demo_msgs__rosidl_typesupport_fastrtps_cpp.dir/rosidl_typesupport_fastrtps_cpp/serial_motor_demo_msgs/msg/detail/dds_fastrtps/motor_command__type_support.cpp.o[0m
[6.032s] [ 29%] [32mBuilding CXX object CMakeFiles/serial_motor_demo_msgs__rosidl_typesupport_cpp.dir/rosidl_typesupport_cpp/serial_motor_demo_msgs/msg/motor_vels__type_support.cpp.o[0m
[6.075s] [35m[1mScanning dependencies of target serial_motor_demo_msgs__rosidl_typesupport_introspection_c[0m
[6.162s] [ 31%] [32mBuilding CXX object CMakeFiles/serial_motor_demo_msgs__rosidl_typesupport_introspection_cpp.dir/rosidl_typesupport_introspection_cpp/serial_motor_demo_msgs/msg/detail/motor_vels__type_support.cpp.o[0m
[6.167s] [ 34%] [32mBuilding C object CMakeFiles/serial_motor_demo_msgs__rosidl_typesupport_introspection_c.dir/rosidl_typesupport_introspection_c/serial_motor_demo_msgs/msg/detail/motor_command__type_support.c.o[0m
[6.279s] [ 36%] [32mBuilding C object CMakeFiles/serial_motor_demo_msgs__rosidl_typesupport_introspection_c.dir/rosidl_typesupport_introspection_c/serial_motor_demo_msgs/msg/detail/motor_vels__type_support.c.o[0m
[6.391s] [ 38%] [32mBuilding C object CMakeFiles/serial_motor_demo_msgs__rosidl_typesupport_introspection_c.dir/rosidl_typesupport_introspection_c/serial_motor_demo_msgs/msg/detail/encoder_vals__type_support.c.o[0m
[6.495s] [ 40%] [32m[1mLinking C shared library libserial_motor_demo_msgs__rosidl_typesupport_introspection_c.so[0m
[6.621s] [ 42%] [32mBuilding CXX object CMakeFiles/serial_motor_demo_msgs__rosidl_typesupport_fastrtps_cpp.dir/rosidl_typesupport_fastrtps_cpp/serial_motor_demo_msgs/msg/detail/dds_fastrtps/motor_vels__type_support.cpp.o[0m
[6.672s] [ 42%] Built target serial_motor_demo_msgs__rosidl_typesupport_introspection_c
[6.720s] [ 44%] [32mBuilding CXX object CMakeFiles/serial_motor_demo_msgs__rosidl_typesupport_fastrtps_cpp.dir/rosidl_typesupport_fastrtps_cpp/serial_motor_demo_msgs/msg/detail/dds_fastrtps/encoder_vals__type_support.cpp.o[0m
[6.938s] [ 46%] [32mBuilding CXX object CMakeFiles/serial_motor_demo_msgs__rosidl_typesupport_cpp.dir/rosidl_typesupport_cpp/serial_motor_demo_msgs/msg/encoder_vals__type_support.cpp.o[0m
[7.085s] [ 48%] [32mBuilding CXX object CMakeFiles/serial_motor_demo_msgs__rosidl_typesupport_introspection_cpp.dir/rosidl_typesupport_introspection_cpp/serial_motor_demo_msgs/msg/detail/encoder_vals__type_support.cpp.o[0m
[7.813s] [ 51%] [34m[1mGenerating C type support dispatch for ROS interfaces[0m
[8.040s] [ 53%] [32m[1mLinking CXX shared library libserial_motor_demo_msgs__rosidl_typesupport_cpp.so[0m
[8.055s] [ 55%] [32m[1mLinking CXX shared library libserial_motor_demo_msgs__rosidl_typesupport_introspection_cpp.so[0m
[8.101s] [ 57%] [32m[1mLinking CXX shared library libserial_motor_demo_msgs__rosidl_typesupport_fastrtps_cpp.so[0m
[8.147s] [ 57%] Built target serial_motor_demo_msgs__rosidl_typesupport_cpp
[8.236s] [ 57%] Built target serial_motor_demo_msgs__rosidl_typesupport_introspection_cpp
[8.348s] [ 57%] Built target serial_motor_demo_msgs__rosidl_typesupport_fastrtps_cpp
[8.376s] [ 59%] [34m[1mGenerating C type support for eProsima Fast-RTPS[0m
[8.683s] [35m[1mScanning dependencies of target serial_motor_demo_msgs__rosidl_typesupport_c[0m
[8.725s] [ 61%] [32mBuilding CXX object CMakeFiles/serial_motor_demo_msgs__rosidl_typesupport_c.dir/rosidl_typesupport_c/serial_motor_demo_msgs/msg/motor_command__type_support.cpp.o[0m
[8.729s] [ 63%] [32mBuilding CXX object CMakeFiles/serial_motor_demo_msgs__rosidl_typesupport_c.dir/rosidl_typesupport_c/serial_motor_demo_msgs/msg/encoder_vals__type_support.cpp.o[0m
[8.740s] [ 65%] [32mBuilding CXX object CMakeFiles/serial_motor_demo_msgs__rosidl_typesupport_c.dir/rosidl_typesupport_c/serial_motor_demo_msgs/msg/motor_vels__type_support.cpp.o[0m
[8.838s] [ 68%] [32m[1mLinking CXX shared library libserial_motor_demo_msgs__rosidl_typesupport_c.so[0m
[8.937s] [ 68%] Built target serial_motor_demo_msgs__rosidl_typesupport_c
[8.985s] [35m[1mScanning dependencies of target serial_motor_demo_msgs__rosidl_typesupport_fastrtps_c[0m
[9.022s] [ 70%] [32mBuilding CXX object CMakeFiles/serial_motor_demo_msgs__rosidl_typesupport_fastrtps_c.dir/rosidl_typesupport_fastrtps_c/serial_motor_demo_msgs/msg/detail/motor_command__type_support_c.cpp.o[0m
[9.029s] [ 72%] [32mBuilding CXX object CMakeFiles/serial_motor_demo_msgs__rosidl_typesupport_fastrtps_c.dir/rosidl_typesupport_fastrtps_c/serial_motor_demo_msgs/msg/detail/motor_vels__type_support_c.cpp.o[0m
[9.044s] [ 74%] [32mBuilding CXX object CMakeFiles/serial_motor_demo_msgs__rosidl_typesupport_fastrtps_c.dir/rosidl_typesupport_fastrtps_c/serial_motor_demo_msgs/msg/detail/encoder_vals__type_support_c.cpp.o[0m
[10.018s] [ 76%] [32m[1mLinking CXX shared library libserial_motor_demo_msgs__rosidl_typesupport_fastrtps_c.so[0m
[10.168s] [ 76%] Built target serial_motor_demo_msgs__rosidl_typesupport_fastrtps_c
[10.184s] [35m[1mScanning dependencies of target serial_motor_demo_msgs[0m
[10.200s] [ 76%] Built target serial_motor_demo_msgs
[10.216s] [35m[1mScanning dependencies of target serial_motor_demo_msgs__py[0m
[10.234s] [ 78%] [34m[1mGenerating Python code for ROS interfaces[0m
[11.164s] [ 78%] Built target serial_motor_demo_msgs__py
[11.180s] [35m[1mScanning dependencies of target serial_motor_demo_msgs__python[0m
[11.228s] [ 80%] [32mBuilding C object CMakeFiles/serial_motor_demo_msgs__python.dir/rosidl_generator_py/serial_motor_demo_msgs/msg/_motor_command_s.c.o[0m
[11.237s] [ 82%] [32mBuilding C object CMakeFiles/serial_motor_demo_msgs__python.dir/rosidl_generator_py/serial_motor_demo_msgs/msg/_motor_vels_s.c.o[0m
[11.258s] [ 85%] [32mBuilding C object CMakeFiles/serial_motor_demo_msgs__python.dir/rosidl_generator_py/serial_motor_demo_msgs/msg/_encoder_vals_s.c.o[0m
[11.550s] [ 87%] [32m[1mLinking C shared library rosidl_generator_py/serial_motor_demo_msgs/libserial_motor_demo_msgs__python.so[0m
[11.616s] [ 87%] Built target serial_motor_demo_msgs__python
[11.638s] [35m[1mScanning dependencies of target serial_motor_demo_msgs__rosidl_typesupport_fastrtps_c__pyext[0m
[11.639s] [35m[1mScanning dependencies of target serial_motor_demo_msgs__rosidl_typesupport_introspection_c__pyext[0m
[11.642s] [35m[1mScanning dependencies of target serial_motor_demo_msgs__rosidl_typesupport_c__pyext[0m
[11.696s] [ 89%] [32mBuilding C object CMakeFiles/serial_motor_demo_msgs__rosidl_typesupport_c__pyext.dir/rosidl_generator_py/serial_motor_demo_msgs/_serial_motor_demo_msgs_s.ep.rosidl_typesupport_c.c.o[0m
[11.697s] [ 91%] [32mBuilding C object CMakeFiles/serial_motor_demo_msgs__rosidl_typesupport_introspection_c__pyext.dir/rosidl_generator_py/serial_motor_demo_msgs/_serial_motor_demo_msgs_s.ep.rosidl_typesupport_introspection_c.c.o[0m
[11.733s] [ 93%] [32mBuilding C object CMakeFiles/serial_motor_demo_msgs__rosidl_typesupport_fastrtps_c__pyext.dir/rosidl_generator_py/serial_motor_demo_msgs/_serial_motor_demo_msgs_s.ep.rosidl_typesupport_fastrtps_c.c.o[0m
[11.930s] [ 95%] [32m[1mLinking C shared library rosidl_generator_py/serial_motor_demo_msgs/serial_motor_demo_msgs_s__rosidl_typesupport_c.cpython-38-x86_64-linux-gnu.so[0m
[11.943s] [ 97%] [32m[1mLinking C shared library rosidl_generator_py/serial_motor_demo_msgs/serial_motor_demo_msgs_s__rosidl_typesupport_introspection_c.cpython-38-x86_64-linux-gnu.so[0m
[12.013s] [ 97%] Built target serial_motor_demo_msgs__rosidl_typesupport_c__pyext
[12.030s] [ 97%] Built target serial_motor_demo_msgs__rosidl_typesupport_introspection_c__pyext
[12.109s] [100%] [32m[1mLinking CXX shared library rosidl_generator_py/serial_motor_demo_msgs/serial_motor_demo_msgs_s__rosidl_typesupport_fastrtps_c.cpython-38-x86_64-linux-gnu.so[0m
[12.213s] [100%] Built target serial_motor_demo_msgs__rosidl_typesupport_fastrtps_c__pyext
[12.233s] Invoked command in '/home/athul/ros2_ws/build/serial_motor_demo_msgs' returned '0': CMAKE_PREFIX_PATH=${CMAKE_PREFIX_PATH}:/home/athul/ros2_ws/install/serial_motor_demo:/opt/ros/foxy /usr/bin/cmake --build /home/athul/ros2_ws/build/serial_motor_demo_msgs -- -j4 -l4
[12.374s] Invoking command in '/home/athul/ros2_ws/build/serial_motor_demo_msgs': CMAKE_PREFIX_PATH=${CMAKE_PREFIX_PATH}:/home/athul/ros2_ws/install/serial_motor_demo:/opt/ros/foxy /usr/bin/cmake --install /home/athul/ros2_ws/build/serial_motor_demo_msgs
[12.389s] -- Install configuration: ""
[12.390s] -- Execute custom install script
[12.391s] -- Symlinking: /home/athul/ros2_ws/install/serial_motor_demo_msgs/share/ament_index/resource_index/rosidl_interfaces/serial_motor_demo_msgs
[12.407s] -- Symlinking: /home/athul/ros2_ws/install/serial_motor_demo_msgs/include/serial_motor_demo_msgs/msg/detail/encoder_vals__functions.h
[12.421s] -- Symlinking: /home/athul/ros2_ws/install/serial_motor_demo_msgs/include/serial_motor_demo_msgs/msg/detail/encoder_vals__struct.h
[12.436s] -- Symlinking: /home/athul/ros2_ws/install/serial_motor_demo_msgs/include/serial_motor_demo_msgs/msg/detail/encoder_vals__type_support.h
[12.450s] -- Symlinking: /home/athul/ros2_ws/install/serial_motor_demo_msgs/include/serial_motor_demo_msgs/msg/detail/motor_command__functions.h
[12.466s] -- Symlinking: /home/athul/ros2_ws/install/serial_motor_demo_msgs/include/serial_motor_demo_msgs/msg/detail/motor_command__struct.h
[12.480s] -- Symlinking: /home/athul/ros2_ws/install/serial_motor_demo_msgs/include/serial_motor_demo_msgs/msg/detail/motor_command__type_support.h
[12.494s] -- Symlinking: /home/athul/ros2_ws/install/serial_motor_demo_msgs/include/serial_motor_demo_msgs/msg/detail/motor_vels__functions.h
[12.509s] -- Symlinking: /home/athul/ros2_ws/install/serial_motor_demo_msgs/include/serial_motor_demo_msgs/msg/detail/motor_vels__struct.h
[12.523s] -- Symlinking: /home/athul/ros2_ws/install/serial_motor_demo_msgs/include/serial_motor_demo_msgs/msg/detail/motor_vels__type_support.h
[12.538s] -- Symlinking: /home/athul/ros2_ws/install/serial_motor_demo_msgs/include/serial_motor_demo_msgs/msg/encoder_vals.h
[12.552s] -- Symlinking: /home/athul/ros2_ws/install/serial_motor_demo_msgs/include/serial_motor_demo_msgs/msg/motor_command.h
[12.567s] -- Symlinking: /home/athul/ros2_ws/install/serial_motor_demo_msgs/include/serial_motor_demo_msgs/msg/motor_vels.h
[12.581s] -- Symlinking: /home/athul/ros2_ws/install/serial_motor_demo_msgs/include/serial_motor_demo_msgs/msg/rosidl_generator_c__visibility_control.h
[12.599s] -- Symlinking: /home/athul/ros2_ws/install/serial_motor_demo_msgs/share/serial_motor_demo_msgs/environment/library_path.sh
[12.614s] -- Symlinking: /home/athul/ros2_ws/install/serial_motor_demo_msgs/share/serial_motor_demo_msgs/environment/library_path.dsv
[12.629s] -- Symlinking: /home/athul/ros2_ws/install/serial_motor_demo_msgs/include/serial_motor_demo_msgs/msg/detail/encoder_vals__rosidl_typesupport_fastrtps_c.h
[12.644s] -- Symlinking: /home/athul/ros2_ws/install/serial_motor_demo_msgs/include/serial_motor_demo_msgs/msg/detail/motor_command__rosidl_typesupport_fastrtps_c.h
[12.659s] -- Symlinking: /home/athul/ros2_ws/install/serial_motor_demo_msgs/include/serial_motor_demo_msgs/msg/detail/motor_vels__rosidl_typesupport_fastrtps_c.h
[12.674s] -- Symlinking: /home/athul/ros2_ws/install/serial_motor_demo_msgs/include/serial_motor_demo_msgs/msg/rosidl_typesupport_fastrtps_c__visibility_control.h
[12.688s] -- Symlinking: /home/athul/ros2_ws/install/serial_motor_demo_msgs/lib/libserial_motor_demo_msgs__rosidl_typesupport_fastrtps_c.so
[12.704s] -- Symlinking: /home/athul/ros2_ws/install/serial_motor_demo_msgs/include/serial_motor_demo_msgs/msg/detail/encoder_vals__rosidl_typesupport_fastrtps_cpp.hpp
[12.719s] -- Symlinking: /home/athul/ros2_ws/install/serial_motor_demo_msgs/include/serial_motor_demo_msgs/msg/detail/motor_command__rosidl_typesupport_fastrtps_cpp.hpp
[12.734s] -- Symlinking: /home/athul/ros2_ws/install/serial_motor_demo_msgs/include/serial_motor_demo_msgs/msg/detail/motor_vels__rosidl_typesupport_fastrtps_cpp.hpp
[12.749s] -- Symlinking: /home/athul/ros2_ws/install/serial_motor_demo_msgs/include/serial_motor_demo_msgs/msg/rosidl_typesupport_fastrtps_cpp__visibility_control.h
[12.763s] -- Symlinking: /home/athul/ros2_ws/install/serial_motor_demo_msgs/lib/libserial_motor_demo_msgs__rosidl_typesupport_fastrtps_cpp.so
[12.778s] -- Symlinking: /home/athul/ros2_ws/install/serial_motor_demo_msgs/include/serial_motor_demo_msgs/msg/detail/encoder_vals__rosidl_typesupport_introspection_c.h
[12.799s] -- Symlinking: /home/athul/ros2_ws/install/serial_motor_demo_msgs/include/serial_motor_demo_msgs/msg/detail/motor_command__rosidl_typesupport_introspection_c.h
[12.815s] -- Symlinking: /home/athul/ros2_ws/install/serial_motor_demo_msgs/include/serial_motor_demo_msgs/msg/detail/motor_vels__rosidl_typesupport_introspection_c.h
[12.830s] -- Symlinking: /home/athul/ros2_ws/install/serial_motor_demo_msgs/include/serial_motor_demo_msgs/msg/rosidl_typesupport_introspection_c__visibility_control.h
[12.845s] -- Symlinking: /home/athul/ros2_ws/install/serial_motor_demo_msgs/include/serial_motor_demo_msgs/msg/detail/encoder_vals__builder.hpp
[12.861s] -- Symlinking: /home/athul/ros2_ws/install/serial_motor_demo_msgs/include/serial_motor_demo_msgs/msg/detail/encoder_vals__struct.hpp
[12.875s] -- Symlinking: /home/athul/ros2_ws/install/serial_motor_demo_msgs/include/serial_motor_demo_msgs/msg/detail/encoder_vals__traits.hpp
[12.889s] -- Symlinking: /home/athul/ros2_ws/install/serial_motor_demo_msgs/include/serial_motor_demo_msgs/msg/detail/motor_command__builder.hpp
[12.904s] -- Symlinking: /home/athul/ros2_ws/install/serial_motor_demo_msgs/include/serial_motor_demo_msgs/msg/detail/motor_command__struct.hpp
[12.919s] -- Symlinking: /home/athul/ros2_ws/install/serial_motor_demo_msgs/include/serial_motor_demo_msgs/msg/detail/motor_command__traits.hpp
[12.933s] -- Symlinking: /home/athul/ros2_ws/install/serial_motor_demo_msgs/include/serial_motor_demo_msgs/msg/detail/motor_vels__builder.hpp
[12.948s] -- Symlinking: /home/athul/ros2_ws/install/serial_motor_demo_msgs/include/serial_motor_demo_msgs/msg/detail/motor_vels__struct.hpp
[12.962s] -- Symlinking: /home/athul/ros2_ws/install/serial_motor_demo_msgs/include/serial_motor_demo_msgs/msg/detail/motor_vels__traits.hpp
[12.976s] -- Symlinking: /home/athul/ros2_ws/install/serial_motor_demo_msgs/include/serial_motor_demo_msgs/msg/encoder_vals.hpp
[12.991s] -- Symlinking: /home/athul/ros2_ws/install/serial_motor_demo_msgs/include/serial_motor_demo_msgs/msg/motor_command.hpp
[13.005s] -- Symlinking: /home/athul/ros2_ws/install/serial_motor_demo_msgs/include/serial_motor_demo_msgs/msg/motor_vels.hpp
[13.021s] -- Symlinking: /home/athul/ros2_ws/install/serial_motor_demo_msgs/include/serial_motor_demo_msgs/msg/detail/encoder_vals__rosidl_typesupport_introspection_cpp.hpp
[13.036s] -- Symlinking: /home/athul/ros2_ws/install/serial_motor_demo_msgs/include/serial_motor_demo_msgs/msg/detail/motor_command__rosidl_typesupport_introspection_cpp.hpp
[13.051s] -- Symlinking: /home/athul/ros2_ws/install/serial_motor_demo_msgs/include/serial_motor_demo_msgs/msg/detail/motor_vels__rosidl_typesupport_introspection_cpp.hpp
[13.067s] -- Symlinking: /home/athul/ros2_ws/install/serial_motor_demo_msgs/share/serial_motor_demo_msgs/environment/pythonpath.sh
[13.082s] -- Symlinking: /home/athul/ros2_ws/install/serial_motor_demo_msgs/share/serial_motor_demo_msgs/environment/pythonpath.dsv
[13.097s] -- Symlinking: /home/athul/ros2_ws/install/serial_motor_demo_msgs/lib/python3.8/site-packages/serial_motor_demo_msgs/__init__.py
[13.113s] -- Symlinking: /home/athul/ros2_ws/install/serial_motor_demo_msgs/lib/python3.8/site-packages/serial_motor_demo_msgs/msg/__init__.py
[13.128s] -- Symlinking: /home/athul/ros2_ws/install/serial_motor_demo_msgs/lib/python3.8/site-packages/serial_motor_demo_msgs/msg/_encoder_vals.py
[13.142s] -- Symlinking: /home/athul/ros2_ws/install/serial_motor_demo_msgs/lib/python3.8/site-packages/serial_motor_demo_msgs/msg/_motor_command.py
[13.157s] -- Symlinking: /home/athul/ros2_ws/install/serial_motor_demo_msgs/lib/python3.8/site-packages/serial_motor_demo_msgs/msg/_motor_vels.py
[13.173s] -- Symlinking: /home/athul/ros2_ws/install/serial_motor_demo_msgs/lib/python3.8/site-packages/serial_motor_demo_msgs/serial_motor_demo_msgs_s__rosidl_typesupport_fastrtps_c.cpython-38-x86_64-linux-gnu.so
[13.188s] -- Symlinking: /home/athul/ros2_ws/install/serial_motor_demo_msgs/lib/python3.8/site-packages/serial_motor_demo_msgs/serial_motor_demo_msgs_s__rosidl_typesupport_introspection_c.cpython-38-x86_64-linux-gnu.so
[13.204s] -- Symlinking: /home/athul/ros2_ws/install/serial_motor_demo_msgs/lib/python3.8/site-packages/serial_motor_demo_msgs/serial_motor_demo_msgs_s__rosidl_typesupport_c.cpython-38-x86_64-linux-gnu.so
[13.219s] -- Symlinking: /home/athul/ros2_ws/install/serial_motor_demo_msgs/lib/libserial_motor_demo_msgs__python.so
[13.234s] -- Symlinking: /home/athul/ros2_ws/install/serial_motor_demo_msgs/share/serial_motor_demo_msgs/msg/MotorCommand.idl
[13.250s] -- Symlinking: /home/athul/ros2_ws/install/serial_motor_demo_msgs/share/serial_motor_demo_msgs/msg/MotorVels.idl
[13.265s] -- Symlinking: /home/athul/ros2_ws/install/serial_motor_demo_msgs/share/serial_motor_demo_msgs/msg/EncoderVals.idl
[13.280s] -- Symlinking: /home/athul/ros2_ws/install/serial_motor_demo_msgs/share/serial_motor_demo_msgs/msg/MotorCommand.msg
[13.302s] -- Symlinking: /home/athul/ros2_ws/install/serial_motor_demo_msgs/share/serial_motor_demo_msgs/msg/MotorVels.msg
[13.324s] -- Symlinking: /home/athul/ros2_ws/install/serial_motor_demo_msgs/share/serial_motor_demo_msgs/msg/EncoderVals.msg
[13.345s] -- Symlinking: /home/athul/ros2_ws/install/serial_motor_demo_msgs/share/ament_index/resource_index/package_run_dependencies/serial_motor_demo_msgs
[13.363s] -- Symlinking: /home/athul/ros2_ws/install/serial_motor_demo_msgs/share/ament_index/resource_index/parent_prefix_path/serial_motor_demo_msgs
[13.387s] -- Symlinking: /home/athul/ros2_ws/install/serial_motor_demo_msgs/share/serial_motor_demo_msgs/environment/ament_prefix_path.sh
[13.408s] -- Symlinking: /home/athul/ros2_ws/install/serial_motor_demo_msgs/share/serial_motor_demo_msgs/environment/ament_prefix_path.dsv
[13.428s] -- Symlinking: /home/athul/ros2_ws/install/serial_motor_demo_msgs/share/serial_motor_demo_msgs/environment/path.sh
[13.445s] -- Symlinking: /home/athul/ros2_ws/install/serial_motor_demo_msgs/share/serial_motor_demo_msgs/environment/path.dsv
[13.461s] -- Symlinking: /home/athul/ros2_ws/install/serial_motor_demo_msgs/share/serial_motor_demo_msgs/local_setup.bash
[13.476s] -- Symlinking: /home/athul/ros2_ws/install/serial_motor_demo_msgs/share/serial_motor_demo_msgs/local_setup.sh
[13.490s] -- Symlinking: /home/athul/ros2_ws/install/serial_motor_demo_msgs/share/serial_motor_demo_msgs/local_setup.zsh
[13.505s] -- Symlinking: /home/athul/ros2_ws/install/serial_motor_demo_msgs/share/serial_motor_demo_msgs/local_setup.dsv
[13.520s] -- Symlinking: /home/athul/ros2_ws/install/serial_motor_demo_msgs/share/serial_motor_demo_msgs/package.dsv
[13.535s] -- Symlinking: /home/athul/ros2_ws/install/serial_motor_demo_msgs/share/ament_index/resource_index/packages/serial_motor_demo_msgs
[13.549s] -- Symlinking: /home/athul/ros2_ws/install/serial_motor_demo_msgs/share/serial_motor_demo_msgs/cmake/rosidl_cmake-extras.cmake
[13.563s] -- Symlinking: /home/athul/ros2_ws/install/serial_motor_demo_msgs/share/serial_motor_demo_msgs/cmake/ament_cmake_export_dependencies-extras.cmake
[13.578s] -- Symlinking: /home/athul/ros2_ws/install/serial_motor_demo_msgs/share/serial_motor_demo_msgs/cmake/ament_cmake_export_libraries-extras.cmake
[13.592s] -- Symlinking: /home/athul/ros2_ws/install/serial_motor_demo_msgs/share/serial_motor_demo_msgs/cmake/ament_cmake_export_targets-extras.cmake
[13.606s] -- Symlinking: /home/athul/ros2_ws/install/serial_motor_demo_msgs/share/serial_motor_demo_msgs/cmake/ament_cmake_export_include_directories-extras.cmake
[13.621s] -- Symlinking: /home/athul/ros2_ws/install/serial_motor_demo_msgs/share/serial_motor_demo_msgs/cmake/rosidl_cmake_export_typesupport_libraries-extras.cmake
[13.635s] -- Symlinking: /home/athul/ros2_ws/install/serial_motor_demo_msgs/share/serial_motor_demo_msgs/cmake/rosidl_cmake_export_typesupport_targets-extras.cmake
[13.649s] -- Symlinking: /home/athul/ros2_ws/install/serial_motor_demo_msgs/share/serial_motor_demo_msgs/cmake/serial_motor_demo_msgsConfig.cmake
[13.664s] -- Symlinking: /home/athul/ros2_ws/install/serial_motor_demo_msgs/share/serial_motor_demo_msgs/cmake/serial_motor_demo_msgsConfig-version.cmake
[13.678s] -- Symlinking: /home/athul/ros2_ws/install/serial_motor_demo_msgs/share/serial_motor_demo_msgs/package.xml
[13.692s] -- Installing: /home/athul/ros2_ws/install/serial_motor_demo_msgs/lib/libserial_motor_demo_msgs__rosidl_generator_c.so
[13.693s] -- Set runtime path of "/home/athul/ros2_ws/install/serial_motor_demo_msgs/lib/libserial_motor_demo_msgs__rosidl_generator_c.so" to ""
[13.693s] -- Installing: /home/athul/ros2_ws/install/serial_motor_demo_msgs/lib/libserial_motor_demo_msgs__rosidl_typesupport_introspection_c.so
[13.694s] -- Set runtime path of "/home/athul/ros2_ws/install/serial_motor_demo_msgs/lib/libserial_motor_demo_msgs__rosidl_typesupport_introspection_c.so" to ""
[13.694s] -- Installing: /home/athul/ros2_ws/install/serial_motor_demo_msgs/lib/libserial_motor_demo_msgs__rosidl_typesupport_c.so
[13.695s] -- Set runtime path of "/home/athul/ros2_ws/install/serial_motor_demo_msgs/lib/libserial_motor_demo_msgs__rosidl_typesupport_c.so" to ""
[13.695s] -- Installing: /home/athul/ros2_ws/install/serial_motor_demo_msgs/lib/libserial_motor_demo_msgs__rosidl_typesupport_introspection_cpp.so
[13.696s] -- Set runtime path of "/home/athul/ros2_ws/install/serial_motor_demo_msgs/lib/libserial_motor_demo_msgs__rosidl_typesupport_introspection_cpp.so" to ""
[13.696s] -- Installing: /home/athul/ros2_ws/install/serial_motor_demo_msgs/lib/libserial_motor_demo_msgs__rosidl_typesupport_cpp.so
[13.697s] -- Set runtime path of "/home/athul/ros2_ws/install/serial_motor_demo_msgs/lib/libserial_motor_demo_msgs__rosidl_typesupport_cpp.so" to ""
[13.746s] Compiling '/home/athul/ros2_ws/install/serial_motor_demo_msgs/lib/python3.8/site-packages/serial_motor_demo_msgs/__init__.py'...
[13.752s] -- Installing: /home/athul/ros2_ws/install/serial_motor_demo_msgs/share/serial_motor_demo_msgs/cmake/serial_motor_demo_msgs__rosidl_generator_cExport.cmake
[13.753s] -- Installing: /home/athul/ros2_ws/install/serial_motor_demo_msgs/share/serial_motor_demo_msgs/cmake/serial_motor_demo_msgs__rosidl_generator_cExport-noconfig.cmake
[13.753s] -- Installing: /home/athul/ros2_ws/install/serial_motor_demo_msgs/share/serial_motor_demo_msgs/cmake/serial_motor_demo_msgs__rosidl_typesupport_introspection_cExport.cmake
[13.753s] -- Installing: /home/athul/ros2_ws/install/serial_motor_demo_msgs/share/serial_motor_demo_msgs/cmake/serial_motor_demo_msgs__rosidl_typesupport_introspection_cExport-noconfig.cmake
[13.753s] -- Installing: /home/athul/ros2_ws/install/serial_motor_demo_msgs/share/serial_motor_demo_msgs/cmake/serial_motor_demo_msgs__rosidl_typesupport_cExport.cmake
[13.754s] -- Installing: /home/athul/ros2_ws/install/serial_motor_demo_msgs/share/serial_motor_demo_msgs/cmake/serial_motor_demo_msgs__rosidl_typesupport_cExport-noconfig.cmake
[13.754s] -- Installing: /home/athul/ros2_ws/install/serial_motor_demo_msgs/share/serial_motor_demo_msgs/cmake/serial_motor_demo_msgs__rosidl_generator_cppExport.cmake
[13.754s] -- Installing: /home/athul/ros2_ws/install/serial_motor_demo_msgs/share/serial_motor_demo_msgs/cmake/serial_motor_demo_msgs__rosidl_typesupport_introspection_cppExport.cmake
[13.755s] -- Installing: /home/athul/ros2_ws/install/serial_motor_demo_msgs/share/serial_motor_demo_msgs/cmake/serial_motor_demo_msgs__rosidl_typesupport_introspection_cppExport-noconfig.cmake
[13.755s] -- Installing: /home/athul/ros2_ws/install/serial_motor_demo_msgs/share/serial_motor_demo_msgs/cmake/serial_motor_demo_msgs__rosidl_typesupport_cppExport.cmake
[13.755s] -- Installing: /home/athul/ros2_ws/install/serial_motor_demo_msgs/share/serial_motor_demo_msgs/cmake/serial_motor_demo_msgs__rosidl_typesupport_cppExport-noconfig.cmake
[13.763s] Invoked command in '/home/athul/ros2_ws/build/serial_motor_demo_msgs' returned '0': CMAKE_PREFIX_PATH=${CMAKE_PREFIX_PATH}:/home/athul/ros2_ws/install/serial_motor_demo:/opt/ros/foxy /usr/bin/cmake --install /home/athul/ros2_ws/build/serial_motor_demo_msgs
