[0.443s] Invoking command in '/home/athul/ros2_ws/build/rosbridge_msgs': CMAKE_PREFIX_PATH=${CMAKE_PREFIX_PATH}:/home/athul/ros2_ws/install/serial_motor_demo:/opt/ros/foxy /usr/bin/cmake --build /home/athul/ros2_ws/build/rosbridge_msgs -- -j4 -l4
[1.505s] [  2%] Built target rosbridge_msgs__cpp
[1.830s] [ 12%] Built target rosbridge_msgs__rosidl_generator_c
[2.256s] [ 23%] Built target rosbridge_msgs__rosidl_typesupport_fastrtps_cpp
[2.612s] [ 33%] Built target rosbridge_msgs__rosidl_typesupport_c
[2.993s] [ 43%] Built target rosbridge_msgs__rosidl_typesupport_introspection_c
[3.453s] [ 53%] Built target rosbridge_msgs__rosidl_typesupport_fastrtps_c
[3.933s] [ 64%] Built target rosbridge_msgs__rosidl_typesupport_cpp
[4.331s] [ 74%] Built target rosbridge_msgs__rosidl_typesupport_introspection_cpp
[4.698s] [ 74%] Built target rosbridge_msgs
[5.110s] [ 76%] Built target rosbridge_msgs__py
[5.611s] [ 84%] Built target rosbridge_msgs__python
[6.129s] [ 89%] Built target rosbridge_msgs__rosidl_typesupport_c__pyext
[6.619s] [ 94%] Built target rosbridge_msgs__rosidl_typesupport_introspection_c__pyext
[6.922s] [100%] Built target rosbridge_msgs__rosidl_typesupport_fastrtps_c__pyext
[7.044s] Invoked command in '/home/athul/ros2_ws/build/rosbridge_msgs' returned '0': CMAKE_PREFIX_PATH=${CMAKE_PREFIX_PATH}:/home/athul/ros2_ws/install/serial_motor_demo:/opt/ros/foxy /usr/bin/cmake --build /home/athul/ros2_ws/build/rosbridge_msgs -- -j4 -l4
[8.702s] Invoking command in '/home/athul/ros2_ws/build/rosbridge_msgs': CMAKE_PREFIX_PATH=${CMAKE_PREFIX_PATH}:/home/athul/ros2_ws/install/serial_motor_demo:/opt/ros/foxy /usr/bin/cmake --install /home/athul/ros2_ws/build/rosbridge_msgs
[8.870s] -- Install configuration: ""
[8.881s] -- Execute custom install script
[8.881s] -- Up-to-date symlink: /home/athul/ros2_ws/install/rosbridge_msgs/share/ament_index/resource_index/rosidl_interfaces/rosbridge_msgs
[8.890s] -- Up-to-date symlink: /home/athul/ros2_ws/install/rosbridge_msgs/include/rosbridge_msgs/msg/connected_client.h
[8.890s] -- Up-to-date symlink: /home/athul/ros2_ws/install/rosbridge_msgs/include/rosbridge_msgs/msg/connected_clients.h
[8.890s] -- Up-to-date symlink: /home/athul/ros2_ws/install/rosbridge_msgs/include/rosbridge_msgs/msg/detail/connected_client__functions.h
[8.890s] -- Up-to-date symlink: /home/athul/ros2_ws/install/rosbridge_msgs/include/rosbridge_msgs/msg/detail/connected_client__struct.h
[8.912s] -- Up-to-date symlink: /home/athul/ros2_ws/install/rosbridge_msgs/include/rosbridge_msgs/msg/detail/connected_client__type_support.h
[8.922s] -- Up-to-date symlink: /home/athul/ros2_ws/install/rosbridge_msgs/include/rosbridge_msgs/msg/detail/connected_clients__functions.h
[8.922s] -- Up-to-date symlink: /home/athul/ros2_ws/install/rosbridge_msgs/include/rosbridge_msgs/msg/detail/connected_clients__struct.h
[8.923s] -- Up-to-date symlink: /home/athul/ros2_ws/install/rosbridge_msgs/include/rosbridge_msgs/msg/detail/connected_clients__type_support.h
[8.923s] -- Up-to-date symlink: /home/athul/ros2_ws/install/rosbridge_msgs/include/rosbridge_msgs/msg/rosidl_generator_c__visibility_control.h
[8.925s] -- Up-to-date symlink: /home/athul/ros2_ws/install/rosbridge_msgs/share/rosbridge_msgs/environment/library_path.sh
[8.933s] -- Up-to-date symlink: /home/athul/ros2_ws/install/rosbridge_msgs/share/rosbridge_msgs/environment/library_path.dsv
[8.936s] -- Up-to-date symlink: /home/athul/ros2_ws/install/rosbridge_msgs/include/rosbridge_msgs/msg/detail/connected_client__rosidl_typesupport_fastrtps_c.h
[8.959s] -- Up-to-date symlink: /home/athul/ros2_ws/install/rosbridge_msgs/include/rosbridge_msgs/msg/detail/connected_clients__rosidl_typesupport_fastrtps_c.h
[8.971s] -- Up-to-date symlink: /home/athul/ros2_ws/install/rosbridge_msgs/include/rosbridge_msgs/msg/rosidl_typesupport_fastrtps_c__visibility_control.h
[9.000s] -- Up-to-date symlink: /home/athul/ros2_ws/install/rosbridge_msgs/lib/librosbridge_msgs__rosidl_typesupport_fastrtps_c.so
[9.031s] -- Up-to-date symlink: /home/athul/ros2_ws/install/rosbridge_msgs/include/rosbridge_msgs/msg/detail/connected_client__rosidl_typesupport_fastrtps_cpp.hpp
[9.059s] -- Up-to-date symlink: /home/athul/ros2_ws/install/rosbridge_msgs/include/rosbridge_msgs/msg/detail/connected_clients__rosidl_typesupport_fastrtps_cpp.hpp
[9.062s] -- Up-to-date symlink: /home/athul/ros2_ws/install/rosbridge_msgs/include/rosbridge_msgs/msg/rosidl_typesupport_fastrtps_cpp__visibility_control.h
[9.070s] -- Up-to-date symlink: /home/athul/ros2_ws/install/rosbridge_msgs/lib/librosbridge_msgs__rosidl_typesupport_fastrtps_cpp.so
[9.101s] -- Up-to-date symlink: /home/athul/ros2_ws/install/rosbridge_msgs/include/rosbridge_msgs/msg/detail/connected_client__rosidl_typesupport_introspection_c.h
[9.109s] -- Up-to-date symlink: /home/athul/ros2_ws/install/rosbridge_msgs/include/rosbridge_msgs/msg/detail/connected_clients__rosidl_typesupport_introspection_c.h
[9.133s] -- Up-to-date symlink: /home/athul/ros2_ws/install/rosbridge_msgs/include/rosbridge_msgs/msg/rosidl_typesupport_introspection_c__visibility_control.h
[9.135s] -- Up-to-date symlink: /home/athul/ros2_ws/install/rosbridge_msgs/include/rosbridge_msgs/msg/connected_client.hpp
[9.137s] -- Up-to-date symlink: /home/athul/ros2_ws/install/rosbridge_msgs/include/rosbridge_msgs/msg/connected_clients.hpp
[9.140s] -- Up-to-date symlink: /home/athul/ros2_ws/install/rosbridge_msgs/include/rosbridge_msgs/msg/detail/connected_client__builder.hpp
[9.142s] -- Up-to-date symlink: /home/athul/ros2_ws/install/rosbridge_msgs/include/rosbridge_msgs/msg/detail/connected_client__struct.hpp
[9.149s] -- Up-to-date symlink: /home/athul/ros2_ws/install/rosbridge_msgs/include/rosbridge_msgs/msg/detail/connected_client__traits.hpp
[9.149s] -- Up-to-date symlink: /home/athul/ros2_ws/install/rosbridge_msgs/include/rosbridge_msgs/msg/detail/connected_clients__builder.hpp
[9.149s] -- Up-to-date symlink: /home/athul/ros2_ws/install/rosbridge_msgs/include/rosbridge_msgs/msg/detail/connected_clients__struct.hpp
[9.149s] -- Up-to-date symlink: /home/athul/ros2_ws/install/rosbridge_msgs/include/rosbridge_msgs/msg/detail/connected_clients__traits.hpp
[9.167s] -- Up-to-date symlink: /home/athul/ros2_ws/install/rosbridge_msgs/include/rosbridge_msgs/msg/detail/connected_client__rosidl_typesupport_introspection_cpp.hpp
[9.170s] -- Up-to-date symlink: /home/athul/ros2_ws/install/rosbridge_msgs/include/rosbridge_msgs/msg/detail/connected_clients__rosidl_typesupport_introspection_cpp.hpp
[9.181s] -- Up-to-date symlink: /home/athul/ros2_ws/install/rosbridge_msgs/share/rosbridge_msgs/environment/pythonpath.sh
[9.182s] -- Up-to-date symlink: /home/athul/ros2_ws/install/rosbridge_msgs/share/rosbridge_msgs/environment/pythonpath.dsv
[9.189s] -- Up-to-date symlink: /home/athul/ros2_ws/install/rosbridge_msgs/lib/python3.8/site-packages/rosbridge_msgs/__init__.py
[9.194s] -- Up-to-date symlink: /home/athul/ros2_ws/install/rosbridge_msgs/lib/python3.8/site-packages/rosbridge_msgs/msg/__init__.py
[9.195s] -- Up-to-date symlink: /home/athul/ros2_ws/install/rosbridge_msgs/lib/python3.8/site-packages/rosbridge_msgs/msg/_connected_client.py
[9.196s] -- Up-to-date symlink: /home/athul/ros2_ws/install/rosbridge_msgs/lib/python3.8/site-packages/rosbridge_msgs/msg/_connected_clients.py
[9.215s] -- Up-to-date symlink: /home/athul/ros2_ws/install/rosbridge_msgs/lib/python3.8/site-packages/rosbridge_msgs/rosbridge_msgs_s__rosidl_typesupport_fastrtps_c.cpython-38-x86_64-linux-gnu.so
[9.228s] -- Up-to-date symlink: /home/athul/ros2_ws/install/rosbridge_msgs/lib/python3.8/site-packages/rosbridge_msgs/rosbridge_msgs_s__rosidl_typesupport_introspection_c.cpython-38-x86_64-linux-gnu.so
[9.231s] -- Up-to-date symlink: /home/athul/ros2_ws/install/rosbridge_msgs/lib/python3.8/site-packages/rosbridge_msgs/rosbridge_msgs_s__rosidl_typesupport_c.cpython-38-x86_64-linux-gnu.so
[9.234s] -- Up-to-date symlink: /home/athul/ros2_ws/install/rosbridge_msgs/lib/librosbridge_msgs__python.so
[9.245s] -- Up-to-date symlink: /home/athul/ros2_ws/install/rosbridge_msgs/share/rosbridge_msgs/msg/ConnectedClient.idl
[9.247s] -- Up-to-date symlink: /home/athul/ros2_ws/install/rosbridge_msgs/share/rosbridge_msgs/msg/ConnectedClients.idl
[9.264s] -- Up-to-date symlink: /home/athul/ros2_ws/install/rosbridge_msgs/share/rosbridge_msgs/msg/ConnectedClient.msg
[9.264s] -- Up-to-date symlink: /home/athul/ros2_ws/install/rosbridge_msgs/share/rosbridge_msgs/msg/ConnectedClients.msg
[9.264s] -- Up-to-date symlink: /home/athul/ros2_ws/install/rosbridge_msgs/share/ament_index/resource_index/package_run_dependencies/rosbridge_msgs
[9.265s] -- Up-to-date symlink: /home/athul/ros2_ws/install/rosbridge_msgs/share/ament_index/resource_index/parent_prefix_path/rosbridge_msgs
[9.265s] -- Up-to-date symlink: /home/athul/ros2_ws/install/rosbridge_msgs/share/rosbridge_msgs/environment/ament_prefix_path.sh
[9.287s] -- Up-to-date symlink: /home/athul/ros2_ws/install/rosbridge_msgs/share/rosbridge_msgs/environment/ament_prefix_path.dsv
[9.299s] -- Up-to-date symlink: /home/athul/ros2_ws/install/rosbridge_msgs/share/rosbridge_msgs/environment/path.sh
[9.307s] -- Up-to-date symlink: /home/athul/ros2_ws/install/rosbridge_msgs/share/rosbridge_msgs/environment/path.dsv
[9.309s] -- Up-to-date symlink: /home/athul/ros2_ws/install/rosbridge_msgs/share/rosbridge_msgs/local_setup.bash
[9.311s] -- Up-to-date symlink: /home/athul/ros2_ws/install/rosbridge_msgs/share/rosbridge_msgs/local_setup.sh
[9.322s] -- Up-to-date symlink: /home/athul/ros2_ws/install/rosbridge_msgs/share/rosbridge_msgs/local_setup.zsh
[9.351s] -- Up-to-date symlink: /home/athul/ros2_ws/install/rosbridge_msgs/share/rosbridge_msgs/local_setup.dsv
[9.351s] -- Symlinking: /home/athul/ros2_ws/install/rosbridge_msgs/share/rosbridge_msgs/package.dsv
[9.530s] -- Up-to-date symlink: /home/athul/ros2_ws/install/rosbridge_msgs/share/ament_index/resource_index/packages/rosbridge_msgs
[9.532s] -- Up-to-date symlink: /home/athul/ros2_ws/install/rosbridge_msgs/share/rosbridge_msgs/cmake/rosidl_cmake-extras.cmake
[9.533s] -- Up-to-date symlink: /home/athul/ros2_ws/install/rosbridge_msgs/share/rosbridge_msgs/cmake/ament_cmake_export_dependencies-extras.cmake
[9.533s] -- Up-to-date symlink: /home/athul/ros2_ws/install/rosbridge_msgs/share/rosbridge_msgs/cmake/ament_cmake_export_libraries-extras.cmake
[9.539s] -- Up-to-date symlink: /home/athul/ros2_ws/install/rosbridge_msgs/share/rosbridge_msgs/cmake/ament_cmake_export_targets-extras.cmake
[9.554s] -- Up-to-date symlink: /home/athul/ros2_ws/install/rosbridge_msgs/share/rosbridge_msgs/cmake/ament_cmake_export_include_directories-extras.cmake
[9.560s] -- Up-to-date symlink: /home/athul/ros2_ws/install/rosbridge_msgs/share/rosbridge_msgs/cmake/rosidl_cmake_export_typesupport_libraries-extras.cmake
[9.565s] -- Up-to-date symlink: /home/athul/ros2_ws/install/rosbridge_msgs/share/rosbridge_msgs/cmake/rosidl_cmake_export_typesupport_targets-extras.cmake
[9.565s] -- Up-to-date symlink: /home/athul/ros2_ws/install/rosbridge_msgs/share/rosbridge_msgs/cmake/rosbridge_msgsConfig.cmake
[9.570s] -- Up-to-date symlink: /home/athul/ros2_ws/install/rosbridge_msgs/share/rosbridge_msgs/cmake/rosbridge_msgsConfig-version.cmake
[9.571s] -- Up-to-date symlink: /home/athul/ros2_ws/install/rosbridge_msgs/share/rosbridge_msgs/package.xml
[9.573s] -- Up-to-date: /home/athul/ros2_ws/install/rosbridge_msgs/lib/librosbridge_msgs__rosidl_generator_c.so
[9.577s] -- Up-to-date: /home/athul/ros2_ws/install/rosbridge_msgs/lib/librosbridge_msgs__rosidl_typesupport_introspection_c.so
[9.588s] -- Up-to-date: /home/athul/ros2_ws/install/rosbridge_msgs/lib/librosbridge_msgs__rosidl_typesupport_c.so
[9.607s] -- Up-to-date: /home/athul/ros2_ws/install/rosbridge_msgs/lib/librosbridge_msgs__rosidl_typesupport_introspection_cpp.so
[9.619s] -- Up-to-date: /home/athul/ros2_ws/install/rosbridge_msgs/lib/librosbridge_msgs__rosidl_typesupport_cpp.so
[10.417s] -- Up-to-date: /home/athul/ros2_ws/install/rosbridge_msgs/share/rosbridge_msgs/cmake/rosbridge_msgs__rosidl_generator_cExport.cmake
[10.423s] -- Up-to-date: /home/athul/ros2_ws/install/rosbridge_msgs/share/rosbridge_msgs/cmake/rosbridge_msgs__rosidl_generator_cExport-noconfig.cmake
[10.426s] -- Up-to-date: /home/athul/ros2_ws/install/rosbridge_msgs/share/rosbridge_msgs/cmake/rosbridge_msgs__rosidl_typesupport_introspection_cExport.cmake
[10.428s] -- Up-to-date: /home/athul/ros2_ws/install/rosbridge_msgs/share/rosbridge_msgs/cmake/rosbridge_msgs__rosidl_typesupport_introspection_cExport-noconfig.cmake
[10.431s] -- Up-to-date: /home/athul/ros2_ws/install/rosbridge_msgs/share/rosbridge_msgs/cmake/rosbridge_msgs__rosidl_typesupport_cExport.cmake
[10.442s] -- Up-to-date: /home/athul/ros2_ws/install/rosbridge_msgs/share/rosbridge_msgs/cmake/rosbridge_msgs__rosidl_typesupport_cExport-noconfig.cmake
[10.457s] -- Up-to-date: /home/athul/ros2_ws/install/rosbridge_msgs/share/rosbridge_msgs/cmake/rosbridge_msgs__rosidl_generator_cppExport.cmake
[10.467s] -- Up-to-date: /home/athul/ros2_ws/install/rosbridge_msgs/share/rosbridge_msgs/cmake/rosbridge_msgs__rosidl_typesupport_introspection_cppExport.cmake
[10.467s] -- Up-to-date: /home/athul/ros2_ws/install/rosbridge_msgs/share/rosbridge_msgs/cmake/rosbridge_msgs__rosidl_typesupport_introspection_cppExport-noconfig.cmake
[10.471s] -- Up-to-date: /home/athul/ros2_ws/install/rosbridge_msgs/share/rosbridge_msgs/cmake/rosbridge_msgs__rosidl_typesupport_cppExport.cmake
[10.471s] -- Up-to-date: /home/athul/ros2_ws/install/rosbridge_msgs/share/rosbridge_msgs/cmake/rosbridge_msgs__rosidl_typesupport_cppExport-noconfig.cmake
[10.506s] Invoked command in '/home/athul/ros2_ws/build/rosbridge_msgs' returned '0': CMAKE_PREFIX_PATH=${CMAKE_PREFIX_PATH}:/home/athul/ros2_ws/install/serial_motor_demo:/opt/ros/foxy /usr/bin/cmake --install /home/athul/ros2_ws/build/rosbridge_msgs
