[0.057s] Invoking command in '/home/athul/ros2_ws/build/gazebo_ros2_control': CMAKE_PREFIX_PATH=/opt/ros/foxy /usr/bin/cmake --build /home/athul/ros2_ws/build/gazebo_ros2_control -- -j4 -l4
[0.491s] [ 50%] Built target gazebo_hardware_plugins
[0.506s] [100%] Built target gazebo_ros2_control
[0.539s] Invoked command in '/home/athul/ros2_ws/build/gazebo_ros2_control' returned '0': CMAKE_PREFIX_PATH=/opt/ros/foxy /usr/bin/cmake --build /home/athul/ros2_ws/build/gazebo_ros2_control -- -j4 -l4
[0.635s] Invoking command in '/home/athul/ros2_ws/build/gazebo_ros2_control': CMAKE_PREFIX_PATH=/opt/ros/foxy /usr/bin/cmake --install /home/athul/ros2_ws/build/gazebo_ros2_control
[0.664s] -- Install configuration: ""
[0.667s] -- Execute custom install script
[0.668s] -- Up-to-date symlink: /home/athul/ros2_ws/install/gazebo_ros2_control/lib/libgazebo_ros2_control.so
[0.669s] -- Up-to-date symlink: /home/athul/ros2_ws/install/gazebo_ros2_control/lib/libgazebo_hardware_plugins.so
[0.670s] -- Up-to-date symlink: /home/athul/ros2_ws/install/gazebo_ros2_control/share/gazebo_ros2_control/environment/library_path.sh
[0.673s] -- Up-to-date symlink: /home/athul/ros2_ws/install/gazebo_ros2_control/share/gazebo_ros2_control/environment/library_path.dsv
[0.673s] -- Up-to-date symlink: /home/athul/ros2_ws/install/gazebo_ros2_control/include/gazebo_ros2_control/gazebo_ros2_control_plugin.hpp
[0.675s] -- Up-to-date symlink: /home/athul/ros2_ws/install/gazebo_ros2_control/include/gazebo_ros2_control/gazebo_system.hpp
[0.676s] -- Up-to-date symlink: /home/athul/ros2_ws/install/gazebo_ros2_control/include/gazebo_ros2_control/gazebo_system_interface.hpp
[0.677s] -- Up-to-date symlink: /home/athul/ros2_ws/install/gazebo_ros2_control/share/gazebo_ros2_control//gazebo_hardware_plugins.xml
[0.678s] -- Up-to-date symlink: /home/athul/ros2_ws/install/gazebo_ros2_control/share/ament_index/resource_index/package_run_dependencies/gazebo_ros2_control
[0.679s] -- Up-to-date symlink: /home/athul/ros2_ws/install/gazebo_ros2_control/share/ament_index/resource_index/parent_prefix_path/gazebo_ros2_control
[0.681s] -- Up-to-date symlink: /home/athul/ros2_ws/install/gazebo_ros2_control/share/gazebo_ros2_control/environment/ament_prefix_path.sh
[0.682s] -- Up-to-date symlink: /home/athul/ros2_ws/install/gazebo_ros2_control/share/gazebo_ros2_control/environment/ament_prefix_path.dsv
[0.683s] -- Up-to-date symlink: /home/athul/ros2_ws/install/gazebo_ros2_control/share/gazebo_ros2_control/environment/path.sh
[0.685s] -- Up-to-date symlink: /home/athul/ros2_ws/install/gazebo_ros2_control/share/gazebo_ros2_control/environment/path.dsv
[0.685s] -- Up-to-date symlink: /home/athul/ros2_ws/install/gazebo_ros2_control/share/gazebo_ros2_control/local_setup.bash
[0.686s] -- Up-to-date symlink: /home/athul/ros2_ws/install/gazebo_ros2_control/share/gazebo_ros2_control/local_setup.sh
[0.687s] -- Up-to-date symlink: /home/athul/ros2_ws/install/gazebo_ros2_control/share/gazebo_ros2_control/local_setup.zsh
[0.688s] -- Up-to-date symlink: /home/athul/ros2_ws/install/gazebo_ros2_control/share/gazebo_ros2_control/local_setup.dsv
[0.689s] -- Symlinking: /home/athul/ros2_ws/install/gazebo_ros2_control/share/gazebo_ros2_control/package.dsv
[0.720s] -- Up-to-date symlink: /home/athul/ros2_ws/install/gazebo_ros2_control/share/ament_index/resource_index/packages/gazebo_ros2_control
[0.721s] -- Up-to-date symlink: /home/athul/ros2_ws/install/gazebo_ros2_control/share/ament_index/resource_index/gazebo_ros2_control__pluginlib__plugin/gazebo_ros2_control
[0.721s] -- Up-to-date symlink: /home/athul/ros2_ws/install/gazebo_ros2_control/share/gazebo_ros2_control/cmake/ament_cmake_export_include_directories-extras.cmake
[0.721s] -- Up-to-date symlink: /home/athul/ros2_ws/install/gazebo_ros2_control/share/gazebo_ros2_control/cmake/ament_cmake_export_dependencies-extras.cmake
[0.721s] -- Up-to-date symlink: /home/athul/ros2_ws/install/gazebo_ros2_control/share/gazebo_ros2_control/cmake/ament_cmake_export_libraries-extras.cmake
[0.721s] -- Up-to-date symlink: /home/athul/ros2_ws/install/gazebo_ros2_control/share/gazebo_ros2_control/cmake/gazebo_ros2_controlConfig.cmake
[0.722s] -- Up-to-date symlink: /home/athul/ros2_ws/install/gazebo_ros2_control/share/gazebo_ros2_control/cmake/gazebo_ros2_controlConfig-version.cmake
[0.722s] -- Up-to-date symlink: /home/athul/ros2_ws/install/gazebo_ros2_control/share/gazebo_ros2_control/package.xml
[0.743s] Invoked command in '/home/athul/ros2_ws/build/gazebo_ros2_control' returned '0': CMAKE_PREFIX_PATH=/opt/ros/foxy /usr/bin/cmake --install /home/athul/ros2_ws/build/gazebo_ros2_control
