[1.452s] Invoking command in '/home/athul/ros2_ws/build/serial_motor_demo': AMENT_PREFIX_PATH=/home/athul/ros2_ws/install/serial_motor_demo_msgs:${AMENT_PREFIX_PATH} CMAKE_PREFIX_PATH=/home/athul/ros2_ws/install/serial_motor_demo_msgs LD_LIBRARY_PATH=/home/athul/ros2_ws/install/serial_motor_demo_msgs/lib:${LD_LIBRARY_PATH} PYTHONPATH=/home/athul/ros2_ws/build/serial_motor_demo/prefix_override:/home/athul/ros2_ws/install/serial_motor_demo/lib/python3.8/site-packages:/home/athul/ros2_ws/install/serial_motor_demo_msgs/lib/python3.8/site-packages:${PYTHONPATH} /usr/bin/python3 setup.py develop --editable --build-directory /home/athul/ros2_ws/build/serial_motor_demo/build --no-deps install_data
[2.009s] running develop
[2.372s] running egg_info
[2.373s] writing serial_motor_demo.egg-info/PKG-INFO
[2.374s] writing dependency_links to serial_motor_demo.egg-info/dependency_links.txt
[2.375s] writing entry points to serial_motor_demo.egg-info/entry_points.txt
[2.376s] writing requirements to serial_motor_demo.egg-info/requires.txt
[2.377s] writing top-level names to serial_motor_demo.egg-info/top_level.txt
[2.472s] reading manifest file 'serial_motor_demo.egg-info/SOURCES.txt'
[2.476s] writing manifest file 'serial_motor_demo.egg-info/SOURCES.txt'
[2.575s] running build_ext
[2.577s] Creating /home/athul/ros2_ws/install/serial_motor_demo/lib/python3.8/site-packages/serial-motor-demo.egg-link (link to .)
[2.580s] Installing driver script to /home/athul/ros2_ws/install/serial_motor_demo/lib/serial_motor_demo
[2.580s] Installing gui script to /home/athul/ros2_ws/install/serial_motor_demo/lib/serial_motor_demo
[2.581s] 
[2.582s] Installed /home/athul/ros2_ws/build/serial_motor_demo
[2.582s] running install_data
[2.583s] copying resource/serial_motor_demo -> /home/athul/ros2_ws/install/serial_motor_demo/share/ament_index/resource_index/packages
[2.584s] copying package.xml -> /home/athul/ros2_ws/install/serial_motor_demo/share/serial_motor_demo
[2.656s] Invoked command in '/home/athul/ros2_ws/build/serial_motor_demo' returned '0': AMENT_PREFIX_PATH=/home/athul/ros2_ws/install/serial_motor_demo_msgs:${AMENT_PREFIX_PATH} CMAKE_PREFIX_PATH=/home/athul/ros2_ws/install/serial_motor_demo_msgs LD_LIBRARY_PATH=/home/athul/ros2_ws/install/serial_motor_demo_msgs/lib:${LD_LIBRARY_PATH} PYTHONPATH=/home/athul/ros2_ws/build/serial_motor_demo/prefix_override:/home/athul/ros2_ws/install/serial_motor_demo/lib/python3.8/site-packages:/home/athul/ros2_ws/install/serial_motor_demo_msgs/lib/python3.8/site-packages:${PYTHONPATH} /usr/bin/python3 setup.py develop --editable --build-directory /home/athul/ros2_ws/build/serial_motor_demo/build --no-deps install_data
