[0.236s] Invoking command in '/home/athul/ros2_ws/build/my_bot': CMAKE_PREFIX_PATH=${CMAKE_PREFIX_PATH}:/home/athul/ros2_ws/install/serial_motor_demo:/opt/ros/foxy /usr/bin/cmake --build /home/athul/ros2_ws/build/my_bot -- -j4 -l4
[0.762s] Invoked command in '/home/athul/ros2_ws/build/my_bot' returned '0': CMAKE_PREFIX_PATH=${CMAKE_PREFIX_PATH}:/home/athul/ros2_ws/install/serial_motor_demo:/opt/ros/foxy /usr/bin/cmake --build /home/athul/ros2_ws/build/my_bot -- -j4 -l4
[1.132s] Invoking command in '/home/athul/ros2_ws/build/my_bot': CMAKE_PREFIX_PATH=${CMAKE_PREFIX_PATH}:/home/athul/ros2_ws/install/serial_motor_demo:/opt/ros/foxy /usr/bin/cmake --install /home/athul/ros2_ws/build/my_bot
[1.242s] -- Install configuration: ""
[1.254s] -- Execute custom install script
[1.255s] -- Up-to-date symlink: /home/athul/ros2_ws/install/my_bot/share/my_bot/config/empty.yaml
[1.259s] -- Up-to-date symlink: /home/athul/ros2_ws/install/my_bot/share/my_bot/config/gaz_ros2_ctl_use_sim.yaml
[1.270s] -- Up-to-date symlink: /home/athul/ros2_ws/install/my_bot/share/my_bot/config/gazebo_params.yaml
[1.292s] -- Up-to-date symlink: /home/athul/ros2_ws/install/my_bot/share/my_bot/config/joystick.yaml
[1.294s] -- Up-to-date symlink: /home/athul/ros2_ws/install/my_bot/share/my_bot/config/main.rviz
[1.297s] -- Up-to-date symlink: /home/athul/ros2_ws/install/my_bot/share/my_bot/config/mainn.rviz
[1.300s] -- Up-to-date symlink: /home/athul/ros2_ws/install/my_bot/share/my_bot/config/mapper_params_online_async.yaml
[1.302s] -- Up-to-date symlink: /home/athul/ros2_ws/install/my_bot/share/my_bot/config/my_controllers.yaml
[1.305s] -- Up-to-date symlink: /home/athul/ros2_ws/install/my_bot/share/my_bot/config/twist_mux.yaml
[1.326s] -- Up-to-date symlink: /home/athul/ros2_ws/install/my_bot/share/my_bot/config/view_bot.rviz
[1.331s] -- Up-to-date symlink: /home/athul/ros2_ws/install/my_bot/share/my_bot/description/camera.xacro
[1.346s] -- Up-to-date symlink: /home/athul/ros2_ws/install/my_bot/share/my_bot/description/gazebo_control.xacro
[1.362s] -- Up-to-date symlink: /home/athul/ros2_ws/install/my_bot/share/my_bot/description/inertial_macros.xacro
[1.369s] -- Up-to-date symlink: /home/athul/ros2_ws/install/my_bot/share/my_bot/description/lidar.xacro
[1.370s] -- Up-to-date symlink: /home/athul/ros2_ws/install/my_bot/share/my_bot/description/robot.urdf.xacro
[1.372s] -- Up-to-date symlink: /home/athul/ros2_ws/install/my_bot/share/my_bot/description/robot_core.xacro
[1.374s] -- Up-to-date symlink: /home/athul/ros2_ws/install/my_bot/share/my_bot/description/ros2_control.xacro
[1.375s] -- Up-to-date symlink: /home/athul/ros2_ws/install/my_bot/share/my_bot/launch/camera.launch.py
[1.379s] -- Up-to-date symlink: /home/athul/ros2_ws/install/my_bot/share/my_bot/launch/joystick.launch.py
[1.384s] -- Up-to-date symlink: /home/athul/ros2_ws/install/my_bot/share/my_bot/launch/launch_robot.launch.py
[1.403s] -- Up-to-date symlink: /home/athul/ros2_ws/install/my_bot/share/my_bot/launch/launch_sim.launch.py
[1.411s] -- Up-to-date symlink: /home/athul/ros2_ws/install/my_bot/share/my_bot/launch/rplidar.launch.py
[1.412s] -- Up-to-date symlink: /home/athul/ros2_ws/install/my_bot/share/my_bot/launch/rsp.launch.py
[1.416s] -- Up-to-date symlink: /home/athul/ros2_ws/install/my_bot/share/my_bot/worlds/empty.world
[1.429s] -- Up-to-date symlink: /home/athul/ros2_ws/install/my_bot/share/my_bot/worlds/obstacle.world
[1.444s] -- Up-to-date symlink: /home/athul/ros2_ws/install/my_bot/share/my_bot/worlds/obstacles.world
[1.449s] -- Up-to-date symlink: /home/athul/ros2_ws/install/my_bot/share/ament_index/resource_index/package_run_dependencies/my_bot
[1.470s] -- Up-to-date symlink: /home/athul/ros2_ws/install/my_bot/share/ament_index/resource_index/parent_prefix_path/my_bot
[1.481s] -- Up-to-date symlink: /home/athul/ros2_ws/install/my_bot/share/my_bot/environment/ament_prefix_path.sh
[1.483s] -- Up-to-date symlink: /home/athul/ros2_ws/install/my_bot/share/my_bot/environment/ament_prefix_path.dsv
[1.487s] -- Up-to-date symlink: /home/athul/ros2_ws/install/my_bot/share/my_bot/environment/path.sh
[1.487s] -- Up-to-date symlink: /home/athul/ros2_ws/install/my_bot/share/my_bot/environment/path.dsv
[1.488s] -- Up-to-date symlink: /home/athul/ros2_ws/install/my_bot/share/my_bot/local_setup.bash
[1.488s] -- Up-to-date symlink: /home/athul/ros2_ws/install/my_bot/share/my_bot/local_setup.sh
[1.510s] -- Up-to-date symlink: /home/athul/ros2_ws/install/my_bot/share/my_bot/local_setup.zsh
[1.514s] -- Up-to-date symlink: /home/athul/ros2_ws/install/my_bot/share/my_bot/local_setup.dsv
[1.523s] -- Symlinking: /home/athul/ros2_ws/install/my_bot/share/my_bot/package.dsv
[1.618s] -- Up-to-date symlink: /home/athul/ros2_ws/install/my_bot/share/ament_index/resource_index/packages/my_bot
[1.624s] -- Up-to-date symlink: /home/athul/ros2_ws/install/my_bot/share/my_bot/cmake/my_botConfig.cmake
[1.631s] -- Up-to-date symlink: /home/athul/ros2_ws/install/my_bot/share/my_bot/cmake/my_botConfig-version.cmake
[1.633s] -- Up-to-date symlink: /home/athul/ros2_ws/install/my_bot/share/my_bot/package.xml
[1.672s] Invoked command in '/home/athul/ros2_ws/build/my_bot' returned '0': CMAKE_PREFIX_PATH=${CMAKE_PREFIX_PATH}:/home/athul/ros2_ws/install/serial_motor_demo:/opt/ros/foxy /usr/bin/cmake --install /home/athul/ros2_ws/build/my_bot
