[0.533s] DEBUG:colcon:Command line arguments: ['/usr/bin/colcon', 'build', '--symlink-install']
[0.533s] DEBUG:colcon:Parsed command line arguments: Namespace(allow_overriding=[], ament_cmake_args=None, base_paths=['.'], build_base='build', catkin_cmake_args=None, catkin_skip_building_tests=False, cmake_args=None, cmake_clean_cache=False, cmake_clean_first=False, cmake_force_configure=False, cmake_target=None, cmake_target_skip_unavailable=False, continue_on_error=False, event_handlers=None, executor='parallel', ignore_user_meta=False, install_base='install', log_base=None, log_level=None, main=<bound method BuildVerb.main of <colcon_core.verb.build.BuildVerb object at 0x7f2d8b7e6fd0>>, merge_install=False, metas=['./colcon.meta'], packages_above=None, packages_above_and_dependencies=None, packages_above_depth=None, packages_end=None, packages_ignore=None, packages_ignore_regex=None, packages_select=None, packages_select_build_failed=False, packages_select_by_dep=None, packages_select_regex=None, packages_select_test_failures=False, packages_skip=None, packages_skip_build_finished=False, packages_skip_by_dep=None, packages_skip_regex=None, packages_skip_test_passed=False, packages_skip_up_to=None, packages_start=None, packages_up_to=None, packages_up_to_regex=None, parallel_workers=4, paths=None, symlink_install=True, test_result_base=None, verb_extension=<colcon_core.verb.build.BuildVerb object at 0x7f2d8b7e6fd0>, verb_name='build', verb_parser=<colcon_defaults.argument_parser.defaults.DefaultArgumentsDecorator object at 0x7f2d8b7f0520>)
[0.581s] Level 1:colcon.colcon_core.package_discovery:discover_packages(colcon_meta) check parameters
[0.582s] Level 1:colcon.colcon_core.package_discovery:discover_packages(recursive) check parameters
[0.582s] Level 1:colcon.colcon_core.package_discovery:discover_packages(ignore) check parameters
[0.582s] Level 1:colcon.colcon_core.package_discovery:discover_packages(path) check parameters
[0.582s] Level 1:colcon.colcon_core.package_discovery:discover_packages(colcon_meta) discover
[0.582s] Level 1:colcon.colcon_core.package_discovery:discover_packages(recursive) discover
[0.582s] INFO:colcon.colcon_core.package_discovery:Crawling recursively for packages in '/home/athul/ros2_ws'
[0.583s] Level 1:colcon.colcon_core.package_identification:_identify(.) by extensions ['ignore', 'ignore_ament_install']
[0.583s] Level 1:colcon.colcon_core.package_identification:_identify(.) by extension 'ignore'
[0.583s] Level 1:colcon.colcon_core.package_identification:_identify(.) by extension 'ignore_ament_install'
[0.583s] Level 1:colcon.colcon_core.package_identification:_identify(.) by extensions ['colcon_pkg']
[0.583s] Level 1:colcon.colcon_core.package_identification:_identify(.) by extension 'colcon_pkg'
[0.584s] Level 1:colcon.colcon_core.package_identification:_identify(.) by extensions ['colcon_meta']
[0.584s] Level 1:colcon.colcon_core.package_identification:_identify(.) by extension 'colcon_meta'
[0.584s] Level 1:colcon.colcon_core.package_identification:_identify(.) by extensions ['ros']
[0.584s] Level 1:colcon.colcon_core.package_identification:_identify(.) by extension 'ros'
[0.643s] Level 1:colcon.colcon_core.package_identification:_identify(.) by extensions ['cmake', 'python']
[0.643s] Level 1:colcon.colcon_core.package_identification:_identify(.) by extension 'cmake'
[0.643s] Level 1:colcon.colcon_core.package_identification:_identify(.) by extension 'python'
[0.643s] Level 1:colcon.colcon_core.package_identification:_identify(.) by extensions ['python_setup_py']
[0.643s] Level 1:colcon.colcon_core.package_identification:_identify(.) by extension 'python_setup_py'
[0.643s] Level 1:colcon.colcon_core.package_identification:_identify(build) by extensions ['ignore', 'ignore_ament_install']
[0.644s] Level 1:colcon.colcon_core.package_identification:_identify(build) by extension 'ignore'
[0.644s] Level 1:colcon.colcon_core.package_identification:_identify(build) ignored
[0.644s] Level 1:colcon.colcon_core.package_identification:_identify(install) by extensions ['ignore', 'ignore_ament_install']
[0.644s] Level 1:colcon.colcon_core.package_identification:_identify(install) by extension 'ignore'
[0.645s] Level 1:colcon.colcon_core.package_identification:_identify(install) ignored
[0.645s] Level 1:colcon.colcon_core.package_identification:_identify(log) by extensions ['ignore', 'ignore_ament_install']
[0.645s] Level 1:colcon.colcon_core.package_identification:_identify(log) by extension 'ignore'
[0.645s] Level 1:colcon.colcon_core.package_identification:_identify(log) ignored
[0.645s] Level 1:colcon.colcon_core.package_identification:_identify(src) by extensions ['ignore', 'ignore_ament_install']
[0.646s] Level 1:colcon.colcon_core.package_identification:_identify(src) by extension 'ignore'
[0.646s] Level 1:colcon.colcon_core.package_identification:_identify(src) by extension 'ignore_ament_install'
[0.646s] Level 1:colcon.colcon_core.package_identification:_identify(src) by extensions ['colcon_pkg']
[0.646s] Level 1:colcon.colcon_core.package_identification:_identify(src) by extension 'colcon_pkg'
[0.646s] Level 1:colcon.colcon_core.package_identification:_identify(src) by extensions ['colcon_meta']
[0.646s] Level 1:colcon.colcon_core.package_identification:_identify(src) by extension 'colcon_meta'
[0.646s] Level 1:colcon.colcon_core.package_identification:_identify(src) by extensions ['ros']
[0.646s] Level 1:colcon.colcon_core.package_identification:_identify(src) by extension 'ros'
[0.646s] Level 1:colcon.colcon_core.package_identification:_identify(src) by extensions ['cmake', 'python']
[0.646s] Level 1:colcon.colcon_core.package_identification:_identify(src) by extension 'cmake'
[0.647s] Level 1:colcon.colcon_core.package_identification:_identify(src) by extension 'python'
[0.647s] Level 1:colcon.colcon_core.package_identification:_identify(src) by extensions ['python_setup_py']
[0.647s] Level 1:colcon.colcon_core.package_identification:_identify(src) by extension 'python_setup_py'
[0.647s] Level 1:colcon.colcon_core.package_identification:_identify(src/build) by extensions ['ignore', 'ignore_ament_install']
[0.647s] Level 1:colcon.colcon_core.package_identification:_identify(src/build) by extension 'ignore'
[0.647s] Level 1:colcon.colcon_core.package_identification:_identify(src/build) ignored
[0.647s] Level 1:colcon.colcon_core.package_identification:_identify(src/gazebo_ros2_control) by extensions ['ignore', 'ignore_ament_install']
[0.648s] Level 1:colcon.colcon_core.package_identification:_identify(src/gazebo_ros2_control) by extension 'ignore'
[0.648s] Level 1:colcon.colcon_core.package_identification:_identify(src/gazebo_ros2_control) by extension 'ignore_ament_install'
[0.648s] Level 1:colcon.colcon_core.package_identification:_identify(src/gazebo_ros2_control) by extensions ['colcon_pkg']
[0.648s] Level 1:colcon.colcon_core.package_identification:_identify(src/gazebo_ros2_control) by extension 'colcon_pkg'
[0.648s] Level 1:colcon.colcon_core.package_identification:_identify(src/gazebo_ros2_control) by extensions ['colcon_meta']
[0.648s] Level 1:colcon.colcon_core.package_identification:_identify(src/gazebo_ros2_control) by extension 'colcon_meta'
[0.648s] Level 1:colcon.colcon_core.package_identification:_identify(src/gazebo_ros2_control) by extensions ['ros']
[0.648s] Level 1:colcon.colcon_core.package_identification:_identify(src/gazebo_ros2_control) by extension 'ros'
[0.649s] Level 1:colcon.colcon_core.package_identification:_identify(src/gazebo_ros2_control) by extensions ['cmake', 'python']
[0.649s] Level 1:colcon.colcon_core.package_identification:_identify(src/gazebo_ros2_control) by extension 'cmake'
[0.649s] Level 1:colcon.colcon_core.package_identification:_identify(src/gazebo_ros2_control) by extension 'python'
[0.649s] Level 1:colcon.colcon_core.package_identification:_identify(src/gazebo_ros2_control) by extensions ['python_setup_py']
[0.649s] Level 1:colcon.colcon_core.package_identification:_identify(src/gazebo_ros2_control) by extension 'python_setup_py'
[0.649s] Level 1:colcon.colcon_core.package_identification:_identify(src/gazebo_ros2_control/Docker) by extensions ['ignore', 'ignore_ament_install']
[0.649s] Level 1:colcon.colcon_core.package_identification:_identify(src/gazebo_ros2_control/Docker) by extension 'ignore'
[0.649s] Level 1:colcon.colcon_core.package_identification:_identify(src/gazebo_ros2_control/Docker) by extension 'ignore_ament_install'
[0.650s] Level 1:colcon.colcon_core.package_identification:_identify(src/gazebo_ros2_control/Docker) by extensions ['colcon_pkg']
[0.650s] Level 1:colcon.colcon_core.package_identification:_identify(src/gazebo_ros2_control/Docker) by extension 'colcon_pkg'
[0.650s] Level 1:colcon.colcon_core.package_identification:_identify(src/gazebo_ros2_control/Docker) by extensions ['colcon_meta']
[0.650s] Level 1:colcon.colcon_core.package_identification:_identify(src/gazebo_ros2_control/Docker) by extension 'colcon_meta'
[0.650s] Level 1:colcon.colcon_core.package_identification:_identify(src/gazebo_ros2_control/Docker) by extensions ['ros']
[0.650s] Level 1:colcon.colcon_core.package_identification:_identify(src/gazebo_ros2_control/Docker) by extension 'ros'
[0.650s] Level 1:colcon.colcon_core.package_identification:_identify(src/gazebo_ros2_control/Docker) by extensions ['cmake', 'python']
[0.650s] Level 1:colcon.colcon_core.package_identification:_identify(src/gazebo_ros2_control/Docker) by extension 'cmake'
[0.650s] Level 1:colcon.colcon_core.package_identification:_identify(src/gazebo_ros2_control/Docker) by extension 'python'
[0.650s] Level 1:colcon.colcon_core.package_identification:_identify(src/gazebo_ros2_control/Docker) by extensions ['python_setup_py']
[0.651s] Level 1:colcon.colcon_core.package_identification:_identify(src/gazebo_ros2_control/Docker) by extension 'python_setup_py'
[0.651s] Level 1:colcon.colcon_core.package_identification:_identify(src/gazebo_ros2_control/gazebo_ros2_control) by extensions ['ignore', 'ignore_ament_install']
[0.651s] Level 1:colcon.colcon_core.package_identification:_identify(src/gazebo_ros2_control/gazebo_ros2_control) by extension 'ignore'
[0.651s] Level 1:colcon.colcon_core.package_identification:_identify(src/gazebo_ros2_control/gazebo_ros2_control) by extension 'ignore_ament_install'
[0.651s] Level 1:colcon.colcon_core.package_identification:_identify(src/gazebo_ros2_control/gazebo_ros2_control) by extensions ['colcon_pkg']
[0.651s] Level 1:colcon.colcon_core.package_identification:_identify(src/gazebo_ros2_control/gazebo_ros2_control) by extension 'colcon_pkg'
[0.651s] Level 1:colcon.colcon_core.package_identification:_identify(src/gazebo_ros2_control/gazebo_ros2_control) by extensions ['colcon_meta']
[0.651s] Level 1:colcon.colcon_core.package_identification:_identify(src/gazebo_ros2_control/gazebo_ros2_control) by extension 'colcon_meta'
[0.652s] Level 1:colcon.colcon_core.package_identification:_identify(src/gazebo_ros2_control/gazebo_ros2_control) by extensions ['ros']
[0.652s] Level 1:colcon.colcon_core.package_identification:_identify(src/gazebo_ros2_control/gazebo_ros2_control) by extension 'ros'
[0.660s] DEBUG:colcon.colcon_core.package_identification:Package 'src/gazebo_ros2_control/gazebo_ros2_control' with type 'ros.ament_cmake' and name 'gazebo_ros2_control'
[0.661s] Level 1:colcon.colcon_core.package_identification:_identify(src/gazebo_ros2_control/gazebo_ros2_control_demos) by extensions ['ignore', 'ignore_ament_install']
[0.661s] Level 1:colcon.colcon_core.package_identification:_identify(src/gazebo_ros2_control/gazebo_ros2_control_demos) by extension 'ignore'
[0.661s] Level 1:colcon.colcon_core.package_identification:_identify(src/gazebo_ros2_control/gazebo_ros2_control_demos) by extension 'ignore_ament_install'
[0.661s] Level 1:colcon.colcon_core.package_identification:_identify(src/gazebo_ros2_control/gazebo_ros2_control_demos) by extensions ['colcon_pkg']
[0.661s] Level 1:colcon.colcon_core.package_identification:_identify(src/gazebo_ros2_control/gazebo_ros2_control_demos) by extension 'colcon_pkg'
[0.661s] Level 1:colcon.colcon_core.package_identification:_identify(src/gazebo_ros2_control/gazebo_ros2_control_demos) by extensions ['colcon_meta']
[0.662s] Level 1:colcon.colcon_core.package_identification:_identify(src/gazebo_ros2_control/gazebo_ros2_control_demos) by extension 'colcon_meta'
[0.662s] Level 1:colcon.colcon_core.package_identification:_identify(src/gazebo_ros2_control/gazebo_ros2_control_demos) by extensions ['ros']
[0.662s] Level 1:colcon.colcon_core.package_identification:_identify(src/gazebo_ros2_control/gazebo_ros2_control_demos) by extension 'ros'
[0.663s] DEBUG:colcon.colcon_core.package_identification:Package 'src/gazebo_ros2_control/gazebo_ros2_control_demos' with type 'ros.ament_cmake' and name 'gazebo_ros2_control_demos'
[0.663s] Level 1:colcon.colcon_core.package_identification:_identify(src/gazebo_ros2_control/img) by extensions ['ignore', 'ignore_ament_install']
[0.664s] Level 1:colcon.colcon_core.package_identification:_identify(src/gazebo_ros2_control/img) by extension 'ignore'
[0.664s] Level 1:colcon.colcon_core.package_identification:_identify(src/gazebo_ros2_control/img) by extension 'ignore_ament_install'
[0.664s] Level 1:colcon.colcon_core.package_identification:_identify(src/gazebo_ros2_control/img) by extensions ['colcon_pkg']
[0.664s] Level 1:colcon.colcon_core.package_identification:_identify(src/gazebo_ros2_control/img) by extension 'colcon_pkg'
[0.664s] Level 1:colcon.colcon_core.package_identification:_identify(src/gazebo_ros2_control/img) by extensions ['colcon_meta']
[0.664s] Level 1:colcon.colcon_core.package_identification:_identify(src/gazebo_ros2_control/img) by extension 'colcon_meta'
[0.664s] Level 1:colcon.colcon_core.package_identification:_identify(src/gazebo_ros2_control/img) by extensions ['ros']
[0.664s] Level 1:colcon.colcon_core.package_identification:_identify(src/gazebo_ros2_control/img) by extension 'ros'
[0.665s] Level 1:colcon.colcon_core.package_identification:_identify(src/gazebo_ros2_control/img) by extensions ['cmake', 'python']
[0.665s] Level 1:colcon.colcon_core.package_identification:_identify(src/gazebo_ros2_control/img) by extension 'cmake'
[0.665s] Level 1:colcon.colcon_core.package_identification:_identify(src/gazebo_ros2_control/img) by extension 'python'
[0.665s] Level 1:colcon.colcon_core.package_identification:_identify(src/gazebo_ros2_control/img) by extensions ['python_setup_py']
[0.665s] Level 1:colcon.colcon_core.package_identification:_identify(src/gazebo_ros2_control/img) by extension 'python_setup_py'
[0.665s] Level 1:colcon.colcon_core.package_identification:_identify(src/install) by extensions ['ignore', 'ignore_ament_install']
[0.665s] Level 1:colcon.colcon_core.package_identification:_identify(src/install) by extension 'ignore'
[0.665s] Level 1:colcon.colcon_core.package_identification:_identify(src/install) ignored
[0.666s] Level 1:colcon.colcon_core.package_identification:_identify(src/log) by extensions ['ignore', 'ignore_ament_install']
[0.666s] Level 1:colcon.colcon_core.package_identification:_identify(src/log) by extension 'ignore'
[0.666s] Level 1:colcon.colcon_core.package_identification:_identify(src/log) ignored
[0.666s] Level 1:colcon.colcon_core.package_identification:_identify(src/my_bot) by extensions ['ignore', 'ignore_ament_install']
[0.666s] Level 1:colcon.colcon_core.package_identification:_identify(src/my_bot) by extension 'ignore'
[0.666s] Level 1:colcon.colcon_core.package_identification:_identify(src/my_bot) by extension 'ignore_ament_install'
[0.667s] Level 1:colcon.colcon_core.package_identification:_identify(src/my_bot) by extensions ['colcon_pkg']
[0.667s] Level 1:colcon.colcon_core.package_identification:_identify(src/my_bot) by extension 'colcon_pkg'
[0.667s] Level 1:colcon.colcon_core.package_identification:_identify(src/my_bot) by extensions ['colcon_meta']
[0.667s] Level 1:colcon.colcon_core.package_identification:_identify(src/my_bot) by extension 'colcon_meta'
[0.667s] Level 1:colcon.colcon_core.package_identification:_identify(src/my_bot) by extensions ['ros']
[0.667s] Level 1:colcon.colcon_core.package_identification:_identify(src/my_bot) by extension 'ros'
[0.668s] DEBUG:colcon.colcon_core.package_identification:Package 'src/my_bot' with type 'ros.ament_cmake' and name 'my_bot'
[0.668s] Level 1:colcon.colcon_core.package_identification:_identify(src/serial_motor_demo) by extensions ['ignore', 'ignore_ament_install']
[0.668s] Level 1:colcon.colcon_core.package_identification:_identify(src/serial_motor_demo) by extension 'ignore'
[0.668s] Level 1:colcon.colcon_core.package_identification:_identify(src/serial_motor_demo) by extension 'ignore_ament_install'
[0.669s] Level 1:colcon.colcon_core.package_identification:_identify(src/serial_motor_demo) by extensions ['colcon_pkg']
[0.669s] Level 1:colcon.colcon_core.package_identification:_identify(src/serial_motor_demo) by extension 'colcon_pkg'
[0.669s] Level 1:colcon.colcon_core.package_identification:_identify(src/serial_motor_demo) by extensions ['colcon_meta']
[0.669s] Level 1:colcon.colcon_core.package_identification:_identify(src/serial_motor_demo) by extension 'colcon_meta'
[0.669s] Level 1:colcon.colcon_core.package_identification:_identify(src/serial_motor_demo) by extensions ['ros']
[0.669s] Level 1:colcon.colcon_core.package_identification:_identify(src/serial_motor_demo) by extension 'ros'
[0.669s] Level 1:colcon.colcon_core.package_identification:_identify(src/serial_motor_demo) by extensions ['cmake', 'python']
[0.669s] Level 1:colcon.colcon_core.package_identification:_identify(src/serial_motor_demo) by extension 'cmake'
[0.669s] Level 1:colcon.colcon_core.package_identification:_identify(src/serial_motor_demo) by extension 'python'
[0.670s] Level 1:colcon.colcon_core.package_identification:_identify(src/serial_motor_demo) by extensions ['python_setup_py']
[0.670s] Level 1:colcon.colcon_core.package_identification:_identify(src/serial_motor_demo) by extension 'python_setup_py'
[0.670s] Level 1:colcon.colcon_core.package_identification:_identify(src/serial_motor_demo/serial_motor_demo) by extensions ['ignore', 'ignore_ament_install']
[0.670s] Level 1:colcon.colcon_core.package_identification:_identify(src/serial_motor_demo/serial_motor_demo) by extension 'ignore'
[0.670s] Level 1:colcon.colcon_core.package_identification:_identify(src/serial_motor_demo/serial_motor_demo) by extension 'ignore_ament_install'
[0.670s] Level 1:colcon.colcon_core.package_identification:_identify(src/serial_motor_demo/serial_motor_demo) by extensions ['colcon_pkg']
[0.670s] Level 1:colcon.colcon_core.package_identification:_identify(src/serial_motor_demo/serial_motor_demo) by extension 'colcon_pkg'
[0.670s] Level 1:colcon.colcon_core.package_identification:_identify(src/serial_motor_demo/serial_motor_demo) by extensions ['colcon_meta']
[0.671s] Level 1:colcon.colcon_core.package_identification:_identify(src/serial_motor_demo/serial_motor_demo) by extension 'colcon_meta'
[0.671s] Level 1:colcon.colcon_core.package_identification:_identify(src/serial_motor_demo/serial_motor_demo) by extensions ['ros']
[0.671s] Level 1:colcon.colcon_core.package_identification:_identify(src/serial_motor_demo/serial_motor_demo) by extension 'ros'
[0.673s] DEBUG:colcon.colcon_core.package_identification:Package 'src/serial_motor_demo/serial_motor_demo' with type 'ros.ament_python' and name 'serial_motor_demo'
[0.673s] Level 1:colcon.colcon_core.package_identification:_identify(src/serial_motor_demo/serial_motor_demo_msgs) by extensions ['ignore', 'ignore_ament_install']
[0.673s] Level 1:colcon.colcon_core.package_identification:_identify(src/serial_motor_demo/serial_motor_demo_msgs) by extension 'ignore'
[0.673s] Level 1:colcon.colcon_core.package_identification:_identify(src/serial_motor_demo/serial_motor_demo_msgs) by extension 'ignore_ament_install'
[0.673s] Level 1:colcon.colcon_core.package_identification:_identify(src/serial_motor_demo/serial_motor_demo_msgs) by extensions ['colcon_pkg']
[0.674s] Level 1:colcon.colcon_core.package_identification:_identify(src/serial_motor_demo/serial_motor_demo_msgs) by extension 'colcon_pkg'
[0.674s] Level 1:colcon.colcon_core.package_identification:_identify(src/serial_motor_demo/serial_motor_demo_msgs) by extensions ['colcon_meta']
[0.674s] Level 1:colcon.colcon_core.package_identification:_identify(src/serial_motor_demo/serial_motor_demo_msgs) by extension 'colcon_meta'
[0.674s] Level 1:colcon.colcon_core.package_identification:_identify(src/serial_motor_demo/serial_motor_demo_msgs) by extensions ['ros']
[0.674s] Level 1:colcon.colcon_core.package_identification:_identify(src/serial_motor_demo/serial_motor_demo_msgs) by extension 'ros'
[0.675s] DEBUG:colcon.colcon_core.package_identification:Package 'src/serial_motor_demo/serial_motor_demo_msgs' with type 'ros.ament_cmake' and name 'serial_motor_demo_msgs'
[0.675s] Level 1:colcon.colcon_core.package_discovery:discover_packages(recursive) using defaults
[0.675s] Level 1:colcon.colcon_core.package_discovery:discover_packages(ignore) discover
[0.675s] Level 1:colcon.colcon_core.package_discovery:discover_packages(ignore) using defaults
[0.675s] Level 1:colcon.colcon_core.package_discovery:discover_packages(path) discover
[0.675s] Level 1:colcon.colcon_core.package_discovery:discover_packages(path) using defaults
[0.765s] Level 1:colcon.colcon_core.package_discovery:discover_packages(prefix_path) check parameters
[0.766s] Level 1:colcon.colcon_core.package_discovery:discover_packages(prefix_path) discover
[0.781s] DEBUG:colcon.colcon_installed_package_information.package_discovery:Found 299 installed packages in /opt/ros/foxy
[0.786s] Level 1:colcon.colcon_core.package_discovery:discover_packages(prefix_path) using defaults
[0.940s] Level 5:colcon.colcon_core.verb:set package 'gazebo_ros2_control' build argument 'cmake_args' from command line to 'None'
[0.940s] Level 5:colcon.colcon_core.verb:set package 'gazebo_ros2_control' build argument 'cmake_target' from command line to 'None'
[0.940s] Level 5:colcon.colcon_core.verb:set package 'gazebo_ros2_control' build argument 'cmake_target_skip_unavailable' from command line to 'False'
[0.940s] Level 5:colcon.colcon_core.verb:set package 'gazebo_ros2_control' build argument 'cmake_clean_cache' from command line to 'False'
[0.940s] Level 5:colcon.colcon_core.verb:set package 'gazebo_ros2_control' build argument 'cmake_clean_first' from command line to 'False'
[0.940s] Level 5:colcon.colcon_core.verb:set package 'gazebo_ros2_control' build argument 'cmake_force_configure' from command line to 'False'
[0.940s] Level 5:colcon.colcon_core.verb:set package 'gazebo_ros2_control' build argument 'ament_cmake_args' from command line to 'None'
[0.941s] Level 5:colcon.colcon_core.verb:set package 'gazebo_ros2_control' build argument 'catkin_cmake_args' from command line to 'None'
[0.941s] Level 5:colcon.colcon_core.verb:set package 'gazebo_ros2_control' build argument 'catkin_skip_building_tests' from command line to 'False'
[0.941s] DEBUG:colcon.colcon_core.verb:Building package 'gazebo_ros2_control' with the following arguments: {'ament_cmake_args': None, 'build_base': '/home/athul/ros2_ws/build/gazebo_ros2_control', 'catkin_cmake_args': None, 'catkin_skip_building_tests': False, 'cmake_args': None, 'cmake_clean_cache': False, 'cmake_clean_first': False, 'cmake_force_configure': False, 'cmake_target': None, 'cmake_target_skip_unavailable': False, 'install_base': '/home/athul/ros2_ws/install/gazebo_ros2_control', 'merge_install': False, 'path': '/home/athul/ros2_ws/src/gazebo_ros2_control/gazebo_ros2_control', 'symlink_install': True, 'test_result_base': None}
[0.942s] Level 5:colcon.colcon_core.verb:set package 'my_bot' build argument 'cmake_args' from command line to 'None'
[0.942s] Level 5:colcon.colcon_core.verb:set package 'my_bot' build argument 'cmake_target' from command line to 'None'
[0.942s] Level 5:colcon.colcon_core.verb:set package 'my_bot' build argument 'cmake_target_skip_unavailable' from command line to 'False'
[0.943s] Level 5:colcon.colcon_core.verb:set package 'my_bot' build argument 'cmake_clean_cache' from command line to 'False'
[0.943s] Level 5:colcon.colcon_core.verb:set package 'my_bot' build argument 'cmake_clean_first' from command line to 'False'
[0.943s] Level 5:colcon.colcon_core.verb:set package 'my_bot' build argument 'cmake_force_configure' from command line to 'False'
[0.943s] Level 5:colcon.colcon_core.verb:set package 'my_bot' build argument 'ament_cmake_args' from command line to 'None'
[0.943s] Level 5:colcon.colcon_core.verb:set package 'my_bot' build argument 'catkin_cmake_args' from command line to 'None'
[0.943s] Level 5:colcon.colcon_core.verb:set package 'my_bot' build argument 'catkin_skip_building_tests' from command line to 'False'
[0.943s] DEBUG:colcon.colcon_core.verb:Building package 'my_bot' with the following arguments: {'ament_cmake_args': None, 'build_base': '/home/athul/ros2_ws/build/my_bot', 'catkin_cmake_args': None, 'catkin_skip_building_tests': False, 'cmake_args': None, 'cmake_clean_cache': False, 'cmake_clean_first': False, 'cmake_force_configure': False, 'cmake_target': None, 'cmake_target_skip_unavailable': False, 'install_base': '/home/athul/ros2_ws/install/my_bot', 'merge_install': False, 'path': '/home/athul/ros2_ws/src/my_bot', 'symlink_install': True, 'test_result_base': None}
[0.945s] Level 5:colcon.colcon_core.verb:set package 'serial_motor_demo_msgs' build argument 'cmake_args' from command line to 'None'
[0.945s] Level 5:colcon.colcon_core.verb:set package 'serial_motor_demo_msgs' build argument 'cmake_target' from command line to 'None'
[0.945s] Level 5:colcon.colcon_core.verb:set package 'serial_motor_demo_msgs' build argument 'cmake_target_skip_unavailable' from command line to 'False'
[0.945s] Level 5:colcon.colcon_core.verb:set package 'serial_motor_demo_msgs' build argument 'cmake_clean_cache' from command line to 'False'
[0.945s] Level 5:colcon.colcon_core.verb:set package 'serial_motor_demo_msgs' build argument 'cmake_clean_first' from command line to 'False'
[0.945s] Level 5:colcon.colcon_core.verb:set package 'serial_motor_demo_msgs' build argument 'cmake_force_configure' from command line to 'False'
[0.945s] Level 5:colcon.colcon_core.verb:set package 'serial_motor_demo_msgs' build argument 'ament_cmake_args' from command line to 'None'
[0.945s] Level 5:colcon.colcon_core.verb:set package 'serial_motor_demo_msgs' build argument 'catkin_cmake_args' from command line to 'None'
[0.945s] Level 5:colcon.colcon_core.verb:set package 'serial_motor_demo_msgs' build argument 'catkin_skip_building_tests' from command line to 'False'
[0.945s] DEBUG:colcon.colcon_core.verb:Building package 'serial_motor_demo_msgs' with the following arguments: {'ament_cmake_args': None, 'build_base': '/home/athul/ros2_ws/build/serial_motor_demo_msgs', 'catkin_cmake_args': None, 'catkin_skip_building_tests': False, 'cmake_args': None, 'cmake_clean_cache': False, 'cmake_clean_first': False, 'cmake_force_configure': False, 'cmake_target': None, 'cmake_target_skip_unavailable': False, 'install_base': '/home/athul/ros2_ws/install/serial_motor_demo_msgs', 'merge_install': False, 'path': '/home/athul/ros2_ws/src/serial_motor_demo/serial_motor_demo_msgs', 'symlink_install': True, 'test_result_base': None}
[0.947s] Level 5:colcon.colcon_core.verb:set package 'gazebo_ros2_control_demos' build argument 'cmake_args' from command line to 'None'
[0.947s] Level 5:colcon.colcon_core.verb:set package 'gazebo_ros2_control_demos' build argument 'cmake_target' from command line to 'None'
[0.947s] Level 5:colcon.colcon_core.verb:set package 'gazebo_ros2_control_demos' build argument 'cmake_target_skip_unavailable' from command line to 'False'
[0.947s] Level 5:colcon.colcon_core.verb:set package 'gazebo_ros2_control_demos' build argument 'cmake_clean_cache' from command line to 'False'
[0.947s] Level 5:colcon.colcon_core.verb:set package 'gazebo_ros2_control_demos' build argument 'cmake_clean_first' from command line to 'False'
[0.947s] Level 5:colcon.colcon_core.verb:set package 'gazebo_ros2_control_demos' build argument 'cmake_force_configure' from command line to 'False'
[0.947s] Level 5:colcon.colcon_core.verb:set package 'gazebo_ros2_control_demos' build argument 'ament_cmake_args' from command line to 'None'
[0.947s] Level 5:colcon.colcon_core.verb:set package 'gazebo_ros2_control_demos' build argument 'catkin_cmake_args' from command line to 'None'
[0.947s] Level 5:colcon.colcon_core.verb:set package 'gazebo_ros2_control_demos' build argument 'catkin_skip_building_tests' from command line to 'False'
[0.947s] DEBUG:colcon.colcon_core.verb:Building package 'gazebo_ros2_control_demos' with the following arguments: {'ament_cmake_args': None, 'build_base': '/home/athul/ros2_ws/build/gazebo_ros2_control_demos', 'catkin_cmake_args': None, 'catkin_skip_building_tests': False, 'cmake_args': None, 'cmake_clean_cache': False, 'cmake_clean_first': False, 'cmake_force_configure': False, 'cmake_target': None, 'cmake_target_skip_unavailable': False, 'install_base': '/home/athul/ros2_ws/install/gazebo_ros2_control_demos', 'merge_install': False, 'path': '/home/athul/ros2_ws/src/gazebo_ros2_control/gazebo_ros2_control_demos', 'symlink_install': True, 'test_result_base': None}
[0.949s] Level 5:colcon.colcon_core.verb:set package 'serial_motor_demo' build argument 'cmake_args' from command line to 'None'
[0.949s] Level 5:colcon.colcon_core.verb:set package 'serial_motor_demo' build argument 'cmake_target' from command line to 'None'
[0.949s] Level 5:colcon.colcon_core.verb:set package 'serial_motor_demo' build argument 'cmake_target_skip_unavailable' from command line to 'False'
[0.949s] Level 5:colcon.colcon_core.verb:set package 'serial_motor_demo' build argument 'cmake_clean_cache' from command line to 'False'
[0.949s] Level 5:colcon.colcon_core.verb:set package 'serial_motor_demo' build argument 'cmake_clean_first' from command line to 'False'
[0.949s] Level 5:colcon.colcon_core.verb:set package 'serial_motor_demo' build argument 'cmake_force_configure' from command line to 'False'
[0.949s] Level 5:colcon.colcon_core.verb:set package 'serial_motor_demo' build argument 'ament_cmake_args' from command line to 'None'
[0.949s] Level 5:colcon.colcon_core.verb:set package 'serial_motor_demo' build argument 'catkin_cmake_args' from command line to 'None'
[0.950s] Level 5:colcon.colcon_core.verb:set package 'serial_motor_demo' build argument 'catkin_skip_building_tests' from command line to 'False'
[0.950s] DEBUG:colcon.colcon_core.verb:Building package 'serial_motor_demo' with the following arguments: {'ament_cmake_args': None, 'build_base': '/home/athul/ros2_ws/build/serial_motor_demo', 'catkin_cmake_args': None, 'catkin_skip_building_tests': False, 'cmake_args': None, 'cmake_clean_cache': False, 'cmake_clean_first': False, 'cmake_force_configure': False, 'cmake_target': None, 'cmake_target_skip_unavailable': False, 'install_base': '/home/athul/ros2_ws/install/serial_motor_demo', 'merge_install': False, 'path': '/home/athul/ros2_ws/src/serial_motor_demo/serial_motor_demo', 'symlink_install': True, 'test_result_base': None}
[0.951s] INFO:colcon.colcon_core.executor:Executing jobs using 'parallel' executor
[0.955s] DEBUG:colcon.colcon_parallel_executor.executor.parallel:run_until_complete
[0.956s] INFO:colcon.colcon_ros.task.ament_cmake.build:Building ROS package in '/home/athul/ros2_ws/src/gazebo_ros2_control/gazebo_ros2_control' with build type 'ament_cmake'
[0.956s] INFO:colcon.colcon_cmake.task.cmake.build:Building CMake package in '/home/athul/ros2_ws/src/gazebo_ros2_control/gazebo_ros2_control'
[0.968s] INFO:colcon.colcon_core.plugin_system:Skipping extension 'colcon_core.shell.bat': Not used on non-Windows systems
[0.968s] INFO:colcon.colcon_core.shell:Skip shell extension 'powershell' for command environment: Not usable outside of PowerShell
[0.968s] DEBUG:colcon.colcon_core.shell:Skip shell extension 'dsv' for command environment
[0.976s] INFO:colcon.colcon_ros.task.ament_cmake.build:Building ROS package in '/home/athul/ros2_ws/src/serial_motor_demo/serial_motor_demo_msgs' with build type 'ament_cmake'
[0.977s] INFO:colcon.colcon_cmake.task.cmake.build:Building CMake package in '/home/athul/ros2_ws/src/serial_motor_demo/serial_motor_demo_msgs'
[0.979s] INFO:colcon.colcon_core.shell:Skip shell extension 'powershell' for command environment: Not usable outside of PowerShell
[0.980s] DEBUG:colcon.colcon_core.shell:Skip shell extension 'dsv' for command environment
[0.990s] INFO:colcon.colcon_ros.task.ament_cmake.build:Building ROS package in '/home/athul/ros2_ws/src/my_bot' with build type 'ament_cmake'
[0.991s] INFO:colcon.colcon_cmake.task.cmake.build:Building CMake package in '/home/athul/ros2_ws/src/my_bot'
[0.994s] INFO:colcon.colcon_core.shell:Skip shell extension 'powershell' for command environment: Not usable outside of PowerShell
[0.995s] DEBUG:colcon.colcon_core.shell:Skip shell extension 'dsv' for command environment
[1.018s] DEBUG:colcon.colcon_core.event_handler.log_command:Invoking command in '/home/athul/ros2_ws/build/gazebo_ros2_control': CMAKE_PREFIX_PATH=/opt/ros/foxy /usr/bin/cmake --build /home/athul/ros2_ws/build/gazebo_ros2_control -- -j4 -l4
[1.032s] DEBUG:colcon.colcon_core.event_handler.log_command:Invoking command in '/home/athul/ros2_ws/build/serial_motor_demo_msgs': CMAKE_PREFIX_PATH=/opt/ros/foxy /usr/bin/cmake --build /home/athul/ros2_ws/build/serial_motor_demo_msgs -- -j4 -l4
[1.043s] DEBUG:colcon.colcon_core.event_handler.log_command:Invoking command in '/home/athul/ros2_ws/build/my_bot': CMAKE_PREFIX_PATH=/opt/ros/foxy /usr/bin/cmake --build /home/athul/ros2_ws/build/my_bot -- -j4 -l4
[1.141s] DEBUG:colcon.colcon_core.event_handler.log_command:Invoked command in '/home/athul/ros2_ws/build/my_bot' returned '0': CMAKE_PREFIX_PATH=/opt/ros/foxy /usr/bin/cmake --build /home/athul/ros2_ws/build/my_bot -- -j4 -l4
[1.335s] DEBUG:colcon.colcon_core.event_handler.log_command:Invoking command in '/home/athul/ros2_ws/build/my_bot': CMAKE_PREFIX_PATH=/opt/ros/foxy /usr/bin/cmake --install /home/athul/ros2_ws/build/my_bot
[1.474s] Level 1:colcon.colcon_core.environment:create_environment_scripts_only(my_bot)
[1.476s] DEBUG:colcon.colcon_core.event_handler.log_command:Invoked command in '/home/athul/ros2_ws/build/my_bot' returned '0': CMAKE_PREFIX_PATH=/opt/ros/foxy /usr/bin/cmake --install /home/athul/ros2_ws/build/my_bot
[1.500s] Level 1:colcon.colcon_core.environment:checking '/home/athul/ros2_ws/install/my_bot' for CMake module files
[1.502s] Level 1:colcon.colcon_core.environment:checking '/home/athul/ros2_ws/install/my_bot' for CMake config files
[1.503s] Level 1:colcon.colcon_core.shell:create_environment_hook('my_bot', 'cmake_prefix_path')
[1.507s] INFO:colcon.colcon_core.shell:Creating environment hook '/home/athul/ros2_ws/install/my_bot/share/my_bot/hook/cmake_prefix_path.ps1'
[1.512s] INFO:colcon.colcon_core.shell:Creating environment descriptor '/home/athul/ros2_ws/install/my_bot/share/my_bot/hook/cmake_prefix_path.dsv'
[1.515s] INFO:colcon.colcon_core.shell:Creating environment hook '/home/athul/ros2_ws/install/my_bot/share/my_bot/hook/cmake_prefix_path.sh'
[1.517s] Level 1:colcon.colcon_core.environment:checking '/home/athul/ros2_ws/install/my_bot/bin'
[1.517s] Level 1:colcon.colcon_core.environment:checking '/home/athul/ros2_ws/install/my_bot/lib/pkgconfig/my_bot.pc'
[1.518s] Level 1:colcon.colcon_core.environment:checking '/home/athul/ros2_ws/install/my_bot/lib/python3.8/site-packages'
[1.518s] Level 1:colcon.colcon_core.environment:checking '/home/athul/ros2_ws/install/my_bot/bin'
[1.522s] INFO:colcon.colcon_core.shell:Creating package script '/home/athul/ros2_ws/install/my_bot/share/my_bot/package.ps1'
[1.524s] INFO:colcon.colcon_core.shell:Creating package descriptor '/home/athul/ros2_ws/install/my_bot/share/my_bot/package.dsv'
[1.526s] INFO:colcon.colcon_core.shell:Creating package script '/home/athul/ros2_ws/install/my_bot/share/my_bot/package.sh'
[1.531s] INFO:colcon.colcon_core.shell:Creating package script '/home/athul/ros2_ws/install/my_bot/share/my_bot/package.bash'
[1.533s] INFO:colcon.colcon_core.shell:Creating package script '/home/athul/ros2_ws/install/my_bot/share/my_bot/package.zsh'
[1.535s] Level 1:colcon.colcon_core.environment:create_file_with_runtime_dependencies(/home/athul/ros2_ws/install/my_bot/share/colcon-core/packages/my_bot)
[1.601s] Level 1:colcon.colcon_core.environment:create_environment_scripts_only(my_bot)
[1.608s] Level 1:colcon.colcon_core.environment:checking '/home/athul/ros2_ws/install/my_bot' for CMake module files
[1.609s] Level 1:colcon.colcon_core.environment:checking '/home/athul/ros2_ws/install/my_bot' for CMake config files
[1.610s] Level 1:colcon.colcon_core.shell:create_environment_hook('my_bot', 'cmake_prefix_path')
[1.615s] INFO:colcon.colcon_core.shell:Creating environment hook '/home/athul/ros2_ws/install/my_bot/share/my_bot/hook/cmake_prefix_path.ps1'
[1.616s] INFO:colcon.colcon_core.shell:Creating environment descriptor '/home/athul/ros2_ws/install/my_bot/share/my_bot/hook/cmake_prefix_path.dsv'
[1.616s] INFO:colcon.colcon_core.shell:Creating environment hook '/home/athul/ros2_ws/install/my_bot/share/my_bot/hook/cmake_prefix_path.sh'
[1.618s] Level 1:colcon.colcon_core.environment:checking '/home/athul/ros2_ws/install/my_bot/bin'
[1.618s] Level 1:colcon.colcon_core.environment:checking '/home/athul/ros2_ws/install/my_bot/lib/pkgconfig/my_bot.pc'
[1.619s] Level 1:colcon.colcon_core.environment:checking '/home/athul/ros2_ws/install/my_bot/lib/python3.8/site-packages'
[1.619s] Level 1:colcon.colcon_core.environment:checking '/home/athul/ros2_ws/install/my_bot/bin'
[1.623s] INFO:colcon.colcon_core.shell:Creating package script '/home/athul/ros2_ws/install/my_bot/share/my_bot/package.ps1'
[1.625s] INFO:colcon.colcon_core.shell:Creating package descriptor '/home/athul/ros2_ws/install/my_bot/share/my_bot/package.dsv'
[1.626s] INFO:colcon.colcon_core.shell:Creating package script '/home/athul/ros2_ws/install/my_bot/share/my_bot/package.sh'
[1.627s] INFO:colcon.colcon_core.shell:Creating package script '/home/athul/ros2_ws/install/my_bot/share/my_bot/package.bash'
[1.628s] INFO:colcon.colcon_core.shell:Creating package script '/home/athul/ros2_ws/install/my_bot/share/my_bot/package.zsh'
[1.628s] Level 1:colcon.colcon_core.environment:create_file_with_runtime_dependencies(/home/athul/ros2_ws/install/my_bot/share/colcon-core/packages/my_bot)
[1.827s] DEBUG:colcon.colcon_core.event_handler.log_command:Invoked command in '/home/athul/ros2_ws/build/serial_motor_demo_msgs' returned '0': CMAKE_PREFIX_PATH=/opt/ros/foxy /usr/bin/cmake --build /home/athul/ros2_ws/build/serial_motor_demo_msgs -- -j4 -l4
[2.042s] DEBUG:colcon.colcon_core.event_handler.log_command:Invoking command in '/home/athul/ros2_ws/build/serial_motor_demo_msgs': CMAKE_PREFIX_PATH=/opt/ros/foxy /usr/bin/cmake --install /home/athul/ros2_ws/build/serial_motor_demo_msgs
[2.285s] Level 1:colcon.colcon_core.environment:create_environment_scripts_only(serial_motor_demo_msgs)
[2.293s] Level 1:colcon.colcon_core.environment:checking '/home/athul/ros2_ws/install/serial_motor_demo_msgs' for CMake module files
[2.295s] DEBUG:colcon.colcon_core.event_handler.log_command:Invoked command in '/home/athul/ros2_ws/build/serial_motor_demo_msgs' returned '0': CMAKE_PREFIX_PATH=/opt/ros/foxy /usr/bin/cmake --install /home/athul/ros2_ws/build/serial_motor_demo_msgs
[2.296s] Level 1:colcon.colcon_core.environment:checking '/home/athul/ros2_ws/install/serial_motor_demo_msgs' for CMake config files
[2.298s] Level 1:colcon.colcon_core.shell:create_environment_hook('serial_motor_demo_msgs', 'cmake_prefix_path')
[2.301s] INFO:colcon.colcon_core.shell:Creating environment hook '/home/athul/ros2_ws/install/serial_motor_demo_msgs/share/serial_motor_demo_msgs/hook/cmake_prefix_path.ps1'
[2.302s] INFO:colcon.colcon_core.shell:Creating environment descriptor '/home/athul/ros2_ws/install/serial_motor_demo_msgs/share/serial_motor_demo_msgs/hook/cmake_prefix_path.dsv'
[2.303s] INFO:colcon.colcon_core.shell:Creating environment hook '/home/athul/ros2_ws/install/serial_motor_demo_msgs/share/serial_motor_demo_msgs/hook/cmake_prefix_path.sh'
[2.305s] Level 1:colcon.colcon_core.environment:checking '/home/athul/ros2_ws/install/serial_motor_demo_msgs/lib'
[2.305s] Level 1:colcon.colcon_core.shell:create_environment_hook('serial_motor_demo_msgs', 'ld_library_path_lib')
[2.309s] INFO:colcon.colcon_core.shell:Creating environment hook '/home/athul/ros2_ws/install/serial_motor_demo_msgs/share/serial_motor_demo_msgs/hook/ld_library_path_lib.ps1'
[2.310s] INFO:colcon.colcon_core.shell:Creating environment descriptor '/home/athul/ros2_ws/install/serial_motor_demo_msgs/share/serial_motor_demo_msgs/hook/ld_library_path_lib.dsv'
[2.311s] INFO:colcon.colcon_core.shell:Creating environment hook '/home/athul/ros2_ws/install/serial_motor_demo_msgs/share/serial_motor_demo_msgs/hook/ld_library_path_lib.sh'
[2.311s] Level 1:colcon.colcon_core.environment:checking '/home/athul/ros2_ws/install/serial_motor_demo_msgs/bin'
[2.312s] Level 1:colcon.colcon_core.environment:checking '/home/athul/ros2_ws/install/serial_motor_demo_msgs/lib/pkgconfig/serial_motor_demo_msgs.pc'
[2.312s] Level 1:colcon.colcon_core.environment:checking '/home/athul/ros2_ws/install/serial_motor_demo_msgs/lib/python3.8/site-packages'
[2.313s] Level 1:colcon.colcon_core.shell:create_environment_hook('serial_motor_demo_msgs', 'pythonpath')
[2.317s] INFO:colcon.colcon_core.shell:Creating environment hook '/home/athul/ros2_ws/install/serial_motor_demo_msgs/share/serial_motor_demo_msgs/hook/pythonpath.ps1'
[2.318s] INFO:colcon.colcon_core.shell:Creating environment descriptor '/home/athul/ros2_ws/install/serial_motor_demo_msgs/share/serial_motor_demo_msgs/hook/pythonpath.dsv'
[2.320s] INFO:colcon.colcon_core.shell:Creating environment hook '/home/athul/ros2_ws/install/serial_motor_demo_msgs/share/serial_motor_demo_msgs/hook/pythonpath.sh'
[2.321s] Level 1:colcon.colcon_core.environment:checking '/home/athul/ros2_ws/install/serial_motor_demo_msgs/bin'
[2.326s] INFO:colcon.colcon_core.shell:Creating package script '/home/athul/ros2_ws/install/serial_motor_demo_msgs/share/serial_motor_demo_msgs/package.ps1'
[2.328s] INFO:colcon.colcon_core.shell:Creating package descriptor '/home/athul/ros2_ws/install/serial_motor_demo_msgs/share/serial_motor_demo_msgs/package.dsv'
[2.329s] INFO:colcon.colcon_core.shell:Creating package script '/home/athul/ros2_ws/install/serial_motor_demo_msgs/share/serial_motor_demo_msgs/package.sh'
[2.330s] INFO:colcon.colcon_core.shell:Creating package script '/home/athul/ros2_ws/install/serial_motor_demo_msgs/share/serial_motor_demo_msgs/package.bash'
[2.331s] INFO:colcon.colcon_core.shell:Creating package script '/home/athul/ros2_ws/install/serial_motor_demo_msgs/share/serial_motor_demo_msgs/package.zsh'
[2.332s] Level 1:colcon.colcon_core.environment:create_file_with_runtime_dependencies(/home/athul/ros2_ws/install/serial_motor_demo_msgs/share/colcon-core/packages/serial_motor_demo_msgs)
[2.559s] Level 1:colcon.colcon_core.environment:create_environment_scripts_only(serial_motor_demo_msgs)
[2.564s] Level 1:colcon.colcon_core.environment:checking '/home/athul/ros2_ws/install/serial_motor_demo_msgs' for CMake module files
[2.566s] Level 1:colcon.colcon_core.environment:checking '/home/athul/ros2_ws/install/serial_motor_demo_msgs' for CMake config files
[2.569s] Level 1:colcon.colcon_core.shell:create_environment_hook('serial_motor_demo_msgs', 'cmake_prefix_path')
[2.572s] INFO:colcon.colcon_core.shell:Creating environment hook '/home/athul/ros2_ws/install/serial_motor_demo_msgs/share/serial_motor_demo_msgs/hook/cmake_prefix_path.ps1'
[2.574s] INFO:colcon.colcon_core.shell:Creating environment descriptor '/home/athul/ros2_ws/install/serial_motor_demo_msgs/share/serial_motor_demo_msgs/hook/cmake_prefix_path.dsv'
[2.574s] INFO:colcon.colcon_core.shell:Creating environment hook '/home/athul/ros2_ws/install/serial_motor_demo_msgs/share/serial_motor_demo_msgs/hook/cmake_prefix_path.sh'
[2.575s] Level 1:colcon.colcon_core.environment:checking '/home/athul/ros2_ws/install/serial_motor_demo_msgs/lib'
[2.576s] Level 1:colcon.colcon_core.shell:create_environment_hook('serial_motor_demo_msgs', 'ld_library_path_lib')
[2.579s] INFO:colcon.colcon_core.shell:Creating environment hook '/home/athul/ros2_ws/install/serial_motor_demo_msgs/share/serial_motor_demo_msgs/hook/ld_library_path_lib.ps1'
[2.580s] INFO:colcon.colcon_core.shell:Creating environment descriptor '/home/athul/ros2_ws/install/serial_motor_demo_msgs/share/serial_motor_demo_msgs/hook/ld_library_path_lib.dsv'
[2.580s] INFO:colcon.colcon_core.shell:Creating environment hook '/home/athul/ros2_ws/install/serial_motor_demo_msgs/share/serial_motor_demo_msgs/hook/ld_library_path_lib.sh'
[2.581s] Level 1:colcon.colcon_core.environment:checking '/home/athul/ros2_ws/install/serial_motor_demo_msgs/bin'
[2.582s] Level 1:colcon.colcon_core.environment:checking '/home/athul/ros2_ws/install/serial_motor_demo_msgs/lib/pkgconfig/serial_motor_demo_msgs.pc'
[2.582s] Level 1:colcon.colcon_core.environment:checking '/home/athul/ros2_ws/install/serial_motor_demo_msgs/lib/python3.8/site-packages'
[2.582s] Level 1:colcon.colcon_core.shell:create_environment_hook('serial_motor_demo_msgs', 'pythonpath')
[2.585s] INFO:colcon.colcon_core.shell:Creating environment hook '/home/athul/ros2_ws/install/serial_motor_demo_msgs/share/serial_motor_demo_msgs/hook/pythonpath.ps1'
[2.586s] INFO:colcon.colcon_core.shell:Creating environment descriptor '/home/athul/ros2_ws/install/serial_motor_demo_msgs/share/serial_motor_demo_msgs/hook/pythonpath.dsv'
[2.587s] INFO:colcon.colcon_core.shell:Creating environment hook '/home/athul/ros2_ws/install/serial_motor_demo_msgs/share/serial_motor_demo_msgs/hook/pythonpath.sh'
[2.588s] Level 1:colcon.colcon_core.environment:checking '/home/athul/ros2_ws/install/serial_motor_demo_msgs/bin'
[2.592s] INFO:colcon.colcon_core.shell:Creating package script '/home/athul/ros2_ws/install/serial_motor_demo_msgs/share/serial_motor_demo_msgs/package.ps1'
[2.593s] INFO:colcon.colcon_core.shell:Creating package descriptor '/home/athul/ros2_ws/install/serial_motor_demo_msgs/share/serial_motor_demo_msgs/package.dsv'
[2.595s] INFO:colcon.colcon_core.shell:Creating package script '/home/athul/ros2_ws/install/serial_motor_demo_msgs/share/serial_motor_demo_msgs/package.sh'
[2.596s] INFO:colcon.colcon_core.shell:Creating package script '/home/athul/ros2_ws/install/serial_motor_demo_msgs/share/serial_motor_demo_msgs/package.bash'
[2.597s] INFO:colcon.colcon_core.shell:Creating package script '/home/athul/ros2_ws/install/serial_motor_demo_msgs/share/serial_motor_demo_msgs/package.zsh'
[2.598s] Level 1:colcon.colcon_core.environment:create_file_with_runtime_dependencies(/home/athul/ros2_ws/install/serial_motor_demo_msgs/share/colcon-core/packages/serial_motor_demo_msgs)
[2.600s] INFO:colcon.colcon_ros.task.ament_python.build:Building ROS package in '/home/athul/ros2_ws/src/serial_motor_demo/serial_motor_demo' with build type 'ament_python'
[2.600s] Level 1:colcon.colcon_core.shell:create_environment_hook('serial_motor_demo', 'ament_prefix_path')
[2.603s] INFO:colcon.colcon_core.shell:Creating environment hook '/home/athul/ros2_ws/install/serial_motor_demo/share/serial_motor_demo/hook/ament_prefix_path.ps1'
[2.604s] INFO:colcon.colcon_core.shell:Creating environment descriptor '/home/athul/ros2_ws/install/serial_motor_demo/share/serial_motor_demo/hook/ament_prefix_path.dsv'
[2.605s] INFO:colcon.colcon_core.shell:Creating environment hook '/home/athul/ros2_ws/install/serial_motor_demo/share/serial_motor_demo/hook/ament_prefix_path.sh'
[2.609s] INFO:colcon.colcon_core.shell:Skip shell extension 'powershell' for command environment: Not usable outside of PowerShell
[2.609s] DEBUG:colcon.colcon_core.shell:Skip shell extension 'dsv' for command environment
[3.096s] INFO:colcon.colcon_core.task.python.build:Building Python package in '/home/athul/ros2_ws/src/serial_motor_demo/serial_motor_demo'
[3.099s] INFO:colcon.colcon_core.shell:Skip shell extension 'powershell' for command environment: Not usable outside of PowerShell
[3.099s] DEBUG:colcon.colcon_core.shell:Skip shell extension 'dsv' for command environment
[4.053s] DEBUG:colcon.colcon_core.event_handler.log_command:Invoking command in '/home/athul/ros2_ws/build/serial_motor_demo': AMENT_PREFIX_PATH=/home/athul/ros2_ws/install/serial_motor_demo_msgs:${AMENT_PREFIX_PATH} CMAKE_PREFIX_PATH=/home/athul/ros2_ws/install/serial_motor_demo_msgs LD_LIBRARY_PATH=/home/athul/ros2_ws/install/serial_motor_demo_msgs/lib:${LD_LIBRARY_PATH} PYTHONPATH=/home/athul/ros2_ws/build/serial_motor_demo/prefix_override:/home/athul/ros2_ws/install/serial_motor_demo/lib/python3.8/site-packages:/home/athul/ros2_ws/install/serial_motor_demo_msgs/lib/python3.8/site-packages:${PYTHONPATH} /usr/bin/python3 setup.py develop --editable --build-directory /home/athul/ros2_ws/build/serial_motor_demo/build --no-deps install_data
[5.251s] Level 1:colcon.colcon_core.shell:create_environment_hook('serial_motor_demo', 'pythonpath_develop')
[5.256s] INFO:colcon.colcon_core.shell:Creating environment hook '/home/athul/ros2_ws/build/serial_motor_demo/share/serial_motor_demo/hook/pythonpath_develop.ps1'
[5.257s] DEBUG:colcon.colcon_core.event_handler.log_command:Invoked command in '/home/athul/ros2_ws/build/serial_motor_demo' returned '0': AMENT_PREFIX_PATH=/home/athul/ros2_ws/install/serial_motor_demo_msgs:${AMENT_PREFIX_PATH} CMAKE_PREFIX_PATH=/home/athul/ros2_ws/install/serial_motor_demo_msgs LD_LIBRARY_PATH=/home/athul/ros2_ws/install/serial_motor_demo_msgs/lib:${LD_LIBRARY_PATH} PYTHONPATH=/home/athul/ros2_ws/build/serial_motor_demo/prefix_override:/home/athul/ros2_ws/install/serial_motor_demo/lib/python3.8/site-packages:/home/athul/ros2_ws/install/serial_motor_demo_msgs/lib/python3.8/site-packages:${PYTHONPATH} /usr/bin/python3 setup.py develop --editable --build-directory /home/athul/ros2_ws/build/serial_motor_demo/build --no-deps install_data
[5.258s] INFO:colcon.colcon_core.shell:Creating environment descriptor '/home/athul/ros2_ws/build/serial_motor_demo/share/serial_motor_demo/hook/pythonpath_develop.dsv'
[5.259s] INFO:colcon.colcon_core.shell:Creating environment hook '/home/athul/ros2_ws/build/serial_motor_demo/share/serial_motor_demo/hook/pythonpath_develop.sh'
[5.265s] Level 1:colcon.colcon_core.environment:checking '/home/athul/ros2_ws/install/serial_motor_demo' for CMake module files
[5.267s] Level 1:colcon.colcon_core.environment:checking '/home/athul/ros2_ws/install/serial_motor_demo' for CMake config files
[5.268s] Level 1:colcon.colcon_core.environment:checking '/home/athul/ros2_ws/install/serial_motor_demo/lib'
[5.268s] Level 1:colcon.colcon_core.environment:checking '/home/athul/ros2_ws/install/serial_motor_demo/bin'
[5.268s] Level 1:colcon.colcon_core.environment:checking '/home/athul/ros2_ws/install/serial_motor_demo/lib/pkgconfig/serial_motor_demo.pc'
[5.269s] Level 1:colcon.colcon_core.environment:checking '/home/athul/ros2_ws/install/serial_motor_demo/lib/python3.8/site-packages'
[5.269s] Level 1:colcon.colcon_core.shell:create_environment_hook('serial_motor_demo', 'pythonpath')
[5.273s] INFO:colcon.colcon_core.shell:Creating environment hook '/home/athul/ros2_ws/install/serial_motor_demo/share/serial_motor_demo/hook/pythonpath.ps1'
[5.274s] INFO:colcon.colcon_core.shell:Creating environment descriptor '/home/athul/ros2_ws/install/serial_motor_demo/share/serial_motor_demo/hook/pythonpath.dsv'
[5.275s] INFO:colcon.colcon_core.shell:Creating environment hook '/home/athul/ros2_ws/install/serial_motor_demo/share/serial_motor_demo/hook/pythonpath.sh'
[5.276s] Level 1:colcon.colcon_core.environment:checking '/home/athul/ros2_ws/install/serial_motor_demo/bin'
[5.276s] Level 1:colcon.colcon_core.environment:create_environment_scripts_only(serial_motor_demo)
[5.280s] INFO:colcon.colcon_core.shell:Creating package script '/home/athul/ros2_ws/install/serial_motor_demo/share/serial_motor_demo/package.ps1'
[5.283s] INFO:colcon.colcon_core.shell:Creating package descriptor '/home/athul/ros2_ws/install/serial_motor_demo/share/serial_motor_demo/package.dsv'
[5.284s] INFO:colcon.colcon_core.shell:Creating package script '/home/athul/ros2_ws/install/serial_motor_demo/share/serial_motor_demo/package.sh'
[5.285s] INFO:colcon.colcon_core.shell:Creating package script '/home/athul/ros2_ws/install/serial_motor_demo/share/serial_motor_demo/package.bash'
[5.286s] INFO:colcon.colcon_core.shell:Creating package script '/home/athul/ros2_ws/install/serial_motor_demo/share/serial_motor_demo/package.zsh'
[5.287s] Level 1:colcon.colcon_core.environment:create_file_with_runtime_dependencies(/home/athul/ros2_ws/install/serial_motor_demo/share/colcon-core/packages/serial_motor_demo)
[24.517s] DEBUG:colcon.colcon_parallel_executor.executor.parallel:run_until_complete was interrupted
[24.518s] DEBUG:colcon.colcon_parallel_executor.executor.parallel:run_until_complete again
[24.641s] DEBUG:colcon.colcon_core.event_handler.log_command:Invoked command in '/home/athul/ros2_ws/build/gazebo_ros2_control' returned '-2': CMAKE_PREFIX_PATH=/opt/ros/foxy /usr/bin/cmake --build /home/athul/ros2_ws/build/gazebo_ros2_control -- -j4 -l4
[24.702s] Level 1:colcon.colcon_core.environment:create_environment_scripts_only(gazebo_ros2_control)
[24.706s] Level 1:colcon.colcon_core.environment:checking '/home/athul/ros2_ws/install/gazebo_ros2_control' for CMake module files
[24.707s] Level 1:colcon.colcon_core.environment:checking '/home/athul/ros2_ws/install/gazebo_ros2_control' for CMake config files
[24.708s] Level 1:colcon.colcon_core.environment:checking '/home/athul/ros2_ws/install/gazebo_ros2_control/bin'
[24.708s] Level 1:colcon.colcon_core.environment:checking '/home/athul/ros2_ws/install/gazebo_ros2_control/lib/pkgconfig/gazebo_ros2_control.pc'
[24.709s] Level 1:colcon.colcon_core.environment:checking '/home/athul/ros2_ws/install/gazebo_ros2_control/lib/python3.8/site-packages'
[24.709s] Level 1:colcon.colcon_core.environment:checking '/home/athul/ros2_ws/install/gazebo_ros2_control/bin'
[24.711s] INFO:colcon.colcon_core.shell:Creating package script '/home/athul/ros2_ws/install/gazebo_ros2_control/share/gazebo_ros2_control/package.ps1'
[24.715s] INFO:colcon.colcon_core.shell:Creating package descriptor '/home/athul/ros2_ws/install/gazebo_ros2_control/share/gazebo_ros2_control/package.dsv'
[24.717s] INFO:colcon.colcon_core.shell:Creating package script '/home/athul/ros2_ws/install/gazebo_ros2_control/share/gazebo_ros2_control/package.sh'
[24.718s] INFO:colcon.colcon_core.shell:Creating package script '/home/athul/ros2_ws/install/gazebo_ros2_control/share/gazebo_ros2_control/package.bash'
[24.720s] INFO:colcon.colcon_core.shell:Creating package script '/home/athul/ros2_ws/install/gazebo_ros2_control/share/gazebo_ros2_control/package.zsh'
[24.723s] Level 1:colcon.colcon_core.environment:create_file_with_runtime_dependencies(/home/athul/ros2_ws/install/gazebo_ros2_control/share/colcon-core/packages/gazebo_ros2_control)
[24.734s] DEBUG:colcon.colcon_parallel_executor.executor.parallel:run_until_complete finished
[24.734s] DEBUG:colcon.colcon_parallel_executor.executor.parallel:closing loop
[24.735s] DEBUG:colcon.colcon_parallel_executor.executor.parallel:loop closed
[24.735s] DEBUG:colcon.colcon_core.event_reactor:joining thread
[24.763s] INFO:colcon.colcon_core.plugin_system:Skipping extension 'colcon_notification.desktop_notification.terminal_notifier': Not used on non-Darwin systems
[24.764s] INFO:colcon.colcon_core.plugin_system:Skipping extension 'colcon_notification.desktop_notification.win32': Not used on non-Windows systems
[24.764s] INFO:colcon.colcon_notification.desktop_notification:Sending desktop notification using 'notify2'
[25.279s] DEBUG:colcon.colcon_core.event_reactor:joined thread
[25.284s] INFO:colcon.colcon_core.shell:Creating prefix script '/home/athul/ros2_ws/install/local_setup.ps1'
[25.289s] INFO:colcon.colcon_core.shell:Creating prefix util module '/home/athul/ros2_ws/install/_local_setup_util_ps1.py'
[25.293s] INFO:colcon.colcon_core.shell:Creating prefix chain script '/home/athul/ros2_ws/install/setup.ps1'
[25.296s] INFO:colcon.colcon_core.shell:Creating prefix script '/home/athul/ros2_ws/install/local_setup.sh'
[25.298s] INFO:colcon.colcon_core.shell:Creating prefix util module '/home/athul/ros2_ws/install/_local_setup_util_sh.py'
[25.299s] INFO:colcon.colcon_core.shell:Creating prefix chain script '/home/athul/ros2_ws/install/setup.sh'
[25.305s] INFO:colcon.colcon_core.shell:Creating prefix script '/home/athul/ros2_ws/install/local_setup.bash'
[25.306s] INFO:colcon.colcon_core.shell:Creating prefix chain script '/home/athul/ros2_ws/install/setup.bash'
[25.311s] INFO:colcon.colcon_core.shell:Creating prefix script '/home/athul/ros2_ws/install/local_setup.zsh'
[25.312s] INFO:colcon.colcon_core.shell:Creating prefix chain script '/home/athul/ros2_ws/install/setup.zsh'
