[0.112s] Invoking command in '/home/athul/ros2_ws/build/rosbridge_library': CMAKE_PREFIX_PATH=/home/athul/ros2_ws/install/rosbridge_test_msgs:/home/athul/ros2_ws/install/serial_motor_demo_msgs:/home/athul/ros2_ws/install/rosbridge_suite:/home/athul/ros2_ws/install/rosbridge_server:/home/athul/ros2_ws/install/rosbridge_msgs:/home/athul/ros2_ws/install/rosapi:/home/athul/ros2_ws/install/rosbridge_library:/home/athul/ros2_ws/install/rosapi_msgs:/home/athul/ros2_ws/install/my_bot:/home/athul/ros2_ws/install/gazebo_ros2_control_demos:/home/athul/ros2_ws/install/gazebo_ros2_control:/home/athul/ros2_ws/install/serial_motor_demo:/home/athul/ros2_ws/install/ball_tracker:/opt/ros/foxy LD_LIBRARY_PATH=/home/athul/ros2_ws/install/rosbridge_test_msgs/lib:/home/athul/ros2_ws/install/serial_motor_demo_msgs/lib:/home/athul/ros2_ws/install/rosbridge_msgs/lib:/home/athul/ros2_ws/install/rosapi_msgs/lib:/home/athul/ros2_ws/install/gazebo_ros2_control/lib:/usr/lib/x86_64-linux-gnu/gazebo-11/plugins:/opt/ros/foxy/opt/yaml_cpp_vendor/lib:/opt/ros/foxy/opt/rviz_ogre_vendor/lib:/opt/ros/foxy/lib/x86_64-linux-gnu:/opt/ros/foxy/lib PYTHONPATH=/home/athul/ros2_ws/install/rosbridge_test_msgs/lib/python3.8/site-packages:/home/athul/ros2_ws/build/serial_motor_demo:/home/athul/ros2_ws/install/serial_motor_demo/lib/python3.8/site-packages:/home/athul/ros2_ws/install/serial_motor_demo_msgs/lib/python3.8/site-packages:/home/athul/ros2_ws/install/rosbridge_server/lib/python3.8/site-packages:/home/athul/ros2_ws/install/rosbridge_msgs/lib/python3.8/site-packages:/home/athul/ros2_ws/install/rosapi/lib/python3.8/site-packages:/home/athul/ros2_ws/install/rosbridge_library/lib/python3.8/site-packages:/home/athul/ros2_ws/install/rosapi_msgs/lib/python3.8/site-packages:/home/athul/ros2_ws/build/ball_tracker:/home/athul/ros2_ws/install/ball_tracker/lib/python3.8/site-packages:/opt/ros/foxy/lib/python3.8/site-packages /usr/bin/cmake --build /home/athul/ros2_ws/build/rosbridge_library -- -j4 -l4
[0.615s] Invoked command in '/home/athul/ros2_ws/build/rosbridge_library' returned '0': CMAKE_PREFIX_PATH=/home/athul/ros2_ws/install/rosbridge_test_msgs:/home/athul/ros2_ws/install/serial_motor_demo_msgs:/home/athul/ros2_ws/install/rosbridge_suite:/home/athul/ros2_ws/install/rosbridge_server:/home/athul/ros2_ws/install/rosbridge_msgs:/home/athul/ros2_ws/install/rosapi:/home/athul/ros2_ws/install/rosbridge_library:/home/athul/ros2_ws/install/rosapi_msgs:/home/athul/ros2_ws/install/my_bot:/home/athul/ros2_ws/install/gazebo_ros2_control_demos:/home/athul/ros2_ws/install/gazebo_ros2_control:/home/athul/ros2_ws/install/serial_motor_demo:/home/athul/ros2_ws/install/ball_tracker:/opt/ros/foxy LD_LIBRARY_PATH=/home/athul/ros2_ws/install/rosbridge_test_msgs/lib:/home/athul/ros2_ws/install/serial_motor_demo_msgs/lib:/home/athul/ros2_ws/install/rosbridge_msgs/lib:/home/athul/ros2_ws/install/rosapi_msgs/lib:/home/athul/ros2_ws/install/gazebo_ros2_control/lib:/usr/lib/x86_64-linux-gnu/gazebo-11/plugins:/opt/ros/foxy/opt/yaml_cpp_vendor/lib:/opt/ros/foxy/opt/rviz_ogre_vendor/lib:/opt/ros/foxy/lib/x86_64-linux-gnu:/opt/ros/foxy/lib PYTHONPATH=/home/athul/ros2_ws/install/rosbridge_test_msgs/lib/python3.8/site-packages:/home/athul/ros2_ws/build/serial_motor_demo:/home/athul/ros2_ws/install/serial_motor_demo/lib/python3.8/site-packages:/home/athul/ros2_ws/install/serial_motor_demo_msgs/lib/python3.8/site-packages:/home/athul/ros2_ws/install/rosbridge_server/lib/python3.8/site-packages:/home/athul/ros2_ws/install/rosbridge_msgs/lib/python3.8/site-packages:/home/athul/ros2_ws/install/rosapi/lib/python3.8/site-packages:/home/athul/ros2_ws/install/rosbridge_library/lib/python3.8/site-packages:/home/athul/ros2_ws/install/rosapi_msgs/lib/python3.8/site-packages:/home/athul/ros2_ws/build/ball_tracker:/home/athul/ros2_ws/install/ball_tracker/lib/python3.8/site-packages:/opt/ros/foxy/lib/python3.8/site-packages /usr/bin/cmake --build /home/athul/ros2_ws/build/rosbridge_library -- -j4 -l4
[0.703s] Invoking command in '/home/athul/ros2_ws/build/rosbridge_library': CMAKE_PREFIX_PATH=/home/athul/ros2_ws/install/rosbridge_test_msgs:/home/athul/ros2_ws/install/serial_motor_demo_msgs:/home/athul/ros2_ws/install/rosbridge_suite:/home/athul/ros2_ws/install/rosbridge_server:/home/athul/ros2_ws/install/rosbridge_msgs:/home/athul/ros2_ws/install/rosapi:/home/athul/ros2_ws/install/rosbridge_library:/home/athul/ros2_ws/install/rosapi_msgs:/home/athul/ros2_ws/install/my_bot:/home/athul/ros2_ws/install/gazebo_ros2_control_demos:/home/athul/ros2_ws/install/gazebo_ros2_control:/home/athul/ros2_ws/install/serial_motor_demo:/home/athul/ros2_ws/install/ball_tracker:/opt/ros/foxy LD_LIBRARY_PATH=/home/athul/ros2_ws/install/rosbridge_test_msgs/lib:/home/athul/ros2_ws/install/serial_motor_demo_msgs/lib:/home/athul/ros2_ws/install/rosbridge_msgs/lib:/home/athul/ros2_ws/install/rosapi_msgs/lib:/home/athul/ros2_ws/install/gazebo_ros2_control/lib:/usr/lib/x86_64-linux-gnu/gazebo-11/plugins:/opt/ros/foxy/opt/yaml_cpp_vendor/lib:/opt/ros/foxy/opt/rviz_ogre_vendor/lib:/opt/ros/foxy/lib/x86_64-linux-gnu:/opt/ros/foxy/lib PYTHONPATH=/home/athul/ros2_ws/install/rosbridge_test_msgs/lib/python3.8/site-packages:/home/athul/ros2_ws/build/serial_motor_demo:/home/athul/ros2_ws/install/serial_motor_demo/lib/python3.8/site-packages:/home/athul/ros2_ws/install/serial_motor_demo_msgs/lib/python3.8/site-packages:/home/athul/ros2_ws/install/rosbridge_server/lib/python3.8/site-packages:/home/athul/ros2_ws/install/rosbridge_msgs/lib/python3.8/site-packages:/home/athul/ros2_ws/install/rosapi/lib/python3.8/site-packages:/home/athul/ros2_ws/install/rosbridge_library/lib/python3.8/site-packages:/home/athul/ros2_ws/install/rosapi_msgs/lib/python3.8/site-packages:/home/athul/ros2_ws/build/ball_tracker:/home/athul/ros2_ws/install/ball_tracker/lib/python3.8/site-packages:/opt/ros/foxy/lib/python3.8/site-packages /usr/bin/cmake --install /home/athul/ros2_ws/build/rosbridge_library
[0.722s] -- Install configuration: ""
[0.726s] -- Execute custom install script
[0.727s] -- Up-to-date symlink: /home/athul/ros2_ws/install/rosbridge_library/share/rosbridge_library/environment/pythonpath.sh
[0.729s] -- Up-to-date symlink: /home/athul/ros2_ws/install/rosbridge_library/share/rosbridge_library/environment/pythonpath.dsv
[0.733s] -- Up-to-date symlink: /home/athul/ros2_ws/install/rosbridge_library/lib/python3.8/site-packages/rosbridge_library/__init__.py
[0.734s] -- Up-to-date symlink: /home/athul/ros2_ws/install/rosbridge_library/lib/python3.8/site-packages/rosbridge_library/capabilities/__init__.py
[0.734s] -- Up-to-date symlink: /home/athul/ros2_ws/install/rosbridge_library/lib/python3.8/site-packages/rosbridge_library/capabilities/advertise.py
[0.734s] -- Up-to-date symlink: /home/athul/ros2_ws/install/rosbridge_library/lib/python3.8/site-packages/rosbridge_library/capabilities/advertise_service.py
[0.734s] -- Up-to-date symlink: /home/athul/ros2_ws/install/rosbridge_library/lib/python3.8/site-packages/rosbridge_library/capabilities/call_service.py
[0.734s] -- Up-to-date symlink: /home/athul/ros2_ws/install/rosbridge_library/lib/python3.8/site-packages/rosbridge_library/capabilities/defragmentation.py
[0.735s] -- Up-to-date symlink: /home/athul/ros2_ws/install/rosbridge_library/lib/python3.8/site-packages/rosbridge_library/capabilities/fragmentation.py
[0.736s] -- Up-to-date symlink: /home/athul/ros2_ws/install/rosbridge_library/lib/python3.8/site-packages/rosbridge_library/capabilities/publish.py
[0.737s] -- Up-to-date symlink: /home/athul/ros2_ws/install/rosbridge_library/lib/python3.8/site-packages/rosbridge_library/capabilities/service_response.py
[0.738s] -- Up-to-date symlink: /home/athul/ros2_ws/install/rosbridge_library/lib/python3.8/site-packages/rosbridge_library/capabilities/subscribe.py
[0.739s] -- Up-to-date symlink: /home/athul/ros2_ws/install/rosbridge_library/lib/python3.8/site-packages/rosbridge_library/capabilities/unadvertise_service.py
[0.740s] -- Up-to-date symlink: /home/athul/ros2_ws/install/rosbridge_library/lib/python3.8/site-packages/rosbridge_library/capability.py
[0.740s] -- Up-to-date symlink: /home/athul/ros2_ws/install/rosbridge_library/lib/python3.8/site-packages/rosbridge_library/internal/__init__.py
[0.741s] -- Up-to-date symlink: /home/athul/ros2_ws/install/rosbridge_library/lib/python3.8/site-packages/rosbridge_library/internal/cbor_conversion.py
[0.743s] -- Up-to-date symlink: /home/athul/ros2_ws/install/rosbridge_library/lib/python3.8/site-packages/rosbridge_library/internal/exceptions.py
[0.744s] -- Up-to-date symlink: /home/athul/ros2_ws/install/rosbridge_library/lib/python3.8/site-packages/rosbridge_library/internal/message_conversion.py
[0.745s] -- Up-to-date symlink: /home/athul/ros2_ws/install/rosbridge_library/lib/python3.8/site-packages/rosbridge_library/internal/outgoing_message.py
[0.745s] -- Up-to-date symlink: /home/athul/ros2_ws/install/rosbridge_library/lib/python3.8/site-packages/rosbridge_library/internal/pngcompression.py
[0.746s] -- Up-to-date symlink: /home/athul/ros2_ws/install/rosbridge_library/lib/python3.8/site-packages/rosbridge_library/internal/publishers.py
[0.747s] -- Up-to-date symlink: /home/athul/ros2_ws/install/rosbridge_library/lib/python3.8/site-packages/rosbridge_library/internal/ros_loader.py
[0.747s] -- Up-to-date symlink: /home/athul/ros2_ws/install/rosbridge_library/lib/python3.8/site-packages/rosbridge_library/internal/services.py
[0.748s] -- Up-to-date symlink: /home/athul/ros2_ws/install/rosbridge_library/lib/python3.8/site-packages/rosbridge_library/internal/subscribers.py
[0.749s] -- Up-to-date symlink: /home/athul/ros2_ws/install/rosbridge_library/lib/python3.8/site-packages/rosbridge_library/internal/subscription_modifiers.py
[0.749s] -- Up-to-date symlink: /home/athul/ros2_ws/install/rosbridge_library/lib/python3.8/site-packages/rosbridge_library/internal/topics.py
[0.750s] -- Up-to-date symlink: /home/athul/ros2_ws/install/rosbridge_library/lib/python3.8/site-packages/rosbridge_library/protocol.py
[0.751s] -- Up-to-date symlink: /home/athul/ros2_ws/install/rosbridge_library/lib/python3.8/site-packages/rosbridge_library/rosbridge_protocol.py
[0.752s] -- Up-to-date symlink: /home/athul/ros2_ws/install/rosbridge_library/lib/python3.8/site-packages/rosbridge_library/util/__init__.py
[0.752s] -- Up-to-date symlink: /home/athul/ros2_ws/install/rosbridge_library/lib/python3.8/site-packages/rosbridge_library/util/cbor.py
[0.753s] -- Up-to-date symlink: /home/athul/ros2_ws/install/rosbridge_library/share/ament_index/resource_index/package_run_dependencies/rosbridge_library
[0.754s] -- Up-to-date symlink: /home/athul/ros2_ws/install/rosbridge_library/share/ament_index/resource_index/parent_prefix_path/rosbridge_library
[0.755s] -- Up-to-date symlink: /home/athul/ros2_ws/install/rosbridge_library/share/rosbridge_library/environment/ament_prefix_path.sh
[0.756s] -- Up-to-date symlink: /home/athul/ros2_ws/install/rosbridge_library/share/rosbridge_library/environment/ament_prefix_path.dsv
[0.758s] -- Up-to-date symlink: /home/athul/ros2_ws/install/rosbridge_library/share/rosbridge_library/environment/path.sh
[0.759s] -- Up-to-date symlink: /home/athul/ros2_ws/install/rosbridge_library/share/rosbridge_library/environment/path.dsv
[0.759s] -- Up-to-date symlink: /home/athul/ros2_ws/install/rosbridge_library/share/rosbridge_library/local_setup.bash
[0.759s] -- Up-to-date symlink: /home/athul/ros2_ws/install/rosbridge_library/share/rosbridge_library/local_setup.sh
[0.770s] -- Up-to-date symlink: /home/athul/ros2_ws/install/rosbridge_library/share/rosbridge_library/local_setup.zsh
[0.770s] -- Up-to-date symlink: /home/athul/ros2_ws/install/rosbridge_library/share/rosbridge_library/local_setup.dsv
[0.770s] -- Symlinking: /home/athul/ros2_ws/install/rosbridge_library/share/rosbridge_library/package.dsv
[0.796s] -- Up-to-date symlink: /home/athul/ros2_ws/install/rosbridge_library/share/ament_index/resource_index/packages/rosbridge_library
[0.797s] -- Up-to-date symlink: /home/athul/ros2_ws/install/rosbridge_library/share/rosbridge_library/cmake/rosbridge_libraryConfig.cmake
[0.798s] -- Up-to-date symlink: /home/athul/ros2_ws/install/rosbridge_library/share/rosbridge_library/cmake/rosbridge_libraryConfig-version.cmake
[0.798s] -- Up-to-date symlink: /home/athul/ros2_ws/install/rosbridge_library/share/rosbridge_library/package.xml
[0.867s] Listing '/home/athul/ros2_ws/install/rosbridge_library/lib/python3.8/site-packages/rosbridge_library'...
[0.867s] Listing '/home/athul/ros2_ws/install/rosbridge_library/lib/python3.8/site-packages/rosbridge_library/capabilities'...
[0.867s] Listing '/home/athul/ros2_ws/install/rosbridge_library/lib/python3.8/site-packages/rosbridge_library/internal'...
[0.868s] Listing '/home/athul/ros2_ws/install/rosbridge_library/lib/python3.8/site-packages/rosbridge_library/util'...
[0.884s] Invoked command in '/home/athul/ros2_ws/build/rosbridge_library' returned '0': CMAKE_PREFIX_PATH=/home/athul/ros2_ws/install/rosbridge_test_msgs:/home/athul/ros2_ws/install/serial_motor_demo_msgs:/home/athul/ros2_ws/install/rosbridge_suite:/home/athul/ros2_ws/install/rosbridge_server:/home/athul/ros2_ws/install/rosbridge_msgs:/home/athul/ros2_ws/install/rosapi:/home/athul/ros2_ws/install/rosbridge_library:/home/athul/ros2_ws/install/rosapi_msgs:/home/athul/ros2_ws/install/my_bot:/home/athul/ros2_ws/install/gazebo_ros2_control_demos:/home/athul/ros2_ws/install/gazebo_ros2_control:/home/athul/ros2_ws/install/serial_motor_demo:/home/athul/ros2_ws/install/ball_tracker:/opt/ros/foxy LD_LIBRARY_PATH=/home/athul/ros2_ws/install/rosbridge_test_msgs/lib:/home/athul/ros2_ws/install/serial_motor_demo_msgs/lib:/home/athul/ros2_ws/install/rosbridge_msgs/lib:/home/athul/ros2_ws/install/rosapi_msgs/lib:/home/athul/ros2_ws/install/gazebo_ros2_control/lib:/usr/lib/x86_64-linux-gnu/gazebo-11/plugins:/opt/ros/foxy/opt/yaml_cpp_vendor/lib:/opt/ros/foxy/opt/rviz_ogre_vendor/lib:/opt/ros/foxy/lib/x86_64-linux-gnu:/opt/ros/foxy/lib PYTHONPATH=/home/athul/ros2_ws/install/rosbridge_test_msgs/lib/python3.8/site-packages:/home/athul/ros2_ws/build/serial_motor_demo:/home/athul/ros2_ws/install/serial_motor_demo/lib/python3.8/site-packages:/home/athul/ros2_ws/install/serial_motor_demo_msgs/lib/python3.8/site-packages:/home/athul/ros2_ws/install/rosbridge_server/lib/python3.8/site-packages:/home/athul/ros2_ws/install/rosbridge_msgs/lib/python3.8/site-packages:/home/athul/ros2_ws/install/rosapi/lib/python3.8/site-packages:/home/athul/ros2_ws/install/rosbridge_library/lib/python3.8/site-packages:/home/athul/ros2_ws/install/rosapi_msgs/lib/python3.8/site-packages:/home/athul/ros2_ws/build/ball_tracker:/home/athul/ros2_ws/install/ball_tracker/lib/python3.8/site-packages:/opt/ros/foxy/lib/python3.8/site-packages /usr/bin/cmake --install /home/athul/ros2_ws/build/rosbridge_library
