[0.031s] Invoking command in '/home/athul/ros2_ws/build/gazebo_ros2_control_demos': AMENT_PREFIX_PATH=/home/athul/ros2_ws/install/gazebo_ros2_control:${AMENT_PREFIX_PATH} CMAKE_PREFIX_PATH=/home/athul/ros2_ws/install/gazebo_ros2_control:/opt/ros/foxy LD_LIBRARY_PATH=/home/athul/ros2_ws/install/gazebo_ros2_control/lib:${LD_LIBRARY_PATH} /usr/bin/cmake --build /home/athul/ros2_ws/build/gazebo_ros2_control_demos -- -j4 -l4
[0.183s] [ 20%] Built target example_gripper
[0.194s] [ 40%] Built target example_position
[0.204s] [ 60%] Built target example_effort
[0.207s] [ 80%] Built target example_velocity
[0.268s] [100%] Built target example_diff_drive
[0.300s] Invoked command in '/home/athul/ros2_ws/build/gazebo_ros2_control_demos' returned '0': AMENT_PREFIX_PATH=/home/athul/ros2_ws/install/gazebo_ros2_control:${AMENT_PREFIX_PATH} CMAKE_PREFIX_PATH=/home/athul/ros2_ws/install/gazebo_ros2_control:/opt/ros/foxy LD_LIBRARY_PATH=/home/athul/ros2_ws/install/gazebo_ros2_control/lib:${LD_LIBRARY_PATH} /usr/bin/cmake --build /home/athul/ros2_ws/build/gazebo_ros2_control_demos -- -j4 -l4
[0.419s] Invoking command in '/home/athul/ros2_ws/build/gazebo_ros2_control_demos': AMENT_PREFIX_PATH=/home/athul/ros2_ws/install/gazebo_ros2_control:${AMENT_PREFIX_PATH} CMAKE_PREFIX_PATH=/home/athul/ros2_ws/install/gazebo_ros2_control:/opt/ros/foxy LD_LIBRARY_PATH=/home/athul/ros2_ws/install/gazebo_ros2_control/lib:${LD_LIBRARY_PATH} /usr/bin/cmake --install /home/athul/ros2_ws/build/gazebo_ros2_control_demos
[0.440s] -- Install configuration: ""
[0.443s] -- Execute custom install script
[0.445s] -- Up-to-date symlink: /home/athul/ros2_ws/install/gazebo_ros2_control_demos/share/gazebo_ros2_control_demos//launch/cart_example_effort.launch.py
[0.448s] -- Up-to-date symlink: /home/athul/ros2_ws/install/gazebo_ros2_control_demos/share/gazebo_ros2_control_demos//launch/cart_example_position.launch.py
[0.450s] -- Up-to-date symlink: /home/athul/ros2_ws/install/gazebo_ros2_control_demos/share/gazebo_ros2_control_demos//launch/cart_example_velocity.launch.py
[0.452s] -- Up-to-date symlink: /home/athul/ros2_ws/install/gazebo_ros2_control_demos/share/gazebo_ros2_control_demos//launch/diff_drive.launch.py
[0.455s] -- Up-to-date symlink: /home/athul/ros2_ws/install/gazebo_ros2_control_demos/share/gazebo_ros2_control_demos//launch/gripper_mimic_joint_example.launch.py
[0.460s] -- Up-to-date symlink: /home/athul/ros2_ws/install/gazebo_ros2_control_demos/share/gazebo_ros2_control_demos//config/cartpole_controller.yaml
[0.461s] -- Up-to-date symlink: /home/athul/ros2_ws/install/gazebo_ros2_control_demos/share/gazebo_ros2_control_demos//config/cartpole_controller_effort.yaml
[0.462s] -- Up-to-date symlink: /home/athul/ros2_ws/install/gazebo_ros2_control_demos/share/gazebo_ros2_control_demos//config/cartpole_controller_velocity.yaml
[0.463s] -- Up-to-date symlink: /home/athul/ros2_ws/install/gazebo_ros2_control_demos/share/gazebo_ros2_control_demos//config/diff_drive_controller.yaml
[0.464s] -- Up-to-date symlink: /home/athul/ros2_ws/install/gazebo_ros2_control_demos/share/gazebo_ros2_control_demos//config/gripper_controller.yaml
[0.466s] -- Up-to-date symlink: /home/athul/ros2_ws/install/gazebo_ros2_control_demos/share/gazebo_ros2_control_demos//urdf/test_cart_effort.xacro.urdf
[0.467s] -- Up-to-date symlink: /home/athul/ros2_ws/install/gazebo_ros2_control_demos/share/gazebo_ros2_control_demos//urdf/test_cart_position.xacro.urdf
[0.468s] -- Up-to-date symlink: /home/athul/ros2_ws/install/gazebo_ros2_control_demos/share/gazebo_ros2_control_demos//urdf/test_cart_velocity.xacro.urdf
[0.469s] -- Up-to-date symlink: /home/athul/ros2_ws/install/gazebo_ros2_control_demos/share/gazebo_ros2_control_demos//urdf/test_diff_drive.xacro.urdf
[0.470s] -- Up-to-date symlink: /home/athul/ros2_ws/install/gazebo_ros2_control_demos/share/gazebo_ros2_control_demos//urdf/test_gripper_mimic_joint.xacro.urdf
[0.472s] -- Up-to-date symlink: /home/athul/ros2_ws/install/gazebo_ros2_control_demos/lib/gazebo_ros2_control_demos/example_position
[0.473s] -- Up-to-date symlink: /home/athul/ros2_ws/install/gazebo_ros2_control_demos/lib/gazebo_ros2_control_demos/example_velocity
[0.475s] -- Up-to-date symlink: /home/athul/ros2_ws/install/gazebo_ros2_control_demos/lib/gazebo_ros2_control_demos/example_effort
[0.476s] -- Up-to-date symlink: /home/athul/ros2_ws/install/gazebo_ros2_control_demos/lib/gazebo_ros2_control_demos/example_gripper
[0.478s] -- Up-to-date symlink: /home/athul/ros2_ws/install/gazebo_ros2_control_demos/lib/gazebo_ros2_control_demos/example_diff_drive
[0.479s] -- Up-to-date symlink: /home/athul/ros2_ws/install/gazebo_ros2_control_demos/share/ament_index/resource_index/package_run_dependencies/gazebo_ros2_control_demos
[0.480s] -- Up-to-date symlink: /home/athul/ros2_ws/install/gazebo_ros2_control_demos/share/ament_index/resource_index/parent_prefix_path/gazebo_ros2_control_demos
[0.482s] -- Up-to-date symlink: /home/athul/ros2_ws/install/gazebo_ros2_control_demos/share/gazebo_ros2_control_demos/environment/ament_prefix_path.sh
[0.483s] -- Up-to-date symlink: /home/athul/ros2_ws/install/gazebo_ros2_control_demos/share/gazebo_ros2_control_demos/environment/ament_prefix_path.dsv
[0.485s] -- Up-to-date symlink: /home/athul/ros2_ws/install/gazebo_ros2_control_demos/share/gazebo_ros2_control_demos/environment/path.sh
[0.486s] -- Up-to-date symlink: /home/athul/ros2_ws/install/gazebo_ros2_control_demos/share/gazebo_ros2_control_demos/environment/path.dsv
[0.487s] -- Up-to-date symlink: /home/athul/ros2_ws/install/gazebo_ros2_control_demos/share/gazebo_ros2_control_demos/local_setup.bash
[0.489s] -- Up-to-date symlink: /home/athul/ros2_ws/install/gazebo_ros2_control_demos/share/gazebo_ros2_control_demos/local_setup.sh
[0.490s] -- Up-to-date symlink: /home/athul/ros2_ws/install/gazebo_ros2_control_demos/share/gazebo_ros2_control_demos/local_setup.zsh
[0.491s] -- Up-to-date symlink: /home/athul/ros2_ws/install/gazebo_ros2_control_demos/share/gazebo_ros2_control_demos/local_setup.dsv
[0.492s] -- Symlinking: /home/athul/ros2_ws/install/gazebo_ros2_control_demos/share/gazebo_ros2_control_demos/package.dsv
[0.516s] -- Up-to-date symlink: /home/athul/ros2_ws/install/gazebo_ros2_control_demos/share/ament_index/resource_index/packages/gazebo_ros2_control_demos
[0.516s] -- Up-to-date symlink: /home/athul/ros2_ws/install/gazebo_ros2_control_demos/share/gazebo_ros2_control_demos/cmake/gazebo_ros2_control_demosConfig.cmake
[0.517s] -- Up-to-date symlink: /home/athul/ros2_ws/install/gazebo_ros2_control_demos/share/gazebo_ros2_control_demos/cmake/gazebo_ros2_control_demosConfig-version.cmake
[0.517s] -- Up-to-date symlink: /home/athul/ros2_ws/install/gazebo_ros2_control_demos/share/gazebo_ros2_control_demos/package.xml
[0.547s] Invoked command in '/home/athul/ros2_ws/build/gazebo_ros2_control_demos' returned '0': AMENT_PREFIX_PATH=/home/athul/ros2_ws/install/gazebo_ros2_control:${AMENT_PREFIX_PATH} CMAKE_PREFIX_PATH=/home/athul/ros2_ws/install/gazebo_ros2_control:/opt/ros/foxy LD_LIBRARY_PATH=/home/athul/ros2_ws/install/gazebo_ros2_control/lib:${LD_LIBRARY_PATH} /usr/bin/cmake --install /home/athul/ros2_ws/build/gazebo_ros2_control_demos
