[0.101s] Invoking command in '/home/athul/ros2_ws/build/rosapi_msgs': CMAKE_PREFIX_PATH=${CMAKE_PREFIX_PATH}:/home/athul/ros2_ws/install/serial_motor_demo:/home/athul/ros2_ws/install/ball_tracker:/opt/ros/foxy /usr/bin/cmake --build /home/athul/ros2_ws/build/rosapi_msgs -- -j4 -l4
[0.300s] [ 12%] Built target rosapi_msgs__rosidl_generator_c
[0.306s] [ 12%] Built target rosapi_msgs__cpp
[0.559s] [ 24%] Built target rosapi_msgs__rosidl_typesupport_c
[0.567s] [ 36%] Built target rosapi_msgs__rosidl_typesupport_introspection_c
[0.609s] [ 49%] Built target rosapi_msgs__rosidl_typesupport_introspection_cpp
[0.783s] [ 61%] Built target rosapi_msgs__rosidl_typesupport_cpp
[0.971s] [ 73%] Built target rosapi_msgs__rosidl_typesupport_fastrtps_cpp
[1.119s] [ 85%] Built target rosapi_msgs__rosidl_typesupport_fastrtps_c
[1.192s] [ 85%] Built target rosapi_msgs
[1.308s] [ 85%] Built target rosapi_msgs__py
[1.449s] [ 97%] Built target rosapi_msgs__python
[1.592s] [ 98%] Built target rosapi_msgs__rosidl_typesupport_fastrtps_c__pyext
[1.606s] [ 99%] Built target rosapi_msgs__rosidl_typesupport_c__pyext
[1.631s] [100%] Built target rosapi_msgs__rosidl_typesupport_introspection_c__pyext
[1.676s] Invoked command in '/home/athul/ros2_ws/build/rosapi_msgs' returned '0': CMAKE_PREFIX_PATH=${CMAKE_PREFIX_PATH}:/home/athul/ros2_ws/install/serial_motor_demo:/home/athul/ros2_ws/install/ball_tracker:/opt/ros/foxy /usr/bin/cmake --build /home/athul/ros2_ws/build/rosapi_msgs -- -j4 -l4
[3.370s] Invoking command in '/home/athul/ros2_ws/build/rosapi_msgs': CMAKE_PREFIX_PATH=${CMAKE_PREFIX_PATH}:/home/athul/ros2_ws/install/serial_motor_demo:/home/athul/ros2_ws/install/ball_tracker:/opt/ros/foxy /usr/bin/cmake --install /home/athul/ros2_ws/build/rosapi_msgs
[3.446s] -- Install configuration: ""
[3.448s] -- Execute custom install script
[3.449s] -- Up-to-date symlink: /home/athul/ros2_ws/install/rosapi_msgs/share/ament_index/resource_index/rosidl_interfaces/rosapi_msgs
[3.449s] -- Up-to-date symlink: /home/athul/ros2_ws/install/rosapi_msgs/include/rosapi_msgs/msg/detail/type_def__functions.h
[3.449s] -- Up-to-date symlink: /home/athul/ros2_ws/install/rosapi_msgs/include/rosapi_msgs/msg/detail/type_def__struct.h
[3.451s] -- Up-to-date symlink: /home/athul/ros2_ws/install/rosapi_msgs/include/rosapi_msgs/msg/detail/type_def__type_support.h
[3.455s] -- Up-to-date symlink: /home/athul/ros2_ws/install/rosapi_msgs/include/rosapi_msgs/msg/rosidl_generator_c__visibility_control.h
[3.456s] -- Up-to-date symlink: /home/athul/ros2_ws/install/rosapi_msgs/include/rosapi_msgs/msg/type_def.h
[3.456s] -- Up-to-date symlink: /home/athul/ros2_ws/install/rosapi_msgs/include/rosapi_msgs/srv/delete_param.h
[3.456s] -- Up-to-date symlink: /home/athul/ros2_ws/install/rosapi_msgs/include/rosapi_msgs/srv/detail/delete_param__functions.h
[3.456s] -- Up-to-date symlink: /home/athul/ros2_ws/install/rosapi_msgs/include/rosapi_msgs/srv/detail/delete_param__struct.h
[3.456s] -- Up-to-date symlink: /home/athul/ros2_ws/install/rosapi_msgs/include/rosapi_msgs/srv/detail/delete_param__type_support.h
[3.457s] -- Up-to-date symlink: /home/athul/ros2_ws/install/rosapi_msgs/include/rosapi_msgs/srv/detail/get_action_servers__functions.h
[3.457s] -- Up-to-date symlink: /home/athul/ros2_ws/install/rosapi_msgs/include/rosapi_msgs/srv/detail/get_action_servers__struct.h
[3.457s] -- Up-to-date symlink: /home/athul/ros2_ws/install/rosapi_msgs/include/rosapi_msgs/srv/detail/get_action_servers__type_support.h
[3.457s] -- Up-to-date symlink: /home/athul/ros2_ws/install/rosapi_msgs/include/rosapi_msgs/srv/detail/get_param__functions.h
[3.457s] -- Up-to-date symlink: /home/athul/ros2_ws/install/rosapi_msgs/include/rosapi_msgs/srv/detail/get_param__struct.h
[3.457s] -- Up-to-date symlink: /home/athul/ros2_ws/install/rosapi_msgs/include/rosapi_msgs/srv/detail/get_param__type_support.h
[3.458s] -- Up-to-date symlink: /home/athul/ros2_ws/install/rosapi_msgs/include/rosapi_msgs/srv/detail/get_param_names__functions.h
[3.458s] -- Up-to-date symlink: /home/athul/ros2_ws/install/rosapi_msgs/include/rosapi_msgs/srv/detail/get_param_names__struct.h
[3.459s] -- Up-to-date symlink: /home/athul/ros2_ws/install/rosapi_msgs/include/rosapi_msgs/srv/detail/get_param_names__type_support.h
[3.459s] -- Up-to-date symlink: /home/athul/ros2_ws/install/rosapi_msgs/include/rosapi_msgs/srv/detail/get_ros_version__functions.h
[3.459s] -- Up-to-date symlink: /home/athul/ros2_ws/install/rosapi_msgs/include/rosapi_msgs/srv/detail/get_ros_version__struct.h
[3.459s] -- Up-to-date symlink: /home/athul/ros2_ws/install/rosapi_msgs/include/rosapi_msgs/srv/detail/get_ros_version__type_support.h
[3.460s] -- Up-to-date symlink: /home/athul/ros2_ws/install/rosapi_msgs/include/rosapi_msgs/srv/detail/get_time__functions.h
[3.460s] -- Up-to-date symlink: /home/athul/ros2_ws/install/rosapi_msgs/include/rosapi_msgs/srv/detail/get_time__struct.h
[3.460s] -- Up-to-date symlink: /home/athul/ros2_ws/install/rosapi_msgs/include/rosapi_msgs/srv/detail/get_time__type_support.h
[3.460s] -- Up-to-date symlink: /home/athul/ros2_ws/install/rosapi_msgs/include/rosapi_msgs/srv/detail/has_param__functions.h
[3.460s] -- Up-to-date symlink: /home/athul/ros2_ws/install/rosapi_msgs/include/rosapi_msgs/srv/detail/has_param__struct.h
[3.461s] -- Up-to-date symlink: /home/athul/ros2_ws/install/rosapi_msgs/include/rosapi_msgs/srv/detail/has_param__type_support.h
[3.461s] -- Up-to-date symlink: /home/athul/ros2_ws/install/rosapi_msgs/include/rosapi_msgs/srv/detail/message_details__functions.h
[3.461s] -- Up-to-date symlink: /home/athul/ros2_ws/install/rosapi_msgs/include/rosapi_msgs/srv/detail/message_details__struct.h
[3.461s] -- Up-to-date symlink: /home/athul/ros2_ws/install/rosapi_msgs/include/rosapi_msgs/srv/detail/message_details__type_support.h
[3.461s] -- Up-to-date symlink: /home/athul/ros2_ws/install/rosapi_msgs/include/rosapi_msgs/srv/detail/node_details__functions.h
[3.461s] -- Up-to-date symlink: /home/athul/ros2_ws/install/rosapi_msgs/include/rosapi_msgs/srv/detail/node_details__struct.h
[3.461s] -- Up-to-date symlink: /home/athul/ros2_ws/install/rosapi_msgs/include/rosapi_msgs/srv/detail/node_details__type_support.h
[3.462s] -- Up-to-date symlink: /home/athul/ros2_ws/install/rosapi_msgs/include/rosapi_msgs/srv/detail/nodes__functions.h
[3.462s] -- Up-to-date symlink: /home/athul/ros2_ws/install/rosapi_msgs/include/rosapi_msgs/srv/detail/nodes__struct.h
[3.462s] -- Up-to-date symlink: /home/athul/ros2_ws/install/rosapi_msgs/include/rosapi_msgs/srv/detail/nodes__type_support.h
[3.462s] -- Up-to-date symlink: /home/athul/ros2_ws/install/rosapi_msgs/include/rosapi_msgs/srv/detail/publishers__functions.h
[3.462s] -- Up-to-date symlink: /home/athul/ros2_ws/install/rosapi_msgs/include/rosapi_msgs/srv/detail/publishers__struct.h
[3.462s] -- Up-to-date symlink: /home/athul/ros2_ws/install/rosapi_msgs/include/rosapi_msgs/srv/detail/publishers__type_support.h
[3.463s] -- Up-to-date symlink: /home/athul/ros2_ws/install/rosapi_msgs/include/rosapi_msgs/srv/detail/service_node__functions.h
[3.463s] -- Up-to-date symlink: /home/athul/ros2_ws/install/rosapi_msgs/include/rosapi_msgs/srv/detail/service_node__struct.h
[3.463s] -- Up-to-date symlink: /home/athul/ros2_ws/install/rosapi_msgs/include/rosapi_msgs/srv/detail/service_node__type_support.h
[3.463s] -- Up-to-date symlink: /home/athul/ros2_ws/install/rosapi_msgs/include/rosapi_msgs/srv/detail/service_providers__functions.h
[3.463s] -- Up-to-date symlink: /home/athul/ros2_ws/install/rosapi_msgs/include/rosapi_msgs/srv/detail/service_providers__struct.h
[3.463s] -- Up-to-date symlink: /home/athul/ros2_ws/install/rosapi_msgs/include/rosapi_msgs/srv/detail/service_providers__type_support.h
[3.464s] -- Up-to-date symlink: /home/athul/ros2_ws/install/rosapi_msgs/include/rosapi_msgs/srv/detail/service_request_details__functions.h
[3.464s] -- Up-to-date symlink: /home/athul/ros2_ws/install/rosapi_msgs/include/rosapi_msgs/srv/detail/service_request_details__struct.h
[3.464s] -- Up-to-date symlink: /home/athul/ros2_ws/install/rosapi_msgs/include/rosapi_msgs/srv/detail/service_request_details__type_support.h
[3.464s] -- Up-to-date symlink: /home/athul/ros2_ws/install/rosapi_msgs/include/rosapi_msgs/srv/detail/service_response_details__functions.h
[3.464s] -- Up-to-date symlink: /home/athul/ros2_ws/install/rosapi_msgs/include/rosapi_msgs/srv/detail/service_response_details__struct.h
[3.465s] -- Up-to-date symlink: /home/athul/ros2_ws/install/rosapi_msgs/include/rosapi_msgs/srv/detail/service_response_details__type_support.h
[3.465s] -- Up-to-date symlink: /home/athul/ros2_ws/install/rosapi_msgs/include/rosapi_msgs/srv/detail/service_type__functions.h
[3.465s] -- Up-to-date symlink: /home/athul/ros2_ws/install/rosapi_msgs/include/rosapi_msgs/srv/detail/service_type__struct.h
[3.465s] -- Up-to-date symlink: /home/athul/ros2_ws/install/rosapi_msgs/include/rosapi_msgs/srv/detail/service_type__type_support.h
[3.465s] -- Up-to-date symlink: /home/athul/ros2_ws/install/rosapi_msgs/include/rosapi_msgs/srv/detail/services__functions.h
[3.465s] -- Up-to-date symlink: /home/athul/ros2_ws/install/rosapi_msgs/include/rosapi_msgs/srv/detail/services__struct.h
[3.466s] -- Up-to-date symlink: /home/athul/ros2_ws/install/rosapi_msgs/include/rosapi_msgs/srv/detail/services__type_support.h
[3.466s] -- Up-to-date symlink: /home/athul/ros2_ws/install/rosapi_msgs/include/rosapi_msgs/srv/detail/services_for_type__functions.h
[3.466s] -- Up-to-date symlink: /home/athul/ros2_ws/install/rosapi_msgs/include/rosapi_msgs/srv/detail/services_for_type__struct.h
[3.466s] -- Up-to-date symlink: /home/athul/ros2_ws/install/rosapi_msgs/include/rosapi_msgs/srv/detail/services_for_type__type_support.h
[3.466s] -- Up-to-date symlink: /home/athul/ros2_ws/install/rosapi_msgs/include/rosapi_msgs/srv/detail/set_param__functions.h
[3.466s] -- Up-to-date symlink: /home/athul/ros2_ws/install/rosapi_msgs/include/rosapi_msgs/srv/detail/set_param__struct.h
[3.467s] -- Up-to-date symlink: /home/athul/ros2_ws/install/rosapi_msgs/include/rosapi_msgs/srv/detail/set_param__type_support.h
[3.467s] -- Up-to-date symlink: /home/athul/ros2_ws/install/rosapi_msgs/include/rosapi_msgs/srv/detail/subscribers__functions.h
[3.467s] -- Up-to-date symlink: /home/athul/ros2_ws/install/rosapi_msgs/include/rosapi_msgs/srv/detail/subscribers__struct.h
[3.467s] -- Up-to-date symlink: /home/athul/ros2_ws/install/rosapi_msgs/include/rosapi_msgs/srv/detail/subscribers__type_support.h
[3.467s] -- Up-to-date symlink: /home/athul/ros2_ws/install/rosapi_msgs/include/rosapi_msgs/srv/detail/topic_type__functions.h
[3.467s] -- Up-to-date symlink: /home/athul/ros2_ws/install/rosapi_msgs/include/rosapi_msgs/srv/detail/topic_type__struct.h
[3.468s] -- Up-to-date symlink: /home/athul/ros2_ws/install/rosapi_msgs/include/rosapi_msgs/srv/detail/topic_type__type_support.h
[3.482s] -- Up-to-date symlink: /home/athul/ros2_ws/install/rosapi_msgs/include/rosapi_msgs/srv/detail/topics__functions.h
[3.482s] -- Up-to-date symlink: /home/athul/ros2_ws/install/rosapi_msgs/include/rosapi_msgs/srv/detail/topics__struct.h
[3.483s] -- Up-to-date symlink: /home/athul/ros2_ws/install/rosapi_msgs/include/rosapi_msgs/srv/detail/topics__type_support.h
[3.483s] -- Up-to-date symlink: /home/athul/ros2_ws/install/rosapi_msgs/include/rosapi_msgs/srv/detail/topics_and_raw_types__functions.h
[3.483s] -- Up-to-date symlink: /home/athul/ros2_ws/install/rosapi_msgs/include/rosapi_msgs/srv/detail/topics_and_raw_types__struct.h
[3.483s] -- Up-to-date symlink: /home/athul/ros2_ws/install/rosapi_msgs/include/rosapi_msgs/srv/detail/topics_and_raw_types__type_support.h
[3.484s] -- Up-to-date symlink: /home/athul/ros2_ws/install/rosapi_msgs/include/rosapi_msgs/srv/detail/topics_for_type__functions.h
[3.484s] -- Up-to-date symlink: /home/athul/ros2_ws/install/rosapi_msgs/include/rosapi_msgs/srv/detail/topics_for_type__struct.h
[3.484s] -- Up-to-date symlink: /home/athul/ros2_ws/install/rosapi_msgs/include/rosapi_msgs/srv/detail/topics_for_type__type_support.h
[3.484s] -- Up-to-date symlink: /home/athul/ros2_ws/install/rosapi_msgs/include/rosapi_msgs/srv/get_action_servers.h
[3.484s] -- Up-to-date symlink: /home/athul/ros2_ws/install/rosapi_msgs/include/rosapi_msgs/srv/get_param.h
[3.485s] -- Up-to-date symlink: /home/athul/ros2_ws/install/rosapi_msgs/include/rosapi_msgs/srv/get_param_names.h
[3.485s] -- Up-to-date symlink: /home/athul/ros2_ws/install/rosapi_msgs/include/rosapi_msgs/srv/get_ros_version.h
[3.485s] -- Up-to-date symlink: /home/athul/ros2_ws/install/rosapi_msgs/include/rosapi_msgs/srv/get_time.h
[3.485s] -- Up-to-date symlink: /home/athul/ros2_ws/install/rosapi_msgs/include/rosapi_msgs/srv/has_param.h
[3.485s] -- Up-to-date symlink: /home/athul/ros2_ws/install/rosapi_msgs/include/rosapi_msgs/srv/message_details.h
[3.485s] -- Up-to-date symlink: /home/athul/ros2_ws/install/rosapi_msgs/include/rosapi_msgs/srv/node_details.h
[3.486s] -- Up-to-date symlink: /home/athul/ros2_ws/install/rosapi_msgs/include/rosapi_msgs/srv/nodes.h
[3.486s] -- Up-to-date symlink: /home/athul/ros2_ws/install/rosapi_msgs/include/rosapi_msgs/srv/publishers.h
[3.486s] -- Up-to-date symlink: /home/athul/ros2_ws/install/rosapi_msgs/include/rosapi_msgs/srv/service_node.h
[3.486s] -- Up-to-date symlink: /home/athul/ros2_ws/install/rosapi_msgs/include/rosapi_msgs/srv/service_providers.h
[3.486s] -- Up-to-date symlink: /home/athul/ros2_ws/install/rosapi_msgs/include/rosapi_msgs/srv/service_request_details.h
[3.487s] -- Up-to-date symlink: /home/athul/ros2_ws/install/rosapi_msgs/include/rosapi_msgs/srv/service_response_details.h
[3.487s] -- Up-to-date symlink: /home/athul/ros2_ws/install/rosapi_msgs/include/rosapi_msgs/srv/service_type.h
[3.487s] -- Up-to-date symlink: /home/athul/ros2_ws/install/rosapi_msgs/include/rosapi_msgs/srv/services.h
[3.488s] -- Up-to-date symlink: /home/athul/ros2_ws/install/rosapi_msgs/include/rosapi_msgs/srv/services_for_type.h
[3.488s] -- Up-to-date symlink: /home/athul/ros2_ws/install/rosapi_msgs/include/rosapi_msgs/srv/set_param.h
[3.488s] -- Up-to-date symlink: /home/athul/ros2_ws/install/rosapi_msgs/include/rosapi_msgs/srv/subscribers.h
[3.488s] -- Up-to-date symlink: /home/athul/ros2_ws/install/rosapi_msgs/include/rosapi_msgs/srv/topic_type.h
[3.489s] -- Up-to-date symlink: /home/athul/ros2_ws/install/rosapi_msgs/include/rosapi_msgs/srv/topics.h
[3.489s] -- Up-to-date symlink: /home/athul/ros2_ws/install/rosapi_msgs/include/rosapi_msgs/srv/topics_and_raw_types.h
[3.489s] -- Up-to-date symlink: /home/athul/ros2_ws/install/rosapi_msgs/include/rosapi_msgs/srv/topics_for_type.h
[3.489s] -- Up-to-date symlink: /home/athul/ros2_ws/install/rosapi_msgs/share/rosapi_msgs/environment/library_path.sh
[3.490s] -- Up-to-date symlink: /home/athul/ros2_ws/install/rosapi_msgs/share/rosapi_msgs/environment/library_path.dsv
[3.490s] -- Up-to-date symlink: /home/athul/ros2_ws/install/rosapi_msgs/include/rosapi_msgs/msg/detail/type_def__rosidl_typesupport_fastrtps_c.h
[3.490s] -- Up-to-date symlink: /home/athul/ros2_ws/install/rosapi_msgs/include/rosapi_msgs/msg/rosidl_typesupport_fastrtps_c__visibility_control.h
[3.490s] -- Up-to-date symlink: /home/athul/ros2_ws/install/rosapi_msgs/include/rosapi_msgs/srv/detail/delete_param__rosidl_typesupport_fastrtps_c.h
[3.491s] -- Up-to-date symlink: /home/athul/ros2_ws/install/rosapi_msgs/include/rosapi_msgs/srv/detail/get_action_servers__rosidl_typesupport_fastrtps_c.h
[3.491s] -- Up-to-date symlink: /home/athul/ros2_ws/install/rosapi_msgs/include/rosapi_msgs/srv/detail/get_param__rosidl_typesupport_fastrtps_c.h
[3.491s] -- Up-to-date symlink: /home/athul/ros2_ws/install/rosapi_msgs/include/rosapi_msgs/srv/detail/get_param_names__rosidl_typesupport_fastrtps_c.h
[3.492s] -- Up-to-date symlink: /home/athul/ros2_ws/install/rosapi_msgs/include/rosapi_msgs/srv/detail/get_ros_version__rosidl_typesupport_fastrtps_c.h
[3.492s] -- Up-to-date symlink: /home/athul/ros2_ws/install/rosapi_msgs/include/rosapi_msgs/srv/detail/get_time__rosidl_typesupport_fastrtps_c.h
[3.494s] -- Up-to-date symlink: /home/athul/ros2_ws/install/rosapi_msgs/include/rosapi_msgs/srv/detail/has_param__rosidl_typesupport_fastrtps_c.h
[3.495s] -- Up-to-date symlink: /home/athul/ros2_ws/install/rosapi_msgs/include/rosapi_msgs/srv/detail/message_details__rosidl_typesupport_fastrtps_c.h
[3.495s] -- Up-to-date symlink: /home/athul/ros2_ws/install/rosapi_msgs/include/rosapi_msgs/srv/detail/node_details__rosidl_typesupport_fastrtps_c.h
[3.496s] -- Up-to-date symlink: /home/athul/ros2_ws/install/rosapi_msgs/include/rosapi_msgs/srv/detail/nodes__rosidl_typesupport_fastrtps_c.h
[3.521s] -- Up-to-date symlink: /home/athul/ros2_ws/install/rosapi_msgs/include/rosapi_msgs/srv/detail/publishers__rosidl_typesupport_fastrtps_c.h
[3.538s] -- Up-to-date symlink: /home/athul/ros2_ws/install/rosapi_msgs/include/rosapi_msgs/srv/detail/service_node__rosidl_typesupport_fastrtps_c.h
[3.555s] -- Up-to-date symlink: /home/athul/ros2_ws/install/rosapi_msgs/include/rosapi_msgs/srv/detail/service_providers__rosidl_typesupport_fastrtps_c.h
[3.555s] -- Up-to-date symlink: /home/athul/ros2_ws/install/rosapi_msgs/include/rosapi_msgs/srv/detail/service_request_details__rosidl_typesupport_fastrtps_c.h
[3.556s] -- Up-to-date symlink: /home/athul/ros2_ws/install/rosapi_msgs/include/rosapi_msgs/srv/detail/service_response_details__rosidl_typesupport_fastrtps_c.h
[3.556s] -- Up-to-date symlink: /home/athul/ros2_ws/install/rosapi_msgs/include/rosapi_msgs/srv/detail/service_type__rosidl_typesupport_fastrtps_c.h
[3.557s] -- Up-to-date symlink: /home/athul/ros2_ws/install/rosapi_msgs/include/rosapi_msgs/srv/detail/services__rosidl_typesupport_fastrtps_c.h
[3.557s] -- Up-to-date symlink: /home/athul/ros2_ws/install/rosapi_msgs/include/rosapi_msgs/srv/detail/services_for_type__rosidl_typesupport_fastrtps_c.h
[3.558s] -- Up-to-date symlink: /home/athul/ros2_ws/install/rosapi_msgs/include/rosapi_msgs/srv/detail/set_param__rosidl_typesupport_fastrtps_c.h
[3.558s] -- Up-to-date symlink: /home/athul/ros2_ws/install/rosapi_msgs/include/rosapi_msgs/srv/detail/subscribers__rosidl_typesupport_fastrtps_c.h
[3.558s] -- Up-to-date symlink: /home/athul/ros2_ws/install/rosapi_msgs/include/rosapi_msgs/srv/detail/topic_type__rosidl_typesupport_fastrtps_c.h
[3.559s] -- Up-to-date symlink: /home/athul/ros2_ws/install/rosapi_msgs/include/rosapi_msgs/srv/detail/topics__rosidl_typesupport_fastrtps_c.h
[3.559s] -- Up-to-date symlink: /home/athul/ros2_ws/install/rosapi_msgs/include/rosapi_msgs/srv/detail/topics_and_raw_types__rosidl_typesupport_fastrtps_c.h
[3.560s] -- Up-to-date symlink: /home/athul/ros2_ws/install/rosapi_msgs/include/rosapi_msgs/srv/detail/topics_for_type__rosidl_typesupport_fastrtps_c.h
[3.562s] -- Up-to-date symlink: /home/athul/ros2_ws/install/rosapi_msgs/lib/librosapi_msgs__rosidl_typesupport_fastrtps_c.so
[3.562s] -- Up-to-date symlink: /home/athul/ros2_ws/install/rosapi_msgs/include/rosapi_msgs/msg/detail/type_def__rosidl_typesupport_fastrtps_cpp.hpp
[3.563s] -- Up-to-date symlink: /home/athul/ros2_ws/install/rosapi_msgs/include/rosapi_msgs/msg/rosidl_typesupport_fastrtps_cpp__visibility_control.h
[3.563s] -- Up-to-date symlink: /home/athul/ros2_ws/install/rosapi_msgs/include/rosapi_msgs/srv/detail/delete_param__rosidl_typesupport_fastrtps_cpp.hpp
[3.563s] -- Up-to-date symlink: /home/athul/ros2_ws/install/rosapi_msgs/include/rosapi_msgs/srv/detail/get_action_servers__rosidl_typesupport_fastrtps_cpp.hpp
[3.575s] -- Up-to-date symlink: /home/athul/ros2_ws/install/rosapi_msgs/include/rosapi_msgs/srv/detail/get_param__rosidl_typesupport_fastrtps_cpp.hpp
[3.576s] -- Up-to-date symlink: /home/athul/ros2_ws/install/rosapi_msgs/include/rosapi_msgs/srv/detail/get_param_names__rosidl_typesupport_fastrtps_cpp.hpp
[3.576s] -- Up-to-date symlink: /home/athul/ros2_ws/install/rosapi_msgs/include/rosapi_msgs/srv/detail/get_ros_version__rosidl_typesupport_fastrtps_cpp.hpp
[3.576s] -- Up-to-date symlink: /home/athul/ros2_ws/install/rosapi_msgs/include/rosapi_msgs/srv/detail/get_time__rosidl_typesupport_fastrtps_cpp.hpp
[3.577s] -- Up-to-date symlink: /home/athul/ros2_ws/install/rosapi_msgs/include/rosapi_msgs/srv/detail/has_param__rosidl_typesupport_fastrtps_cpp.hpp
[3.577s] -- Up-to-date symlink: /home/athul/ros2_ws/install/rosapi_msgs/include/rosapi_msgs/srv/detail/message_details__rosidl_typesupport_fastrtps_cpp.hpp
[3.577s] -- Up-to-date symlink: /home/athul/ros2_ws/install/rosapi_msgs/include/rosapi_msgs/srv/detail/node_details__rosidl_typesupport_fastrtps_cpp.hpp
[3.577s] -- Up-to-date symlink: /home/athul/ros2_ws/install/rosapi_msgs/include/rosapi_msgs/srv/detail/nodes__rosidl_typesupport_fastrtps_cpp.hpp
[3.577s] -- Up-to-date symlink: /home/athul/ros2_ws/install/rosapi_msgs/include/rosapi_msgs/srv/detail/publishers__rosidl_typesupport_fastrtps_cpp.hpp
[3.577s] -- Up-to-date symlink: /home/athul/ros2_ws/install/rosapi_msgs/include/rosapi_msgs/srv/detail/service_node__rosidl_typesupport_fastrtps_cpp.hpp
[3.578s] -- Up-to-date symlink: /home/athul/ros2_ws/install/rosapi_msgs/include/rosapi_msgs/srv/detail/service_providers__rosidl_typesupport_fastrtps_cpp.hpp
[3.578s] -- Up-to-date symlink: /home/athul/ros2_ws/install/rosapi_msgs/include/rosapi_msgs/srv/detail/service_request_details__rosidl_typesupport_fastrtps_cpp.hpp
[3.578s] -- Up-to-date symlink: /home/athul/ros2_ws/install/rosapi_msgs/include/rosapi_msgs/srv/detail/service_response_details__rosidl_typesupport_fastrtps_cpp.hpp
[3.578s] -- Up-to-date symlink: /home/athul/ros2_ws/install/rosapi_msgs/include/rosapi_msgs/srv/detail/service_type__rosidl_typesupport_fastrtps_cpp.hpp
[3.580s] -- Up-to-date symlink: /home/athul/ros2_ws/install/rosapi_msgs/include/rosapi_msgs/srv/detail/services__rosidl_typesupport_fastrtps_cpp.hpp
[3.580s] -- Up-to-date symlink: /home/athul/ros2_ws/install/rosapi_msgs/include/rosapi_msgs/srv/detail/services_for_type__rosidl_typesupport_fastrtps_cpp.hpp
[3.580s] -- Up-to-date symlink: /home/athul/ros2_ws/install/rosapi_msgs/include/rosapi_msgs/srv/detail/set_param__rosidl_typesupport_fastrtps_cpp.hpp
[3.580s] -- Up-to-date symlink: /home/athul/ros2_ws/install/rosapi_msgs/include/rosapi_msgs/srv/detail/subscribers__rosidl_typesupport_fastrtps_cpp.hpp
[3.581s] -- Up-to-date symlink: /home/athul/ros2_ws/install/rosapi_msgs/include/rosapi_msgs/srv/detail/topic_type__rosidl_typesupport_fastrtps_cpp.hpp
[3.581s] -- Up-to-date symlink: /home/athul/ros2_ws/install/rosapi_msgs/include/rosapi_msgs/srv/detail/topics__rosidl_typesupport_fastrtps_cpp.hpp
[3.581s] -- Up-to-date symlink: /home/athul/ros2_ws/install/rosapi_msgs/include/rosapi_msgs/srv/detail/topics_and_raw_types__rosidl_typesupport_fastrtps_cpp.hpp
[3.581s] -- Up-to-date symlink: /home/athul/ros2_ws/install/rosapi_msgs/include/rosapi_msgs/srv/detail/topics_for_type__rosidl_typesupport_fastrtps_cpp.hpp
[3.581s] -- Up-to-date symlink: /home/athul/ros2_ws/install/rosapi_msgs/lib/librosapi_msgs__rosidl_typesupport_fastrtps_cpp.so
[3.581s] -- Up-to-date symlink: /home/athul/ros2_ws/install/rosapi_msgs/include/rosapi_msgs/msg/detail/type_def__rosidl_typesupport_introspection_c.h
[3.582s] -- Up-to-date symlink: /home/athul/ros2_ws/install/rosapi_msgs/include/rosapi_msgs/msg/rosidl_typesupport_introspection_c__visibility_control.h
[3.582s] -- Up-to-date symlink: /home/athul/ros2_ws/install/rosapi_msgs/include/rosapi_msgs/srv/detail/delete_param__rosidl_typesupport_introspection_c.h
[3.583s] -- Up-to-date symlink: /home/athul/ros2_ws/install/rosapi_msgs/include/rosapi_msgs/srv/detail/get_action_servers__rosidl_typesupport_introspection_c.h
[3.583s] -- Up-to-date symlink: /home/athul/ros2_ws/install/rosapi_msgs/include/rosapi_msgs/srv/detail/get_param__rosidl_typesupport_introspection_c.h
[3.583s] -- Up-to-date symlink: /home/athul/ros2_ws/install/rosapi_msgs/include/rosapi_msgs/srv/detail/get_param_names__rosidl_typesupport_introspection_c.h
[3.583s] -- Up-to-date symlink: /home/athul/ros2_ws/install/rosapi_msgs/include/rosapi_msgs/srv/detail/get_ros_version__rosidl_typesupport_introspection_c.h
[3.583s] -- Up-to-date symlink: /home/athul/ros2_ws/install/rosapi_msgs/include/rosapi_msgs/srv/detail/get_time__rosidl_typesupport_introspection_c.h
[3.584s] -- Up-to-date symlink: /home/athul/ros2_ws/install/rosapi_msgs/include/rosapi_msgs/srv/detail/has_param__rosidl_typesupport_introspection_c.h
[3.584s] -- Up-to-date symlink: /home/athul/ros2_ws/install/rosapi_msgs/include/rosapi_msgs/srv/detail/message_details__rosidl_typesupport_introspection_c.h
[3.584s] -- Up-to-date symlink: /home/athul/ros2_ws/install/rosapi_msgs/include/rosapi_msgs/srv/detail/node_details__rosidl_typesupport_introspection_c.h
[3.584s] -- Up-to-date symlink: /home/athul/ros2_ws/install/rosapi_msgs/include/rosapi_msgs/srv/detail/nodes__rosidl_typesupport_introspection_c.h
[3.586s] -- Up-to-date symlink: /home/athul/ros2_ws/install/rosapi_msgs/include/rosapi_msgs/srv/detail/publishers__rosidl_typesupport_introspection_c.h
[3.588s] -- Up-to-date symlink: /home/athul/ros2_ws/install/rosapi_msgs/include/rosapi_msgs/srv/detail/service_node__rosidl_typesupport_introspection_c.h
[3.589s] -- Up-to-date symlink: /home/athul/ros2_ws/install/rosapi_msgs/include/rosapi_msgs/srv/detail/service_providers__rosidl_typesupport_introspection_c.h
[3.589s] -- Up-to-date symlink: /home/athul/ros2_ws/install/rosapi_msgs/include/rosapi_msgs/srv/detail/service_request_details__rosidl_typesupport_introspection_c.h
[3.590s] -- Up-to-date symlink: /home/athul/ros2_ws/install/rosapi_msgs/include/rosapi_msgs/srv/detail/service_response_details__rosidl_typesupport_introspection_c.h
[3.590s] -- Up-to-date symlink: /home/athul/ros2_ws/install/rosapi_msgs/include/rosapi_msgs/srv/detail/service_type__rosidl_typesupport_introspection_c.h
[3.590s] -- Up-to-date symlink: /home/athul/ros2_ws/install/rosapi_msgs/include/rosapi_msgs/srv/detail/services__rosidl_typesupport_introspection_c.h
[3.591s] -- Up-to-date symlink: /home/athul/ros2_ws/install/rosapi_msgs/include/rosapi_msgs/srv/detail/services_for_type__rosidl_typesupport_introspection_c.h
[3.591s] -- Up-to-date symlink: /home/athul/ros2_ws/install/rosapi_msgs/include/rosapi_msgs/srv/detail/set_param__rosidl_typesupport_introspection_c.h
[3.592s] -- Up-to-date symlink: /home/athul/ros2_ws/install/rosapi_msgs/include/rosapi_msgs/srv/detail/subscribers__rosidl_typesupport_introspection_c.h
[3.592s] -- Up-to-date symlink: /home/athul/ros2_ws/install/rosapi_msgs/include/rosapi_msgs/srv/detail/topic_type__rosidl_typesupport_introspection_c.h
[3.593s] -- Up-to-date symlink: /home/athul/ros2_ws/install/rosapi_msgs/include/rosapi_msgs/srv/detail/topics__rosidl_typesupport_introspection_c.h
[3.596s] -- Up-to-date symlink: /home/athul/ros2_ws/install/rosapi_msgs/include/rosapi_msgs/srv/detail/topics_and_raw_types__rosidl_typesupport_introspection_c.h
[3.596s] -- Up-to-date symlink: /home/athul/ros2_ws/install/rosapi_msgs/include/rosapi_msgs/srv/detail/topics_for_type__rosidl_typesupport_introspection_c.h
[3.599s] -- Up-to-date symlink: /home/athul/ros2_ws/install/rosapi_msgs/include/rosapi_msgs/msg/detail/type_def__builder.hpp
[3.599s] -- Up-to-date symlink: /home/athul/ros2_ws/install/rosapi_msgs/include/rosapi_msgs/msg/detail/type_def__struct.hpp
[3.600s] -- Up-to-date symlink: /home/athul/ros2_ws/install/rosapi_msgs/include/rosapi_msgs/msg/detail/type_def__traits.hpp
[3.600s] -- Up-to-date symlink: /home/athul/ros2_ws/install/rosapi_msgs/include/rosapi_msgs/msg/type_def.hpp
[3.600s] -- Up-to-date symlink: /home/athul/ros2_ws/install/rosapi_msgs/include/rosapi_msgs/srv/delete_param.hpp
[3.600s] -- Up-to-date symlink: /home/athul/ros2_ws/install/rosapi_msgs/include/rosapi_msgs/srv/detail/delete_param__builder.hpp
[3.601s] -- Up-to-date symlink: /home/athul/ros2_ws/install/rosapi_msgs/include/rosapi_msgs/srv/detail/delete_param__struct.hpp
[3.602s] -- Up-to-date symlink: /home/athul/ros2_ws/install/rosapi_msgs/include/rosapi_msgs/srv/detail/delete_param__traits.hpp
[3.603s] -- Up-to-date symlink: /home/athul/ros2_ws/install/rosapi_msgs/include/rosapi_msgs/srv/detail/get_action_servers__builder.hpp
[3.603s] -- Up-to-date symlink: /home/athul/ros2_ws/install/rosapi_msgs/include/rosapi_msgs/srv/detail/get_action_servers__struct.hpp
[3.603s] -- Up-to-date symlink: /home/athul/ros2_ws/install/rosapi_msgs/include/rosapi_msgs/srv/detail/get_action_servers__traits.hpp
[3.605s] -- Up-to-date symlink: /home/athul/ros2_ws/install/rosapi_msgs/include/rosapi_msgs/srv/detail/get_param__builder.hpp
[3.608s] -- Up-to-date symlink: /home/athul/ros2_ws/install/rosapi_msgs/include/rosapi_msgs/srv/detail/get_param__struct.hpp
[3.609s] -- Up-to-date symlink: /home/athul/ros2_ws/install/rosapi_msgs/include/rosapi_msgs/srv/detail/get_param__traits.hpp
[3.609s] -- Up-to-date symlink: /home/athul/ros2_ws/install/rosapi_msgs/include/rosapi_msgs/srv/detail/get_param_names__builder.hpp
[3.615s] -- Up-to-date symlink: /home/athul/ros2_ws/install/rosapi_msgs/include/rosapi_msgs/srv/detail/get_param_names__struct.hpp
[3.615s] -- Up-to-date symlink: /home/athul/ros2_ws/install/rosapi_msgs/include/rosapi_msgs/srv/detail/get_param_names__traits.hpp
[3.616s] -- Up-to-date symlink: /home/athul/ros2_ws/install/rosapi_msgs/include/rosapi_msgs/srv/detail/get_ros_version__builder.hpp
[3.616s] -- Up-to-date symlink: /home/athul/ros2_ws/install/rosapi_msgs/include/rosapi_msgs/srv/detail/get_ros_version__struct.hpp
[3.616s] -- Up-to-date symlink: /home/athul/ros2_ws/install/rosapi_msgs/include/rosapi_msgs/srv/detail/get_ros_version__traits.hpp
[3.616s] -- Up-to-date symlink: /home/athul/ros2_ws/install/rosapi_msgs/include/rosapi_msgs/srv/detail/get_time__builder.hpp
[3.617s] -- Up-to-date symlink: /home/athul/ros2_ws/install/rosapi_msgs/include/rosapi_msgs/srv/detail/get_time__struct.hpp
[3.617s] -- Up-to-date symlink: /home/athul/ros2_ws/install/rosapi_msgs/include/rosapi_msgs/srv/detail/get_time__traits.hpp
[3.617s] -- Up-to-date symlink: /home/athul/ros2_ws/install/rosapi_msgs/include/rosapi_msgs/srv/detail/has_param__builder.hpp
[3.618s] -- Up-to-date symlink: /home/athul/ros2_ws/install/rosapi_msgs/include/rosapi_msgs/srv/detail/has_param__struct.hpp
[3.623s] -- Up-to-date symlink: /home/athul/ros2_ws/install/rosapi_msgs/include/rosapi_msgs/srv/detail/has_param__traits.hpp
[3.623s] -- Up-to-date symlink: /home/athul/ros2_ws/install/rosapi_msgs/include/rosapi_msgs/srv/detail/message_details__builder.hpp
[3.623s] -- Up-to-date symlink: /home/athul/ros2_ws/install/rosapi_msgs/include/rosapi_msgs/srv/detail/message_details__struct.hpp
[3.624s] -- Up-to-date symlink: /home/athul/ros2_ws/install/rosapi_msgs/include/rosapi_msgs/srv/detail/message_details__traits.hpp
[3.625s] -- Up-to-date symlink: /home/athul/ros2_ws/install/rosapi_msgs/include/rosapi_msgs/srv/detail/node_details__builder.hpp
[3.625s] -- Up-to-date symlink: /home/athul/ros2_ws/install/rosapi_msgs/include/rosapi_msgs/srv/detail/node_details__struct.hpp
[3.625s] -- Up-to-date symlink: /home/athul/ros2_ws/install/rosapi_msgs/include/rosapi_msgs/srv/detail/node_details__traits.hpp
[3.626s] -- Up-to-date symlink: /home/athul/ros2_ws/install/rosapi_msgs/include/rosapi_msgs/srv/detail/nodes__builder.hpp
[3.626s] -- Up-to-date symlink: /home/athul/ros2_ws/install/rosapi_msgs/include/rosapi_msgs/srv/detail/nodes__struct.hpp
[3.626s] -- Up-to-date symlink: /home/athul/ros2_ws/install/rosapi_msgs/include/rosapi_msgs/srv/detail/nodes__traits.hpp
[3.628s] -- Up-to-date symlink: /home/athul/ros2_ws/install/rosapi_msgs/include/rosapi_msgs/srv/detail/publishers__builder.hpp
[3.628s] -- Up-to-date symlink: /home/athul/ros2_ws/install/rosapi_msgs/include/rosapi_msgs/srv/detail/publishers__struct.hpp
[3.628s] -- Up-to-date symlink: /home/athul/ros2_ws/install/rosapi_msgs/include/rosapi_msgs/srv/detail/publishers__traits.hpp
[3.628s] -- Up-to-date symlink: /home/athul/ros2_ws/install/rosapi_msgs/include/rosapi_msgs/srv/detail/service_node__builder.hpp
[3.628s] -- Up-to-date symlink: /home/athul/ros2_ws/install/rosapi_msgs/include/rosapi_msgs/srv/detail/service_node__struct.hpp
[3.629s] -- Up-to-date symlink: /home/athul/ros2_ws/install/rosapi_msgs/include/rosapi_msgs/srv/detail/service_node__traits.hpp
[3.629s] -- Up-to-date symlink: /home/athul/ros2_ws/install/rosapi_msgs/include/rosapi_msgs/srv/detail/service_providers__builder.hpp
[3.629s] -- Up-to-date symlink: /home/athul/ros2_ws/install/rosapi_msgs/include/rosapi_msgs/srv/detail/service_providers__struct.hpp
[3.629s] -- Up-to-date symlink: /home/athul/ros2_ws/install/rosapi_msgs/include/rosapi_msgs/srv/detail/service_providers__traits.hpp
[3.630s] -- Up-to-date symlink: /home/athul/ros2_ws/install/rosapi_msgs/include/rosapi_msgs/srv/detail/service_request_details__builder.hpp
[3.630s] -- Up-to-date symlink: /home/athul/ros2_ws/install/rosapi_msgs/include/rosapi_msgs/srv/detail/service_request_details__struct.hpp
[3.631s] -- Up-to-date symlink: /home/athul/ros2_ws/install/rosapi_msgs/include/rosapi_msgs/srv/detail/service_request_details__traits.hpp
[3.631s] -- Up-to-date symlink: /home/athul/ros2_ws/install/rosapi_msgs/include/rosapi_msgs/srv/detail/service_response_details__builder.hpp
[3.631s] -- Up-to-date symlink: /home/athul/ros2_ws/install/rosapi_msgs/include/rosapi_msgs/srv/detail/service_response_details__struct.hpp
[3.631s] -- Up-to-date symlink: /home/athul/ros2_ws/install/rosapi_msgs/include/rosapi_msgs/srv/detail/service_response_details__traits.hpp
[3.632s] -- Up-to-date symlink: /home/athul/ros2_ws/install/rosapi_msgs/include/rosapi_msgs/srv/detail/service_type__builder.hpp
[3.632s] -- Up-to-date symlink: /home/athul/ros2_ws/install/rosapi_msgs/include/rosapi_msgs/srv/detail/service_type__struct.hpp
[3.632s] -- Up-to-date symlink: /home/athul/ros2_ws/install/rosapi_msgs/include/rosapi_msgs/srv/detail/service_type__traits.hpp
[3.632s] -- Up-to-date symlink: /home/athul/ros2_ws/install/rosapi_msgs/include/rosapi_msgs/srv/detail/services__builder.hpp
[3.632s] -- Up-to-date symlink: /home/athul/ros2_ws/install/rosapi_msgs/include/rosapi_msgs/srv/detail/services__struct.hpp
[3.633s] -- Up-to-date symlink: /home/athul/ros2_ws/install/rosapi_msgs/include/rosapi_msgs/srv/detail/services__traits.hpp
[3.633s] -- Up-to-date symlink: /home/athul/ros2_ws/install/rosapi_msgs/include/rosapi_msgs/srv/detail/services_for_type__builder.hpp
[3.633s] -- Up-to-date symlink: /home/athul/ros2_ws/install/rosapi_msgs/include/rosapi_msgs/srv/detail/services_for_type__struct.hpp
[3.633s] -- Up-to-date symlink: /home/athul/ros2_ws/install/rosapi_msgs/include/rosapi_msgs/srv/detail/services_for_type__traits.hpp
[3.633s] -- Up-to-date symlink: /home/athul/ros2_ws/install/rosapi_msgs/include/rosapi_msgs/srv/detail/set_param__builder.hpp
[3.634s] -- Up-to-date symlink: /home/athul/ros2_ws/install/rosapi_msgs/include/rosapi_msgs/srv/detail/set_param__struct.hpp
[3.634s] -- Up-to-date symlink: /home/athul/ros2_ws/install/rosapi_msgs/include/rosapi_msgs/srv/detail/set_param__traits.hpp
[3.634s] -- Up-to-date symlink: /home/athul/ros2_ws/install/rosapi_msgs/include/rosapi_msgs/srv/detail/subscribers__builder.hpp
[3.634s] -- Up-to-date symlink: /home/athul/ros2_ws/install/rosapi_msgs/include/rosapi_msgs/srv/detail/subscribers__struct.hpp
[3.635s] -- Up-to-date symlink: /home/athul/ros2_ws/install/rosapi_msgs/include/rosapi_msgs/srv/detail/subscribers__traits.hpp
[3.635s] -- Up-to-date symlink: /home/athul/ros2_ws/install/rosapi_msgs/include/rosapi_msgs/srv/detail/topic_type__builder.hpp
[3.635s] -- Up-to-date symlink: /home/athul/ros2_ws/install/rosapi_msgs/include/rosapi_msgs/srv/detail/topic_type__struct.hpp
[3.648s] -- Up-to-date symlink: /home/athul/ros2_ws/install/rosapi_msgs/include/rosapi_msgs/srv/detail/topic_type__traits.hpp
[3.648s] -- Up-to-date symlink: /home/athul/ros2_ws/install/rosapi_msgs/include/rosapi_msgs/srv/detail/topics__builder.hpp
[3.648s] -- Up-to-date symlink: /home/athul/ros2_ws/install/rosapi_msgs/include/rosapi_msgs/srv/detail/topics__struct.hpp
[3.648s] -- Up-to-date symlink: /home/athul/ros2_ws/install/rosapi_msgs/include/rosapi_msgs/srv/detail/topics__traits.hpp
[3.649s] -- Up-to-date symlink: /home/athul/ros2_ws/install/rosapi_msgs/include/rosapi_msgs/srv/detail/topics_and_raw_types__builder.hpp
[3.649s] -- Up-to-date symlink: /home/athul/ros2_ws/install/rosapi_msgs/include/rosapi_msgs/srv/detail/topics_and_raw_types__struct.hpp
[3.650s] -- Up-to-date symlink: /home/athul/ros2_ws/install/rosapi_msgs/include/rosapi_msgs/srv/detail/topics_and_raw_types__traits.hpp
[3.651s] -- Up-to-date symlink: /home/athul/ros2_ws/install/rosapi_msgs/include/rosapi_msgs/srv/detail/topics_for_type__builder.hpp
[3.651s] -- Up-to-date symlink: /home/athul/ros2_ws/install/rosapi_msgs/include/rosapi_msgs/srv/detail/topics_for_type__struct.hpp
[3.651s] -- Up-to-date symlink: /home/athul/ros2_ws/install/rosapi_msgs/include/rosapi_msgs/srv/detail/topics_for_type__traits.hpp
[3.652s] -- Up-to-date symlink: /home/athul/ros2_ws/install/rosapi_msgs/include/rosapi_msgs/srv/get_action_servers.hpp
[3.652s] -- Up-to-date symlink: /home/athul/ros2_ws/install/rosapi_msgs/include/rosapi_msgs/srv/get_param.hpp
[3.652s] -- Up-to-date symlink: /home/athul/ros2_ws/install/rosapi_msgs/include/rosapi_msgs/srv/get_param_names.hpp
[3.653s] -- Up-to-date symlink: /home/athul/ros2_ws/install/rosapi_msgs/include/rosapi_msgs/srv/get_ros_version.hpp
[3.653s] -- Up-to-date symlink: /home/athul/ros2_ws/install/rosapi_msgs/include/rosapi_msgs/srv/get_time.hpp
[3.653s] -- Up-to-date symlink: /home/athul/ros2_ws/install/rosapi_msgs/include/rosapi_msgs/srv/has_param.hpp
[3.654s] -- Up-to-date symlink: /home/athul/ros2_ws/install/rosapi_msgs/include/rosapi_msgs/srv/message_details.hpp
[3.654s] -- Up-to-date symlink: /home/athul/ros2_ws/install/rosapi_msgs/include/rosapi_msgs/srv/node_details.hpp
[3.654s] -- Up-to-date symlink: /home/athul/ros2_ws/install/rosapi_msgs/include/rosapi_msgs/srv/nodes.hpp
[3.656s] -- Up-to-date symlink: /home/athul/ros2_ws/install/rosapi_msgs/include/rosapi_msgs/srv/publishers.hpp
[3.656s] -- Up-to-date symlink: /home/athul/ros2_ws/install/rosapi_msgs/include/rosapi_msgs/srv/service_node.hpp
[3.657s] -- Up-to-date symlink: /home/athul/ros2_ws/install/rosapi_msgs/include/rosapi_msgs/srv/service_providers.hpp
[3.657s] -- Up-to-date symlink: /home/athul/ros2_ws/install/rosapi_msgs/include/rosapi_msgs/srv/service_request_details.hpp
[3.657s] -- Up-to-date symlink: /home/athul/ros2_ws/install/rosapi_msgs/include/rosapi_msgs/srv/service_response_details.hpp
[3.658s] -- Up-to-date symlink: /home/athul/ros2_ws/install/rosapi_msgs/include/rosapi_msgs/srv/service_type.hpp
[3.658s] -- Up-to-date symlink: /home/athul/ros2_ws/install/rosapi_msgs/include/rosapi_msgs/srv/services.hpp
[3.658s] -- Up-to-date symlink: /home/athul/ros2_ws/install/rosapi_msgs/include/rosapi_msgs/srv/services_for_type.hpp
[3.659s] -- Up-to-date symlink: /home/athul/ros2_ws/install/rosapi_msgs/include/rosapi_msgs/srv/set_param.hpp
[3.659s] -- Up-to-date symlink: /home/athul/ros2_ws/install/rosapi_msgs/include/rosapi_msgs/srv/subscribers.hpp
[3.659s] -- Up-to-date symlink: /home/athul/ros2_ws/install/rosapi_msgs/include/rosapi_msgs/srv/topic_type.hpp
[3.659s] -- Up-to-date symlink: /home/athul/ros2_ws/install/rosapi_msgs/include/rosapi_msgs/srv/topics.hpp
[3.660s] -- Up-to-date symlink: /home/athul/ros2_ws/install/rosapi_msgs/include/rosapi_msgs/srv/topics_and_raw_types.hpp
[3.660s] -- Up-to-date symlink: /home/athul/ros2_ws/install/rosapi_msgs/include/rosapi_msgs/srv/topics_for_type.hpp
[3.660s] -- Up-to-date symlink: /home/athul/ros2_ws/install/rosapi_msgs/include/rosapi_msgs/msg/detail/type_def__rosidl_typesupport_introspection_cpp.hpp
[3.660s] -- Up-to-date symlink: /home/athul/ros2_ws/install/rosapi_msgs/include/rosapi_msgs/srv/detail/delete_param__rosidl_typesupport_introspection_cpp.hpp
[3.661s] -- Up-to-date symlink: /home/athul/ros2_ws/install/rosapi_msgs/include/rosapi_msgs/srv/detail/get_action_servers__rosidl_typesupport_introspection_cpp.hpp
[3.662s] -- Up-to-date symlink: /home/athul/ros2_ws/install/rosapi_msgs/include/rosapi_msgs/srv/detail/get_param__rosidl_typesupport_introspection_cpp.hpp
[3.662s] -- Up-to-date symlink: /home/athul/ros2_ws/install/rosapi_msgs/include/rosapi_msgs/srv/detail/get_param_names__rosidl_typesupport_introspection_cpp.hpp
[3.663s] -- Up-to-date symlink: /home/athul/ros2_ws/install/rosapi_msgs/include/rosapi_msgs/srv/detail/get_ros_version__rosidl_typesupport_introspection_cpp.hpp
[3.663s] -- Up-to-date symlink: /home/athul/ros2_ws/install/rosapi_msgs/include/rosapi_msgs/srv/detail/get_time__rosidl_typesupport_introspection_cpp.hpp
[3.665s] -- Up-to-date symlink: /home/athul/ros2_ws/install/rosapi_msgs/include/rosapi_msgs/srv/detail/has_param__rosidl_typesupport_introspection_cpp.hpp
[3.666s] -- Up-to-date symlink: /home/athul/ros2_ws/install/rosapi_msgs/include/rosapi_msgs/srv/detail/message_details__rosidl_typesupport_introspection_cpp.hpp
[3.666s] -- Up-to-date symlink: /home/athul/ros2_ws/install/rosapi_msgs/include/rosapi_msgs/srv/detail/node_details__rosidl_typesupport_introspection_cpp.hpp
[3.672s] -- Up-to-date symlink: /home/athul/ros2_ws/install/rosapi_msgs/include/rosapi_msgs/srv/detail/nodes__rosidl_typesupport_introspection_cpp.hpp
[3.672s] -- Up-to-date symlink: /home/athul/ros2_ws/install/rosapi_msgs/include/rosapi_msgs/srv/detail/publishers__rosidl_typesupport_introspection_cpp.hpp
[3.672s] -- Up-to-date symlink: /home/athul/ros2_ws/install/rosapi_msgs/include/rosapi_msgs/srv/detail/service_node__rosidl_typesupport_introspection_cpp.hpp
[3.683s] -- Up-to-date symlink: /home/athul/ros2_ws/install/rosapi_msgs/include/rosapi_msgs/srv/detail/service_providers__rosidl_typesupport_introspection_cpp.hpp
[3.684s] -- Up-to-date symlink: /home/athul/ros2_ws/install/rosapi_msgs/include/rosapi_msgs/srv/detail/service_request_details__rosidl_typesupport_introspection_cpp.hpp
[3.684s] -- Up-to-date symlink: /home/athul/ros2_ws/install/rosapi_msgs/include/rosapi_msgs/srv/detail/service_response_details__rosidl_typesupport_introspection_cpp.hpp
[3.684s] -- Up-to-date symlink: /home/athul/ros2_ws/install/rosapi_msgs/include/rosapi_msgs/srv/detail/service_type__rosidl_typesupport_introspection_cpp.hpp
[3.684s] -- Up-to-date symlink: /home/athul/ros2_ws/install/rosapi_msgs/include/rosapi_msgs/srv/detail/services__rosidl_typesupport_introspection_cpp.hpp
[3.685s] -- Up-to-date symlink: /home/athul/ros2_ws/install/rosapi_msgs/include/rosapi_msgs/srv/detail/services_for_type__rosidl_typesupport_introspection_cpp.hpp
[3.685s] -- Up-to-date symlink: /home/athul/ros2_ws/install/rosapi_msgs/include/rosapi_msgs/srv/detail/set_param__rosidl_typesupport_introspection_cpp.hpp
[3.685s] -- Up-to-date symlink: /home/athul/ros2_ws/install/rosapi_msgs/include/rosapi_msgs/srv/detail/subscribers__rosidl_typesupport_introspection_cpp.hpp
[3.685s] -- Up-to-date symlink: /home/athul/ros2_ws/install/rosapi_msgs/include/rosapi_msgs/srv/detail/topic_type__rosidl_typesupport_introspection_cpp.hpp
[3.685s] -- Up-to-date symlink: /home/athul/ros2_ws/install/rosapi_msgs/include/rosapi_msgs/srv/detail/topics__rosidl_typesupport_introspection_cpp.hpp
[3.686s] -- Up-to-date symlink: /home/athul/ros2_ws/install/rosapi_msgs/include/rosapi_msgs/srv/detail/topics_and_raw_types__rosidl_typesupport_introspection_cpp.hpp
[3.686s] -- Up-to-date symlink: /home/athul/ros2_ws/install/rosapi_msgs/include/rosapi_msgs/srv/detail/topics_for_type__rosidl_typesupport_introspection_cpp.hpp
[3.686s] -- Up-to-date symlink: /home/athul/ros2_ws/install/rosapi_msgs/share/rosapi_msgs/environment/pythonpath.sh
[3.686s] -- Up-to-date symlink: /home/athul/ros2_ws/install/rosapi_msgs/share/rosapi_msgs/environment/pythonpath.dsv
[3.687s] -- Up-to-date symlink: /home/athul/ros2_ws/install/rosapi_msgs/lib/python3.8/site-packages/rosapi_msgs/__init__.py
[3.687s] -- Up-to-date symlink: /home/athul/ros2_ws/install/rosapi_msgs/lib/python3.8/site-packages/rosapi_msgs/msg/__init__.py
[3.690s] -- Up-to-date symlink: /home/athul/ros2_ws/install/rosapi_msgs/lib/python3.8/site-packages/rosapi_msgs/msg/_type_def.py
[3.692s] -- Up-to-date symlink: /home/athul/ros2_ws/install/rosapi_msgs/lib/python3.8/site-packages/rosapi_msgs/srv/__init__.py
[3.692s] -- Up-to-date symlink: /home/athul/ros2_ws/install/rosapi_msgs/lib/python3.8/site-packages/rosapi_msgs/srv/_delete_param.py
[3.692s] -- Up-to-date symlink: /home/athul/ros2_ws/install/rosapi_msgs/lib/python3.8/site-packages/rosapi_msgs/srv/_get_action_servers.py
[3.692s] -- Up-to-date symlink: /home/athul/ros2_ws/install/rosapi_msgs/lib/python3.8/site-packages/rosapi_msgs/srv/_get_param.py
[3.699s] -- Up-to-date symlink: /home/athul/ros2_ws/install/rosapi_msgs/lib/python3.8/site-packages/rosapi_msgs/srv/_get_param_names.py
[3.704s] -- Up-to-date symlink: /home/athul/ros2_ws/install/rosapi_msgs/lib/python3.8/site-packages/rosapi_msgs/srv/_get_ros_version.py
[3.704s] -- Up-to-date symlink: /home/athul/ros2_ws/install/rosapi_msgs/lib/python3.8/site-packages/rosapi_msgs/srv/_get_time.py
[3.705s] -- Up-to-date symlink: /home/athul/ros2_ws/install/rosapi_msgs/lib/python3.8/site-packages/rosapi_msgs/srv/_has_param.py
[3.706s] -- Up-to-date symlink: /home/athul/ros2_ws/install/rosapi_msgs/lib/python3.8/site-packages/rosapi_msgs/srv/_message_details.py
[3.706s] -- Up-to-date symlink: /home/athul/ros2_ws/install/rosapi_msgs/lib/python3.8/site-packages/rosapi_msgs/srv/_node_details.py
[3.706s] -- Up-to-date symlink: /home/athul/ros2_ws/install/rosapi_msgs/lib/python3.8/site-packages/rosapi_msgs/srv/_nodes.py
[3.707s] -- Up-to-date symlink: /home/athul/ros2_ws/install/rosapi_msgs/lib/python3.8/site-packages/rosapi_msgs/srv/_publishers.py
[3.708s] -- Up-to-date symlink: /home/athul/ros2_ws/install/rosapi_msgs/lib/python3.8/site-packages/rosapi_msgs/srv/_service_node.py
[3.708s] -- Up-to-date symlink: /home/athul/ros2_ws/install/rosapi_msgs/lib/python3.8/site-packages/rosapi_msgs/srv/_service_providers.py
[3.708s] -- Up-to-date symlink: /home/athul/ros2_ws/install/rosapi_msgs/lib/python3.8/site-packages/rosapi_msgs/srv/_service_request_details.py
[3.709s] -- Up-to-date symlink: /home/athul/ros2_ws/install/rosapi_msgs/lib/python3.8/site-packages/rosapi_msgs/srv/_service_response_details.py
[3.709s] -- Up-to-date symlink: /home/athul/ros2_ws/install/rosapi_msgs/lib/python3.8/site-packages/rosapi_msgs/srv/_service_type.py
[3.710s] -- Up-to-date symlink: /home/athul/ros2_ws/install/rosapi_msgs/lib/python3.8/site-packages/rosapi_msgs/srv/_services.py
[3.710s] -- Up-to-date symlink: /home/athul/ros2_ws/install/rosapi_msgs/lib/python3.8/site-packages/rosapi_msgs/srv/_services_for_type.py
[3.711s] -- Up-to-date symlink: /home/athul/ros2_ws/install/rosapi_msgs/lib/python3.8/site-packages/rosapi_msgs/srv/_set_param.py
[3.711s] -- Up-to-date symlink: /home/athul/ros2_ws/install/rosapi_msgs/lib/python3.8/site-packages/rosapi_msgs/srv/_subscribers.py
[3.711s] -- Up-to-date symlink: /home/athul/ros2_ws/install/rosapi_msgs/lib/python3.8/site-packages/rosapi_msgs/srv/_topic_type.py
[3.711s] -- Up-to-date symlink: /home/athul/ros2_ws/install/rosapi_msgs/lib/python3.8/site-packages/rosapi_msgs/srv/_topics.py
[3.712s] -- Up-to-date symlink: /home/athul/ros2_ws/install/rosapi_msgs/lib/python3.8/site-packages/rosapi_msgs/srv/_topics_and_raw_types.py
[3.712s] -- Up-to-date symlink: /home/athul/ros2_ws/install/rosapi_msgs/lib/python3.8/site-packages/rosapi_msgs/srv/_topics_for_type.py
[3.713s] -- Up-to-date symlink: /home/athul/ros2_ws/install/rosapi_msgs/lib/python3.8/site-packages/rosapi_msgs/rosapi_msgs_s__rosidl_typesupport_fastrtps_c.cpython-38-x86_64-linux-gnu.so
[3.713s] -- Up-to-date symlink: /home/athul/ros2_ws/install/rosapi_msgs/lib/python3.8/site-packages/rosapi_msgs/rosapi_msgs_s__rosidl_typesupport_introspection_c.cpython-38-x86_64-linux-gnu.so
[3.713s] -- Up-to-date symlink: /home/athul/ros2_ws/install/rosapi_msgs/lib/python3.8/site-packages/rosapi_msgs/rosapi_msgs_s__rosidl_typesupport_c.cpython-38-x86_64-linux-gnu.so
[3.714s] -- Up-to-date symlink: /home/athul/ros2_ws/install/rosapi_msgs/lib/librosapi_msgs__python.so
[3.714s] -- Up-to-date symlink: /home/athul/ros2_ws/install/rosapi_msgs/share/rosapi_msgs/msg/TypeDef.idl
[3.714s] -- Up-to-date symlink: /home/athul/ros2_ws/install/rosapi_msgs/share/rosapi_msgs/srv/DeleteParam.idl
[3.715s] -- Up-to-date symlink: /home/athul/ros2_ws/install/rosapi_msgs/share/rosapi_msgs/srv/GetActionServers.idl
[3.715s] -- Up-to-date symlink: /home/athul/ros2_ws/install/rosapi_msgs/share/rosapi_msgs/srv/GetParam.idl
[3.722s] -- Up-to-date symlink: /home/athul/ros2_ws/install/rosapi_msgs/share/rosapi_msgs/srv/GetParamNames.idl
[3.723s] -- Up-to-date symlink: /home/athul/ros2_ws/install/rosapi_msgs/share/rosapi_msgs/srv/GetROSVersion.idl
[3.723s] -- Up-to-date symlink: /home/athul/ros2_ws/install/rosapi_msgs/share/rosapi_msgs/srv/GetTime.idl
[3.725s] -- Up-to-date symlink: /home/athul/ros2_ws/install/rosapi_msgs/share/rosapi_msgs/srv/HasParam.idl
[3.726s] -- Up-to-date symlink: /home/athul/ros2_ws/install/rosapi_msgs/share/rosapi_msgs/srv/MessageDetails.idl
[3.731s] -- Up-to-date symlink: /home/athul/ros2_ws/install/rosapi_msgs/share/rosapi_msgs/srv/Nodes.idl
[3.731s] -- Up-to-date symlink: /home/athul/ros2_ws/install/rosapi_msgs/share/rosapi_msgs/srv/NodeDetails.idl
[3.731s] -- Up-to-date symlink: /home/athul/ros2_ws/install/rosapi_msgs/share/rosapi_msgs/srv/Publishers.idl
[3.732s] -- Up-to-date symlink: /home/athul/ros2_ws/install/rosapi_msgs/share/rosapi_msgs/srv/ServiceNode.idl
[3.732s] -- Up-to-date symlink: /home/athul/ros2_ws/install/rosapi_msgs/share/rosapi_msgs/srv/ServiceProviders.idl
[3.732s] -- Up-to-date symlink: /home/athul/ros2_ws/install/rosapi_msgs/share/rosapi_msgs/srv/ServiceRequestDetails.idl
[3.732s] -- Up-to-date symlink: /home/athul/ros2_ws/install/rosapi_msgs/share/rosapi_msgs/srv/ServiceResponseDetails.idl
[3.733s] -- Up-to-date symlink: /home/athul/ros2_ws/install/rosapi_msgs/share/rosapi_msgs/srv/Services.idl
[3.733s] -- Up-to-date symlink: /home/athul/ros2_ws/install/rosapi_msgs/share/rosapi_msgs/srv/ServicesForType.idl
[3.733s] -- Up-to-date symlink: /home/athul/ros2_ws/install/rosapi_msgs/share/rosapi_msgs/srv/ServiceType.idl
[3.733s] -- Up-to-date symlink: /home/athul/ros2_ws/install/rosapi_msgs/share/rosapi_msgs/srv/SetParam.idl
[3.733s] -- Up-to-date symlink: /home/athul/ros2_ws/install/rosapi_msgs/share/rosapi_msgs/srv/Subscribers.idl
[3.734s] -- Up-to-date symlink: /home/athul/ros2_ws/install/rosapi_msgs/share/rosapi_msgs/srv/Topics.idl
[3.734s] -- Up-to-date symlink: /home/athul/ros2_ws/install/rosapi_msgs/share/rosapi_msgs/srv/TopicsAndRawTypes.idl
[3.734s] -- Up-to-date symlink: /home/athul/ros2_ws/install/rosapi_msgs/share/rosapi_msgs/srv/TopicsForType.idl
[3.734s] -- Up-to-date symlink: /home/athul/ros2_ws/install/rosapi_msgs/share/rosapi_msgs/srv/TopicType.idl
[3.735s] -- Up-to-date symlink: /home/athul/ros2_ws/install/rosapi_msgs/share/rosapi_msgs/msg/TypeDef.msg
[3.735s] -- Up-to-date symlink: /home/athul/ros2_ws/install/rosapi_msgs/share/rosapi_msgs/srv/DeleteParam.srv
[3.736s] -- Up-to-date symlink: /home/athul/ros2_ws/install/rosapi_msgs/share/rosapi_msgs/srv/DeleteParam_Request.msg
[3.736s] -- Up-to-date symlink: /home/athul/ros2_ws/install/rosapi_msgs/share/rosapi_msgs/srv/DeleteParam_Response.msg
[3.737s] -- Up-to-date symlink: /home/athul/ros2_ws/install/rosapi_msgs/share/rosapi_msgs/srv/GetActionServers.srv
[3.737s] -- Up-to-date symlink: /home/athul/ros2_ws/install/rosapi_msgs/share/rosapi_msgs/srv/GetActionServers_Request.msg
[3.738s] -- Up-to-date symlink: /home/athul/ros2_ws/install/rosapi_msgs/share/rosapi_msgs/srv/GetActionServers_Response.msg
[3.738s] -- Up-to-date symlink: /home/athul/ros2_ws/install/rosapi_msgs/share/rosapi_msgs/srv/GetParam.srv
[3.738s] -- Up-to-date symlink: /home/athul/ros2_ws/install/rosapi_msgs/share/rosapi_msgs/srv/GetParam_Request.msg
[3.739s] -- Up-to-date symlink: /home/athul/ros2_ws/install/rosapi_msgs/share/rosapi_msgs/srv/GetParam_Response.msg
[3.739s] -- Up-to-date symlink: /home/athul/ros2_ws/install/rosapi_msgs/share/rosapi_msgs/srv/GetParamNames.srv
[3.739s] -- Up-to-date symlink: /home/athul/ros2_ws/install/rosapi_msgs/share/rosapi_msgs/srv/GetParamNames_Request.msg
[3.740s] -- Up-to-date symlink: /home/athul/ros2_ws/install/rosapi_msgs/share/rosapi_msgs/srv/GetParamNames_Response.msg
[3.740s] -- Up-to-date symlink: /home/athul/ros2_ws/install/rosapi_msgs/share/rosapi_msgs/srv/GetROSVersion.srv
[3.741s] -- Up-to-date symlink: /home/athul/ros2_ws/install/rosapi_msgs/share/rosapi_msgs/srv/GetROSVersion_Request.msg
[3.741s] -- Up-to-date symlink: /home/athul/ros2_ws/install/rosapi_msgs/share/rosapi_msgs/srv/GetROSVersion_Response.msg
[3.742s] -- Up-to-date symlink: /home/athul/ros2_ws/install/rosapi_msgs/share/rosapi_msgs/srv/GetTime.srv
[3.742s] -- Up-to-date symlink: /home/athul/ros2_ws/install/rosapi_msgs/share/rosapi_msgs/srv/GetTime_Request.msg
[3.742s] -- Up-to-date symlink: /home/athul/ros2_ws/install/rosapi_msgs/share/rosapi_msgs/srv/GetTime_Response.msg
[3.743s] -- Up-to-date symlink: /home/athul/ros2_ws/install/rosapi_msgs/share/rosapi_msgs/srv/HasParam.srv
[3.743s] -- Up-to-date symlink: /home/athul/ros2_ws/install/rosapi_msgs/share/rosapi_msgs/srv/HasParam_Request.msg
[3.743s] -- Up-to-date symlink: /home/athul/ros2_ws/install/rosapi_msgs/share/rosapi_msgs/srv/HasParam_Response.msg
[3.743s] -- Up-to-date symlink: /home/athul/ros2_ws/install/rosapi_msgs/share/rosapi_msgs/srv/MessageDetails.srv
[3.743s] -- Up-to-date symlink: /home/athul/ros2_ws/install/rosapi_msgs/share/rosapi_msgs/srv/MessageDetails_Request.msg
[3.744s] -- Up-to-date symlink: /home/athul/ros2_ws/install/rosapi_msgs/share/rosapi_msgs/srv/MessageDetails_Response.msg
[3.744s] -- Up-to-date symlink: /home/athul/ros2_ws/install/rosapi_msgs/share/rosapi_msgs/srv/Nodes.srv
[3.744s] -- Up-to-date symlink: /home/athul/ros2_ws/install/rosapi_msgs/share/rosapi_msgs/srv/Nodes_Request.msg
[3.744s] -- Up-to-date symlink: /home/athul/ros2_ws/install/rosapi_msgs/share/rosapi_msgs/srv/Nodes_Response.msg
[3.744s] -- Up-to-date symlink: /home/athul/ros2_ws/install/rosapi_msgs/share/rosapi_msgs/srv/NodeDetails.srv
[3.744s] -- Up-to-date symlink: /home/athul/ros2_ws/install/rosapi_msgs/share/rosapi_msgs/srv/NodeDetails_Request.msg
[3.745s] -- Up-to-date symlink: /home/athul/ros2_ws/install/rosapi_msgs/share/rosapi_msgs/srv/NodeDetails_Response.msg
[3.745s] -- Up-to-date symlink: /home/athul/ros2_ws/install/rosapi_msgs/share/rosapi_msgs/srv/Publishers.srv
[3.745s] -- Up-to-date symlink: /home/athul/ros2_ws/install/rosapi_msgs/share/rosapi_msgs/srv/Publishers_Request.msg
[3.745s] -- Up-to-date symlink: /home/athul/ros2_ws/install/rosapi_msgs/share/rosapi_msgs/srv/Publishers_Response.msg
[3.745s] -- Up-to-date symlink: /home/athul/ros2_ws/install/rosapi_msgs/share/rosapi_msgs/srv/ServiceNode.srv
[3.745s] -- Up-to-date symlink: /home/athul/ros2_ws/install/rosapi_msgs/share/rosapi_msgs/srv/ServiceNode_Request.msg
[3.746s] -- Up-to-date symlink: /home/athul/ros2_ws/install/rosapi_msgs/share/rosapi_msgs/srv/ServiceNode_Response.msg
[3.746s] -- Up-to-date symlink: /home/athul/ros2_ws/install/rosapi_msgs/share/rosapi_msgs/srv/ServiceProviders.srv
[3.747s] -- Up-to-date symlink: /home/athul/ros2_ws/install/rosapi_msgs/share/rosapi_msgs/srv/ServiceProviders_Request.msg
[3.755s] -- Up-to-date symlink: /home/athul/ros2_ws/install/rosapi_msgs/share/rosapi_msgs/srv/ServiceProviders_Response.msg
[3.756s] -- Up-to-date symlink: /home/athul/ros2_ws/install/rosapi_msgs/share/rosapi_msgs/srv/ServiceRequestDetails.srv
[3.756s] -- Up-to-date symlink: /home/athul/ros2_ws/install/rosapi_msgs/share/rosapi_msgs/srv/ServiceRequestDetails_Request.msg
[3.756s] -- Up-to-date symlink: /home/athul/ros2_ws/install/rosapi_msgs/share/rosapi_msgs/srv/ServiceRequestDetails_Response.msg
[3.756s] -- Up-to-date symlink: /home/athul/ros2_ws/install/rosapi_msgs/share/rosapi_msgs/srv/ServiceResponseDetails.srv
[3.757s] -- Up-to-date symlink: /home/athul/ros2_ws/install/rosapi_msgs/share/rosapi_msgs/srv/ServiceResponseDetails_Request.msg
[3.757s] -- Up-to-date symlink: /home/athul/ros2_ws/install/rosapi_msgs/share/rosapi_msgs/srv/ServiceResponseDetails_Response.msg
[3.757s] -- Up-to-date symlink: /home/athul/ros2_ws/install/rosapi_msgs/share/rosapi_msgs/srv/Services.srv
[3.758s] -- Up-to-date symlink: /home/athul/ros2_ws/install/rosapi_msgs/share/rosapi_msgs/srv/Services_Request.msg
[3.758s] -- Up-to-date symlink: /home/athul/ros2_ws/install/rosapi_msgs/share/rosapi_msgs/srv/Services_Response.msg
[3.758s] -- Up-to-date symlink: /home/athul/ros2_ws/install/rosapi_msgs/share/rosapi_msgs/srv/ServicesForType.srv
[3.759s] -- Up-to-date symlink: /home/athul/ros2_ws/install/rosapi_msgs/share/rosapi_msgs/srv/ServicesForType_Request.msg
[3.759s] -- Up-to-date symlink: /home/athul/ros2_ws/install/rosapi_msgs/share/rosapi_msgs/srv/ServicesForType_Response.msg
[3.781s] -- Up-to-date symlink: /home/athul/ros2_ws/install/rosapi_msgs/share/rosapi_msgs/srv/ServiceType.srv
[3.781s] -- Up-to-date symlink: /home/athul/ros2_ws/install/rosapi_msgs/share/rosapi_msgs/srv/ServiceType_Request.msg
[3.781s] -- Up-to-date symlink: /home/athul/ros2_ws/install/rosapi_msgs/share/rosapi_msgs/srv/ServiceType_Response.msg
[3.782s] -- Up-to-date symlink: /home/athul/ros2_ws/install/rosapi_msgs/share/rosapi_msgs/srv/SetParam.srv
[3.782s] -- Up-to-date symlink: /home/athul/ros2_ws/install/rosapi_msgs/share/rosapi_msgs/srv/SetParam_Request.msg
[3.782s] -- Up-to-date symlink: /home/athul/ros2_ws/install/rosapi_msgs/share/rosapi_msgs/srv/SetParam_Response.msg
[3.782s] -- Up-to-date symlink: /home/athul/ros2_ws/install/rosapi_msgs/share/rosapi_msgs/srv/Subscribers.srv
[3.782s] -- Up-to-date symlink: /home/athul/ros2_ws/install/rosapi_msgs/share/rosapi_msgs/srv/Subscribers_Request.msg
[3.782s] -- Up-to-date symlink: /home/athul/ros2_ws/install/rosapi_msgs/share/rosapi_msgs/srv/Subscribers_Response.msg
[3.785s] -- Up-to-date symlink: /home/athul/ros2_ws/install/rosapi_msgs/share/rosapi_msgs/srv/Topics.srv
[3.785s] -- Up-to-date symlink: /home/athul/ros2_ws/install/rosapi_msgs/share/rosapi_msgs/srv/Topics_Request.msg
[3.785s] -- Up-to-date symlink: /home/athul/ros2_ws/install/rosapi_msgs/share/rosapi_msgs/srv/Topics_Response.msg
[3.785s] -- Up-to-date symlink: /home/athul/ros2_ws/install/rosapi_msgs/share/rosapi_msgs/srv/TopicsAndRawTypes.srv
[3.786s] -- Up-to-date symlink: /home/athul/ros2_ws/install/rosapi_msgs/share/rosapi_msgs/srv/TopicsAndRawTypes_Request.msg
[3.786s] -- Up-to-date symlink: /home/athul/ros2_ws/install/rosapi_msgs/share/rosapi_msgs/srv/TopicsAndRawTypes_Response.msg
[3.786s] -- Up-to-date symlink: /home/athul/ros2_ws/install/rosapi_msgs/share/rosapi_msgs/srv/TopicsForType.srv
[3.786s] -- Up-to-date symlink: /home/athul/ros2_ws/install/rosapi_msgs/share/rosapi_msgs/srv/TopicsForType_Request.msg
[3.786s] -- Up-to-date symlink: /home/athul/ros2_ws/install/rosapi_msgs/share/rosapi_msgs/srv/TopicsForType_Response.msg
[3.786s] -- Up-to-date symlink: /home/athul/ros2_ws/install/rosapi_msgs/share/rosapi_msgs/srv/TopicType.srv
[3.787s] -- Up-to-date symlink: /home/athul/ros2_ws/install/rosapi_msgs/share/rosapi_msgs/srv/TopicType_Request.msg
[3.787s] -- Up-to-date symlink: /home/athul/ros2_ws/install/rosapi_msgs/share/rosapi_msgs/srv/TopicType_Response.msg
[3.790s] -- Up-to-date symlink: /home/athul/ros2_ws/install/rosapi_msgs/share/ament_index/resource_index/package_run_dependencies/rosapi_msgs
[3.790s] -- Up-to-date symlink: /home/athul/ros2_ws/install/rosapi_msgs/share/ament_index/resource_index/parent_prefix_path/rosapi_msgs
[3.790s] -- Up-to-date symlink: /home/athul/ros2_ws/install/rosapi_msgs/share/rosapi_msgs/environment/ament_prefix_path.sh
[3.790s] -- Up-to-date symlink: /home/athul/ros2_ws/install/rosapi_msgs/share/rosapi_msgs/environment/ament_prefix_path.dsv
[3.790s] -- Up-to-date symlink: /home/athul/ros2_ws/install/rosapi_msgs/share/rosapi_msgs/environment/path.sh
[3.791s] -- Up-to-date symlink: /home/athul/ros2_ws/install/rosapi_msgs/share/rosapi_msgs/environment/path.dsv
[3.792s] -- Up-to-date symlink: /home/athul/ros2_ws/install/rosapi_msgs/share/rosapi_msgs/local_setup.bash
[3.793s] -- Up-to-date symlink: /home/athul/ros2_ws/install/rosapi_msgs/share/rosapi_msgs/local_setup.sh
[3.793s] -- Up-to-date symlink: /home/athul/ros2_ws/install/rosapi_msgs/share/rosapi_msgs/local_setup.zsh
[3.793s] -- Up-to-date symlink: /home/athul/ros2_ws/install/rosapi_msgs/share/rosapi_msgs/local_setup.dsv
[3.794s] -- Symlinking: /home/athul/ros2_ws/install/rosapi_msgs/share/rosapi_msgs/package.dsv
[3.797s] -- Up-to-date symlink: /home/athul/ros2_ws/install/rosapi_msgs/share/ament_index/resource_index/packages/rosapi_msgs
[3.798s] -- Up-to-date symlink: /home/athul/ros2_ws/install/rosapi_msgs/share/rosapi_msgs/cmake/rosidl_cmake-extras.cmake
[3.798s] -- Up-to-date symlink: /home/athul/ros2_ws/install/rosapi_msgs/share/rosapi_msgs/cmake/ament_cmake_export_dependencies-extras.cmake
[3.799s] -- Up-to-date symlink: /home/athul/ros2_ws/install/rosapi_msgs/share/rosapi_msgs/cmake/ament_cmake_export_libraries-extras.cmake
[3.804s] -- Up-to-date symlink: /home/athul/ros2_ws/install/rosapi_msgs/share/rosapi_msgs/cmake/ament_cmake_export_targets-extras.cmake
[3.805s] -- Up-to-date symlink: /home/athul/ros2_ws/install/rosapi_msgs/share/rosapi_msgs/cmake/ament_cmake_export_include_directories-extras.cmake
[3.805s] -- Up-to-date symlink: /home/athul/ros2_ws/install/rosapi_msgs/share/rosapi_msgs/cmake/rosidl_cmake_export_typesupport_libraries-extras.cmake
[3.806s] -- Up-to-date symlink: /home/athul/ros2_ws/install/rosapi_msgs/share/rosapi_msgs/cmake/rosidl_cmake_export_typesupport_targets-extras.cmake
[3.806s] -- Up-to-date symlink: /home/athul/ros2_ws/install/rosapi_msgs/share/rosapi_msgs/cmake/rosapi_msgsConfig.cmake
[3.806s] -- Up-to-date symlink: /home/athul/ros2_ws/install/rosapi_msgs/share/rosapi_msgs/cmake/rosapi_msgsConfig-version.cmake
[3.806s] -- Up-to-date symlink: /home/athul/ros2_ws/install/rosapi_msgs/share/rosapi_msgs/package.xml
[3.806s] -- Up-to-date: /home/athul/ros2_ws/install/rosapi_msgs/lib/librosapi_msgs__rosidl_generator_c.so
[3.806s] -- Up-to-date: /home/athul/ros2_ws/install/rosapi_msgs/lib/librosapi_msgs__rosidl_typesupport_introspection_c.so
[3.807s] -- Up-to-date: /home/athul/ros2_ws/install/rosapi_msgs/lib/librosapi_msgs__rosidl_typesupport_c.so
[3.807s] -- Up-to-date: /home/athul/ros2_ws/install/rosapi_msgs/lib/librosapi_msgs__rosidl_typesupport_introspection_cpp.so
[3.807s] -- Up-to-date: /home/athul/ros2_ws/install/rosapi_msgs/lib/librosapi_msgs__rosidl_typesupport_cpp.so
[3.901s] -- Up-to-date: /home/athul/ros2_ws/install/rosapi_msgs/share/rosapi_msgs/cmake/rosapi_msgs__rosidl_generator_cExport.cmake
[3.901s] -- Up-to-date: /home/athul/ros2_ws/install/rosapi_msgs/share/rosapi_msgs/cmake/rosapi_msgs__rosidl_generator_cExport-noconfig.cmake
[3.901s] -- Up-to-date: /home/athul/ros2_ws/install/rosapi_msgs/share/rosapi_msgs/cmake/rosapi_msgs__rosidl_typesupport_introspection_cExport.cmake
[3.901s] -- Up-to-date: /home/athul/ros2_ws/install/rosapi_msgs/share/rosapi_msgs/cmake/rosapi_msgs__rosidl_typesupport_introspection_cExport-noconfig.cmake
[3.901s] -- Up-to-date: /home/athul/ros2_ws/install/rosapi_msgs/share/rosapi_msgs/cmake/rosapi_msgs__rosidl_typesupport_cExport.cmake
[3.902s] -- Up-to-date: /home/athul/ros2_ws/install/rosapi_msgs/share/rosapi_msgs/cmake/rosapi_msgs__rosidl_typesupport_cExport-noconfig.cmake
[3.902s] -- Up-to-date: /home/athul/ros2_ws/install/rosapi_msgs/share/rosapi_msgs/cmake/rosapi_msgs__rosidl_generator_cppExport.cmake
[3.902s] -- Up-to-date: /home/athul/ros2_ws/install/rosapi_msgs/share/rosapi_msgs/cmake/rosapi_msgs__rosidl_typesupport_introspection_cppExport.cmake
[3.902s] -- Up-to-date: /home/athul/ros2_ws/install/rosapi_msgs/share/rosapi_msgs/cmake/rosapi_msgs__rosidl_typesupport_introspection_cppExport-noconfig.cmake
[3.902s] -- Up-to-date: /home/athul/ros2_ws/install/rosapi_msgs/share/rosapi_msgs/cmake/rosapi_msgs__rosidl_typesupport_cppExport.cmake
[3.902s] -- Up-to-date: /home/athul/ros2_ws/install/rosapi_msgs/share/rosapi_msgs/cmake/rosapi_msgs__rosidl_typesupport_cppExport-noconfig.cmake
[3.946s] Invoked command in '/home/athul/ros2_ws/build/rosapi_msgs' returned '0': CMAKE_PREFIX_PATH=${CMAKE_PREFIX_PATH}:/home/athul/ros2_ws/install/serial_motor_demo:/home/athul/ros2_ws/install/ball_tracker:/opt/ros/foxy /usr/bin/cmake --install /home/athul/ros2_ws/build/rosapi_msgs
