[0.043s] Invoking command in '/home/athul/ros2_ws/src/build/my_bot': CMAKE_PREFIX_PATH=${CMAKE_PREFIX_PATH}:/home/athul/ros2_ws/install/serial_motor_demo:/opt/ros/foxy /usr/bin/cmake --build /home/athul/ros2_ws/src/build/my_bot -- -j4 -l4
[0.130s] Invoked command in '/home/athul/ros2_ws/src/build/my_bot' returned '0': CMAKE_PREFIX_PATH=${CMAKE_PREFIX_PATH}:/home/athul/ros2_ws/install/serial_motor_demo:/opt/ros/foxy /usr/bin/cmake --build /home/athul/ros2_ws/src/build/my_bot -- -j4 -l4
[0.227s] Invoking command in '/home/athul/ros2_ws/src/build/my_bot': CMAKE_PREFIX_PATH=${CMAKE_PREFIX_PATH}:/home/athul/ros2_ws/install/serial_motor_demo:/opt/ros/foxy /usr/bin/cmake --install /home/athul/ros2_ws/src/build/my_bot
[0.246s] -- Install configuration: ""
[0.250s] -- Execute custom install script
[0.250s] -- Up-to-date symlink: /home/athul/ros2_ws/src/install/my_bot/share/my_bot/config/empty.yaml
[0.250s] -- Up-to-date symlink: /home/athul/ros2_ws/src/install/my_bot/share/my_bot/config/view_bot.rviz
[0.251s] -- Up-to-date symlink: /home/athul/ros2_ws/src/install/my_bot/share/my_bot/description/gazebo_control.xacro
[0.251s] -- Up-to-date symlink: /home/athul/ros2_ws/src/install/my_bot/share/my_bot/description/inertial_macros.xacro
[0.251s] -- Up-to-date symlink: /home/athul/ros2_ws/src/install/my_bot/share/my_bot/description/robot.urdf.xacro
[0.251s] -- Up-to-date symlink: /home/athul/ros2_ws/src/install/my_bot/share/my_bot/description/robot_core.xacro
[0.252s] -- Up-to-date symlink: /home/athul/ros2_ws/src/install/my_bot/share/my_bot/launch/launch_sim.launch.py
[0.252s] -- Up-to-date symlink: /home/athul/ros2_ws/src/install/my_bot/share/my_bot/launch/rsp.launch.py
[0.253s] -- Up-to-date symlink: /home/athul/ros2_ws/src/install/my_bot/share/my_bot/worlds/empty.world
[0.254s] -- Up-to-date symlink: /home/athul/ros2_ws/src/install/my_bot/share/my_bot/worlds/obstacle.world
[0.254s] -- Up-to-date symlink: /home/athul/ros2_ws/src/install/my_bot/share/my_bot/worlds/obstacles.world
[0.255s] -- Up-to-date symlink: /home/athul/ros2_ws/src/install/my_bot/share/ament_index/resource_index/package_run_dependencies/my_bot
[0.256s] -- Up-to-date symlink: /home/athul/ros2_ws/src/install/my_bot/share/ament_index/resource_index/parent_prefix_path/my_bot
[0.257s] -- Up-to-date symlink: /home/athul/ros2_ws/src/install/my_bot/share/my_bot/environment/ament_prefix_path.sh
[0.258s] -- Up-to-date symlink: /home/athul/ros2_ws/src/install/my_bot/share/my_bot/environment/ament_prefix_path.dsv
[0.259s] -- Up-to-date symlink: /home/athul/ros2_ws/src/install/my_bot/share/my_bot/environment/path.sh
[0.259s] -- Up-to-date symlink: /home/athul/ros2_ws/src/install/my_bot/share/my_bot/environment/path.dsv
[0.260s] -- Up-to-date symlink: /home/athul/ros2_ws/src/install/my_bot/share/my_bot/local_setup.bash
[0.261s] -- Up-to-date symlink: /home/athul/ros2_ws/src/install/my_bot/share/my_bot/local_setup.sh
[0.261s] -- Up-to-date symlink: /home/athul/ros2_ws/src/install/my_bot/share/my_bot/local_setup.zsh
[0.262s] -- Up-to-date symlink: /home/athul/ros2_ws/src/install/my_bot/share/my_bot/local_setup.dsv
[0.262s] -- Symlinking: /home/athul/ros2_ws/src/install/my_bot/share/my_bot/package.dsv
[0.282s] -- Up-to-date symlink: /home/athul/ros2_ws/src/install/my_bot/share/ament_index/resource_index/packages/my_bot
[0.284s] -- Up-to-date symlink: /home/athul/ros2_ws/src/install/my_bot/share/my_bot/cmake/my_botConfig.cmake
[0.285s] -- Up-to-date symlink: /home/athul/ros2_ws/src/install/my_bot/share/my_bot/cmake/my_botConfig-version.cmake
[0.285s] -- Up-to-date symlink: /home/athul/ros2_ws/src/install/my_bot/share/my_bot/package.xml
[0.287s] Invoked command in '/home/athul/ros2_ws/src/build/my_bot' returned '0': CMAKE_PREFIX_PATH=${CMAKE_PREFIX_PATH}:/home/athul/ros2_ws/install/serial_motor_demo:/opt/ros/foxy /usr/bin/cmake --install /home/athul/ros2_ws/src/build/my_bot
