[0.093s] Invoking command in '/home/athul/ros2_ws/build/rosapi_msgs': CMAKE_PREFIX_PATH=${CMAKE_PREFIX_PATH}:/home/athul/ros2_ws/install/serial_motor_demo:/home/athul/ros2_ws/install/ball_tracker:/opt/ros/foxy /usr/bin/cmake --build /home/athul/ros2_ws/build/rosapi_msgs -- -j4 -l4
[0.414s] [ 12%] Built target rosapi_msgs__rosidl_generator_c
[0.418s] [ 12%] Built target rosapi_msgs__cpp
[0.608s] [ 24%] Built target rosapi_msgs__rosidl_typesupport_c
[0.659s] [ 39%] Built target rosapi_msgs__rosidl_typesupport_introspection_c
[0.675s] [ 49%] Built target rosapi_msgs__rosidl_typesupport_introspection_cpp
[0.785s] [ 61%] Built target rosapi_msgs__rosidl_typesupport_cpp
[0.851s] [ 73%] Built target rosapi_msgs__rosidl_typesupport_fastrtps_cpp
[0.963s] [ 85%] Built target rosapi_msgs__rosidl_typesupport_fastrtps_c
[1.043s] [ 85%] Built target rosapi_msgs
[1.120s] [ 85%] Built target rosapi_msgs__py
[1.332s] [ 97%] Built target rosapi_msgs__python
[1.488s] [ 98%] Built target rosapi_msgs__rosidl_typesupport_fastrtps_c__pyext
[1.496s] [ 99%] Built target rosapi_msgs__rosidl_typesupport_c__pyext
[1.500s] [100%] Built target rosapi_msgs__rosidl_typesupport_introspection_c__pyext
[1.557s] Invoked command in '/home/athul/ros2_ws/build/rosapi_msgs' returned '0': CMAKE_PREFIX_PATH=${CMAKE_PREFIX_PATH}:/home/athul/ros2_ws/install/serial_motor_demo:/home/athul/ros2_ws/install/ball_tracker:/opt/ros/foxy /usr/bin/cmake --build /home/athul/ros2_ws/build/rosapi_msgs -- -j4 -l4
[3.029s] Invoking command in '/home/athul/ros2_ws/build/rosapi_msgs': CMAKE_PREFIX_PATH=${CMAKE_PREFIX_PATH}:/home/athul/ros2_ws/install/serial_motor_demo:/home/athul/ros2_ws/install/ball_tracker:/opt/ros/foxy /usr/bin/cmake --install /home/athul/ros2_ws/build/rosapi_msgs
[3.049s] -- Install configuration: ""
[3.051s] -- Execute custom install script
[3.052s] -- Up-to-date symlink: /home/athul/ros2_ws/install/rosapi_msgs/share/ament_index/resource_index/rosidl_interfaces/rosapi_msgs
[3.056s] -- Up-to-date symlink: /home/athul/ros2_ws/install/rosapi_msgs/include/rosapi_msgs/msg/detail/type_def__functions.h
[3.057s] -- Up-to-date symlink: /home/athul/ros2_ws/install/rosapi_msgs/include/rosapi_msgs/msg/detail/type_def__struct.h
[3.057s] -- Up-to-date symlink: /home/athul/ros2_ws/install/rosapi_msgs/include/rosapi_msgs/msg/detail/type_def__type_support.h
[3.058s] -- Up-to-date symlink: /home/athul/ros2_ws/install/rosapi_msgs/include/rosapi_msgs/msg/rosidl_generator_c__visibility_control.h
[3.058s] -- Up-to-date symlink: /home/athul/ros2_ws/install/rosapi_msgs/include/rosapi_msgs/msg/type_def.h
[3.060s] -- Up-to-date symlink: /home/athul/ros2_ws/install/rosapi_msgs/include/rosapi_msgs/srv/delete_param.h
[3.060s] -- Up-to-date symlink: /home/athul/ros2_ws/install/rosapi_msgs/include/rosapi_msgs/srv/detail/delete_param__functions.h
[3.061s] -- Up-to-date symlink: /home/athul/ros2_ws/install/rosapi_msgs/include/rosapi_msgs/srv/detail/delete_param__struct.h
[3.063s] -- Up-to-date symlink: /home/athul/ros2_ws/install/rosapi_msgs/include/rosapi_msgs/srv/detail/delete_param__type_support.h
[3.063s] -- Up-to-date symlink: /home/athul/ros2_ws/install/rosapi_msgs/include/rosapi_msgs/srv/detail/get_action_servers__functions.h
[3.065s] -- Up-to-date symlink: /home/athul/ros2_ws/install/rosapi_msgs/include/rosapi_msgs/srv/detail/get_action_servers__struct.h
[3.065s] -- Up-to-date symlink: /home/athul/ros2_ws/install/rosapi_msgs/include/rosapi_msgs/srv/detail/get_action_servers__type_support.h
[3.071s] -- Up-to-date symlink: /home/athul/ros2_ws/install/rosapi_msgs/include/rosapi_msgs/srv/detail/get_param__functions.h
[3.072s] -- Up-to-date symlink: /home/athul/ros2_ws/install/rosapi_msgs/include/rosapi_msgs/srv/detail/get_param__struct.h
[3.073s] -- Up-to-date symlink: /home/athul/ros2_ws/install/rosapi_msgs/include/rosapi_msgs/srv/detail/get_param__type_support.h
[3.074s] -- Up-to-date symlink: /home/athul/ros2_ws/install/rosapi_msgs/include/rosapi_msgs/srv/detail/get_param_names__functions.h
[3.075s] -- Up-to-date symlink: /home/athul/ros2_ws/install/rosapi_msgs/include/rosapi_msgs/srv/detail/get_param_names__struct.h
[3.076s] -- Up-to-date symlink: /home/athul/ros2_ws/install/rosapi_msgs/include/rosapi_msgs/srv/detail/get_param_names__type_support.h
[3.078s] -- Up-to-date symlink: /home/athul/ros2_ws/install/rosapi_msgs/include/rosapi_msgs/srv/detail/get_ros_version__functions.h
[3.079s] -- Up-to-date symlink: /home/athul/ros2_ws/install/rosapi_msgs/include/rosapi_msgs/srv/detail/get_ros_version__struct.h
[3.081s] -- Up-to-date symlink: /home/athul/ros2_ws/install/rosapi_msgs/include/rosapi_msgs/srv/detail/get_ros_version__type_support.h
[3.081s] -- Up-to-date symlink: /home/athul/ros2_ws/install/rosapi_msgs/include/rosapi_msgs/srv/detail/get_time__functions.h
[3.087s] -- Up-to-date symlink: /home/athul/ros2_ws/install/rosapi_msgs/include/rosapi_msgs/srv/detail/get_time__struct.h
[3.089s] -- Up-to-date symlink: /home/athul/ros2_ws/install/rosapi_msgs/include/rosapi_msgs/srv/detail/get_time__type_support.h
[3.089s] -- Up-to-date symlink: /home/athul/ros2_ws/install/rosapi_msgs/include/rosapi_msgs/srv/detail/has_param__functions.h
[3.090s] -- Up-to-date symlink: /home/athul/ros2_ws/install/rosapi_msgs/include/rosapi_msgs/srv/detail/has_param__struct.h
[3.090s] -- Up-to-date symlink: /home/athul/ros2_ws/install/rosapi_msgs/include/rosapi_msgs/srv/detail/has_param__type_support.h
[3.090s] -- Up-to-date symlink: /home/athul/ros2_ws/install/rosapi_msgs/include/rosapi_msgs/srv/detail/message_details__functions.h
[3.091s] -- Up-to-date symlink: /home/athul/ros2_ws/install/rosapi_msgs/include/rosapi_msgs/srv/detail/message_details__struct.h
[3.091s] -- Up-to-date symlink: /home/athul/ros2_ws/install/rosapi_msgs/include/rosapi_msgs/srv/detail/message_details__type_support.h
[3.091s] -- Up-to-date symlink: /home/athul/ros2_ws/install/rosapi_msgs/include/rosapi_msgs/srv/detail/node_details__functions.h
[3.092s] -- Up-to-date symlink: /home/athul/ros2_ws/install/rosapi_msgs/include/rosapi_msgs/srv/detail/node_details__struct.h
[3.092s] -- Up-to-date symlink: /home/athul/ros2_ws/install/rosapi_msgs/include/rosapi_msgs/srv/detail/node_details__type_support.h
[3.092s] -- Up-to-date symlink: /home/athul/ros2_ws/install/rosapi_msgs/include/rosapi_msgs/srv/detail/nodes__functions.h
[3.093s] -- Up-to-date symlink: /home/athul/ros2_ws/install/rosapi_msgs/include/rosapi_msgs/srv/detail/nodes__struct.h
[3.094s] -- Up-to-date symlink: /home/athul/ros2_ws/install/rosapi_msgs/include/rosapi_msgs/srv/detail/nodes__type_support.h
[3.095s] -- Up-to-date symlink: /home/athul/ros2_ws/install/rosapi_msgs/include/rosapi_msgs/srv/detail/publishers__functions.h
[3.095s] -- Up-to-date symlink: /home/athul/ros2_ws/install/rosapi_msgs/include/rosapi_msgs/srv/detail/publishers__struct.h
[3.097s] -- Up-to-date symlink: /home/athul/ros2_ws/install/rosapi_msgs/include/rosapi_msgs/srv/detail/publishers__type_support.h
[3.097s] -- Up-to-date symlink: /home/athul/ros2_ws/install/rosapi_msgs/include/rosapi_msgs/srv/detail/service_node__functions.h
[3.098s] -- Up-to-date symlink: /home/athul/ros2_ws/install/rosapi_msgs/include/rosapi_msgs/srv/detail/service_node__struct.h
[3.101s] -- Up-to-date symlink: /home/athul/ros2_ws/install/rosapi_msgs/include/rosapi_msgs/srv/detail/service_node__type_support.h
[3.101s] -- Up-to-date symlink: /home/athul/ros2_ws/install/rosapi_msgs/include/rosapi_msgs/srv/detail/service_providers__functions.h
[3.102s] -- Up-to-date symlink: /home/athul/ros2_ws/install/rosapi_msgs/include/rosapi_msgs/srv/detail/service_providers__struct.h
[3.102s] -- Up-to-date symlink: /home/athul/ros2_ws/install/rosapi_msgs/include/rosapi_msgs/srv/detail/service_providers__type_support.h
[3.108s] -- Up-to-date symlink: /home/athul/ros2_ws/install/rosapi_msgs/include/rosapi_msgs/srv/detail/service_request_details__functions.h
[3.109s] -- Up-to-date symlink: /home/athul/ros2_ws/install/rosapi_msgs/include/rosapi_msgs/srv/detail/service_request_details__struct.h
[3.109s] -- Up-to-date symlink: /home/athul/ros2_ws/install/rosapi_msgs/include/rosapi_msgs/srv/detail/service_request_details__type_support.h
[3.110s] -- Up-to-date symlink: /home/athul/ros2_ws/install/rosapi_msgs/include/rosapi_msgs/srv/detail/service_response_details__functions.h
[3.110s] -- Up-to-date symlink: /home/athul/ros2_ws/install/rosapi_msgs/include/rosapi_msgs/srv/detail/service_response_details__struct.h
[3.111s] -- Up-to-date symlink: /home/athul/ros2_ws/install/rosapi_msgs/include/rosapi_msgs/srv/detail/service_response_details__type_support.h
[3.111s] -- Up-to-date symlink: /home/athul/ros2_ws/install/rosapi_msgs/include/rosapi_msgs/srv/detail/service_type__functions.h
[3.111s] -- Up-to-date symlink: /home/athul/ros2_ws/install/rosapi_msgs/include/rosapi_msgs/srv/detail/service_type__struct.h
[3.112s] -- Up-to-date symlink: /home/athul/ros2_ws/install/rosapi_msgs/include/rosapi_msgs/srv/detail/service_type__type_support.h
[3.113s] -- Up-to-date symlink: /home/athul/ros2_ws/install/rosapi_msgs/include/rosapi_msgs/srv/detail/services__functions.h
[3.113s] -- Up-to-date symlink: /home/athul/ros2_ws/install/rosapi_msgs/include/rosapi_msgs/srv/detail/services__struct.h
[3.113s] -- Up-to-date symlink: /home/athul/ros2_ws/install/rosapi_msgs/include/rosapi_msgs/srv/detail/services__type_support.h
[3.113s] -- Up-to-date symlink: /home/athul/ros2_ws/install/rosapi_msgs/include/rosapi_msgs/srv/detail/services_for_type__functions.h
[3.113s] -- Up-to-date symlink: /home/athul/ros2_ws/install/rosapi_msgs/include/rosapi_msgs/srv/detail/services_for_type__struct.h
[3.114s] -- Up-to-date symlink: /home/athul/ros2_ws/install/rosapi_msgs/include/rosapi_msgs/srv/detail/services_for_type__type_support.h
[3.114s] -- Up-to-date symlink: /home/athul/ros2_ws/install/rosapi_msgs/include/rosapi_msgs/srv/detail/set_param__functions.h
[3.114s] -- Up-to-date symlink: /home/athul/ros2_ws/install/rosapi_msgs/include/rosapi_msgs/srv/detail/set_param__struct.h
[3.115s] -- Up-to-date symlink: /home/athul/ros2_ws/install/rosapi_msgs/include/rosapi_msgs/srv/detail/set_param__type_support.h
[3.115s] -- Up-to-date symlink: /home/athul/ros2_ws/install/rosapi_msgs/include/rosapi_msgs/srv/detail/subscribers__functions.h
[3.116s] -- Up-to-date symlink: /home/athul/ros2_ws/install/rosapi_msgs/include/rosapi_msgs/srv/detail/subscribers__struct.h
[3.117s] -- Up-to-date symlink: /home/athul/ros2_ws/install/rosapi_msgs/include/rosapi_msgs/srv/detail/subscribers__type_support.h
[3.118s] -- Up-to-date symlink: /home/athul/ros2_ws/install/rosapi_msgs/include/rosapi_msgs/srv/detail/topic_type__functions.h
[3.118s] -- Up-to-date symlink: /home/athul/ros2_ws/install/rosapi_msgs/include/rosapi_msgs/srv/detail/topic_type__struct.h
[3.118s] -- Up-to-date symlink: /home/athul/ros2_ws/install/rosapi_msgs/include/rosapi_msgs/srv/detail/topic_type__type_support.h
[3.119s] -- Up-to-date symlink: /home/athul/ros2_ws/install/rosapi_msgs/include/rosapi_msgs/srv/detail/topics__functions.h
[3.119s] -- Up-to-date symlink: /home/athul/ros2_ws/install/rosapi_msgs/include/rosapi_msgs/srv/detail/topics__struct.h
[3.119s] -- Up-to-date symlink: /home/athul/ros2_ws/install/rosapi_msgs/include/rosapi_msgs/srv/detail/topics__type_support.h
[3.126s] -- Up-to-date symlink: /home/athul/ros2_ws/install/rosapi_msgs/include/rosapi_msgs/srv/detail/topics_and_raw_types__functions.h
[3.126s] -- Up-to-date symlink: /home/athul/ros2_ws/install/rosapi_msgs/include/rosapi_msgs/srv/detail/topics_and_raw_types__struct.h
[3.127s] -- Up-to-date symlink: /home/athul/ros2_ws/install/rosapi_msgs/include/rosapi_msgs/srv/detail/topics_and_raw_types__type_support.h
[3.128s] -- Up-to-date symlink: /home/athul/ros2_ws/install/rosapi_msgs/include/rosapi_msgs/srv/detail/topics_for_type__functions.h
[3.129s] -- Up-to-date symlink: /home/athul/ros2_ws/install/rosapi_msgs/include/rosapi_msgs/srv/detail/topics_for_type__struct.h
[3.129s] -- Up-to-date symlink: /home/athul/ros2_ws/install/rosapi_msgs/include/rosapi_msgs/srv/detail/topics_for_type__type_support.h
[3.131s] -- Up-to-date symlink: /home/athul/ros2_ws/install/rosapi_msgs/include/rosapi_msgs/srv/get_action_servers.h
[3.132s] -- Up-to-date symlink: /home/athul/ros2_ws/install/rosapi_msgs/include/rosapi_msgs/srv/get_param.h
[3.134s] -- Up-to-date symlink: /home/athul/ros2_ws/install/rosapi_msgs/include/rosapi_msgs/srv/get_param_names.h
[3.139s] -- Up-to-date symlink: /home/athul/ros2_ws/install/rosapi_msgs/include/rosapi_msgs/srv/get_ros_version.h
[3.140s] -- Up-to-date symlink: /home/athul/ros2_ws/install/rosapi_msgs/include/rosapi_msgs/srv/get_time.h
[3.141s] -- Up-to-date symlink: /home/athul/ros2_ws/install/rosapi_msgs/include/rosapi_msgs/srv/has_param.h
[3.142s] -- Up-to-date symlink: /home/athul/ros2_ws/install/rosapi_msgs/include/rosapi_msgs/srv/message_details.h
[3.142s] -- Up-to-date symlink: /home/athul/ros2_ws/install/rosapi_msgs/include/rosapi_msgs/srv/node_details.h
[3.143s] -- Up-to-date symlink: /home/athul/ros2_ws/install/rosapi_msgs/include/rosapi_msgs/srv/nodes.h
[3.143s] -- Up-to-date symlink: /home/athul/ros2_ws/install/rosapi_msgs/include/rosapi_msgs/srv/publishers.h
[3.143s] -- Up-to-date symlink: /home/athul/ros2_ws/install/rosapi_msgs/include/rosapi_msgs/srv/service_node.h
[3.143s] -- Up-to-date symlink: /home/athul/ros2_ws/install/rosapi_msgs/include/rosapi_msgs/srv/service_providers.h
[3.144s] -- Up-to-date symlink: /home/athul/ros2_ws/install/rosapi_msgs/include/rosapi_msgs/srv/service_request_details.h
[3.144s] -- Up-to-date symlink: /home/athul/ros2_ws/install/rosapi_msgs/include/rosapi_msgs/srv/service_response_details.h
[3.145s] -- Up-to-date symlink: /home/athul/ros2_ws/install/rosapi_msgs/include/rosapi_msgs/srv/service_type.h
[3.145s] -- Up-to-date symlink: /home/athul/ros2_ws/install/rosapi_msgs/include/rosapi_msgs/srv/services.h
[3.145s] -- Up-to-date symlink: /home/athul/ros2_ws/install/rosapi_msgs/include/rosapi_msgs/srv/services_for_type.h
[3.146s] -- Up-to-date symlink: /home/athul/ros2_ws/install/rosapi_msgs/include/rosapi_msgs/srv/set_param.h
[3.146s] -- Up-to-date symlink: /home/athul/ros2_ws/install/rosapi_msgs/include/rosapi_msgs/srv/subscribers.h
[3.146s] -- Up-to-date symlink: /home/athul/ros2_ws/install/rosapi_msgs/include/rosapi_msgs/srv/topic_type.h
[3.147s] -- Up-to-date symlink: /home/athul/ros2_ws/install/rosapi_msgs/include/rosapi_msgs/srv/topics.h
[3.147s] -- Up-to-date symlink: /home/athul/ros2_ws/install/rosapi_msgs/include/rosapi_msgs/srv/topics_and_raw_types.h
[3.147s] -- Up-to-date symlink: /home/athul/ros2_ws/install/rosapi_msgs/include/rosapi_msgs/srv/topics_for_type.h
[3.148s] -- Up-to-date symlink: /home/athul/ros2_ws/install/rosapi_msgs/share/rosapi_msgs/environment/library_path.sh
[3.148s] -- Up-to-date symlink: /home/athul/ros2_ws/install/rosapi_msgs/share/rosapi_msgs/environment/library_path.dsv
[3.149s] -- Up-to-date symlink: /home/athul/ros2_ws/install/rosapi_msgs/include/rosapi_msgs/msg/detail/type_def__rosidl_typesupport_fastrtps_c.h
[3.149s] -- Up-to-date symlink: /home/athul/ros2_ws/install/rosapi_msgs/include/rosapi_msgs/msg/rosidl_typesupport_fastrtps_c__visibility_control.h
[3.149s] -- Up-to-date symlink: /home/athul/ros2_ws/install/rosapi_msgs/include/rosapi_msgs/srv/detail/delete_param__rosidl_typesupport_fastrtps_c.h
[3.150s] -- Up-to-date symlink: /home/athul/ros2_ws/install/rosapi_msgs/include/rosapi_msgs/srv/detail/get_action_servers__rosidl_typesupport_fastrtps_c.h
[3.150s] -- Up-to-date symlink: /home/athul/ros2_ws/install/rosapi_msgs/include/rosapi_msgs/srv/detail/get_param__rosidl_typesupport_fastrtps_c.h
[3.162s] -- Up-to-date symlink: /home/athul/ros2_ws/install/rosapi_msgs/include/rosapi_msgs/srv/detail/get_param_names__rosidl_typesupport_fastrtps_c.h
[3.162s] -- Up-to-date symlink: /home/athul/ros2_ws/install/rosapi_msgs/include/rosapi_msgs/srv/detail/get_ros_version__rosidl_typesupport_fastrtps_c.h
[3.162s] -- Up-to-date symlink: /home/athul/ros2_ws/install/rosapi_msgs/include/rosapi_msgs/srv/detail/get_time__rosidl_typesupport_fastrtps_c.h
[3.163s] -- Up-to-date symlink: /home/athul/ros2_ws/install/rosapi_msgs/include/rosapi_msgs/srv/detail/has_param__rosidl_typesupport_fastrtps_c.h
[3.163s] -- Up-to-date symlink: /home/athul/ros2_ws/install/rosapi_msgs/include/rosapi_msgs/srv/detail/message_details__rosidl_typesupport_fastrtps_c.h
[3.164s] -- Up-to-date symlink: /home/athul/ros2_ws/install/rosapi_msgs/include/rosapi_msgs/srv/detail/node_details__rosidl_typesupport_fastrtps_c.h
[3.164s] -- Up-to-date symlink: /home/athul/ros2_ws/install/rosapi_msgs/include/rosapi_msgs/srv/detail/nodes__rosidl_typesupport_fastrtps_c.h
[3.164s] -- Up-to-date symlink: /home/athul/ros2_ws/install/rosapi_msgs/include/rosapi_msgs/srv/detail/publishers__rosidl_typesupport_fastrtps_c.h
[3.164s] -- Up-to-date symlink: /home/athul/ros2_ws/install/rosapi_msgs/include/rosapi_msgs/srv/detail/service_node__rosidl_typesupport_fastrtps_c.h
[3.165s] -- Up-to-date symlink: /home/athul/ros2_ws/install/rosapi_msgs/include/rosapi_msgs/srv/detail/service_providers__rosidl_typesupport_fastrtps_c.h
[3.165s] -- Up-to-date symlink: /home/athul/ros2_ws/install/rosapi_msgs/include/rosapi_msgs/srv/detail/service_request_details__rosidl_typesupport_fastrtps_c.h
[3.165s] -- Up-to-date symlink: /home/athul/ros2_ws/install/rosapi_msgs/include/rosapi_msgs/srv/detail/service_response_details__rosidl_typesupport_fastrtps_c.h
[3.166s] -- Up-to-date symlink: /home/athul/ros2_ws/install/rosapi_msgs/include/rosapi_msgs/srv/detail/service_type__rosidl_typesupport_fastrtps_c.h
[3.166s] -- Up-to-date symlink: /home/athul/ros2_ws/install/rosapi_msgs/include/rosapi_msgs/srv/detail/services__rosidl_typesupport_fastrtps_c.h
[3.166s] -- Up-to-date symlink: /home/athul/ros2_ws/install/rosapi_msgs/include/rosapi_msgs/srv/detail/services_for_type__rosidl_typesupport_fastrtps_c.h
[3.166s] -- Up-to-date symlink: /home/athul/ros2_ws/install/rosapi_msgs/include/rosapi_msgs/srv/detail/set_param__rosidl_typesupport_fastrtps_c.h
[3.177s] -- Up-to-date symlink: /home/athul/ros2_ws/install/rosapi_msgs/include/rosapi_msgs/srv/detail/subscribers__rosidl_typesupport_fastrtps_c.h
[3.178s] -- Up-to-date symlink: /home/athul/ros2_ws/install/rosapi_msgs/include/rosapi_msgs/srv/detail/topic_type__rosidl_typesupport_fastrtps_c.h
[3.179s] -- Up-to-date symlink: /home/athul/ros2_ws/install/rosapi_msgs/include/rosapi_msgs/srv/detail/topics__rosidl_typesupport_fastrtps_c.h
[3.179s] -- Up-to-date symlink: /home/athul/ros2_ws/install/rosapi_msgs/include/rosapi_msgs/srv/detail/topics_and_raw_types__rosidl_typesupport_fastrtps_c.h
[3.180s] -- Up-to-date symlink: /home/athul/ros2_ws/install/rosapi_msgs/include/rosapi_msgs/srv/detail/topics_for_type__rosidl_typesupport_fastrtps_c.h
[3.180s] -- Up-to-date symlink: /home/athul/ros2_ws/install/rosapi_msgs/lib/librosapi_msgs__rosidl_typesupport_fastrtps_c.so
[3.182s] -- Up-to-date symlink: /home/athul/ros2_ws/install/rosapi_msgs/include/rosapi_msgs/msg/detail/type_def__rosidl_typesupport_fastrtps_cpp.hpp
[3.184s] -- Up-to-date symlink: /home/athul/ros2_ws/install/rosapi_msgs/include/rosapi_msgs/msg/rosidl_typesupport_fastrtps_cpp__visibility_control.h
[3.184s] -- Up-to-date symlink: /home/athul/ros2_ws/install/rosapi_msgs/include/rosapi_msgs/srv/detail/delete_param__rosidl_typesupport_fastrtps_cpp.hpp
[3.190s] -- Up-to-date symlink: /home/athul/ros2_ws/install/rosapi_msgs/include/rosapi_msgs/srv/detail/get_action_servers__rosidl_typesupport_fastrtps_cpp.hpp
[3.191s] -- Up-to-date symlink: /home/athul/ros2_ws/install/rosapi_msgs/include/rosapi_msgs/srv/detail/get_param__rosidl_typesupport_fastrtps_cpp.hpp
[3.191s] -- Up-to-date symlink: /home/athul/ros2_ws/install/rosapi_msgs/include/rosapi_msgs/srv/detail/get_param_names__rosidl_typesupport_fastrtps_cpp.hpp
[3.192s] -- Up-to-date symlink: /home/athul/ros2_ws/install/rosapi_msgs/include/rosapi_msgs/srv/detail/get_ros_version__rosidl_typesupport_fastrtps_cpp.hpp
[3.193s] -- Up-to-date symlink: /home/athul/ros2_ws/install/rosapi_msgs/include/rosapi_msgs/srv/detail/get_time__rosidl_typesupport_fastrtps_cpp.hpp
[3.194s] -- Up-to-date symlink: /home/athul/ros2_ws/install/rosapi_msgs/include/rosapi_msgs/srv/detail/has_param__rosidl_typesupport_fastrtps_cpp.hpp
[3.195s] -- Up-to-date symlink: /home/athul/ros2_ws/install/rosapi_msgs/include/rosapi_msgs/srv/detail/message_details__rosidl_typesupport_fastrtps_cpp.hpp
[3.195s] -- Up-to-date symlink: /home/athul/ros2_ws/install/rosapi_msgs/include/rosapi_msgs/srv/detail/node_details__rosidl_typesupport_fastrtps_cpp.hpp
[3.195s] -- Up-to-date symlink: /home/athul/ros2_ws/install/rosapi_msgs/include/rosapi_msgs/srv/detail/nodes__rosidl_typesupport_fastrtps_cpp.hpp
[3.196s] -- Up-to-date symlink: /home/athul/ros2_ws/install/rosapi_msgs/include/rosapi_msgs/srv/detail/publishers__rosidl_typesupport_fastrtps_cpp.hpp
[3.196s] -- Up-to-date symlink: /home/athul/ros2_ws/install/rosapi_msgs/include/rosapi_msgs/srv/detail/service_node__rosidl_typesupport_fastrtps_cpp.hpp
[3.196s] -- Up-to-date symlink: /home/athul/ros2_ws/install/rosapi_msgs/include/rosapi_msgs/srv/detail/service_providers__rosidl_typesupport_fastrtps_cpp.hpp
[3.197s] -- Up-to-date symlink: /home/athul/ros2_ws/install/rosapi_msgs/include/rosapi_msgs/srv/detail/service_request_details__rosidl_typesupport_fastrtps_cpp.hpp
[3.197s] -- Up-to-date symlink: /home/athul/ros2_ws/install/rosapi_msgs/include/rosapi_msgs/srv/detail/service_response_details__rosidl_typesupport_fastrtps_cpp.hpp
[3.198s] -- Up-to-date symlink: /home/athul/ros2_ws/install/rosapi_msgs/include/rosapi_msgs/srv/detail/service_type__rosidl_typesupport_fastrtps_cpp.hpp
[3.198s] -- Up-to-date symlink: /home/athul/ros2_ws/install/rosapi_msgs/include/rosapi_msgs/srv/detail/services__rosidl_typesupport_fastrtps_cpp.hpp
[3.198s] -- Up-to-date symlink: /home/athul/ros2_ws/install/rosapi_msgs/include/rosapi_msgs/srv/detail/services_for_type__rosidl_typesupport_fastrtps_cpp.hpp
[3.199s] -- Up-to-date symlink: /home/athul/ros2_ws/install/rosapi_msgs/include/rosapi_msgs/srv/detail/set_param__rosidl_typesupport_fastrtps_cpp.hpp
[3.199s] -- Up-to-date symlink: /home/athul/ros2_ws/install/rosapi_msgs/include/rosapi_msgs/srv/detail/subscribers__rosidl_typesupport_fastrtps_cpp.hpp
[3.199s] -- Up-to-date symlink: /home/athul/ros2_ws/install/rosapi_msgs/include/rosapi_msgs/srv/detail/topic_type__rosidl_typesupport_fastrtps_cpp.hpp
[3.200s] -- Up-to-date symlink: /home/athul/ros2_ws/install/rosapi_msgs/include/rosapi_msgs/srv/detail/topics__rosidl_typesupport_fastrtps_cpp.hpp
[3.200s] -- Up-to-date symlink: /home/athul/ros2_ws/install/rosapi_msgs/include/rosapi_msgs/srv/detail/topics_and_raw_types__rosidl_typesupport_fastrtps_cpp.hpp
[3.200s] -- Up-to-date symlink: /home/athul/ros2_ws/install/rosapi_msgs/include/rosapi_msgs/srv/detail/topics_for_type__rosidl_typesupport_fastrtps_cpp.hpp
[3.201s] -- Up-to-date symlink: /home/athul/ros2_ws/install/rosapi_msgs/lib/librosapi_msgs__rosidl_typesupport_fastrtps_cpp.so
[3.201s] -- Up-to-date symlink: /home/athul/ros2_ws/install/rosapi_msgs/include/rosapi_msgs/msg/detail/type_def__rosidl_typesupport_introspection_c.h
[3.201s] -- Up-to-date symlink: /home/athul/ros2_ws/install/rosapi_msgs/include/rosapi_msgs/msg/rosidl_typesupport_introspection_c__visibility_control.h
[3.216s] -- Up-to-date symlink: /home/athul/ros2_ws/install/rosapi_msgs/include/rosapi_msgs/srv/detail/delete_param__rosidl_typesupport_introspection_c.h
[3.217s] -- Up-to-date symlink: /home/athul/ros2_ws/install/rosapi_msgs/include/rosapi_msgs/srv/detail/get_action_servers__rosidl_typesupport_introspection_c.h
[3.217s] -- Up-to-date symlink: /home/athul/ros2_ws/install/rosapi_msgs/include/rosapi_msgs/srv/detail/get_param__rosidl_typesupport_introspection_c.h
[3.218s] -- Up-to-date symlink: /home/athul/ros2_ws/install/rosapi_msgs/include/rosapi_msgs/srv/detail/get_param_names__rosidl_typesupport_introspection_c.h
[3.218s] -- Up-to-date symlink: /home/athul/ros2_ws/install/rosapi_msgs/include/rosapi_msgs/srv/detail/get_ros_version__rosidl_typesupport_introspection_c.h
[3.219s] -- Up-to-date symlink: /home/athul/ros2_ws/install/rosapi_msgs/include/rosapi_msgs/srv/detail/get_time__rosidl_typesupport_introspection_c.h
[3.219s] -- Up-to-date symlink: /home/athul/ros2_ws/install/rosapi_msgs/include/rosapi_msgs/srv/detail/has_param__rosidl_typesupport_introspection_c.h
[3.219s] -- Up-to-date symlink: /home/athul/ros2_ws/install/rosapi_msgs/include/rosapi_msgs/srv/detail/message_details__rosidl_typesupport_introspection_c.h
[3.220s] -- Up-to-date symlink: /home/athul/ros2_ws/install/rosapi_msgs/include/rosapi_msgs/srv/detail/node_details__rosidl_typesupport_introspection_c.h
[3.220s] -- Up-to-date symlink: /home/athul/ros2_ws/install/rosapi_msgs/include/rosapi_msgs/srv/detail/nodes__rosidl_typesupport_introspection_c.h
[3.220s] -- Up-to-date symlink: /home/athul/ros2_ws/install/rosapi_msgs/include/rosapi_msgs/srv/detail/publishers__rosidl_typesupport_introspection_c.h
[3.221s] -- Up-to-date symlink: /home/athul/ros2_ws/install/rosapi_msgs/include/rosapi_msgs/srv/detail/service_node__rosidl_typesupport_introspection_c.h
[3.221s] -- Up-to-date symlink: /home/athul/ros2_ws/install/rosapi_msgs/include/rosapi_msgs/srv/detail/service_providers__rosidl_typesupport_introspection_c.h
[3.221s] -- Up-to-date symlink: /home/athul/ros2_ws/install/rosapi_msgs/include/rosapi_msgs/srv/detail/service_request_details__rosidl_typesupport_introspection_c.h
[3.222s] -- Up-to-date symlink: /home/athul/ros2_ws/install/rosapi_msgs/include/rosapi_msgs/srv/detail/service_response_details__rosidl_typesupport_introspection_c.h
[3.222s] -- Up-to-date symlink: /home/athul/ros2_ws/install/rosapi_msgs/include/rosapi_msgs/srv/detail/service_type__rosidl_typesupport_introspection_c.h
[3.222s] -- Up-to-date symlink: /home/athul/ros2_ws/install/rosapi_msgs/include/rosapi_msgs/srv/detail/services__rosidl_typesupport_introspection_c.h
[3.223s] -- Up-to-date symlink: /home/athul/ros2_ws/install/rosapi_msgs/include/rosapi_msgs/srv/detail/services_for_type__rosidl_typesupport_introspection_c.h
[3.223s] -- Up-to-date symlink: /home/athul/ros2_ws/install/rosapi_msgs/include/rosapi_msgs/srv/detail/set_param__rosidl_typesupport_introspection_c.h
[3.224s] -- Up-to-date symlink: /home/athul/ros2_ws/install/rosapi_msgs/include/rosapi_msgs/srv/detail/subscribers__rosidl_typesupport_introspection_c.h
[3.224s] -- Up-to-date symlink: /home/athul/ros2_ws/install/rosapi_msgs/include/rosapi_msgs/srv/detail/topic_type__rosidl_typesupport_introspection_c.h
[3.225s] -- Up-to-date symlink: /home/athul/ros2_ws/install/rosapi_msgs/include/rosapi_msgs/srv/detail/topics__rosidl_typesupport_introspection_c.h
[3.225s] -- Up-to-date symlink: /home/athul/ros2_ws/install/rosapi_msgs/include/rosapi_msgs/srv/detail/topics_and_raw_types__rosidl_typesupport_introspection_c.h
[3.226s] -- Up-to-date symlink: /home/athul/ros2_ws/install/rosapi_msgs/include/rosapi_msgs/srv/detail/topics_for_type__rosidl_typesupport_introspection_c.h
[3.228s] -- Up-to-date symlink: /home/athul/ros2_ws/install/rosapi_msgs/include/rosapi_msgs/msg/detail/type_def__builder.hpp
[3.228s] -- Up-to-date symlink: /home/athul/ros2_ws/install/rosapi_msgs/include/rosapi_msgs/msg/detail/type_def__struct.hpp
[3.229s] -- Up-to-date symlink: /home/athul/ros2_ws/install/rosapi_msgs/include/rosapi_msgs/msg/detail/type_def__traits.hpp
[3.229s] -- Up-to-date symlink: /home/athul/ros2_ws/install/rosapi_msgs/include/rosapi_msgs/msg/type_def.hpp
[3.229s] -- Up-to-date symlink: /home/athul/ros2_ws/install/rosapi_msgs/include/rosapi_msgs/srv/delete_param.hpp
[3.230s] -- Up-to-date symlink: /home/athul/ros2_ws/install/rosapi_msgs/include/rosapi_msgs/srv/detail/delete_param__builder.hpp
[3.230s] -- Up-to-date symlink: /home/athul/ros2_ws/install/rosapi_msgs/include/rosapi_msgs/srv/detail/delete_param__struct.hpp
[3.231s] -- Up-to-date symlink: /home/athul/ros2_ws/install/rosapi_msgs/include/rosapi_msgs/srv/detail/delete_param__traits.hpp
[3.231s] -- Up-to-date symlink: /home/athul/ros2_ws/install/rosapi_msgs/include/rosapi_msgs/srv/detail/get_action_servers__builder.hpp
[3.232s] -- Up-to-date symlink: /home/athul/ros2_ws/install/rosapi_msgs/include/rosapi_msgs/srv/detail/get_action_servers__struct.hpp
[3.232s] -- Up-to-date symlink: /home/athul/ros2_ws/install/rosapi_msgs/include/rosapi_msgs/srv/detail/get_action_servers__traits.hpp
[3.232s] -- Up-to-date symlink: /home/athul/ros2_ws/install/rosapi_msgs/include/rosapi_msgs/srv/detail/get_param__builder.hpp
[3.233s] -- Up-to-date symlink: /home/athul/ros2_ws/install/rosapi_msgs/include/rosapi_msgs/srv/detail/get_param__struct.hpp
[3.233s] -- Up-to-date symlink: /home/athul/ros2_ws/install/rosapi_msgs/include/rosapi_msgs/srv/detail/get_param__traits.hpp
[3.233s] -- Up-to-date symlink: /home/athul/ros2_ws/install/rosapi_msgs/include/rosapi_msgs/srv/detail/get_param_names__builder.hpp
[3.233s] -- Up-to-date symlink: /home/athul/ros2_ws/install/rosapi_msgs/include/rosapi_msgs/srv/detail/get_param_names__struct.hpp
[3.233s] -- Up-to-date symlink: /home/athul/ros2_ws/install/rosapi_msgs/include/rosapi_msgs/srv/detail/get_param_names__traits.hpp
[3.234s] -- Up-to-date symlink: /home/athul/ros2_ws/install/rosapi_msgs/include/rosapi_msgs/srv/detail/get_ros_version__builder.hpp
[3.234s] -- Up-to-date symlink: /home/athul/ros2_ws/install/rosapi_msgs/include/rosapi_msgs/srv/detail/get_ros_version__struct.hpp
[3.234s] -- Up-to-date symlink: /home/athul/ros2_ws/install/rosapi_msgs/include/rosapi_msgs/srv/detail/get_ros_version__traits.hpp
[3.234s] -- Up-to-date symlink: /home/athul/ros2_ws/install/rosapi_msgs/include/rosapi_msgs/srv/detail/get_time__builder.hpp
[3.235s] -- Up-to-date symlink: /home/athul/ros2_ws/install/rosapi_msgs/include/rosapi_msgs/srv/detail/get_time__struct.hpp
[3.235s] -- Up-to-date symlink: /home/athul/ros2_ws/install/rosapi_msgs/include/rosapi_msgs/srv/detail/get_time__traits.hpp
[3.236s] -- Up-to-date symlink: /home/athul/ros2_ws/install/rosapi_msgs/include/rosapi_msgs/srv/detail/has_param__builder.hpp
[3.237s] -- Up-to-date symlink: /home/athul/ros2_ws/install/rosapi_msgs/include/rosapi_msgs/srv/detail/has_param__struct.hpp
[3.237s] -- Up-to-date symlink: /home/athul/ros2_ws/install/rosapi_msgs/include/rosapi_msgs/srv/detail/has_param__traits.hpp
[3.238s] -- Up-to-date symlink: /home/athul/ros2_ws/install/rosapi_msgs/include/rosapi_msgs/srv/detail/message_details__builder.hpp
[3.238s] -- Up-to-date symlink: /home/athul/ros2_ws/install/rosapi_msgs/include/rosapi_msgs/srv/detail/message_details__struct.hpp
[3.239s] -- Up-to-date symlink: /home/athul/ros2_ws/install/rosapi_msgs/include/rosapi_msgs/srv/detail/message_details__traits.hpp
[3.239s] -- Up-to-date symlink: /home/athul/ros2_ws/install/rosapi_msgs/include/rosapi_msgs/srv/detail/node_details__builder.hpp
[3.239s] -- Up-to-date symlink: /home/athul/ros2_ws/install/rosapi_msgs/include/rosapi_msgs/srv/detail/node_details__struct.hpp
[3.239s] -- Up-to-date symlink: /home/athul/ros2_ws/install/rosapi_msgs/include/rosapi_msgs/srv/detail/node_details__traits.hpp
[3.240s] -- Up-to-date symlink: /home/athul/ros2_ws/install/rosapi_msgs/include/rosapi_msgs/srv/detail/nodes__builder.hpp
[3.240s] -- Up-to-date symlink: /home/athul/ros2_ws/install/rosapi_msgs/include/rosapi_msgs/srv/detail/nodes__struct.hpp
[3.241s] -- Up-to-date symlink: /home/athul/ros2_ws/install/rosapi_msgs/include/rosapi_msgs/srv/detail/nodes__traits.hpp
[3.242s] -- Up-to-date symlink: /home/athul/ros2_ws/install/rosapi_msgs/include/rosapi_msgs/srv/detail/publishers__builder.hpp
[3.242s] -- Up-to-date symlink: /home/athul/ros2_ws/install/rosapi_msgs/include/rosapi_msgs/srv/detail/publishers__struct.hpp
[3.243s] -- Up-to-date symlink: /home/athul/ros2_ws/install/rosapi_msgs/include/rosapi_msgs/srv/detail/publishers__traits.hpp
[3.243s] -- Up-to-date symlink: /home/athul/ros2_ws/install/rosapi_msgs/include/rosapi_msgs/srv/detail/service_node__builder.hpp
[3.243s] -- Up-to-date symlink: /home/athul/ros2_ws/install/rosapi_msgs/include/rosapi_msgs/srv/detail/service_node__struct.hpp
[3.243s] -- Up-to-date symlink: /home/athul/ros2_ws/install/rosapi_msgs/include/rosapi_msgs/srv/detail/service_node__traits.hpp
[3.244s] -- Up-to-date symlink: /home/athul/ros2_ws/install/rosapi_msgs/include/rosapi_msgs/srv/detail/service_providers__builder.hpp
[3.244s] -- Up-to-date symlink: /home/athul/ros2_ws/install/rosapi_msgs/include/rosapi_msgs/srv/detail/service_providers__struct.hpp
[3.244s] -- Up-to-date symlink: /home/athul/ros2_ws/install/rosapi_msgs/include/rosapi_msgs/srv/detail/service_providers__traits.hpp
[3.244s] -- Up-to-date symlink: /home/athul/ros2_ws/install/rosapi_msgs/include/rosapi_msgs/srv/detail/service_request_details__builder.hpp
[3.245s] -- Up-to-date symlink: /home/athul/ros2_ws/install/rosapi_msgs/include/rosapi_msgs/srv/detail/service_request_details__struct.hpp
[3.245s] -- Up-to-date symlink: /home/athul/ros2_ws/install/rosapi_msgs/include/rosapi_msgs/srv/detail/service_request_details__traits.hpp
[3.245s] -- Up-to-date symlink: /home/athul/ros2_ws/install/rosapi_msgs/include/rosapi_msgs/srv/detail/service_response_details__builder.hpp
[3.246s] -- Up-to-date symlink: /home/athul/ros2_ws/install/rosapi_msgs/include/rosapi_msgs/srv/detail/service_response_details__struct.hpp
[3.246s] -- Up-to-date symlink: /home/athul/ros2_ws/install/rosapi_msgs/include/rosapi_msgs/srv/detail/service_response_details__traits.hpp
[3.246s] -- Up-to-date symlink: /home/athul/ros2_ws/install/rosapi_msgs/include/rosapi_msgs/srv/detail/service_type__builder.hpp
[3.247s] -- Up-to-date symlink: /home/athul/ros2_ws/install/rosapi_msgs/include/rosapi_msgs/srv/detail/service_type__struct.hpp
[3.247s] -- Up-to-date symlink: /home/athul/ros2_ws/install/rosapi_msgs/include/rosapi_msgs/srv/detail/service_type__traits.hpp
[3.247s] -- Up-to-date symlink: /home/athul/ros2_ws/install/rosapi_msgs/include/rosapi_msgs/srv/detail/services__builder.hpp
[3.248s] -- Up-to-date symlink: /home/athul/ros2_ws/install/rosapi_msgs/include/rosapi_msgs/srv/detail/services__struct.hpp
[3.248s] -- Up-to-date symlink: /home/athul/ros2_ws/install/rosapi_msgs/include/rosapi_msgs/srv/detail/services__traits.hpp
[3.248s] -- Up-to-date symlink: /home/athul/ros2_ws/install/rosapi_msgs/include/rosapi_msgs/srv/detail/services_for_type__builder.hpp
[3.248s] -- Up-to-date symlink: /home/athul/ros2_ws/install/rosapi_msgs/include/rosapi_msgs/srv/detail/services_for_type__struct.hpp
[3.249s] -- Up-to-date symlink: /home/athul/ros2_ws/install/rosapi_msgs/include/rosapi_msgs/srv/detail/services_for_type__traits.hpp
[3.251s] -- Up-to-date symlink: /home/athul/ros2_ws/install/rosapi_msgs/include/rosapi_msgs/srv/detail/set_param__builder.hpp
[3.251s] -- Up-to-date symlink: /home/athul/ros2_ws/install/rosapi_msgs/include/rosapi_msgs/srv/detail/set_param__struct.hpp
[3.251s] -- Up-to-date symlink: /home/athul/ros2_ws/install/rosapi_msgs/include/rosapi_msgs/srv/detail/set_param__traits.hpp
[3.252s] -- Up-to-date symlink: /home/athul/ros2_ws/install/rosapi_msgs/include/rosapi_msgs/srv/detail/subscribers__builder.hpp
[3.252s] -- Up-to-date symlink: /home/athul/ros2_ws/install/rosapi_msgs/include/rosapi_msgs/srv/detail/subscribers__struct.hpp
[3.252s] -- Up-to-date symlink: /home/athul/ros2_ws/install/rosapi_msgs/include/rosapi_msgs/srv/detail/subscribers__traits.hpp
[3.252s] -- Up-to-date symlink: /home/athul/ros2_ws/install/rosapi_msgs/include/rosapi_msgs/srv/detail/topic_type__builder.hpp
[3.252s] -- Up-to-date symlink: /home/athul/ros2_ws/install/rosapi_msgs/include/rosapi_msgs/srv/detail/topic_type__struct.hpp
[3.253s] -- Up-to-date symlink: /home/athul/ros2_ws/install/rosapi_msgs/include/rosapi_msgs/srv/detail/topic_type__traits.hpp
[3.253s] -- Up-to-date symlink: /home/athul/ros2_ws/install/rosapi_msgs/include/rosapi_msgs/srv/detail/topics__builder.hpp
[3.253s] -- Up-to-date symlink: /home/athul/ros2_ws/install/rosapi_msgs/include/rosapi_msgs/srv/detail/topics__struct.hpp
[3.254s] -- Up-to-date symlink: /home/athul/ros2_ws/install/rosapi_msgs/include/rosapi_msgs/srv/detail/topics__traits.hpp
[3.254s] -- Up-to-date symlink: /home/athul/ros2_ws/install/rosapi_msgs/include/rosapi_msgs/srv/detail/topics_and_raw_types__builder.hpp
[3.254s] -- Up-to-date symlink: /home/athul/ros2_ws/install/rosapi_msgs/include/rosapi_msgs/srv/detail/topics_and_raw_types__struct.hpp
[3.255s] -- Up-to-date symlink: /home/athul/ros2_ws/install/rosapi_msgs/include/rosapi_msgs/srv/detail/topics_and_raw_types__traits.hpp
[3.255s] -- Up-to-date symlink: /home/athul/ros2_ws/install/rosapi_msgs/include/rosapi_msgs/srv/detail/topics_for_type__builder.hpp
[3.255s] -- Up-to-date symlink: /home/athul/ros2_ws/install/rosapi_msgs/include/rosapi_msgs/srv/detail/topics_for_type__struct.hpp
[3.255s] -- Up-to-date symlink: /home/athul/ros2_ws/install/rosapi_msgs/include/rosapi_msgs/srv/detail/topics_for_type__traits.hpp
[3.256s] -- Up-to-date symlink: /home/athul/ros2_ws/install/rosapi_msgs/include/rosapi_msgs/srv/get_action_servers.hpp
[3.256s] -- Up-to-date symlink: /home/athul/ros2_ws/install/rosapi_msgs/include/rosapi_msgs/srv/get_param.hpp
[3.256s] -- Up-to-date symlink: /home/athul/ros2_ws/install/rosapi_msgs/include/rosapi_msgs/srv/get_param_names.hpp
[3.257s] -- Up-to-date symlink: /home/athul/ros2_ws/install/rosapi_msgs/include/rosapi_msgs/srv/get_ros_version.hpp
[3.257s] -- Up-to-date symlink: /home/athul/ros2_ws/install/rosapi_msgs/include/rosapi_msgs/srv/get_time.hpp
[3.258s] -- Up-to-date symlink: /home/athul/ros2_ws/install/rosapi_msgs/include/rosapi_msgs/srv/has_param.hpp
[3.258s] -- Up-to-date symlink: /home/athul/ros2_ws/install/rosapi_msgs/include/rosapi_msgs/srv/message_details.hpp
[3.258s] -- Up-to-date symlink: /home/athul/ros2_ws/install/rosapi_msgs/include/rosapi_msgs/srv/node_details.hpp
[3.258s] -- Up-to-date symlink: /home/athul/ros2_ws/install/rosapi_msgs/include/rosapi_msgs/srv/nodes.hpp
[3.259s] -- Up-to-date symlink: /home/athul/ros2_ws/install/rosapi_msgs/include/rosapi_msgs/srv/publishers.hpp
[3.260s] -- Up-to-date symlink: /home/athul/ros2_ws/install/rosapi_msgs/include/rosapi_msgs/srv/service_node.hpp
[3.260s] -- Up-to-date symlink: /home/athul/ros2_ws/install/rosapi_msgs/include/rosapi_msgs/srv/service_providers.hpp
[3.261s] -- Up-to-date symlink: /home/athul/ros2_ws/install/rosapi_msgs/include/rosapi_msgs/srv/service_request_details.hpp
[3.261s] -- Up-to-date symlink: /home/athul/ros2_ws/install/rosapi_msgs/include/rosapi_msgs/srv/service_response_details.hpp
[3.261s] -- Up-to-date symlink: /home/athul/ros2_ws/install/rosapi_msgs/include/rosapi_msgs/srv/service_type.hpp
[3.261s] -- Up-to-date symlink: /home/athul/ros2_ws/install/rosapi_msgs/include/rosapi_msgs/srv/services.hpp
[3.262s] -- Up-to-date symlink: /home/athul/ros2_ws/install/rosapi_msgs/include/rosapi_msgs/srv/services_for_type.hpp
[3.262s] -- Up-to-date symlink: /home/athul/ros2_ws/install/rosapi_msgs/include/rosapi_msgs/srv/set_param.hpp
[3.263s] -- Up-to-date symlink: /home/athul/ros2_ws/install/rosapi_msgs/include/rosapi_msgs/srv/subscribers.hpp
[3.263s] -- Up-to-date symlink: /home/athul/ros2_ws/install/rosapi_msgs/include/rosapi_msgs/srv/topic_type.hpp
[3.263s] -- Up-to-date symlink: /home/athul/ros2_ws/install/rosapi_msgs/include/rosapi_msgs/srv/topics.hpp
[3.263s] -- Up-to-date symlink: /home/athul/ros2_ws/install/rosapi_msgs/include/rosapi_msgs/srv/topics_and_raw_types.hpp
[3.264s] -- Up-to-date symlink: /home/athul/ros2_ws/install/rosapi_msgs/include/rosapi_msgs/srv/topics_for_type.hpp
[3.264s] -- Up-to-date symlink: /home/athul/ros2_ws/install/rosapi_msgs/include/rosapi_msgs/msg/detail/type_def__rosidl_typesupport_introspection_cpp.hpp
[3.264s] -- Up-to-date symlink: /home/athul/ros2_ws/install/rosapi_msgs/include/rosapi_msgs/srv/detail/delete_param__rosidl_typesupport_introspection_cpp.hpp
[3.265s] -- Up-to-date symlink: /home/athul/ros2_ws/install/rosapi_msgs/include/rosapi_msgs/srv/detail/get_action_servers__rosidl_typesupport_introspection_cpp.hpp
[3.265s] -- Up-to-date symlink: /home/athul/ros2_ws/install/rosapi_msgs/include/rosapi_msgs/srv/detail/get_param__rosidl_typesupport_introspection_cpp.hpp
[3.266s] -- Up-to-date symlink: /home/athul/ros2_ws/install/rosapi_msgs/include/rosapi_msgs/srv/detail/get_param_names__rosidl_typesupport_introspection_cpp.hpp
[3.268s] -- Up-to-date symlink: /home/athul/ros2_ws/install/rosapi_msgs/include/rosapi_msgs/srv/detail/get_ros_version__rosidl_typesupport_introspection_cpp.hpp
[3.268s] -- Up-to-date symlink: /home/athul/ros2_ws/install/rosapi_msgs/include/rosapi_msgs/srv/detail/get_time__rosidl_typesupport_introspection_cpp.hpp
[3.269s] -- Up-to-date symlink: /home/athul/ros2_ws/install/rosapi_msgs/include/rosapi_msgs/srv/detail/has_param__rosidl_typesupport_introspection_cpp.hpp
[3.269s] -- Up-to-date symlink: /home/athul/ros2_ws/install/rosapi_msgs/include/rosapi_msgs/srv/detail/message_details__rosidl_typesupport_introspection_cpp.hpp
[3.269s] -- Up-to-date symlink: /home/athul/ros2_ws/install/rosapi_msgs/include/rosapi_msgs/srv/detail/node_details__rosidl_typesupport_introspection_cpp.hpp
[3.270s] -- Up-to-date symlink: /home/athul/ros2_ws/install/rosapi_msgs/include/rosapi_msgs/srv/detail/nodes__rosidl_typesupport_introspection_cpp.hpp
[3.270s] -- Up-to-date symlink: /home/athul/ros2_ws/install/rosapi_msgs/include/rosapi_msgs/srv/detail/publishers__rosidl_typesupport_introspection_cpp.hpp
[3.270s] -- Up-to-date symlink: /home/athul/ros2_ws/install/rosapi_msgs/include/rosapi_msgs/srv/detail/service_node__rosidl_typesupport_introspection_cpp.hpp
[3.277s] -- Up-to-date symlink: /home/athul/ros2_ws/install/rosapi_msgs/include/rosapi_msgs/srv/detail/service_providers__rosidl_typesupport_introspection_cpp.hpp
[3.278s] -- Up-to-date symlink: /home/athul/ros2_ws/install/rosapi_msgs/include/rosapi_msgs/srv/detail/service_request_details__rosidl_typesupport_introspection_cpp.hpp
[3.278s] -- Up-to-date symlink: /home/athul/ros2_ws/install/rosapi_msgs/include/rosapi_msgs/srv/detail/service_response_details__rosidl_typesupport_introspection_cpp.hpp
[3.278s] -- Up-to-date symlink: /home/athul/ros2_ws/install/rosapi_msgs/include/rosapi_msgs/srv/detail/service_type__rosidl_typesupport_introspection_cpp.hpp
[3.279s] -- Up-to-date symlink: /home/athul/ros2_ws/install/rosapi_msgs/include/rosapi_msgs/srv/detail/services__rosidl_typesupport_introspection_cpp.hpp
[3.279s] -- Up-to-date symlink: /home/athul/ros2_ws/install/rosapi_msgs/include/rosapi_msgs/srv/detail/services_for_type__rosidl_typesupport_introspection_cpp.hpp
[3.280s] -- Up-to-date symlink: /home/athul/ros2_ws/install/rosapi_msgs/include/rosapi_msgs/srv/detail/set_param__rosidl_typesupport_introspection_cpp.hpp
[3.280s] -- Up-to-date symlink: /home/athul/ros2_ws/install/rosapi_msgs/include/rosapi_msgs/srv/detail/subscribers__rosidl_typesupport_introspection_cpp.hpp
[3.281s] -- Up-to-date symlink: /home/athul/ros2_ws/install/rosapi_msgs/include/rosapi_msgs/srv/detail/topic_type__rosidl_typesupport_introspection_cpp.hpp
[3.281s] -- Up-to-date symlink: /home/athul/ros2_ws/install/rosapi_msgs/include/rosapi_msgs/srv/detail/topics__rosidl_typesupport_introspection_cpp.hpp
[3.291s] -- Up-to-date symlink: /home/athul/ros2_ws/install/rosapi_msgs/include/rosapi_msgs/srv/detail/topics_and_raw_types__rosidl_typesupport_introspection_cpp.hpp
[3.291s] -- Up-to-date symlink: /home/athul/ros2_ws/install/rosapi_msgs/include/rosapi_msgs/srv/detail/topics_for_type__rosidl_typesupport_introspection_cpp.hpp
[3.292s] -- Up-to-date symlink: /home/athul/ros2_ws/install/rosapi_msgs/share/rosapi_msgs/environment/pythonpath.sh
[3.292s] -- Up-to-date symlink: /home/athul/ros2_ws/install/rosapi_msgs/share/rosapi_msgs/environment/pythonpath.dsv
[3.292s] -- Up-to-date symlink: /home/athul/ros2_ws/install/rosapi_msgs/lib/python3.8/site-packages/rosapi_msgs/__init__.py
[3.293s] -- Up-to-date symlink: /home/athul/ros2_ws/install/rosapi_msgs/lib/python3.8/site-packages/rosapi_msgs/msg/__init__.py
[3.293s] -- Up-to-date symlink: /home/athul/ros2_ws/install/rosapi_msgs/lib/python3.8/site-packages/rosapi_msgs/msg/_type_def.py
[3.293s] -- Up-to-date symlink: /home/athul/ros2_ws/install/rosapi_msgs/lib/python3.8/site-packages/rosapi_msgs/srv/__init__.py
[3.294s] -- Up-to-date symlink: /home/athul/ros2_ws/install/rosapi_msgs/lib/python3.8/site-packages/rosapi_msgs/srv/_delete_param.py
[3.294s] -- Up-to-date symlink: /home/athul/ros2_ws/install/rosapi_msgs/lib/python3.8/site-packages/rosapi_msgs/srv/_get_action_servers.py
[3.295s] -- Up-to-date symlink: /home/athul/ros2_ws/install/rosapi_msgs/lib/python3.8/site-packages/rosapi_msgs/srv/_get_param.py
[3.295s] -- Up-to-date symlink: /home/athul/ros2_ws/install/rosapi_msgs/lib/python3.8/site-packages/rosapi_msgs/srv/_get_param_names.py
[3.295s] -- Up-to-date symlink: /home/athul/ros2_ws/install/rosapi_msgs/lib/python3.8/site-packages/rosapi_msgs/srv/_get_ros_version.py
[3.296s] -- Up-to-date symlink: /home/athul/ros2_ws/install/rosapi_msgs/lib/python3.8/site-packages/rosapi_msgs/srv/_get_time.py
[3.297s] -- Up-to-date symlink: /home/athul/ros2_ws/install/rosapi_msgs/lib/python3.8/site-packages/rosapi_msgs/srv/_has_param.py
[3.297s] -- Up-to-date symlink: /home/athul/ros2_ws/install/rosapi_msgs/lib/python3.8/site-packages/rosapi_msgs/srv/_message_details.py
[3.298s] -- Up-to-date symlink: /home/athul/ros2_ws/install/rosapi_msgs/lib/python3.8/site-packages/rosapi_msgs/srv/_node_details.py
[3.298s] -- Up-to-date symlink: /home/athul/ros2_ws/install/rosapi_msgs/lib/python3.8/site-packages/rosapi_msgs/srv/_nodes.py
[3.298s] -- Up-to-date symlink: /home/athul/ros2_ws/install/rosapi_msgs/lib/python3.8/site-packages/rosapi_msgs/srv/_publishers.py
[3.299s] -- Up-to-date symlink: /home/athul/ros2_ws/install/rosapi_msgs/lib/python3.8/site-packages/rosapi_msgs/srv/_service_node.py
[3.300s] -- Up-to-date symlink: /home/athul/ros2_ws/install/rosapi_msgs/lib/python3.8/site-packages/rosapi_msgs/srv/_service_providers.py
[3.300s] -- Up-to-date symlink: /home/athul/ros2_ws/install/rosapi_msgs/lib/python3.8/site-packages/rosapi_msgs/srv/_service_request_details.py
[3.303s] -- Up-to-date symlink: /home/athul/ros2_ws/install/rosapi_msgs/lib/python3.8/site-packages/rosapi_msgs/srv/_service_response_details.py
[3.303s] -- Up-to-date symlink: /home/athul/ros2_ws/install/rosapi_msgs/lib/python3.8/site-packages/rosapi_msgs/srv/_service_type.py
[3.303s] -- Up-to-date symlink: /home/athul/ros2_ws/install/rosapi_msgs/lib/python3.8/site-packages/rosapi_msgs/srv/_services.py
[3.304s] -- Up-to-date symlink: /home/athul/ros2_ws/install/rosapi_msgs/lib/python3.8/site-packages/rosapi_msgs/srv/_services_for_type.py
[3.304s] -- Up-to-date symlink: /home/athul/ros2_ws/install/rosapi_msgs/lib/python3.8/site-packages/rosapi_msgs/srv/_set_param.py
[3.304s] -- Up-to-date symlink: /home/athul/ros2_ws/install/rosapi_msgs/lib/python3.8/site-packages/rosapi_msgs/srv/_subscribers.py
[3.305s] -- Up-to-date symlink: /home/athul/ros2_ws/install/rosapi_msgs/lib/python3.8/site-packages/rosapi_msgs/srv/_topic_type.py
[3.312s] -- Up-to-date symlink: /home/athul/ros2_ws/install/rosapi_msgs/lib/python3.8/site-packages/rosapi_msgs/srv/_topics.py
[3.315s] -- Up-to-date symlink: /home/athul/ros2_ws/install/rosapi_msgs/lib/python3.8/site-packages/rosapi_msgs/srv/_topics_and_raw_types.py
[3.315s] -- Up-to-date symlink: /home/athul/ros2_ws/install/rosapi_msgs/lib/python3.8/site-packages/rosapi_msgs/srv/_topics_for_type.py
[3.315s] -- Up-to-date symlink: /home/athul/ros2_ws/install/rosapi_msgs/lib/python3.8/site-packages/rosapi_msgs/rosapi_msgs_s__rosidl_typesupport_fastrtps_c.cpython-38-x86_64-linux-gnu.so
[3.315s] -- Up-to-date symlink: /home/athul/ros2_ws/install/rosapi_msgs/lib/python3.8/site-packages/rosapi_msgs/rosapi_msgs_s__rosidl_typesupport_introspection_c.cpython-38-x86_64-linux-gnu.so
[3.315s] -- Up-to-date symlink: /home/athul/ros2_ws/install/rosapi_msgs/lib/python3.8/site-packages/rosapi_msgs/rosapi_msgs_s__rosidl_typesupport_c.cpython-38-x86_64-linux-gnu.so
[3.315s] -- Up-to-date symlink: /home/athul/ros2_ws/install/rosapi_msgs/lib/librosapi_msgs__python.so
[3.316s] -- Up-to-date symlink: /home/athul/ros2_ws/install/rosapi_msgs/share/rosapi_msgs/msg/TypeDef.idl
[3.316s] -- Up-to-date symlink: /home/athul/ros2_ws/install/rosapi_msgs/share/rosapi_msgs/srv/DeleteParam.idl
[3.317s] -- Up-to-date symlink: /home/athul/ros2_ws/install/rosapi_msgs/share/rosapi_msgs/srv/GetActionServers.idl
[3.317s] -- Up-to-date symlink: /home/athul/ros2_ws/install/rosapi_msgs/share/rosapi_msgs/srv/GetParam.idl
[3.318s] -- Up-to-date symlink: /home/athul/ros2_ws/install/rosapi_msgs/share/rosapi_msgs/srv/GetParamNames.idl
[3.318s] -- Up-to-date symlink: /home/athul/ros2_ws/install/rosapi_msgs/share/rosapi_msgs/srv/GetROSVersion.idl
[3.318s] -- Up-to-date symlink: /home/athul/ros2_ws/install/rosapi_msgs/share/rosapi_msgs/srv/GetTime.idl
[3.321s] -- Up-to-date symlink: /home/athul/ros2_ws/install/rosapi_msgs/share/rosapi_msgs/srv/HasParam.idl
[3.321s] -- Up-to-date symlink: /home/athul/ros2_ws/install/rosapi_msgs/share/rosapi_msgs/srv/MessageDetails.idl
[3.322s] -- Up-to-date symlink: /home/athul/ros2_ws/install/rosapi_msgs/share/rosapi_msgs/srv/Nodes.idl
[3.323s] -- Up-to-date symlink: /home/athul/ros2_ws/install/rosapi_msgs/share/rosapi_msgs/srv/NodeDetails.idl
[3.329s] -- Up-to-date symlink: /home/athul/ros2_ws/install/rosapi_msgs/share/rosapi_msgs/srv/Publishers.idl
[3.330s] -- Up-to-date symlink: /home/athul/ros2_ws/install/rosapi_msgs/share/rosapi_msgs/srv/ServiceNode.idl
[3.330s] -- Up-to-date symlink: /home/athul/ros2_ws/install/rosapi_msgs/share/rosapi_msgs/srv/ServiceProviders.idl
[3.330s] -- Up-to-date symlink: /home/athul/ros2_ws/install/rosapi_msgs/share/rosapi_msgs/srv/ServiceRequestDetails.idl
[3.331s] -- Up-to-date symlink: /home/athul/ros2_ws/install/rosapi_msgs/share/rosapi_msgs/srv/ServiceResponseDetails.idl
[3.331s] -- Up-to-date symlink: /home/athul/ros2_ws/install/rosapi_msgs/share/rosapi_msgs/srv/Services.idl
[3.331s] -- Up-to-date symlink: /home/athul/ros2_ws/install/rosapi_msgs/share/rosapi_msgs/srv/ServicesForType.idl
[3.331s] -- Up-to-date symlink: /home/athul/ros2_ws/install/rosapi_msgs/share/rosapi_msgs/srv/ServiceType.idl
[3.331s] -- Up-to-date symlink: /home/athul/ros2_ws/install/rosapi_msgs/share/rosapi_msgs/srv/SetParam.idl
[3.332s] -- Up-to-date symlink: /home/athul/ros2_ws/install/rosapi_msgs/share/rosapi_msgs/srv/Subscribers.idl
[3.332s] -- Up-to-date symlink: /home/athul/ros2_ws/install/rosapi_msgs/share/rosapi_msgs/srv/Topics.idl
[3.333s] -- Up-to-date symlink: /home/athul/ros2_ws/install/rosapi_msgs/share/rosapi_msgs/srv/TopicsAndRawTypes.idl
[3.333s] -- Up-to-date symlink: /home/athul/ros2_ws/install/rosapi_msgs/share/rosapi_msgs/srv/TopicsForType.idl
[3.334s] -- Up-to-date symlink: /home/athul/ros2_ws/install/rosapi_msgs/share/rosapi_msgs/srv/TopicType.idl
[3.334s] -- Up-to-date symlink: /home/athul/ros2_ws/install/rosapi_msgs/share/rosapi_msgs/msg/TypeDef.msg
[3.335s] -- Up-to-date symlink: /home/athul/ros2_ws/install/rosapi_msgs/share/rosapi_msgs/srv/DeleteParam.srv
[3.335s] -- Up-to-date symlink: /home/athul/ros2_ws/install/rosapi_msgs/share/rosapi_msgs/srv/DeleteParam_Request.msg
[3.335s] -- Up-to-date symlink: /home/athul/ros2_ws/install/rosapi_msgs/share/rosapi_msgs/srv/DeleteParam_Response.msg
[3.335s] -- Up-to-date symlink: /home/athul/ros2_ws/install/rosapi_msgs/share/rosapi_msgs/srv/GetActionServers.srv
[3.336s] -- Up-to-date symlink: /home/athul/ros2_ws/install/rosapi_msgs/share/rosapi_msgs/srv/GetActionServers_Request.msg
[3.339s] -- Up-to-date symlink: /home/athul/ros2_ws/install/rosapi_msgs/share/rosapi_msgs/srv/GetActionServers_Response.msg
[3.339s] -- Up-to-date symlink: /home/athul/ros2_ws/install/rosapi_msgs/share/rosapi_msgs/srv/GetParam.srv
[3.340s] -- Up-to-date symlink: /home/athul/ros2_ws/install/rosapi_msgs/share/rosapi_msgs/srv/GetParam_Request.msg
[3.341s] -- Up-to-date symlink: /home/athul/ros2_ws/install/rosapi_msgs/share/rosapi_msgs/srv/GetParam_Response.msg
[3.341s] -- Up-to-date symlink: /home/athul/ros2_ws/install/rosapi_msgs/share/rosapi_msgs/srv/GetParamNames.srv
[3.341s] -- Up-to-date symlink: /home/athul/ros2_ws/install/rosapi_msgs/share/rosapi_msgs/srv/GetParamNames_Request.msg
[3.341s] -- Up-to-date symlink: /home/athul/ros2_ws/install/rosapi_msgs/share/rosapi_msgs/srv/GetParamNames_Response.msg
[3.342s] -- Up-to-date symlink: /home/athul/ros2_ws/install/rosapi_msgs/share/rosapi_msgs/srv/GetROSVersion.srv
[3.342s] -- Up-to-date symlink: /home/athul/ros2_ws/install/rosapi_msgs/share/rosapi_msgs/srv/GetROSVersion_Request.msg
[3.346s] -- Up-to-date symlink: /home/athul/ros2_ws/install/rosapi_msgs/share/rosapi_msgs/srv/GetROSVersion_Response.msg
[3.347s] -- Up-to-date symlink: /home/athul/ros2_ws/install/rosapi_msgs/share/rosapi_msgs/srv/GetTime.srv
[3.353s] -- Up-to-date symlink: /home/athul/ros2_ws/install/rosapi_msgs/share/rosapi_msgs/srv/GetTime_Request.msg
[3.354s] -- Up-to-date symlink: /home/athul/ros2_ws/install/rosapi_msgs/share/rosapi_msgs/srv/GetTime_Response.msg
[3.354s] -- Up-to-date symlink: /home/athul/ros2_ws/install/rosapi_msgs/share/rosapi_msgs/srv/HasParam.srv
[3.354s] -- Up-to-date symlink: /home/athul/ros2_ws/install/rosapi_msgs/share/rosapi_msgs/srv/HasParam_Request.msg
[3.355s] -- Up-to-date symlink: /home/athul/ros2_ws/install/rosapi_msgs/share/rosapi_msgs/srv/HasParam_Response.msg
[3.355s] -- Up-to-date symlink: /home/athul/ros2_ws/install/rosapi_msgs/share/rosapi_msgs/srv/MessageDetails.srv
[3.355s] -- Up-to-date symlink: /home/athul/ros2_ws/install/rosapi_msgs/share/rosapi_msgs/srv/MessageDetails_Request.msg
[3.356s] -- Up-to-date symlink: /home/athul/ros2_ws/install/rosapi_msgs/share/rosapi_msgs/srv/MessageDetails_Response.msg
[3.356s] -- Up-to-date symlink: /home/athul/ros2_ws/install/rosapi_msgs/share/rosapi_msgs/srv/Nodes.srv
[3.357s] -- Up-to-date symlink: /home/athul/ros2_ws/install/rosapi_msgs/share/rosapi_msgs/srv/Nodes_Request.msg
[3.358s] -- Up-to-date symlink: /home/athul/ros2_ws/install/rosapi_msgs/share/rosapi_msgs/srv/Nodes_Response.msg
[3.360s] -- Up-to-date symlink: /home/athul/ros2_ws/install/rosapi_msgs/share/rosapi_msgs/srv/NodeDetails.srv
[3.360s] -- Up-to-date symlink: /home/athul/ros2_ws/install/rosapi_msgs/share/rosapi_msgs/srv/NodeDetails_Request.msg
[3.360s] -- Up-to-date symlink: /home/athul/ros2_ws/install/rosapi_msgs/share/rosapi_msgs/srv/NodeDetails_Response.msg
[3.362s] -- Up-to-date symlink: /home/athul/ros2_ws/install/rosapi_msgs/share/rosapi_msgs/srv/Publishers.srv
[3.363s] -- Up-to-date symlink: /home/athul/ros2_ws/install/rosapi_msgs/share/rosapi_msgs/srv/Publishers_Request.msg
[3.368s] -- Up-to-date symlink: /home/athul/ros2_ws/install/rosapi_msgs/share/rosapi_msgs/srv/Publishers_Response.msg
[3.369s] -- Up-to-date symlink: /home/athul/ros2_ws/install/rosapi_msgs/share/rosapi_msgs/srv/ServiceNode.srv
[3.369s] -- Up-to-date symlink: /home/athul/ros2_ws/install/rosapi_msgs/share/rosapi_msgs/srv/ServiceNode_Request.msg
[3.370s] -- Up-to-date symlink: /home/athul/ros2_ws/install/rosapi_msgs/share/rosapi_msgs/srv/ServiceNode_Response.msg
[3.370s] -- Up-to-date symlink: /home/athul/ros2_ws/install/rosapi_msgs/share/rosapi_msgs/srv/ServiceProviders.srv
[3.370s] -- Up-to-date symlink: /home/athul/ros2_ws/install/rosapi_msgs/share/rosapi_msgs/srv/ServiceProviders_Request.msg
[3.371s] -- Up-to-date symlink: /home/athul/ros2_ws/install/rosapi_msgs/share/rosapi_msgs/srv/ServiceProviders_Response.msg
[3.371s] -- Up-to-date symlink: /home/athul/ros2_ws/install/rosapi_msgs/share/rosapi_msgs/srv/ServiceRequestDetails.srv
[3.371s] -- Up-to-date symlink: /home/athul/ros2_ws/install/rosapi_msgs/share/rosapi_msgs/srv/ServiceRequestDetails_Request.msg
[3.372s] -- Up-to-date symlink: /home/athul/ros2_ws/install/rosapi_msgs/share/rosapi_msgs/srv/ServiceRequestDetails_Response.msg
[3.372s] -- Up-to-date symlink: /home/athul/ros2_ws/install/rosapi_msgs/share/rosapi_msgs/srv/ServiceResponseDetails.srv
[3.372s] -- Up-to-date symlink: /home/athul/ros2_ws/install/rosapi_msgs/share/rosapi_msgs/srv/ServiceResponseDetails_Request.msg
[3.375s] -- Up-to-date symlink: /home/athul/ros2_ws/install/rosapi_msgs/share/rosapi_msgs/srv/ServiceResponseDetails_Response.msg
[3.375s] -- Up-to-date symlink: /home/athul/ros2_ws/install/rosapi_msgs/share/rosapi_msgs/srv/Services.srv
[3.379s] -- Up-to-date symlink: /home/athul/ros2_ws/install/rosapi_msgs/share/rosapi_msgs/srv/Services_Request.msg
[3.379s] -- Up-to-date symlink: /home/athul/ros2_ws/install/rosapi_msgs/share/rosapi_msgs/srv/Services_Response.msg
[3.379s] -- Up-to-date symlink: /home/athul/ros2_ws/install/rosapi_msgs/share/rosapi_msgs/srv/ServicesForType.srv
[3.380s] -- Up-to-date symlink: /home/athul/ros2_ws/install/rosapi_msgs/share/rosapi_msgs/srv/ServicesForType_Request.msg
[3.380s] -- Up-to-date symlink: /home/athul/ros2_ws/install/rosapi_msgs/share/rosapi_msgs/srv/ServicesForType_Response.msg
[3.380s] -- Up-to-date symlink: /home/athul/ros2_ws/install/rosapi_msgs/share/rosapi_msgs/srv/ServiceType.srv
[3.381s] -- Up-to-date symlink: /home/athul/ros2_ws/install/rosapi_msgs/share/rosapi_msgs/srv/ServiceType_Request.msg
[3.381s] -- Up-to-date symlink: /home/athul/ros2_ws/install/rosapi_msgs/share/rosapi_msgs/srv/ServiceType_Response.msg
[3.381s] -- Up-to-date symlink: /home/athul/ros2_ws/install/rosapi_msgs/share/rosapi_msgs/srv/SetParam.srv
[3.384s] -- Up-to-date symlink: /home/athul/ros2_ws/install/rosapi_msgs/share/rosapi_msgs/srv/SetParam_Request.msg
[3.385s] -- Up-to-date symlink: /home/athul/ros2_ws/install/rosapi_msgs/share/rosapi_msgs/srv/SetParam_Response.msg
[3.385s] -- Up-to-date symlink: /home/athul/ros2_ws/install/rosapi_msgs/share/rosapi_msgs/srv/Subscribers.srv
[3.385s] -- Up-to-date symlink: /home/athul/ros2_ws/install/rosapi_msgs/share/rosapi_msgs/srv/Subscribers_Request.msg
[3.386s] -- Up-to-date symlink: /home/athul/ros2_ws/install/rosapi_msgs/share/rosapi_msgs/srv/Subscribers_Response.msg
[3.386s] -- Up-to-date symlink: /home/athul/ros2_ws/install/rosapi_msgs/share/rosapi_msgs/srv/Topics.srv
[3.387s] -- Up-to-date symlink: /home/athul/ros2_ws/install/rosapi_msgs/share/rosapi_msgs/srv/Topics_Request.msg
[3.387s] -- Up-to-date symlink: /home/athul/ros2_ws/install/rosapi_msgs/share/rosapi_msgs/srv/Topics_Response.msg
[3.388s] -- Up-to-date symlink: /home/athul/ros2_ws/install/rosapi_msgs/share/rosapi_msgs/srv/TopicsAndRawTypes.srv
[3.389s] -- Up-to-date symlink: /home/athul/ros2_ws/install/rosapi_msgs/share/rosapi_msgs/srv/TopicsAndRawTypes_Request.msg
[3.391s] -- Up-to-date symlink: /home/athul/ros2_ws/install/rosapi_msgs/share/rosapi_msgs/srv/TopicsAndRawTypes_Response.msg
[3.391s] -- Up-to-date symlink: /home/athul/ros2_ws/install/rosapi_msgs/share/rosapi_msgs/srv/TopicsForType.srv
[3.393s] -- Up-to-date symlink: /home/athul/ros2_ws/install/rosapi_msgs/share/rosapi_msgs/srv/TopicsForType_Request.msg
[3.396s] -- Up-to-date symlink: /home/athul/ros2_ws/install/rosapi_msgs/share/rosapi_msgs/srv/TopicsForType_Response.msg
[3.397s] -- Up-to-date symlink: /home/athul/ros2_ws/install/rosapi_msgs/share/rosapi_msgs/srv/TopicType.srv
[3.397s] -- Up-to-date symlink: /home/athul/ros2_ws/install/rosapi_msgs/share/rosapi_msgs/srv/TopicType_Request.msg
[3.398s] -- Up-to-date symlink: /home/athul/ros2_ws/install/rosapi_msgs/share/rosapi_msgs/srv/TopicType_Response.msg
[3.399s] -- Up-to-date symlink: /home/athul/ros2_ws/install/rosapi_msgs/share/ament_index/resource_index/package_run_dependencies/rosapi_msgs
[3.400s] -- Up-to-date symlink: /home/athul/ros2_ws/install/rosapi_msgs/share/ament_index/resource_index/parent_prefix_path/rosapi_msgs
[3.401s] -- Up-to-date symlink: /home/athul/ros2_ws/install/rosapi_msgs/share/rosapi_msgs/environment/ament_prefix_path.sh
[3.403s] -- Up-to-date symlink: /home/athul/ros2_ws/install/rosapi_msgs/share/rosapi_msgs/environment/ament_prefix_path.dsv
[3.404s] -- Up-to-date symlink: /home/athul/ros2_ws/install/rosapi_msgs/share/rosapi_msgs/environment/path.sh
[3.406s] -- Up-to-date symlink: /home/athul/ros2_ws/install/rosapi_msgs/share/rosapi_msgs/environment/path.dsv
[3.407s] -- Up-to-date symlink: /home/athul/ros2_ws/install/rosapi_msgs/share/rosapi_msgs/local_setup.bash
[3.409s] -- Up-to-date symlink: /home/athul/ros2_ws/install/rosapi_msgs/share/rosapi_msgs/local_setup.sh
[3.411s] -- Up-to-date symlink: /home/athul/ros2_ws/install/rosapi_msgs/share/rosapi_msgs/local_setup.zsh
[3.413s] -- Up-to-date symlink: /home/athul/ros2_ws/install/rosapi_msgs/share/rosapi_msgs/local_setup.dsv
[3.414s] -- Symlinking: /home/athul/ros2_ws/install/rosapi_msgs/share/rosapi_msgs/package.dsv
[3.460s] -- Up-to-date symlink: /home/athul/ros2_ws/install/rosapi_msgs/share/ament_index/resource_index/packages/rosapi_msgs
[3.460s] -- Up-to-date symlink: /home/athul/ros2_ws/install/rosapi_msgs/share/rosapi_msgs/cmake/rosidl_cmake-extras.cmake
[3.460s] -- Up-to-date symlink: /home/athul/ros2_ws/install/rosapi_msgs/share/rosapi_msgs/cmake/ament_cmake_export_dependencies-extras.cmake
[3.461s] -- Up-to-date symlink: /home/athul/ros2_ws/install/rosapi_msgs/share/rosapi_msgs/cmake/ament_cmake_export_libraries-extras.cmake
[3.461s] -- Up-to-date symlink: /home/athul/ros2_ws/install/rosapi_msgs/share/rosapi_msgs/cmake/ament_cmake_export_targets-extras.cmake
[3.462s] -- Up-to-date symlink: /home/athul/ros2_ws/install/rosapi_msgs/share/rosapi_msgs/cmake/ament_cmake_export_include_directories-extras.cmake
[3.462s] -- Up-to-date symlink: /home/athul/ros2_ws/install/rosapi_msgs/share/rosapi_msgs/cmake/rosidl_cmake_export_typesupport_libraries-extras.cmake
[3.463s] -- Up-to-date symlink: /home/athul/ros2_ws/install/rosapi_msgs/share/rosapi_msgs/cmake/rosidl_cmake_export_typesupport_targets-extras.cmake
[3.464s] -- Up-to-date symlink: /home/athul/ros2_ws/install/rosapi_msgs/share/rosapi_msgs/cmake/rosapi_msgsConfig.cmake
[3.464s] -- Up-to-date symlink: /home/athul/ros2_ws/install/rosapi_msgs/share/rosapi_msgs/cmake/rosapi_msgsConfig-version.cmake
[3.475s] -- Up-to-date symlink: /home/athul/ros2_ws/install/rosapi_msgs/share/rosapi_msgs/package.xml
[3.476s] -- Up-to-date: /home/athul/ros2_ws/install/rosapi_msgs/lib/librosapi_msgs__rosidl_generator_c.so
[3.477s] -- Up-to-date: /home/athul/ros2_ws/install/rosapi_msgs/lib/librosapi_msgs__rosidl_typesupport_introspection_c.so
[3.478s] -- Up-to-date: /home/athul/ros2_ws/install/rosapi_msgs/lib/librosapi_msgs__rosidl_typesupport_c.so
[3.479s] -- Up-to-date: /home/athul/ros2_ws/install/rosapi_msgs/lib/librosapi_msgs__rosidl_typesupport_introspection_cpp.so
[3.480s] -- Up-to-date: /home/athul/ros2_ws/install/rosapi_msgs/lib/librosapi_msgs__rosidl_typesupport_cpp.so
[3.605s] -- Up-to-date: /home/athul/ros2_ws/install/rosapi_msgs/share/rosapi_msgs/cmake/rosapi_msgs__rosidl_generator_cExport.cmake
[3.605s] -- Up-to-date: /home/athul/ros2_ws/install/rosapi_msgs/share/rosapi_msgs/cmake/rosapi_msgs__rosidl_generator_cExport-noconfig.cmake
[3.605s] -- Up-to-date: /home/athul/ros2_ws/install/rosapi_msgs/share/rosapi_msgs/cmake/rosapi_msgs__rosidl_typesupport_introspection_cExport.cmake
[3.606s] -- Up-to-date: /home/athul/ros2_ws/install/rosapi_msgs/share/rosapi_msgs/cmake/rosapi_msgs__rosidl_typesupport_introspection_cExport-noconfig.cmake
[3.606s] -- Up-to-date: /home/athul/ros2_ws/install/rosapi_msgs/share/rosapi_msgs/cmake/rosapi_msgs__rosidl_typesupport_cExport.cmake
[3.606s] -- Up-to-date: /home/athul/ros2_ws/install/rosapi_msgs/share/rosapi_msgs/cmake/rosapi_msgs__rosidl_typesupport_cExport-noconfig.cmake
[3.606s] -- Up-to-date: /home/athul/ros2_ws/install/rosapi_msgs/share/rosapi_msgs/cmake/rosapi_msgs__rosidl_generator_cppExport.cmake
[3.607s] -- Up-to-date: /home/athul/ros2_ws/install/rosapi_msgs/share/rosapi_msgs/cmake/rosapi_msgs__rosidl_typesupport_introspection_cppExport.cmake
[3.607s] -- Up-to-date: /home/athul/ros2_ws/install/rosapi_msgs/share/rosapi_msgs/cmake/rosapi_msgs__rosidl_typesupport_introspection_cppExport-noconfig.cmake
[3.607s] -- Up-to-date: /home/athul/ros2_ws/install/rosapi_msgs/share/rosapi_msgs/cmake/rosapi_msgs__rosidl_typesupport_cppExport.cmake
[3.608s] -- Up-to-date: /home/athul/ros2_ws/install/rosapi_msgs/share/rosapi_msgs/cmake/rosapi_msgs__rosidl_typesupport_cppExport-noconfig.cmake
[3.676s] Invoked command in '/home/athul/ros2_ws/build/rosapi_msgs' returned '0': CMAKE_PREFIX_PATH=${CMAKE_PREFIX_PATH}:/home/athul/ros2_ws/install/serial_motor_demo:/home/athul/ros2_ws/install/ball_tracker:/opt/ros/foxy /usr/bin/cmake --install /home/athul/ros2_ws/build/rosapi_msgs
