[0.049s] Invoking command in '/home/athul/ros2_ws/build/rosbridge_server': AMENT_PREFIX_PATH=/home/athul/ros2_ws/install/rosapi:/home/athul/ros2_ws/install/rosbridge_library:/home/athul/ros2_ws/install/rosbridge_msgs:/home/athul/ros2_ws/install/rosapi_msgs:${AMENT_PREFIX_PATH} CMAKE_PREFIX_PATH=/home/athul/ros2_ws/install/rosapi:/home/athul/ros2_ws/install/rosbridge_library:/home/athul/ros2_ws/install/rosbridge_msgs:/home/athul/ros2_ws/install/rosapi_msgs:/home/athul/dev_ws/install/serial_motor_demo_msgs:/home/athul/dev_ws/install/my_bot:/home/athul/dev_ws/install/serial_motor_demo:/opt/ros/foxy LD_LIBRARY_PATH=/home/athul/ros2_ws/install/rosbridge_msgs/lib:/home/athul/ros2_ws/install/rosapi_msgs/lib:${LD_LIBRARY_PATH} PYTHONPATH=/home/athul/ros2_ws/install/rosapi/lib/python3.8/site-packages:/home/athul/ros2_ws/install/rosbridge_library/lib/python3.8/site-packages:/home/athul/ros2_ws/install/rosbridge_msgs/lib/python3.8/site-packages:/home/athul/ros2_ws/install/rosapi_msgs/lib/python3.8/site-packages:${PYTHONPATH} /usr/bin/cmake --build /home/athul/ros2_ws/build/rosbridge_server -- -j4 -l4
[0.130s] Invoked command in '/home/athul/ros2_ws/build/rosbridge_server' returned '0': AMENT_PREFIX_PATH=/home/athul/ros2_ws/install/rosapi:/home/athul/ros2_ws/install/rosbridge_library:/home/athul/ros2_ws/install/rosbridge_msgs:/home/athul/ros2_ws/install/rosapi_msgs:${AMENT_PREFIX_PATH} CMAKE_PREFIX_PATH=/home/athul/ros2_ws/install/rosapi:/home/athul/ros2_ws/install/rosbridge_library:/home/athul/ros2_ws/install/rosbridge_msgs:/home/athul/ros2_ws/install/rosapi_msgs:/home/athul/dev_ws/install/serial_motor_demo_msgs:/home/athul/dev_ws/install/my_bot:/home/athul/dev_ws/install/serial_motor_demo:/opt/ros/foxy LD_LIBRARY_PATH=/home/athul/ros2_ws/install/rosbridge_msgs/lib:/home/athul/ros2_ws/install/rosapi_msgs/lib:${LD_LIBRARY_PATH} PYTHONPATH=/home/athul/ros2_ws/install/rosapi/lib/python3.8/site-packages:/home/athul/ros2_ws/install/rosbridge_library/lib/python3.8/site-packages:/home/athul/ros2_ws/install/rosbridge_msgs/lib/python3.8/site-packages:/home/athul/ros2_ws/install/rosapi_msgs/lib/python3.8/site-packages:${PYTHONPATH} /usr/bin/cmake --build /home/athul/ros2_ws/build/rosbridge_server -- -j4 -l4
[0.169s] Invoking command in '/home/athul/ros2_ws/build/rosbridge_server': AMENT_PREFIX_PATH=/home/athul/ros2_ws/install/rosapi:/home/athul/ros2_ws/install/rosbridge_library:/home/athul/ros2_ws/install/rosbridge_msgs:/home/athul/ros2_ws/install/rosapi_msgs:${AMENT_PREFIX_PATH} CMAKE_PREFIX_PATH=/home/athul/ros2_ws/install/rosapi:/home/athul/ros2_ws/install/rosbridge_library:/home/athul/ros2_ws/install/rosbridge_msgs:/home/athul/ros2_ws/install/rosapi_msgs:/home/athul/dev_ws/install/serial_motor_demo_msgs:/home/athul/dev_ws/install/my_bot:/home/athul/dev_ws/install/serial_motor_demo:/opt/ros/foxy LD_LIBRARY_PATH=/home/athul/ros2_ws/install/rosbridge_msgs/lib:/home/athul/ros2_ws/install/rosapi_msgs/lib:${LD_LIBRARY_PATH} PYTHONPATH=/home/athul/ros2_ws/install/rosapi/lib/python3.8/site-packages:/home/athul/ros2_ws/install/rosbridge_library/lib/python3.8/site-packages:/home/athul/ros2_ws/install/rosbridge_msgs/lib/python3.8/site-packages:/home/athul/ros2_ws/install/rosapi_msgs/lib/python3.8/site-packages:${PYTHONPATH} /usr/bin/cmake --install /home/athul/ros2_ws/build/rosbridge_server
[0.185s] -- Install configuration: ""
[0.186s] -- Execute custom install script
[0.187s] -- Up-to-date symlink: /home/athul/ros2_ws/install/rosbridge_server/share/rosbridge_server/environment/pythonpath.sh
[0.188s] -- Up-to-date symlink: /home/athul/ros2_ws/install/rosbridge_server/share/rosbridge_server/environment/pythonpath.dsv
[0.190s] -- Up-to-date symlink: /home/athul/ros2_ws/install/rosbridge_server/lib/python3.8/site-packages/rosbridge_server/__init__.py
[0.190s] -- Up-to-date symlink: /home/athul/ros2_ws/install/rosbridge_server/lib/python3.8/site-packages/rosbridge_server/client_mananger.py
[0.190s] -- Up-to-date symlink: /home/athul/ros2_ws/install/rosbridge_server/lib/python3.8/site-packages/rosbridge_server/websocket_handler.py
[0.190s] -- Up-to-date symlink: /home/athul/ros2_ws/install/rosbridge_server/share/ament_index/resource_index/package_run_dependencies/rosbridge_server
[0.191s] -- Up-to-date symlink: /home/athul/ros2_ws/install/rosbridge_server/share/ament_index/resource_index/parent_prefix_path/rosbridge_server
[0.191s] -- Up-to-date symlink: /home/athul/ros2_ws/install/rosbridge_server/share/rosbridge_server/environment/ament_prefix_path.sh
[0.191s] -- Up-to-date symlink: /home/athul/ros2_ws/install/rosbridge_server/share/rosbridge_server/environment/ament_prefix_path.dsv
[0.192s] -- Up-to-date symlink: /home/athul/ros2_ws/install/rosbridge_server/share/rosbridge_server/environment/path.sh
[0.192s] -- Up-to-date symlink: /home/athul/ros2_ws/install/rosbridge_server/share/rosbridge_server/environment/path.dsv
[0.193s] -- Up-to-date symlink: /home/athul/ros2_ws/install/rosbridge_server/share/rosbridge_server/local_setup.bash
[0.193s] -- Up-to-date symlink: /home/athul/ros2_ws/install/rosbridge_server/share/rosbridge_server/local_setup.sh
[0.194s] -- Up-to-date symlink: /home/athul/ros2_ws/install/rosbridge_server/share/rosbridge_server/local_setup.zsh
[0.194s] -- Up-to-date symlink: /home/athul/ros2_ws/install/rosbridge_server/share/rosbridge_server/local_setup.dsv
[0.195s] -- Symlinking: /home/athul/ros2_ws/install/rosbridge_server/share/rosbridge_server/package.dsv
[0.216s] -- Up-to-date symlink: /home/athul/ros2_ws/install/rosbridge_server/share/ament_index/resource_index/packages/rosbridge_server
[0.216s] -- Up-to-date symlink: /home/athul/ros2_ws/install/rosbridge_server/share/rosbridge_server/cmake/rosbridge_serverConfig.cmake
[0.217s] -- Up-to-date symlink: /home/athul/ros2_ws/install/rosbridge_server/share/rosbridge_server/cmake/rosbridge_serverConfig-version.cmake
[0.217s] -- Up-to-date symlink: /home/athul/ros2_ws/install/rosbridge_server/share/rosbridge_server/package.xml
[0.218s] -- Up-to-date symlink: /home/athul/ros2_ws/install/rosbridge_server/lib/rosbridge_server/rosbridge_websocket.py
[0.219s] -- Up-to-date symlink: /home/athul/ros2_ws/install/rosbridge_server/lib/rosbridge_server/rosbridge_websocket
[0.220s] -- Up-to-date symlink: /home/athul/ros2_ws/install/rosbridge_server/share/rosbridge_server/launch/rosbridge_websocket_launch.xml
[0.277s] Listing '/home/athul/ros2_ws/install/rosbridge_server/lib/python3.8/site-packages/rosbridge_server'...
[0.294s] Invoked command in '/home/athul/ros2_ws/build/rosbridge_server' returned '0': AMENT_PREFIX_PATH=/home/athul/ros2_ws/install/rosapi:/home/athul/ros2_ws/install/rosbridge_library:/home/athul/ros2_ws/install/rosbridge_msgs:/home/athul/ros2_ws/install/rosapi_msgs:${AMENT_PREFIX_PATH} CMAKE_PREFIX_PATH=/home/athul/ros2_ws/install/rosapi:/home/athul/ros2_ws/install/rosbridge_library:/home/athul/ros2_ws/install/rosbridge_msgs:/home/athul/ros2_ws/install/rosapi_msgs:/home/athul/dev_ws/install/serial_motor_demo_msgs:/home/athul/dev_ws/install/my_bot:/home/athul/dev_ws/install/serial_motor_demo:/opt/ros/foxy LD_LIBRARY_PATH=/home/athul/ros2_ws/install/rosbridge_msgs/lib:/home/athul/ros2_ws/install/rosapi_msgs/lib:${LD_LIBRARY_PATH} PYTHONPATH=/home/athul/ros2_ws/install/rosapi/lib/python3.8/site-packages:/home/athul/ros2_ws/install/rosbridge_library/lib/python3.8/site-packages:/home/athul/ros2_ws/install/rosbridge_msgs/lib/python3.8/site-packages:/home/athul/ros2_ws/install/rosapi_msgs/lib/python3.8/site-packages:${PYTHONPATH} /usr/bin/cmake --install /home/athul/ros2_ws/build/rosbridge_server
