[0.024s] Invoking command in '/home/athul/ros2_ws/build/gazebo_ros2_control_demos': AMENT_PREFIX_PATH=/home/athul/ros2_ws/install/gazebo_ros2_control:${AMENT_PREFIX_PATH} CMAKE_PREFIX_PATH=/home/athul/ros2_ws/install/gazebo_ros2_control:/home/athul/ros2_ws/install/serial_motor_demo_msgs:/home/athul/ros2_ws/install/my_bot:/home/athul/ros2_ws/install/serial_motor_demo:/opt/ros/foxy LD_LIBRARY_PATH=/home/athul/ros2_ws/install/gazebo_ros2_control/lib:${LD_LIBRARY_PATH} /usr/bin/cmake /home/athul/ros2_ws/src/gazebo_ros2_control/gazebo_ros2_control_demos -DAMENT_CMAKE_SYMLINK_INSTALL=1 -DCMAKE_INSTALL_PREFIX=/home/athul/ros2_ws/install/gazebo_ros2_control_demos
[0.157s] -- The C compiler identification is GNU 9.4.0
[0.307s] -- The CXX compiler identification is GNU 9.4.0
[0.326s] -- Check for working C compiler: /usr/bin/cc
[0.561s] -- Check for working C compiler: /usr/bin/cc -- works
[0.574s] -- Detecting C compiler ABI info
[0.772s] -- Detecting C compiler ABI info - done
[0.807s] -- Detecting C compile features
[0.807s] -- Detecting C compile features - done
[0.814s] -- Check for working CXX compiler: /usr/bin/c++
[0.963s] -- Check for working CXX compiler: /usr/bin/c++ -- works
[0.965s] -- Detecting CXX compiler ABI info
[1.092s] -- Detecting CXX compiler ABI info - done
[1.111s] -- Detecting CXX compile features
[1.112s] -- Detecting CXX compile features - done
[1.120s] -- Found ament_cmake: 0.9.11 (/opt/ros/foxy/share/ament_cmake/cmake)
[1.167s] -- Found PythonInterp: /usr/bin/python3 (found suitable version "3.8.10", minimum required is "3") 
[1.167s] -- Using PYTHON_EXECUTABLE: /usr/bin/python3
[1.457s] -- Override CMake install command with custom implementation using symlinks instead of copying resources
[1.506s] -- Found control_msgs: 2.5.1 (/opt/ros/foxy/share/control_msgs/cmake)
[1.585s] -- Using all available rosidl_typesupport_c: rosidl_typesupport_fastrtps_c;rosidl_typesupport_introspection_c
[1.601s] -- Found rosidl_adapter: 1.3.0 (/opt/ros/foxy/share/rosidl_adapter/cmake)
[1.781s] -- Found OpenSSL: /usr/lib/x86_64-linux-gnu/libcrypto.so (found version "1.1.1f")  
[1.857s] -- Found FastRTPS: /opt/ros/foxy/include  
[2.057s] -- Using all available rosidl_typesupport_cpp: rosidl_typesupport_fastrtps_cpp;rosidl_typesupport_introspection_cpp
[3.112s] -- Found rclcpp: 2.4.2 (/opt/ros/foxy/share/rclcpp/cmake)
[3.258s] -- Found rmw_implementation_cmake: 1.0.3 (/opt/ros/foxy/share/rmw_implementation_cmake/cmake)
[3.264s] -- Using RMW implementation 'rmw_fastrtps_cpp' as default
[3.268s] -- Looking for pthread.h
[3.457s] -- Looking for pthread.h - found
[3.457s] -- Performing Test CMAKE_HAVE_LIBC_PTHREAD
[3.662s] -- Performing Test CMAKE_HAVE_LIBC_PTHREAD - Failed
[3.663s] -- Looking for pthread_create in pthreads
[3.858s] -- Looking for pthread_create in pthreads - not found
[3.858s] -- Looking for pthread_create in pthread
[4.064s] -- Looking for pthread_create in pthread - found
[4.067s] -- Found Threads: TRUE  
[4.578s] -- Found rclcpp_action: 2.4.2 (/opt/ros/foxy/share/rclcpp_action/cmake)
[4.676s] -- Found ament_cmake_gtest: 0.9.11 (/opt/ros/foxy/share/ament_cmake_gtest/cmake)
[4.680s] -- Found ament_lint_auto: 0.9.7 (/opt/ros/foxy/share/ament_lint_auto/cmake)
[4.889s] -- Added test 'copyright' to check source files copyright and LICENSE
[4.894s] -- Added test 'cppcheck' to perform static code analysis on C / C++ code
[4.894s] -- Configured cppcheck include dirs: 
[4.894s] -- Configured cppcheck exclude dirs and/or files: 
[4.898s] -- Added test 'cpplint' to check C / C++ code against the Google style
[4.898s] -- Configured cpplint exclude dirs and/or files: 
[4.902s] -- Added test 'flake8' to check Python code syntax and style conventions
[4.905s] -- Added test 'lint_cmake' to check CMake code style
[4.906s] -- Added test 'pep257' to check Python code against some of the style conventions in PEP 257
[4.910s] -- Added test 'uncrustify' to check C / C++ code style
[4.910s] -- Configured uncrustify additional arguments: 
[4.913s] -- Added test 'xmllint' to check XML markup files
[4.923s] -- Configuring done
[4.981s] -- Generating done
[4.985s] -- Build files have been written to: /home/athul/ros2_ws/build/gazebo_ros2_control_demos
[5.008s] Invoked command in '/home/athul/ros2_ws/build/gazebo_ros2_control_demos' returned '0': AMENT_PREFIX_PATH=/home/athul/ros2_ws/install/gazebo_ros2_control:${AMENT_PREFIX_PATH} CMAKE_PREFIX_PATH=/home/athul/ros2_ws/install/gazebo_ros2_control:/home/athul/ros2_ws/install/serial_motor_demo_msgs:/home/athul/ros2_ws/install/my_bot:/home/athul/ros2_ws/install/serial_motor_demo:/opt/ros/foxy LD_LIBRARY_PATH=/home/athul/ros2_ws/install/gazebo_ros2_control/lib:${LD_LIBRARY_PATH} /usr/bin/cmake /home/athul/ros2_ws/src/gazebo_ros2_control/gazebo_ros2_control_demos -DAMENT_CMAKE_SYMLINK_INSTALL=1 -DCMAKE_INSTALL_PREFIX=/home/athul/ros2_ws/install/gazebo_ros2_control_demos
[5.010s] Invoking command in '/home/athul/ros2_ws/build/gazebo_ros2_control_demos': AMENT_PREFIX_PATH=/home/athul/ros2_ws/install/gazebo_ros2_control:${AMENT_PREFIX_PATH} CMAKE_PREFIX_PATH=/home/athul/ros2_ws/install/gazebo_ros2_control:/home/athul/ros2_ws/install/serial_motor_demo_msgs:/home/athul/ros2_ws/install/my_bot:/home/athul/ros2_ws/install/serial_motor_demo:/opt/ros/foxy LD_LIBRARY_PATH=/home/athul/ros2_ws/install/gazebo_ros2_control/lib:${LD_LIBRARY_PATH} /usr/bin/cmake --build /home/athul/ros2_ws/build/gazebo_ros2_control_demos -- -j4 -l4
[5.086s] [35m[1mScanning dependencies of target example_gripper[0m
[5.087s] [35m[1mScanning dependencies of target example_position[0m
[5.087s] [35m[1mScanning dependencies of target example_effort[0m
[5.096s] [35m[1mScanning dependencies of target example_velocity[0m
[5.205s] [ 10%] [32mBuilding CXX object CMakeFiles/example_gripper.dir/examples/example_gripper.cpp.o[0m
[5.229s] [ 20%] [32mBuilding CXX object CMakeFiles/example_effort.dir/examples/example_effort.cpp.o[0m
[5.286s] [ 30%] [32mBuilding CXX object CMakeFiles/example_velocity.dir/examples/example_velocity.cpp.o[0m
[5.440s] [ 40%] [32mBuilding CXX object CMakeFiles/example_position.dir/examples/example_position.cpp.o[0m
[15.799s] [ 50%] [32m[1mLinking CXX executable example_velocity[0m
[15.869s] [ 60%] [32m[1mLinking CXX executable example_gripper[0m
[16.370s] [ 60%] Built target example_velocity
[16.376s] [ 60%] Built target example_gripper
[16.393s] [ 70%] [32m[1mLinking CXX executable example_effort[0m
[16.398s] [35m[1mScanning dependencies of target example_diff_drive[0m
[16.509s] [ 80%] [32mBuilding CXX object CMakeFiles/example_diff_drive.dir/examples/example_diff_drive.cpp.o[0m
[16.560s] [ 90%] [32m[1mLinking CXX executable example_position[0m
[16.825s] [ 90%] Built target example_effort
[17.019s] [ 90%] Built target example_position
[20.768s] [100%] [32m[1mLinking CXX executable example_diff_drive[0m
[21.030s] [100%] Built target example_diff_drive
[21.048s] Invoked command in '/home/athul/ros2_ws/build/gazebo_ros2_control_demos' returned '0': AMENT_PREFIX_PATH=/home/athul/ros2_ws/install/gazebo_ros2_control:${AMENT_PREFIX_PATH} CMAKE_PREFIX_PATH=/home/athul/ros2_ws/install/gazebo_ros2_control:/home/athul/ros2_ws/install/serial_motor_demo_msgs:/home/athul/ros2_ws/install/my_bot:/home/athul/ros2_ws/install/serial_motor_demo:/opt/ros/foxy LD_LIBRARY_PATH=/home/athul/ros2_ws/install/gazebo_ros2_control/lib:${LD_LIBRARY_PATH} /usr/bin/cmake --build /home/athul/ros2_ws/build/gazebo_ros2_control_demos -- -j4 -l4
[21.101s] Invoking command in '/home/athul/ros2_ws/build/gazebo_ros2_control_demos': AMENT_PREFIX_PATH=/home/athul/ros2_ws/install/gazebo_ros2_control:${AMENT_PREFIX_PATH} CMAKE_PREFIX_PATH=/home/athul/ros2_ws/install/gazebo_ros2_control:/home/athul/ros2_ws/install/serial_motor_demo_msgs:/home/athul/ros2_ws/install/my_bot:/home/athul/ros2_ws/install/serial_motor_demo:/opt/ros/foxy LD_LIBRARY_PATH=/home/athul/ros2_ws/install/gazebo_ros2_control/lib:${LD_LIBRARY_PATH} /usr/bin/cmake --install /home/athul/ros2_ws/build/gazebo_ros2_control_demos
[21.114s] -- Install configuration: ""
[21.115s] -- Execute custom install script
[21.117s] -- Symlinking: /home/athul/ros2_ws/install/gazebo_ros2_control_demos/share/gazebo_ros2_control_demos//launch/cart_example_effort.launch.py
[21.132s] -- Symlinking: /home/athul/ros2_ws/install/gazebo_ros2_control_demos/share/gazebo_ros2_control_demos//launch/cart_example_position.launch.py
[21.146s] -- Symlinking: /home/athul/ros2_ws/install/gazebo_ros2_control_demos/share/gazebo_ros2_control_demos//launch/cart_example_velocity.launch.py
[21.160s] -- Symlinking: /home/athul/ros2_ws/install/gazebo_ros2_control_demos/share/gazebo_ros2_control_demos//launch/diff_drive.launch.py
[21.175s] -- Symlinking: /home/athul/ros2_ws/install/gazebo_ros2_control_demos/share/gazebo_ros2_control_demos//launch/gripper_mimic_joint_example.launch.py
[21.190s] -- Symlinking: /home/athul/ros2_ws/install/gazebo_ros2_control_demos/share/gazebo_ros2_control_demos//config/cartpole_controller.yaml
[21.205s] -- Symlinking: /home/athul/ros2_ws/install/gazebo_ros2_control_demos/share/gazebo_ros2_control_demos//config/cartpole_controller_effort.yaml
[21.219s] -- Symlinking: /home/athul/ros2_ws/install/gazebo_ros2_control_demos/share/gazebo_ros2_control_demos//config/cartpole_controller_velocity.yaml
[21.233s] -- Symlinking: /home/athul/ros2_ws/install/gazebo_ros2_control_demos/share/gazebo_ros2_control_demos//config/diff_drive_controller.yaml
[21.248s] -- Symlinking: /home/athul/ros2_ws/install/gazebo_ros2_control_demos/share/gazebo_ros2_control_demos//config/gripper_controller.yaml
[21.262s] -- Symlinking: /home/athul/ros2_ws/install/gazebo_ros2_control_demos/share/gazebo_ros2_control_demos//urdf/test_cart_effort.xacro.urdf
[21.277s] -- Symlinking: /home/athul/ros2_ws/install/gazebo_ros2_control_demos/share/gazebo_ros2_control_demos//urdf/test_cart_position.xacro.urdf
[21.293s] -- Symlinking: /home/athul/ros2_ws/install/gazebo_ros2_control_demos/share/gazebo_ros2_control_demos//urdf/test_cart_velocity.xacro.urdf
[21.308s] -- Symlinking: /home/athul/ros2_ws/install/gazebo_ros2_control_demos/share/gazebo_ros2_control_demos//urdf/test_diff_drive.xacro.urdf
[21.322s] -- Symlinking: /home/athul/ros2_ws/install/gazebo_ros2_control_demos/share/gazebo_ros2_control_demos//urdf/test_gripper_mimic_joint.xacro.urdf
[21.338s] -- Symlinking: /home/athul/ros2_ws/install/gazebo_ros2_control_demos/lib/gazebo_ros2_control_demos/example_position
[21.353s] -- Symlinking: /home/athul/ros2_ws/install/gazebo_ros2_control_demos/lib/gazebo_ros2_control_demos/example_velocity
[21.368s] -- Symlinking: /home/athul/ros2_ws/install/gazebo_ros2_control_demos/lib/gazebo_ros2_control_demos/example_effort
[21.382s] -- Symlinking: /home/athul/ros2_ws/install/gazebo_ros2_control_demos/lib/gazebo_ros2_control_demos/example_gripper
[21.397s] -- Symlinking: /home/athul/ros2_ws/install/gazebo_ros2_control_demos/lib/gazebo_ros2_control_demos/example_diff_drive
[21.413s] -- Symlinking: /home/athul/ros2_ws/install/gazebo_ros2_control_demos/share/ament_index/resource_index/package_run_dependencies/gazebo_ros2_control_demos
[21.428s] -- Symlinking: /home/athul/ros2_ws/install/gazebo_ros2_control_demos/share/ament_index/resource_index/parent_prefix_path/gazebo_ros2_control_demos
[21.443s] -- Symlinking: /home/athul/ros2_ws/install/gazebo_ros2_control_demos/share/gazebo_ros2_control_demos/environment/ament_prefix_path.sh
[21.458s] -- Symlinking: /home/athul/ros2_ws/install/gazebo_ros2_control_demos/share/gazebo_ros2_control_demos/environment/ament_prefix_path.dsv
[21.473s] -- Symlinking: /home/athul/ros2_ws/install/gazebo_ros2_control_demos/share/gazebo_ros2_control_demos/environment/path.sh
[21.488s] -- Symlinking: /home/athul/ros2_ws/install/gazebo_ros2_control_demos/share/gazebo_ros2_control_demos/environment/path.dsv
[21.502s] -- Symlinking: /home/athul/ros2_ws/install/gazebo_ros2_control_demos/share/gazebo_ros2_control_demos/local_setup.bash
[21.517s] -- Symlinking: /home/athul/ros2_ws/install/gazebo_ros2_control_demos/share/gazebo_ros2_control_demos/local_setup.sh
[21.532s] -- Symlinking: /home/athul/ros2_ws/install/gazebo_ros2_control_demos/share/gazebo_ros2_control_demos/local_setup.zsh
[21.548s] -- Symlinking: /home/athul/ros2_ws/install/gazebo_ros2_control_demos/share/gazebo_ros2_control_demos/local_setup.dsv
[21.563s] -- Symlinking: /home/athul/ros2_ws/install/gazebo_ros2_control_demos/share/gazebo_ros2_control_demos/package.dsv
[21.578s] -- Symlinking: /home/athul/ros2_ws/install/gazebo_ros2_control_demos/share/ament_index/resource_index/packages/gazebo_ros2_control_demos
[21.593s] -- Symlinking: /home/athul/ros2_ws/install/gazebo_ros2_control_demos/share/gazebo_ros2_control_demos/cmake/gazebo_ros2_control_demosConfig.cmake
[21.607s] -- Symlinking: /home/athul/ros2_ws/install/gazebo_ros2_control_demos/share/gazebo_ros2_control_demos/cmake/gazebo_ros2_control_demosConfig-version.cmake
[21.622s] -- Symlinking: /home/athul/ros2_ws/install/gazebo_ros2_control_demos/share/gazebo_ros2_control_demos/package.xml
[21.644s] Invoked command in '/home/athul/ros2_ws/build/gazebo_ros2_control_demos' returned '0': AMENT_PREFIX_PATH=/home/athul/ros2_ws/install/gazebo_ros2_control:${AMENT_PREFIX_PATH} CMAKE_PREFIX_PATH=/home/athul/ros2_ws/install/gazebo_ros2_control:/home/athul/ros2_ws/install/serial_motor_demo_msgs:/home/athul/ros2_ws/install/my_bot:/home/athul/ros2_ws/install/serial_motor_demo:/opt/ros/foxy LD_LIBRARY_PATH=/home/athul/ros2_ws/install/gazebo_ros2_control/lib:${LD_LIBRARY_PATH} /usr/bin/cmake --install /home/athul/ros2_ws/build/gazebo_ros2_control_demos
