[0.085s] Invoking command in '/home/athul/ros2_ws/build/rosbridge_msgs': CMAKE_PREFIX_PATH=${CMAKE_PREFIX_PATH}:/home/athul/ros2_ws/install/serial_motor_demo:/home/athul/ros2_ws/install/ball_tracker:/opt/ros/foxy /usr/bin/cmake --build /home/athul/ros2_ws/build/rosbridge_msgs -- -j4 -l4
[0.272s] [ 10%] Built target rosbridge_msgs__rosidl_generator_c
[0.279s] [ 12%] Built target rosbridge_msgs__cpp
[0.381s] [ 23%] Built target rosbridge_msgs__rosidl_typesupport_cpp
[0.464s] [ 33%] Built target rosbridge_msgs__rosidl_typesupport_c
[0.483s] [ 43%] Built target rosbridge_msgs__rosidl_typesupport_introspection_c
[0.519s] [ 53%] Built target rosbridge_msgs__rosidl_typesupport_introspection_cpp
[0.663s] [ 64%] Built target rosbridge_msgs__rosidl_typesupport_fastrtps_cpp
[0.786s] [ 74%] Built target rosbridge_msgs__rosidl_typesupport_fastrtps_c
[0.840s] [ 74%] Built target rosbridge_msgs
[0.897s] [ 76%] Built target rosbridge_msgs__py
[0.986s] [ 84%] Built target rosbridge_msgs__python
[1.090s] [ 89%] Built target rosbridge_msgs__rosidl_typesupport_c__pyext
[1.094s] [ 94%] Built target rosbridge_msgs__rosidl_typesupport_fastrtps_c__pyext
[1.103s] [100%] Built target rosbridge_msgs__rosidl_typesupport_introspection_c__pyext
[1.141s] Invoked command in '/home/athul/ros2_ws/build/rosbridge_msgs' returned '0': CMAKE_PREFIX_PATH=${CMAKE_PREFIX_PATH}:/home/athul/ros2_ws/install/serial_motor_demo:/home/athul/ros2_ws/install/ball_tracker:/opt/ros/foxy /usr/bin/cmake --build /home/athul/ros2_ws/build/rosbridge_msgs -- -j4 -l4
[1.632s] Invoking command in '/home/athul/ros2_ws/build/rosbridge_msgs': CMAKE_PREFIX_PATH=${CMAKE_PREFIX_PATH}:/home/athul/ros2_ws/install/serial_motor_demo:/home/athul/ros2_ws/install/ball_tracker:/opt/ros/foxy /usr/bin/cmake --install /home/athul/ros2_ws/build/rosbridge_msgs
[1.668s] -- Install configuration: ""
[1.672s] -- Execute custom install script
[1.674s] -- Up-to-date symlink: /home/athul/ros2_ws/install/rosbridge_msgs/share/ament_index/resource_index/rosidl_interfaces/rosbridge_msgs
[1.675s] -- Up-to-date symlink: /home/athul/ros2_ws/install/rosbridge_msgs/include/rosbridge_msgs/msg/connected_client.h
[1.677s] -- Up-to-date symlink: /home/athul/ros2_ws/install/rosbridge_msgs/include/rosbridge_msgs/msg/connected_clients.h
[1.680s] -- Up-to-date symlink: /home/athul/ros2_ws/install/rosbridge_msgs/include/rosbridge_msgs/msg/detail/connected_client__functions.h
[1.682s] -- Up-to-date symlink: /home/athul/ros2_ws/install/rosbridge_msgs/include/rosbridge_msgs/msg/detail/connected_client__struct.h
[1.684s] -- Up-to-date symlink: /home/athul/ros2_ws/install/rosbridge_msgs/include/rosbridge_msgs/msg/detail/connected_client__type_support.h
[1.691s] -- Up-to-date symlink: /home/athul/ros2_ws/install/rosbridge_msgs/include/rosbridge_msgs/msg/detail/connected_clients__functions.h
[1.693s] -- Up-to-date symlink: /home/athul/ros2_ws/install/rosbridge_msgs/include/rosbridge_msgs/msg/detail/connected_clients__struct.h
[1.696s] -- Up-to-date symlink: /home/athul/ros2_ws/install/rosbridge_msgs/include/rosbridge_msgs/msg/detail/connected_clients__type_support.h
[1.699s] -- Up-to-date symlink: /home/athul/ros2_ws/install/rosbridge_msgs/include/rosbridge_msgs/msg/rosidl_generator_c__visibility_control.h
[1.705s] -- Up-to-date symlink: /home/athul/ros2_ws/install/rosbridge_msgs/share/rosbridge_msgs/environment/library_path.sh
[1.708s] -- Up-to-date symlink: /home/athul/ros2_ws/install/rosbridge_msgs/share/rosbridge_msgs/environment/library_path.dsv
[1.711s] -- Up-to-date symlink: /home/athul/ros2_ws/install/rosbridge_msgs/include/rosbridge_msgs/msg/detail/connected_client__rosidl_typesupport_fastrtps_c.h
[1.715s] -- Up-to-date symlink: /home/athul/ros2_ws/install/rosbridge_msgs/include/rosbridge_msgs/msg/detail/connected_clients__rosidl_typesupport_fastrtps_c.h
[1.715s] -- Up-to-date symlink: /home/athul/ros2_ws/install/rosbridge_msgs/include/rosbridge_msgs/msg/rosidl_typesupport_fastrtps_c__visibility_control.h
[1.715s] -- Up-to-date symlink: /home/athul/ros2_ws/install/rosbridge_msgs/lib/librosbridge_msgs__rosidl_typesupport_fastrtps_c.so
[1.716s] -- Up-to-date symlink: /home/athul/ros2_ws/install/rosbridge_msgs/include/rosbridge_msgs/msg/detail/connected_client__rosidl_typesupport_fastrtps_cpp.hpp
[1.716s] -- Up-to-date symlink: /home/athul/ros2_ws/install/rosbridge_msgs/include/rosbridge_msgs/msg/detail/connected_clients__rosidl_typesupport_fastrtps_cpp.hpp
[1.716s] -- Up-to-date symlink: /home/athul/ros2_ws/install/rosbridge_msgs/include/rosbridge_msgs/msg/rosidl_typesupport_fastrtps_cpp__visibility_control.h
[1.719s] -- Up-to-date symlink: /home/athul/ros2_ws/install/rosbridge_msgs/lib/librosbridge_msgs__rosidl_typesupport_fastrtps_cpp.so
[1.721s] -- Up-to-date symlink: /home/athul/ros2_ws/install/rosbridge_msgs/include/rosbridge_msgs/msg/detail/connected_client__rosidl_typesupport_introspection_c.h
[1.722s] -- Up-to-date symlink: /home/athul/ros2_ws/install/rosbridge_msgs/include/rosbridge_msgs/msg/detail/connected_clients__rosidl_typesupport_introspection_c.h
[1.723s] -- Up-to-date symlink: /home/athul/ros2_ws/install/rosbridge_msgs/include/rosbridge_msgs/msg/rosidl_typesupport_introspection_c__visibility_control.h
[1.726s] -- Up-to-date symlink: /home/athul/ros2_ws/install/rosbridge_msgs/include/rosbridge_msgs/msg/connected_client.hpp
[1.727s] -- Up-to-date symlink: /home/athul/ros2_ws/install/rosbridge_msgs/include/rosbridge_msgs/msg/connected_clients.hpp
[1.728s] -- Up-to-date symlink: /home/athul/ros2_ws/install/rosbridge_msgs/include/rosbridge_msgs/msg/detail/connected_client__builder.hpp
[1.729s] -- Up-to-date symlink: /home/athul/ros2_ws/install/rosbridge_msgs/include/rosbridge_msgs/msg/detail/connected_client__struct.hpp
[1.731s] -- Up-to-date symlink: /home/athul/ros2_ws/install/rosbridge_msgs/include/rosbridge_msgs/msg/detail/connected_client__traits.hpp
[1.733s] -- Up-to-date symlink: /home/athul/ros2_ws/install/rosbridge_msgs/include/rosbridge_msgs/msg/detail/connected_clients__builder.hpp
[1.734s] -- Up-to-date symlink: /home/athul/ros2_ws/install/rosbridge_msgs/include/rosbridge_msgs/msg/detail/connected_clients__struct.hpp
[1.735s] -- Up-to-date symlink: /home/athul/ros2_ws/install/rosbridge_msgs/include/rosbridge_msgs/msg/detail/connected_clients__traits.hpp
[1.737s] -- Up-to-date symlink: /home/athul/ros2_ws/install/rosbridge_msgs/include/rosbridge_msgs/msg/detail/connected_client__rosidl_typesupport_introspection_cpp.hpp
[1.738s] -- Up-to-date symlink: /home/athul/ros2_ws/install/rosbridge_msgs/include/rosbridge_msgs/msg/detail/connected_clients__rosidl_typesupport_introspection_cpp.hpp
[1.741s] -- Up-to-date symlink: /home/athul/ros2_ws/install/rosbridge_msgs/share/rosbridge_msgs/environment/pythonpath.sh
[1.742s] -- Up-to-date symlink: /home/athul/ros2_ws/install/rosbridge_msgs/share/rosbridge_msgs/environment/pythonpath.dsv
[1.743s] -- Up-to-date symlink: /home/athul/ros2_ws/install/rosbridge_msgs/lib/python3.8/site-packages/rosbridge_msgs/__init__.py
[1.745s] -- Up-to-date symlink: /home/athul/ros2_ws/install/rosbridge_msgs/lib/python3.8/site-packages/rosbridge_msgs/msg/__init__.py
[1.748s] -- Up-to-date symlink: /home/athul/ros2_ws/install/rosbridge_msgs/lib/python3.8/site-packages/rosbridge_msgs/msg/_connected_client.py
[1.749s] -- Up-to-date symlink: /home/athul/ros2_ws/install/rosbridge_msgs/lib/python3.8/site-packages/rosbridge_msgs/msg/_connected_clients.py
[1.751s] -- Up-to-date symlink: /home/athul/ros2_ws/install/rosbridge_msgs/lib/python3.8/site-packages/rosbridge_msgs/rosbridge_msgs_s__rosidl_typesupport_fastrtps_c.cpython-38-x86_64-linux-gnu.so
[1.753s] -- Up-to-date symlink: /home/athul/ros2_ws/install/rosbridge_msgs/lib/python3.8/site-packages/rosbridge_msgs/rosbridge_msgs_s__rosidl_typesupport_introspection_c.cpython-38-x86_64-linux-gnu.so
[1.756s] -- Up-to-date symlink: /home/athul/ros2_ws/install/rosbridge_msgs/lib/python3.8/site-packages/rosbridge_msgs/rosbridge_msgs_s__rosidl_typesupport_c.cpython-38-x86_64-linux-gnu.so
[1.757s] -- Up-to-date symlink: /home/athul/ros2_ws/install/rosbridge_msgs/lib/librosbridge_msgs__python.so
[1.757s] -- Up-to-date symlink: /home/athul/ros2_ws/install/rosbridge_msgs/share/rosbridge_msgs/msg/ConnectedClient.idl
[1.758s] -- Up-to-date symlink: /home/athul/ros2_ws/install/rosbridge_msgs/share/rosbridge_msgs/msg/ConnectedClients.idl
[1.759s] -- Up-to-date symlink: /home/athul/ros2_ws/install/rosbridge_msgs/share/rosbridge_msgs/msg/ConnectedClient.msg
[1.760s] -- Up-to-date symlink: /home/athul/ros2_ws/install/rosbridge_msgs/share/rosbridge_msgs/msg/ConnectedClients.msg
[1.761s] -- Up-to-date symlink: /home/athul/ros2_ws/install/rosbridge_msgs/share/ament_index/resource_index/package_run_dependencies/rosbridge_msgs
[1.762s] -- Up-to-date symlink: /home/athul/ros2_ws/install/rosbridge_msgs/share/ament_index/resource_index/parent_prefix_path/rosbridge_msgs
[1.763s] -- Up-to-date symlink: /home/athul/ros2_ws/install/rosbridge_msgs/share/rosbridge_msgs/environment/ament_prefix_path.sh
[1.764s] -- Up-to-date symlink: /home/athul/ros2_ws/install/rosbridge_msgs/share/rosbridge_msgs/environment/ament_prefix_path.dsv
[1.765s] -- Up-to-date symlink: /home/athul/ros2_ws/install/rosbridge_msgs/share/rosbridge_msgs/environment/path.sh
[1.766s] -- Up-to-date symlink: /home/athul/ros2_ws/install/rosbridge_msgs/share/rosbridge_msgs/environment/path.dsv
[1.767s] -- Up-to-date symlink: /home/athul/ros2_ws/install/rosbridge_msgs/share/rosbridge_msgs/local_setup.bash
[1.767s] -- Up-to-date symlink: /home/athul/ros2_ws/install/rosbridge_msgs/share/rosbridge_msgs/local_setup.sh
[1.768s] -- Up-to-date symlink: /home/athul/ros2_ws/install/rosbridge_msgs/share/rosbridge_msgs/local_setup.zsh
[1.769s] -- Up-to-date symlink: /home/athul/ros2_ws/install/rosbridge_msgs/share/rosbridge_msgs/local_setup.dsv
[1.770s] -- Symlinking: /home/athul/ros2_ws/install/rosbridge_msgs/share/rosbridge_msgs/package.dsv
[1.797s] -- Up-to-date symlink: /home/athul/ros2_ws/install/rosbridge_msgs/share/ament_index/resource_index/packages/rosbridge_msgs
[1.800s] -- Up-to-date symlink: /home/athul/ros2_ws/install/rosbridge_msgs/share/rosbridge_msgs/cmake/rosidl_cmake-extras.cmake
[1.800s] -- Up-to-date symlink: /home/athul/ros2_ws/install/rosbridge_msgs/share/rosbridge_msgs/cmake/ament_cmake_export_dependencies-extras.cmake
[1.802s] -- Up-to-date symlink: /home/athul/ros2_ws/install/rosbridge_msgs/share/rosbridge_msgs/cmake/ament_cmake_export_libraries-extras.cmake
[1.804s] -- Up-to-date symlink: /home/athul/ros2_ws/install/rosbridge_msgs/share/rosbridge_msgs/cmake/ament_cmake_export_targets-extras.cmake
[1.805s] -- Up-to-date symlink: /home/athul/ros2_ws/install/rosbridge_msgs/share/rosbridge_msgs/cmake/ament_cmake_export_include_directories-extras.cmake
[1.806s] -- Up-to-date symlink: /home/athul/ros2_ws/install/rosbridge_msgs/share/rosbridge_msgs/cmake/rosidl_cmake_export_typesupport_libraries-extras.cmake
[1.808s] -- Up-to-date symlink: /home/athul/ros2_ws/install/rosbridge_msgs/share/rosbridge_msgs/cmake/rosidl_cmake_export_typesupport_targets-extras.cmake
[1.808s] -- Up-to-date symlink: /home/athul/ros2_ws/install/rosbridge_msgs/share/rosbridge_msgs/cmake/rosbridge_msgsConfig.cmake
[1.809s] -- Up-to-date symlink: /home/athul/ros2_ws/install/rosbridge_msgs/share/rosbridge_msgs/cmake/rosbridge_msgsConfig-version.cmake
[1.810s] -- Up-to-date symlink: /home/athul/ros2_ws/install/rosbridge_msgs/share/rosbridge_msgs/package.xml
[1.811s] -- Up-to-date: /home/athul/ros2_ws/install/rosbridge_msgs/lib/librosbridge_msgs__rosidl_generator_c.so
[1.812s] -- Up-to-date: /home/athul/ros2_ws/install/rosbridge_msgs/lib/librosbridge_msgs__rosidl_typesupport_introspection_c.so
[1.813s] -- Up-to-date: /home/athul/ros2_ws/install/rosbridge_msgs/lib/librosbridge_msgs__rosidl_typesupport_c.so
[1.814s] -- Up-to-date: /home/athul/ros2_ws/install/rosbridge_msgs/lib/librosbridge_msgs__rosidl_typesupport_introspection_cpp.so
[1.816s] -- Up-to-date: /home/athul/ros2_ws/install/rosbridge_msgs/lib/librosbridge_msgs__rosidl_typesupport_cpp.so
[1.959s] -- Up-to-date: /home/athul/ros2_ws/install/rosbridge_msgs/share/rosbridge_msgs/cmake/rosbridge_msgs__rosidl_generator_cExport.cmake
[1.962s] -- Up-to-date: /home/athul/ros2_ws/install/rosbridge_msgs/share/rosbridge_msgs/cmake/rosbridge_msgs__rosidl_generator_cExport-noconfig.cmake
[1.964s] -- Up-to-date: /home/athul/ros2_ws/install/rosbridge_msgs/share/rosbridge_msgs/cmake/rosbridge_msgs__rosidl_typesupport_introspection_cExport.cmake
[1.971s] -- Up-to-date: /home/athul/ros2_ws/install/rosbridge_msgs/share/rosbridge_msgs/cmake/rosbridge_msgs__rosidl_typesupport_introspection_cExport-noconfig.cmake
[1.973s] -- Up-to-date: /home/athul/ros2_ws/install/rosbridge_msgs/share/rosbridge_msgs/cmake/rosbridge_msgs__rosidl_typesupport_cExport.cmake
[1.974s] -- Up-to-date: /home/athul/ros2_ws/install/rosbridge_msgs/share/rosbridge_msgs/cmake/rosbridge_msgs__rosidl_typesupport_cExport-noconfig.cmake
[1.976s] -- Up-to-date: /home/athul/ros2_ws/install/rosbridge_msgs/share/rosbridge_msgs/cmake/rosbridge_msgs__rosidl_generator_cppExport.cmake
[1.978s] -- Up-to-date: /home/athul/ros2_ws/install/rosbridge_msgs/share/rosbridge_msgs/cmake/rosbridge_msgs__rosidl_typesupport_introspection_cppExport.cmake
[1.980s] -- Up-to-date: /home/athul/ros2_ws/install/rosbridge_msgs/share/rosbridge_msgs/cmake/rosbridge_msgs__rosidl_typesupport_introspection_cppExport-noconfig.cmake
[1.982s] -- Up-to-date: /home/athul/ros2_ws/install/rosbridge_msgs/share/rosbridge_msgs/cmake/rosbridge_msgs__rosidl_typesupport_cppExport.cmake
[1.984s] -- Up-to-date: /home/athul/ros2_ws/install/rosbridge_msgs/share/rosbridge_msgs/cmake/rosbridge_msgs__rosidl_typesupport_cppExport-noconfig.cmake
[1.985s] Invoked command in '/home/athul/ros2_ws/build/rosbridge_msgs' returned '0': CMAKE_PREFIX_PATH=${CMAKE_PREFIX_PATH}:/home/athul/ros2_ws/install/serial_motor_demo:/home/athul/ros2_ws/install/ball_tracker:/opt/ros/foxy /usr/bin/cmake --install /home/athul/ros2_ws/build/rosbridge_msgs
